Script started on Wed 11 Nov 2020 05:47:57 PM CST
nhsin.txt
71.49,-99.74,11.54000
 Enter datafile name: 
 Enter Best fit Rotation (lat, lon, ang): 
   71.489999999999995       -99.739999999999995        11.539999999999999     
 Data read in: 
   20.15     205.32    0.8   0.5  287.7
   23.64     194.72    1.1   0.5  291.2
 Rotated: 
   20.15     205.32    0.8   0.5  287.7
   20.46    -155.07    1.1   0.5  109.3
 Data read in: 
  -50.46     222.99    2.0   0.4  276.7
  -48.62     211.66    2.1   0.4  291.3
 Rotated: 
  -50.46     222.99    2.0   0.4  276.7
  -51.04    -134.15    2.1   0.4  107.1
 Eigens: Lat, Lon, Evalue, Error level at evalue
 Initial Error=   0.71013559756457612     
              35.92   -135.00      1.78      1.72
 Initial Error=   0.71013559756332378     
              -9.73    -52.14      0.46      1.72
 Initial Error=   0.71013559756400557     
              52.37     25.00      1.17      1.72
 finished

Script done on Wed 11 Nov 2020 05:47:57 PM CST
