Script started on Wed 11 Nov 2020 05:48:34 PM CST
nhsin.txt
71.57,-96.65,13.20000
 Enter datafile name: 
 Enter Best fit Rotation (lat, lon, ang): 
   71.569999999999993       -96.650000000000006        13.199999999999999     
 Data read in: 
   20.15     205.32    0.8   0.5  287.7
   24.22     193.11    1.2   0.5  291.7
 Rotated: 
   20.15     205.32    0.8   0.5  287.7
   20.46    -155.10    1.2   0.5  109.8
 Data read in: 
  -50.46     222.99    2.0   0.4  276.7
  -48.16     209.97    2.2   0.4  293.5
 Rotated: 
  -50.46     222.99    2.0   0.4  276.7
  -51.12    -134.06    2.2   0.4  109.0
 Eigens: Lat, Lon, Evalue, Error level at evalue
 Initial Error=   0.73030408612773201     
              38.88   -133.37      1.79      1.74
 Initial Error=   0.73030408612773179     
             -10.20    -51.71      0.45      1.73
 Initial Error=   0.73030408612765629     
              49.29     26.21      1.19      1.74
 finished

Script done on Wed 11 Nov 2020 05:48:35 PM CST
