  71.10     -95.60          14.02000    0.754546475
  71.11     -95.60          14.02000    0.753032472
  71.12     -95.60          14.02000    0.751559769
  71.13     -95.60          14.02000    0.750128289
  71.14     -95.60          14.02000    0.748737955
  71.15     -95.60          14.02000    0.747388685
  71.16     -95.60          14.02000    0.746080397
  71.17     -95.60          14.02000    0.744813007
  71.18     -95.60          14.02000    0.743586429
  71.19     -95.60          14.02000    0.742400574
  71.20     -95.60          14.01000    0.741254308
  71.21     -95.60          14.01000    0.740147644
  71.22     -95.60          14.01000    0.739081429
  71.23     -95.60          14.01000    0.738055573
  71.24     -95.60          14.01000    0.737069983
  71.25     -95.60          14.01000    0.736124564
  71.26     -95.60          14.01000    0.735219223
  71.27     -95.60          14.01000    0.734353864
  71.28     -95.60          14.01000    0.733528392
  71.29     -95.60          14.01000    0.732742709
  71.30     -95.60          14.01000    0.731996720
  71.31     -95.60          14.01000    0.731290326
  71.32     -95.60          14.01000    0.730623431
  71.33     -95.60          14.01000    0.729995936
  71.34     -95.60          14.01000    0.729407744
  71.35     -95.60          14.01000    0.728858757
  71.36     -95.60          14.01000    0.728348878
  71.37     -95.60          14.01000    0.727878009
  71.38     -95.60          14.01000    0.727446054
  71.39     -95.60          14.01000    0.727052914
  71.40     -95.60          14.01000    0.726698493
  71.41     -95.60          14.01000    0.726382697
  71.42     -95.60          14.01000    0.726105427
  71.43     -95.58          14.01000    0.725863922
  71.44     -95.56          14.01000    0.725640661
  71.45     -95.53          14.01000    0.725433480
  71.46     -95.50          14.01000    0.725242377
  71.47     -95.47          14.01000    0.725067337
  71.48     -95.44          14.01000    0.724908346
  71.49     -95.40          14.00000    0.724759803
  71.50     -95.37          14.00000    0.724625629
  71.51     -95.34          14.00000    0.724507503
  71.52     -95.32          14.00000    0.724405198
  71.53     -95.29          14.00000    0.724318893
  71.54     -95.26          14.00000    0.724248602
  71.55     -95.23          14.00000    0.724194312
  71.56     -95.20          14.00000    0.724156012
  71.57     -95.17          14.00000    0.724133693
  71.58     -95.14          14.00000    0.724127342
  71.58     -95.14          14.00000    0.724127342
  71.58     -95.14          14.00000    0.724127342
  71.58     -95.14          14.00000    0.724127342
  71.58     -95.14          14.00000    0.724127342
  71.58     -95.14          14.00000    0.724127342
  71.58     -95.14          14.00000    0.724127342
  71.58     -95.14          14.00000    0.724127342
  71.58     -95.14          14.00000    0.724127342
  71.58     -95.14          14.00000    0.724127342
  71.58     -95.14          14.00000    0.724127342
  71.58     -95.14          14.00000    0.724127342
  71.58     -95.14          14.00000    0.724127342
  71.58     -95.14          14.00000    0.724127342
  71.58     -95.14          14.00000    0.724127342
  71.58     -95.14          14.00000    0.724127342
  71.58     -95.14          14.00000    0.724127342
  71.58     -95.14          14.00000    0.724127342
  71.58     -95.14          14.00000    0.724127342
  71.58     -95.14          14.00000    0.724127342
  71.58     -95.14          14.00000    0.724127342
  71.58     -95.14          14.00000    0.724127342
  71.58     -95.14          14.00000    0.724127342
  71.58     -95.14          14.00000    0.724127342
  71.58     -95.14          14.00000    0.724127342
  71.58     -95.14          14.00000    0.724127342
  71.58     -95.14          14.00000    0.724127342
  71.58     -95.14          14.00000    0.724127342
  71.58     -95.14          14.00000    0.724127342
  71.58     -95.14          14.00000    0.724127342
  71.58     -95.14          14.00000    0.724127342
  71.58     -95.14          14.00000    0.724127342
  71.58     -95.14          14.00000    0.724127342
  71.58     -95.14          14.00000    0.724127342
  71.58     -95.14          14.00000    0.724127342
  71.58     -95.14          14.00000    0.724127342
  71.58     -95.14          14.00000    0.724127342
  71.58     -95.14          14.00000    0.724127342
  71.58     -95.14          14.00000    0.724127342
  71.58     -95.14          14.00000    0.724127342
  71.58     -95.14          14.00000    0.724127342
  71.58     -95.14          14.00000    0.724127342
  71.58     -95.14          14.00000    0.724127342
  71.58     -95.14          14.00000    0.724127342
  71.58     -95.14          14.00000    0.724127342
  71.58     -95.14          14.00000    0.724127342
  71.58     -95.14          14.00000    0.724127342
  71.58     -95.14          14.00000    0.724127342
  71.58     -95.14          14.00000    0.724127342
  71.58     -95.14          14.00000    0.724127342
  71.58     -95.14          14.00000    0.724127342
  71.58     -95.14          14.00000    0.724127342
  71.58     -95.14          14.00000    0.724127342
