Script started on Wed 11 Nov 2020 05:48:53 PM CST
nhsin.txt
71.58,-95.14,14.00000
 Enter datafile name: 
 Enter Best fit Rotation (lat, lon, ang): 
   71.579999999999998       -95.140000000000001        14.000000000000000     
 Data read in: 
   20.15     205.32    0.8   0.5  287.7
   24.50     192.34    1.2   0.5  291.9
 Rotated: 
   20.15     205.32    0.8   0.5  287.7
   20.46    -155.11    1.2   0.5  110.0
 Data read in: 
  -50.46     222.99    2.0   0.4  276.7
  -47.91     209.16    2.3   0.4  294.6
 Rotated: 
  -50.46     222.99    2.0   0.4  276.7
  -51.16    -134.04    2.3   0.4  110.0
 Eigens: Lat, Lon, Evalue, Error level at evalue
 Initial Error=   0.72412734204945672     
              41.29   -131.77      1.78      1.73
 Initial Error=   0.72412734204993001     
             -10.55    -51.19      0.45      1.75
 Initial Error=   0.72412734205002471     
              46.78     27.38      1.19      1.73
 finished

Script done on Wed 11 Nov 2020 05:48:53 PM CST
