  71.10     -94.10          14.80000    0.745075887
  71.11     -94.10          14.80000    0.743271331
  71.12     -94.10          14.80000    0.741515875
  71.13     -94.10          14.80000    0.739809440
  71.14     -94.10          14.80000    0.738151944
  71.15     -94.10          14.80000    0.736543300
  71.16     -94.10          14.80000    0.734983417
  71.17     -94.10          14.80000    0.733472200
  71.18     -94.10          14.80000    0.732009550
  71.19     -94.10          14.80000    0.730595364
  71.20     -94.10          14.80000    0.729229536
  71.21     -94.10          14.80000    0.727911955
  71.22     -94.10          14.80000    0.726642511
  71.23     -94.10          14.80000    0.725421087
  71.24     -94.10          14.80000    0.724247565
  71.25     -94.10          14.79000    0.723121352
  71.26     -94.10          14.79000    0.722040230
  71.27     -94.10          14.79000    0.721006649
  71.28     -94.10          14.79000    0.720020486
  71.29     -94.10          14.79000    0.719081615
  71.30     -94.10          14.79000    0.718189908
  71.31     -94.10          14.79000    0.717345238
  71.32     -94.10          14.79000    0.716547473
  71.33     -94.10          14.79000    0.715796484
  71.34     -94.10          14.79000    0.715092139
  71.35     -94.10          14.79000    0.714434305
  71.36     -94.10          14.79000    0.713822849
  71.37     -94.10          14.79000    0.713257637
  71.38     -94.10          14.79000    0.712738538
  71.39     -94.10          14.79000    0.712265415
  71.40     -94.10          14.79000    0.711838136
  71.41     -94.10          14.79000    0.711456567
  71.42     -94.10          14.79000    0.711120574
  71.43     -94.09          14.79000    0.710828403
  71.44     -94.06          14.79000    0.710561086
  71.45     -94.03          14.79000    0.710313212
  71.46     -94.00          14.79000    0.710084749
  71.47     -93.97          14.79000    0.709875669
  71.48     -93.94          14.78000    0.709680810
  71.49     -93.91          14.78000    0.709503396
  71.50     -93.88          14.78000    0.709345333
  71.51     -93.85          14.78000    0.709206592
  71.52     -93.82          14.78000    0.709087145
  71.53     -93.79          14.78000    0.708986965
  71.54     -93.76          14.78000    0.708906026
  71.55     -93.73          14.78000    0.708844301
  71.56     -93.70          14.78000    0.708801766
  71.57     -93.67          14.78000    0.708778396
  71.58     -93.64          14.78000    0.708774166
  71.58     -93.64          14.78000    0.708774166
  71.58     -93.64          14.78000    0.708774166
  71.58     -93.64          14.78000    0.708774166
  71.58     -93.64          14.78000    0.708774166
  71.58     -93.64          14.78000    0.708774166
  71.58     -93.64          14.78000    0.708774166
  71.58     -93.64          14.78000    0.708774166
  71.58     -93.64          14.78000    0.708774166
  71.58     -93.64          14.78000    0.708774166
  71.58     -93.64          14.78000    0.708774166
  71.58     -93.64          14.78000    0.708774166
  71.58     -93.64          14.78000    0.708774166
  71.58     -93.64          14.78000    0.708774166
  71.58     -93.64          14.78000    0.708774166
  71.58     -93.64          14.78000    0.708774166
  71.58     -93.64          14.78000    0.708774166
  71.58     -93.64          14.78000    0.708774166
  71.58     -93.64          14.78000    0.708774166
  71.58     -93.64          14.78000    0.708774166
  71.58     -93.64          14.78000    0.708774166
  71.58     -93.64          14.78000    0.708774166
  71.58     -93.64          14.78000    0.708774166
  71.58     -93.64          14.78000    0.708774166
  71.58     -93.64          14.78000    0.708774166
  71.58     -93.64          14.78000    0.708774166
  71.58     -93.64          14.78000    0.708774166
  71.58     -93.64          14.78000    0.708774166
  71.58     -93.64          14.78000    0.708774166
  71.58     -93.64          14.78000    0.708774166
  71.58     -93.64          14.78000    0.708774166
  71.58     -93.64          14.78000    0.708774166
  71.58     -93.64          14.78000    0.708774166
  71.58     -93.64          14.78000    0.708774166
  71.58     -93.64          14.78000    0.708774166
  71.58     -93.64          14.78000    0.708774166
  71.58     -93.64          14.78000    0.708774166
  71.58     -93.64          14.78000    0.708774166
  71.58     -93.64          14.78000    0.708774166
  71.58     -93.64          14.78000    0.708774166
  71.58     -93.64          14.78000    0.708774166
  71.58     -93.64          14.78000    0.708774166
  71.58     -93.64          14.78000    0.708774166
  71.58     -93.64          14.78000    0.708774166
  71.58     -93.64          14.78000    0.708774166
  71.58     -93.64          14.78000    0.708774166
  71.58     -93.64          14.78000    0.708774166
  71.58     -93.64          14.78000    0.708774166
  71.58     -93.64          14.78000    0.708774166
  71.58     -93.64          14.78000    0.708774166
  71.58     -93.64          14.78000    0.708774166
  71.58     -93.64          14.78000    0.708774166
  71.58     -93.64          14.78000    0.708774166
