Script started on Wed 11 Nov 2020 05:49:31 PM CST
nhsin.txt
71.56,-92.21,15.54000
 Enter datafile name: 
 Enter Best fit Rotation (lat, lon, ang): 
   71.560000000000002       -92.209999999999994        15.539999999999999     
 Data read in: 
   20.15     205.32    0.8   0.5  287.7
   25.06     190.82    1.3   0.5  292.4
 Rotated: 
   20.15     205.32    0.8   0.5  287.7
   20.45    -155.13    1.3   0.5  110.5
 Data read in: 
  -50.46     222.99    2.0   0.4  276.7
  -47.41     207.60    2.5   0.4  296.7
 Rotated: 
  -50.46     222.99    2.0   0.4  276.7
  -51.22    -134.05    2.5   0.4  111.9
 Eigens: Lat, Lon, Evalue, Error level at evalue
 Initial Error=   0.68925104091484157     
              49.41   -124.62      1.73      1.70
 Initial Error=   0.68925104091483957     
             -12.10    -49.11      0.44      1.71
 Initial Error=   0.68925104091474121     
              38.02     31.25      1.19      1.70
 finished

Script done on Wed 11 Nov 2020 05:49:31 PM CST
