Script started on Wed 11 Nov 2020 05:50:08 PM CST
nhsin.txt
71.48,-89.45,17.02000
 Enter datafile name: 
 Enter Best fit Rotation (lat, lon, ang): 
   71.480000000000004       -89.450000000000003        17.020000000000000     
 Data read in: 
   20.15     205.32    0.8   0.5  287.7
   25.61     189.37    1.4   0.5  292.7
 Rotated: 
   20.15     205.32    0.8   0.5  287.7
   20.44    -155.13    1.4   0.5  111.1
 Data read in: 
  -50.46     222.99    2.0   0.4  276.7
  -46.89     206.14    2.6   0.4  298.6
 Rotated: 
  -50.46     222.99    2.0   0.4  276.7
  -51.28    -134.10    2.6   0.4  113.9
 Eigens: Lat, Lon, Evalue, Error level at evalue
 Initial Error=   0.63104284791081833     
              59.03   -111.77      1.68      1.64
 Initial Error=   0.63104284791043508     
             -14.31    -46.93      0.43      1.65
 Initial Error=   0.63104284791082499     
              26.83     35.66      1.16      1.63
 finished

Script done on Wed 11 Nov 2020 05:50:08 PM CST
