  70.90     -88.70          17.80000    0.676787766
  70.91     -88.70          17.80000    0.673272903
  70.92     -88.70          17.80000    0.669841688
  70.93     -88.70          17.80000    0.666494400
  70.94     -88.70          17.80000    0.663231304
  70.95     -88.70          17.79000    0.660047684
  70.96     -88.70          17.79000    0.656944621
  70.97     -88.70          17.79000    0.653926375
  70.98     -88.70          17.79000    0.650993137
  70.99     -88.70          17.79000    0.648145082
  71.00     -88.70          17.79000    0.645382361
  71.01     -88.70          17.79000    0.642705106
  71.02     -88.70          17.79000    0.640113427
  71.03     -88.70          17.78000    0.637605811
  71.04     -88.70          17.78000    0.635175740
  71.05     -88.70          17.78000    0.632831352
  71.06     -88.70          17.78000    0.630572666
  71.07     -88.70          17.78000    0.628399681
  71.08     -88.70          17.78000    0.626312372
  71.09     -88.70          17.78000    0.624310693
  71.10     -88.70          17.78000    0.622394574
  71.11     -88.70          17.77000    0.620559834
  71.12     -88.70          17.77000    0.618804100
  71.13     -88.70          17.77000    0.617133532
  71.14     -88.70          17.77000    0.615547981
  71.15     -88.70          17.77000    0.614047280
  71.16     -88.70          17.77000    0.612631242
  71.17     -88.70          17.77000    0.611299663
  71.18     -88.70          17.76000    0.610052180
  71.19     -88.70          17.76000    0.608878120
  71.20     -88.70          17.76000    0.607787802
  71.21     -88.70          17.76000    0.606780964
  71.22     -88.70          17.76000    0.605857331
  71.23     -88.70          17.76000    0.605016617
  71.24     -88.70          17.76000    0.604258520
  71.25     -88.67          17.76000    0.603562227
  71.26     -88.64          17.75000    0.602904625
  71.27     -88.61          17.75000    0.602281750
  71.28     -88.58          17.75000    0.601699195
  71.29     -88.55          17.75000    0.601156811
  71.30     -88.52          17.75000    0.600654447
  71.31     -88.48          17.75000    0.600191709
  71.32     -88.45          17.75000    0.599768409
  71.33     -88.42          17.75000    0.599384637
  71.34     -88.39          17.75000    0.599040217
  71.35     -88.36          17.75000    0.598734973
  71.36     -88.33          17.75000    0.598468724
  71.37     -88.30          17.74000    0.598239578
  71.38     -88.27          17.74000    0.598044247
  71.39     -88.24          17.74000    0.597887485
  71.40     -88.21          17.74000    0.597769109
  71.41     -88.18          17.74000    0.597688937
  71.42     -88.14          17.74000    0.597646511
  71.43     -88.11          17.74000    0.597641703
  71.43     -88.11          17.74000    0.597641703
  71.43     -88.11          17.74000    0.597641703
  71.43     -88.11          17.74000    0.597641703
  71.43     -88.11          17.74000    0.597641703
  71.43     -88.11          17.74000    0.597641703
  71.43     -88.11          17.74000    0.597641703
  71.43     -88.11          17.74000    0.597641703
  71.43     -88.11          17.74000    0.597641703
  71.43     -88.11          17.74000    0.597641703
  71.43     -88.11          17.74000    0.597641703
  71.43     -88.11          17.74000    0.597641703
  71.43     -88.11          17.74000    0.597641703
  71.43     -88.11          17.74000    0.597641703
  71.43     -88.11          17.74000    0.597641703
  71.43     -88.11          17.74000    0.597641703
  71.43     -88.11          17.74000    0.597641703
  71.43     -88.11          17.74000    0.597641703
  71.43     -88.11          17.74000    0.597641703
  71.43     -88.11          17.74000    0.597641703
  71.43     -88.11          17.74000    0.597641703
  71.43     -88.11          17.74000    0.597641703
  71.43     -88.11          17.74000    0.597641703
  71.43     -88.11          17.74000    0.597641703
  71.43     -88.11          17.74000    0.597641703
  71.43     -88.11          17.74000    0.597641703
  71.43     -88.11          17.74000    0.597641703
  71.43     -88.11          17.74000    0.597641703
  71.43     -88.11          17.74000    0.597641703
  71.43     -88.11          17.74000    0.597641703
  71.43     -88.11          17.74000    0.597641703
  71.43     -88.11          17.74000    0.597641703
  71.43     -88.11          17.74000    0.597641703
  71.43     -88.11          17.74000    0.597641703
  71.43     -88.11          17.74000    0.597641703
  71.43     -88.11          17.74000    0.597641703
  71.43     -88.11          17.74000    0.597641703
  71.43     -88.11          17.74000    0.597641703
  71.43     -88.11          17.74000    0.597641703
  71.43     -88.11          17.74000    0.597641703
  71.43     -88.11          17.74000    0.597641703
  71.43     -88.11          17.74000    0.597641703
  71.43     -88.11          17.74000    0.597641703
  71.43     -88.11          17.74000    0.597641703
  71.43     -88.11          17.74000    0.597641703
  71.43     -88.11          17.74000    0.597641703
  71.43     -88.11          17.74000    0.597641703
  71.43     -88.11          17.74000    0.597641703
