Script started on Wed 11 Nov 2020 05:51:14 PM CST
nhsin.txt
73.17,-97.50,2.30000
 Enter datafile name: 
 Enter Best fit Rotation (lat, lon, ang): 
   73.170000000000002       -97.500000000000000        2.2999999999999998     
 Data read in: 
  -23.34     209.73    2.2   0.9  295.5
  -22.40     207.61    3.2   0.9  295.8
 Rotated: 
  -23.34     209.73    2.2   0.9  295.5
  -22.94    -150.02    3.2   0.9  115.3
 Data read in: 
   20.15     205.32    0.8   0.5  287.7
   20.84     203.08    0.8   0.5  288.5
 Rotated: 
   20.15     205.32    0.8   0.5  287.7
   20.27    -154.85    0.8   0.5  108.1
 Data read in: 
  -50.46     222.99    2.0   0.4  276.7
  -50.24     220.64    1.9   0.4  279.7
 Rotated: 
  -50.46     222.99    2.0   0.4  276.7
  -50.68    -136.55    1.9   0.4   98.9
 Eigens: Lat, Lon, Evalue, Error level at evalue
 Initial Error=   0.26058797860390387     
              19.80   -139.75      1.81      1.27
 Initial Error=   0.26058797860448102     
              -9.12    -53.06      0.43      1.28
 Initial Error=   0.26058797860433358     
              68.04     13.47      0.98      1.27
 finished

Script done on Wed 11 Nov 2020 05:51:14 PM CST
