Script started on Wed 11 Nov 2020 05:52:10 PM CST
nhsin.txt
71.10,-83.25,20.49000
 Enter datafile name: 
 Enter Best fit Rotation (lat, lon, ang): 
   71.099999999999994       -83.250000000000000        20.489999999999998     
 Data read in: 
   20.15     205.32    0.8   0.5  287.7
   26.93     185.93    1.6   0.5  293.6
 Rotated: 
   20.15     205.32    0.8   0.5  287.7
   20.40    -155.10    1.6   0.5  112.5
 Data read in: 
  -50.46     222.99    2.0   0.4  276.7
  -45.51     202.80    3.0   0.4  303.2
 Rotated: 
  -50.46     222.99    2.0   0.4  276.7
  -51.37    -134.35    3.0   0.4  118.6
 Eigens: Lat, Lon, Evalue, Error level at evalue
 Initial Error=   0.45420406608950459     
              67.48    -80.60      1.72      1.46
 Initial Error=   0.45420406608914266     
             -18.34    -43.66      0.42      1.48
 Initial Error=   0.45420406608913227     
              12.62     42.08      1.08      1.46
 finished

Script done on Wed 11 Nov 2020 05:52:10 PM CST
