  70.50     -82.70          21.29000    0.540243000
  70.51     -82.70          21.29000    0.535056435
  70.52     -82.70          21.28000    0.529982461
  70.53     -82.70          21.28000    0.525001826
  70.54     -82.70          21.28000    0.520140327
  70.55     -82.70          21.27000    0.515374038
  70.56     -82.70          21.27000    0.510723394
  70.57     -82.70          21.26000    0.506182847
  70.58     -82.70          21.26000    0.501747458
  70.59     -82.70          21.26000    0.497435609
  70.60     -82.70          21.25000    0.493224167
  70.61     -82.70          21.25000    0.489134709
  70.62     -82.70          21.24000    0.485165711
  70.63     -82.70          21.24000    0.481303939
  70.64     -82.70          21.24000    0.477571327
  70.65     -82.70          21.23000    0.473955375
  70.66     -82.70          21.23000    0.470458020
  70.67     -82.70          21.23000    0.467093215
  70.68     -82.70          21.22000    0.463843034
  70.69     -82.70          21.22000    0.460720467
  70.70     -82.70          21.22000    0.457733559
  70.71     -82.70          21.21000    0.454859661
  70.72     -82.70          21.21000    0.452120856
  70.73     -82.70          21.20000    0.449518061
  70.74     -82.70          21.20000    0.447030425
  70.75     -82.70          21.20000    0.444682372
  70.76     -82.70          21.19000    0.442467026
  70.77     -82.70          21.19000    0.440373428
  70.78     -82.70          21.19000    0.438420816
  70.79     -82.70          21.18000    0.436595802
  70.80     -82.70          21.18000    0.434899326
  70.81     -82.67          21.18000    0.433313672
  70.82     -82.64          21.18000    0.431812554
  70.83     -82.62          21.17000    0.430393511
  70.84     -82.59          21.17000    0.429050511
  70.85     -82.55          21.17000    0.427792162
  70.86     -82.52          21.17000    0.426618787
  70.87     -82.49          21.17000    0.425530334
  70.88     -82.46          21.17000    0.424526658
  70.89     -82.44          21.16000    0.423602236
  70.90     -82.41          21.16000    0.422755416
  70.91     -82.38          21.16000    0.421992505
  70.92     -82.35          21.16000    0.421313083
  70.93     -82.32          21.16000    0.420716665
  70.94     -82.29          21.16000    0.420202703
  70.95     -82.27          21.15000    0.419764161
  70.96     -82.24          21.15000    0.419401974
  70.97     -82.21          21.15000    0.419120515
  70.98     -82.17          21.15000    0.418918867
  70.99     -82.14          21.15000    0.418796307
  71.00     -82.11          21.15000    0.418752225
  71.00     -82.11          21.15000    0.418752225
  71.00     -82.11          21.15000    0.418752225
  71.00     -82.11          21.15000    0.418752225
  71.00     -82.11          21.15000    0.418752225
  71.00     -82.11          21.15000    0.418752225
  71.00     -82.11          21.15000    0.418752225
  71.00     -82.11          21.15000    0.418752225
  71.00     -82.11          21.15000    0.418752225
  71.00     -82.11          21.15000    0.418752225
  71.00     -82.11          21.15000    0.418752225
  71.00     -82.11          21.15000    0.418752225
  71.00     -82.11          21.15000    0.418752225
  71.00     -82.11          21.15000    0.418752225
  71.00     -82.11          21.15000    0.418752225
  71.00     -82.11          21.15000    0.418752225
  71.00     -82.11          21.15000    0.418752225
  71.00     -82.11          21.15000    0.418752225
  71.00     -82.11          21.15000    0.418752225
  71.00     -82.11          21.15000    0.418752225
  71.00     -82.11          21.15000    0.418752225
  71.00     -82.11          21.15000    0.418752225
  71.00     -82.11          21.15000    0.418752225
  71.00     -82.11          21.15000    0.418752225
  71.00     -82.11          21.15000    0.418752225
  71.00     -82.11          21.15000    0.418752225
  71.00     -82.11          21.15000    0.418752225
  71.00     -82.11          21.15000    0.418752225
  71.00     -82.11          21.15000    0.418752225
  71.00     -82.11          21.15000    0.418752225
  71.00     -82.11          21.15000    0.418752225
  71.00     -82.11          21.15000    0.418752225
  71.00     -82.11          21.15000    0.418752225
  71.00     -82.11          21.15000    0.418752225
  71.00     -82.11          21.15000    0.418752225
  71.00     -82.11          21.15000    0.418752225
  71.00     -82.11          21.15000    0.418752225
  71.00     -82.11          21.15000    0.418752225
  71.00     -82.11          21.15000    0.418752225
  71.00     -82.11          21.15000    0.418752225
  71.00     -82.11          21.15000    0.418752225
  71.00     -82.11          21.15000    0.418752225
  71.00     -82.11          21.15000    0.418752225
  71.00     -82.11          21.15000    0.418752225
  71.00     -82.11          21.15000    0.418752225
  71.00     -82.11          21.15000    0.418752225
  71.00     -82.11          21.15000    0.418752225
  71.00     -82.11          21.15000    0.418752225
  71.00     -82.11          21.15000    0.418752225
  71.00     -82.11          21.15000    0.418752225
  71.00     -82.11          21.15000    0.418752225
