Script started on Wed 11 Nov 2020 05:52:47 PM CST
nhsin.txt
70.89,-81.04,21.79000
 Enter datafile name: 
 Enter Best fit Rotation (lat, lon, ang): 
   70.890000000000001       -81.040000000000006        21.789999999999999     
 Data read in: 
   20.15     205.32    0.8   0.5  287.7
   27.44     184.62    1.6   0.5  293.9
 Rotated: 
   20.15     205.32    0.8   0.5  287.7
   20.38    -155.08    1.6   0.5  113.1
 Data read in: 
  -50.46     222.99    2.0   0.4  276.7
  -44.93     201.59    3.1   0.4  304.8
 Rotated: 
  -50.46     222.99    2.0   0.4  276.7
  -51.39    -134.49    3.1   0.4  120.4
 Eigens: Lat, Lon, Evalue, Error level at evalue
 Initial Error=   0.38554109910917733     
              67.66    -72.22      1.77      1.39
 Initial Error=   0.38554109910925005     
             -19.65    -42.54      0.42      1.42
 Initial Error=   0.38554109910891415     
              10.21     43.78      1.05      1.40
 finished

Script done on Wed 11 Nov 2020 05:52:48 PM CST
