  69.90     -77.50          24.55000    0.425307460
  69.91     -77.50          24.55000    0.418776733
  69.92     -77.50          24.55000    0.412422274
  69.93     -77.50          24.54000    0.406218507
  69.94     -77.50          24.54000    0.400176531
  69.95     -77.50          24.53000    0.394291660
  69.96     -77.50          24.53000    0.388557186
  69.97     -77.50          24.52000    0.382975926
  69.98     -77.50          24.52000    0.377542800
  69.99     -77.50          24.51000    0.372248037
  70.00     -77.50          24.50000    0.367103215
  70.01     -77.50          24.50000    0.362082710
  70.02     -77.50          24.49000    0.357194116
  70.03     -77.50          24.48000    0.352435903
  70.04     -77.50          24.47000    0.347801928
  70.05     -77.50          24.47000    0.343278912
  70.06     -77.50          24.46000    0.338869502
  70.07     -77.50          24.45000    0.334575405
  70.08     -77.50          24.44000    0.330396031
  70.09     -77.50          24.43000    0.326332347
  70.10     -77.50          24.42000    0.322386685
  70.11     -77.50          24.42000    0.318551106
  70.12     -77.50          24.41000    0.314836989
  70.13     -77.50          24.40000    0.311251912
  70.14     -77.50          24.39000    0.307801104
  70.15     -77.50          24.39000    0.304479549
  70.16     -77.50          24.38000    0.301292246
  70.17     -77.50          24.37000    0.298253850
  70.18     -77.50          24.37000    0.295366299
  70.19     -77.50          24.36000    0.292616408
  70.20     -77.50          24.35000    0.290028200
  70.21     -77.48          24.35000    0.287582445
  70.22     -77.46          24.34000    0.285260537
  70.23     -77.43          24.34000    0.283053433
  70.24     -77.41          24.34000    0.280981617
  70.25     -77.39          24.33000    0.279035193
  70.26     -77.36          24.33000    0.277217247
  70.27     -77.33          24.33000    0.275541958
  70.28     -77.32          24.32000    0.273990468
  70.29     -77.29          24.32000    0.272579163
  70.30     -77.28          24.31000    0.271309942
  70.31     -77.25          24.31000    0.270165306
  70.32     -77.22          24.31000    0.269167693
  70.33     -77.21          24.30000    0.268300760
  70.34     -77.18          24.30000    0.267569039
  70.35     -77.16          24.29000    0.266981500
  70.36     -77.14          24.29000    0.266512967
  70.37     -77.11          24.29000    0.266186947
  70.38     -77.09          24.28000    0.265991514
  70.39     -77.07          24.28000    0.265921168
  70.39     -77.07          24.28000    0.265921168
  70.39     -77.07          24.28000    0.265921168
  70.39     -77.07          24.28000    0.265921168
  70.39     -77.07          24.28000    0.265921168
  70.39     -77.07          24.28000    0.265921168
  70.39     -77.07          24.28000    0.265921168
  70.39     -77.07          24.28000    0.265921168
  70.39     -77.07          24.28000    0.265921168
  70.39     -77.07          24.28000    0.265921168
  70.39     -77.07          24.28000    0.265921168
  70.39     -77.07          24.28000    0.265921168
  70.39     -77.07          24.28000    0.265921168
  70.39     -77.07          24.28000    0.265921168
  70.39     -77.07          24.28000    0.265921168
  70.39     -77.07          24.28000    0.265921168
  70.39     -77.07          24.28000    0.265921168
  70.39     -77.07          24.28000    0.265921168
  70.39     -77.07          24.28000    0.265921168
  70.39     -77.07          24.28000    0.265921168
  70.39     -77.07          24.28000    0.265921168
  70.39     -77.07          24.28000    0.265921168
  70.39     -77.07          24.28000    0.265921168
  70.39     -77.07          24.28000    0.265921168
  70.39     -77.07          24.28000    0.265921168
  70.39     -77.07          24.28000    0.265921168
  70.39     -77.07          24.28000    0.265921168
  70.39     -77.07          24.28000    0.265921168
  70.39     -77.07          24.28000    0.265921168
  70.39     -77.07          24.28000    0.265921168
  70.39     -77.07          24.28000    0.265921168
  70.39     -77.07          24.28000    0.265921168
  70.39     -77.07          24.28000    0.265921168
  70.39     -77.07          24.28000    0.265921168
  70.39     -77.07          24.28000    0.265921168
  70.39     -77.07          24.28000    0.265921168
  70.39     -77.07          24.28000    0.265921168
  70.39     -77.07          24.28000    0.265921168
  70.39     -77.07          24.28000    0.265921168
  70.39     -77.07          24.28000    0.265921168
  70.39     -77.07          24.28000    0.265921168
  70.39     -77.07          24.28000    0.265921168
  70.39     -77.07          24.28000    0.265921168
  70.39     -77.07          24.28000    0.265921168
  70.39     -77.07          24.28000    0.265921168
  70.39     -77.07          24.28000    0.265921168
  70.39     -77.07          24.28000    0.265921168
  70.39     -77.07          24.28000    0.265921168
  70.39     -77.07          24.28000    0.265921168
  70.39     -77.07          24.28000    0.265921168
  70.39     -77.07          24.28000    0.265921168
  70.39     -77.07          24.28000    0.265921168
