Script started on Wed 11 Nov 2020 05:54:02 PM CST
nhsin.txt
70.39,-77.07,24.28000
 Enter datafile name: 
 Enter Best fit Rotation (lat, lon, ang): 
   70.390000000000001       -77.069999999999993        24.280000000000001     
 Data read in: 
   20.15     205.32    0.8   0.5  287.7
   28.44     182.10    1.8   0.5  294.5
 Rotated: 
   20.15     205.32    0.8   0.5  287.7
   20.35    -155.03    1.8   0.5  114.4
 Data read in: 
  -50.46     222.99    2.0   0.4  276.7
  -43.75     199.34    3.5   0.4  308.0
 Rotated: 
  -50.46     222.99    2.0   0.4  276.7
  -51.39    -134.81    3.5   0.4  124.0
 Eigens: Lat, Lon, Evalue, Error level at evalue
 Initial Error=   0.26592116792168663     
              66.52    -60.69      1.86      1.27
 Initial Error=   0.26592116792168596     
             -22.17    -40.38      0.42      1.30
 Initial Error=   0.26592116792169024     
               7.36     46.60      0.99      1.28
 finished

Script done on Wed 11 Nov 2020 05:54:02 PM CST
