Script started on Wed 11 Nov 2020 05:54:49 PM CST
nhsin.txt
72.11,-100.50,3.42000
 Enter datafile name: 
 Enter Best fit Rotation (lat, lon, ang): 
   72.109999999999999       -100.50000000000000        3.4199999999999999     
 Data read in: 
  -23.34     209.73    2.2   0.9  295.5
  -21.95     206.61    4.3   0.9  295.9
 Rotated: 
  -23.34     209.73    2.2   0.9  295.5
  -22.77    -149.86    4.3   0.9  115.2
 Data read in: 
   20.15     205.32    0.8   0.5  287.7
   21.17     202.03    0.8   0.5  288.9
 Rotated: 
   20.15     205.32    0.8   0.5  287.7
   20.30    -154.94    0.8   0.5  108.3
 Data read in: 
  -50.46     222.99    2.0   0.4  276.7
  -50.11     219.51    1.8   0.4  281.2
 Rotated: 
  -50.46     222.99    2.0   0.4  276.7
  -50.75    -136.23    1.8   0.4   99.9
 Eigens: Lat, Lon, Evalue, Error level at evalue
 Initial Error=   0.51338580457395366     
              21.25   -139.06      1.77      1.52
 Initial Error=   0.51338580457395522     
              -9.46    -52.78      0.43      1.52
 Initial Error=   0.51338580457352934     
              66.55     14.63      0.99      1.51
 finished

Script done on Wed 11 Nov 2020 05:54:49 PM CST
