  71.70    -100.50           3.42000    0.515118458
  71.71    -100.50           3.42000    0.515035338
  71.72    -100.50           3.42000    0.514954261
  71.73    -100.50           3.42000    0.514875228
  71.74    -100.50           3.42000    0.514798239
  71.75    -100.50           3.42000    0.514723292
  71.76    -100.50           3.42000    0.514650389
  71.77    -100.50           3.42000    0.514579529
  71.78    -100.50           3.42000    0.514510713
  71.79    -100.50           3.42000    0.514443939
  71.80    -100.50           3.42000    0.514379209
  71.81    -100.50           3.42000    0.514316522
  71.82    -100.50           3.42000    0.514255877
  71.83    -100.50           3.42000    0.514197276
  71.84    -100.50           3.42000    0.514140718
  71.85    -100.50           3.42000    0.514086203
  71.86    -100.50           3.42000    0.514033731
  71.87    -100.50           3.42000    0.513983302
  71.88    -100.50           3.42000    0.513934916
  71.89    -100.50           3.42000    0.513888573
  71.90    -100.50           3.42000    0.513844272
  71.91    -100.50           3.42000    0.513802015
  71.92    -100.50           3.42000    0.513761800
  71.93    -100.50           3.42000    0.513723628
  71.94    -100.50           3.42000    0.513687498
  71.95    -100.50           3.42000    0.513653412
  71.96    -100.50           3.42000    0.513621368
  71.97    -100.50           3.42000    0.513591366
  71.98    -100.50           3.42000    0.513563408
  71.99    -100.50           3.42000    0.513537491
  72.00    -100.50           3.42000    0.513513618
  72.01    -100.50           3.42000    0.513491787
  72.02    -100.50           3.42000    0.513471998
  72.03    -100.50           3.42000    0.513454252
  72.04    -100.50           3.42000    0.513438548
  72.05    -100.50           3.42000    0.513424886
  72.06    -100.50           3.42000    0.513413267
  72.07    -100.50           3.42000    0.513403690
  72.08    -100.50           3.42000    0.513396155
  72.09    -100.50           3.42000    0.513390663
  72.10    -100.50           3.42000    0.513387213
  72.11    -100.50           3.42000    0.513385805
  72.11    -100.50           3.42000    0.513385805
  72.11    -100.50           3.42000    0.513385805
  72.11    -100.50           3.42000    0.513385805
  72.11    -100.50           3.42000    0.513385805
  72.11    -100.50           3.42000    0.513385805
  72.11    -100.50           3.42000    0.513385805
  72.11    -100.50           3.42000    0.513385805
  72.11    -100.50           3.42000    0.513385805
  72.11    -100.50           3.42000    0.513385805
  72.11    -100.50           3.42000    0.513385805
  72.11    -100.50           3.42000    0.513385805
  72.11    -100.50           3.42000    0.513385805
  72.11    -100.50           3.42000    0.513385805
  72.11    -100.50           3.42000    0.513385805
  72.11    -100.50           3.42000    0.513385805
  72.11    -100.50           3.42000    0.513385805
  72.11    -100.50           3.42000    0.513385805
  72.11    -100.50           3.42000    0.513385805
  72.11    -100.50           3.42000    0.513385805
  72.11    -100.50           3.42000    0.513385805
  72.11    -100.50           3.42000    0.513385805
  72.11    -100.50           3.42000    0.513385805
  72.11    -100.50           3.42000    0.513385805
  72.11    -100.50           3.42000    0.513385805
  72.11    -100.50           3.42000    0.513385805
  72.11    -100.50           3.42000    0.513385805
  72.11    -100.50           3.42000    0.513385805
  72.11    -100.50           3.42000    0.513385805
  72.11    -100.50           3.42000    0.513385805
  72.11    -100.50           3.42000    0.513385805
  72.11    -100.50           3.42000    0.513385805
  72.11    -100.50           3.42000    0.513385805
  72.11    -100.50           3.42000    0.513385805
  72.11    -100.50           3.42000    0.513385805
  72.11    -100.50           3.42000    0.513385805
  72.11    -100.50           3.42000    0.513385805
  72.11    -100.50           3.42000    0.513385805
  72.11    -100.50           3.42000    0.513385805
  72.11    -100.50           3.42000    0.513385805
  72.11    -100.50           3.42000    0.513385805
  72.11    -100.50           3.42000    0.513385805
  72.11    -100.50           3.42000    0.513385805
  72.11    -100.50           3.42000    0.513385805
  72.11    -100.50           3.42000    0.513385805
  72.11    -100.50           3.42000    0.513385805
  72.11    -100.50           3.42000    0.513385805
  72.11    -100.50           3.42000    0.513385805
  72.11    -100.50           3.42000    0.513385805
  72.11    -100.50           3.42000    0.513385805
  72.11    -100.50           3.42000    0.513385805
  72.11    -100.50           3.42000    0.513385805
  72.11    -100.50           3.42000    0.513385805
  72.11    -100.50           3.42000    0.513385805
  72.11    -100.50           3.42000    0.513385805
  72.11    -100.50           3.42000    0.513385805
  72.11    -100.50           3.42000    0.513385805
  72.11    -100.50           3.42000    0.513385805
  72.11    -100.50           3.42000    0.513385805
  72.11    -100.50           3.42000    0.513385805
