  69.60     -75.80          25.76000    0.395520296
  69.61     -75.80          25.76000    0.388266376
  69.62     -75.80          25.75000    0.381209816
  69.63     -75.80          25.75000    0.374313009
  69.64     -75.80          25.75000    0.367615156
  69.65     -75.80          25.74000    0.361096260
  69.66     -75.80          25.74000    0.354753925
  69.67     -75.80          25.73000    0.348608113
  69.68     -75.80          25.73000    0.342619091
  69.69     -75.80          25.73000    0.336828266
  69.70     -75.80          25.72000    0.331198514
  69.71     -75.80          25.72000    0.325756931
  69.72     -75.80          25.71000    0.320475886
  69.73     -75.80          25.71000    0.315378609
  69.74     -75.80          25.70000    0.310430137
  69.75     -75.80          25.69000    0.305657061
  69.76     -75.80          25.69000    0.301035260
  69.77     -75.80          25.68000    0.296560175
  69.78     -75.80          25.67000    0.292234503
  69.79     -75.80          25.66000    0.288047972
  69.80     -75.80          25.65000    0.283991329
  69.81     -75.80          25.65000    0.280056478
  69.82     -75.80          25.64000    0.276235442
  69.83     -75.80          25.63000    0.272527946
  69.84     -75.80          25.62000    0.268931152
  69.85     -75.80          25.61000    0.265444397
  69.86     -75.79          25.60000    0.262061724
  69.87     -75.77          25.59000    0.258768361
  69.88     -75.74          25.59000    0.255569484
  69.89     -75.73          25.58000    0.252448198
  69.90     -75.71          25.57000    0.249432507
  69.91     -75.68          25.57000    0.246513320
  69.92     -75.67          25.56000    0.243706646
  69.93     -75.64          25.56000    0.241011567
  69.94     -75.62          25.55000    0.238440936
  69.95     -75.60          25.55000    0.235993964
  69.96     -75.58          25.54000    0.233683851
  69.97     -75.56          25.54000    0.231508473
  69.98     -75.54          25.53000    0.229481006
  69.99     -75.52          25.53000    0.227595688
  70.00     -75.50          25.52000    0.225867216
  70.01     -75.48          25.52000    0.224285538
  70.02     -75.47          25.51000    0.222865262
  70.03     -75.44          25.51000    0.221596304
  70.04     -75.43          25.50000    0.220487848
  70.05     -75.40          25.50000    0.219535532
  70.06     -75.39          25.49000    0.218738908
  70.07     -75.36          25.49000    0.218102111
  70.08     -75.35          25.48000    0.217614502
  70.09     -75.33          25.48000    0.217287085
  70.10     -75.31          25.47000    0.217105703
  70.11     -75.29          25.47000    0.217081354
  70.11     -75.29          25.47000    0.217081354
  70.11     -75.29          25.47000    0.217081354
  70.11     -75.29          25.47000    0.217081354
  70.11     -75.29          25.47000    0.217081354
  70.11     -75.29          25.47000    0.217081354
  70.11     -75.29          25.47000    0.217081354
  70.11     -75.29          25.47000    0.217081354
  70.11     -75.29          25.47000    0.217081354
  70.11     -75.29          25.47000    0.217081354
  70.11     -75.29          25.47000    0.217081354
  70.11     -75.29          25.47000    0.217081354
  70.11     -75.29          25.47000    0.217081354
  70.11     -75.29          25.47000    0.217081354
  70.11     -75.29          25.47000    0.217081354
  70.11     -75.29          25.47000    0.217081354
  70.11     -75.29          25.47000    0.217081354
  70.11     -75.29          25.47000    0.217081354
  70.11     -75.29          25.47000    0.217081354
  70.11     -75.29          25.47000    0.217081354
  70.11     -75.29          25.47000    0.217081354
  70.11     -75.29          25.47000    0.217081354
  70.11     -75.29          25.47000    0.217081354
  70.11     -75.29          25.47000    0.217081354
  70.11     -75.29          25.47000    0.217081354
  70.11     -75.29          25.47000    0.217081354
  70.11     -75.29          25.47000    0.217081354
  70.11     -75.29          25.47000    0.217081354
  70.11     -75.29          25.47000    0.217081354
  70.11     -75.29          25.47000    0.217081354
  70.11     -75.29          25.47000    0.217081354
  70.11     -75.29          25.47000    0.217081354
  70.11     -75.29          25.47000    0.217081354
  70.11     -75.29          25.47000    0.217081354
  70.11     -75.29          25.47000    0.217081354
  70.11     -75.29          25.47000    0.217081354
  70.11     -75.29          25.47000    0.217081354
  70.11     -75.29          25.47000    0.217081354
  70.11     -75.29          25.47000    0.217081354
  70.11     -75.29          25.47000    0.217081354
  70.11     -75.29          25.47000    0.217081354
  70.11     -75.29          25.47000    0.217081354
  70.11     -75.29          25.47000    0.217081354
  70.11     -75.29          25.47000    0.217081354
  70.11     -75.29          25.47000    0.217081354
  70.11     -75.29          25.47000    0.217081354
  70.11     -75.29          25.47000    0.217081354
  70.11     -75.29          25.47000    0.217081354
  70.11     -75.29          25.47000    0.217081354
  70.11     -75.29          25.47000    0.217081354
