  69.30     -74.20          26.93000    0.363622804
  69.31     -74.20          26.92000    0.355842621
  69.32     -74.20          26.92000    0.348252135
  69.33     -74.20          26.91000    0.340880851
  69.34     -74.20          26.91000    0.333682195
  69.35     -74.20          26.91000    0.326703786
  69.36     -74.20          26.90000    0.319911753
  69.37     -74.20          26.90000    0.313324816
  69.38     -74.20          26.89000    0.306938449
  69.39     -74.20          26.89000    0.300742278
  69.40     -74.20          26.88000    0.294758209
  69.41     -74.20          26.88000    0.288951632
  69.42     -74.20          26.87000    0.283364480
  69.43     -74.20          26.87000    0.277945593
  69.44     -74.20          26.87000    0.272746308
  69.45     -74.20          26.86000    0.267713060
  69.46     -74.20          26.85000    0.262891954
  69.47     -74.20          26.85000    0.258237905
  69.48     -74.20          26.84000    0.253778246
  69.49     -74.20          26.84000    0.249497786
  69.50     -74.20          26.83000    0.245379190
  69.51     -74.18          26.82000    0.241419642
  69.52     -74.16          26.82000    0.237562176
  69.53     -74.14          26.81000    0.233830697
  69.54     -74.11          26.81000    0.230196596
  69.55     -74.10          26.80000    0.226668226
  69.56     -74.08          26.79000    0.223239183
  69.57     -74.05          26.79000    0.219892642
  69.58     -74.04          26.78000    0.216626099
  69.59     -74.02          26.77000    0.213443083
  69.60     -74.01          26.76000    0.210340854
  69.61     -73.99          26.75000    0.207324312
  69.62     -73.97          26.75000    0.204391086
  69.63     -73.95          26.74000    0.201549132
  69.64     -73.94          26.73000    0.198818193
  69.65     -73.91          26.73000    0.196202494
  69.66     -73.90          26.72000    0.193702551
  69.67     -73.88          26.71000    0.191343700
  69.68     -73.86          26.71000    0.189126538
  69.69     -73.85          26.70000    0.187057161
  69.70     -73.84          26.69000    0.185154892
  69.71     -73.81          26.69000    0.183407558
  69.72     -73.80          26.68000    0.181831271
  69.73     -73.79          26.67000    0.180434091
  69.74     -73.77          26.67000    0.179201624
  69.75     -73.76          26.66000    0.178146033
  69.76     -73.75          26.65000    0.177271869
  69.77     -73.72          26.65000    0.176563665
  69.78     -73.71          26.64000    0.176030228
  69.79     -73.70          26.63000    0.175675832
  69.80     -73.68          26.63000    0.175485901
  69.81     -73.67          26.62000    0.175465124
  69.81     -73.67          26.62000    0.175465124
  69.81     -73.67          26.62000    0.175465124
  69.81     -73.67          26.62000    0.175465124
  69.81     -73.67          26.62000    0.175465124
  69.81     -73.67          26.62000    0.175465124
  69.81     -73.67          26.62000    0.175465124
  69.81     -73.67          26.62000    0.175465124
  69.81     -73.67          26.62000    0.175465124
  69.81     -73.67          26.62000    0.175465124
  69.81     -73.67          26.62000    0.175465124
  69.81     -73.67          26.62000    0.175465124
  69.81     -73.67          26.62000    0.175465124
  69.81     -73.67          26.62000    0.175465124
  69.81     -73.67          26.62000    0.175465124
  69.81     -73.67          26.62000    0.175465124
  69.81     -73.67          26.62000    0.175465124
  69.81     -73.67          26.62000    0.175465124
  69.81     -73.67          26.62000    0.175465124
  69.81     -73.67          26.62000    0.175465124
  69.81     -73.67          26.62000    0.175465124
  69.81     -73.67          26.62000    0.175465124
  69.81     -73.67          26.62000    0.175465124
  69.81     -73.67          26.62000    0.175465124
  69.81     -73.67          26.62000    0.175465124
  69.81     -73.67          26.62000    0.175465124
  69.81     -73.67          26.62000    0.175465124
  69.81     -73.67          26.62000    0.175465124
  69.81     -73.67          26.62000    0.175465124
  69.81     -73.67          26.62000    0.175465124
  69.81     -73.67          26.62000    0.175465124
  69.81     -73.67          26.62000    0.175465124
  69.81     -73.67          26.62000    0.175465124
  69.81     -73.67          26.62000    0.175465124
  69.81     -73.67          26.62000    0.175465124
  69.81     -73.67          26.62000    0.175465124
  69.81     -73.67          26.62000    0.175465124
  69.81     -73.67          26.62000    0.175465124
  69.81     -73.67          26.62000    0.175465124
  69.81     -73.67          26.62000    0.175465124
  69.81     -73.67          26.62000    0.175465124
  69.81     -73.67          26.62000    0.175465124
  69.81     -73.67          26.62000    0.175465124
  69.81     -73.67          26.62000    0.175465124
  69.81     -73.67          26.62000    0.175465124
  69.81     -73.67          26.62000    0.175465124
  69.81     -73.67          26.62000    0.175465124
  69.81     -73.67          26.62000    0.175465124
  69.81     -73.67          26.62000    0.175465124
  69.81     -73.67          26.62000    0.175465124
