Script started on Wed 11 Nov 2020 05:55:45 PM CST
nhsin.txt
69.81,-73.67,26.62000
 Enter datafile name: 
 Enter Best fit Rotation (lat, lon, ang): 
   69.810000000000002       -73.670000000000002        26.620000000000001     
 Data read in: 
   20.15     205.32    0.8   0.5  287.7
   29.41     179.69    1.9   0.5  295.0
 Rotated: 
   20.15     205.32    0.8   0.5  287.7
   20.32    -154.98    1.9   0.5  -64.3
 Data read in: 
  -50.46     222.99    2.0   0.4  276.7
  -42.53     197.32    3.8   0.4  310.9
 Rotated: 
  -50.46     222.99    2.0   0.4  276.7
  -51.35    -135.15    3.8   0.4  127.5
 Eigens: Lat, Lon, Evalue, Error level at evalue
 Initial Error=   0.17546512429750608     
              64.56    -53.69      1.97      1.18
 Initial Error=   0.17546512429750608     
             -24.65    -38.43      0.42      1.19
 Initial Error=   0.17546512429793648     
               5.90     48.85      0.94      1.19
 finished

Script done on Wed 11 Nov 2020 05:55:45 PM CST
