  69.10     -73.50          27.51000    0.386117890
  69.11     -73.50          27.51000    0.377273403
  69.12     -73.50          27.50000    0.368640818
  69.13     -73.50          27.50000    0.360204999
  69.14     -73.50          27.49000    0.351989813
  69.15     -73.50          27.49000    0.343962511
  69.16     -73.50          27.48000    0.336165085
  69.17     -73.50          27.48000    0.328546146
  69.18     -73.50          27.48000    0.321157781
  69.19     -73.50          27.47000    0.313955847
  69.20     -73.50          27.47000    0.306975741
  69.21     -73.50          27.46000    0.300191064
  69.22     -73.50          27.46000    0.293618905
  69.23     -73.50          27.45000    0.287250416
  69.24     -73.50          27.45000    0.281085698
  69.25     -73.50          27.44000    0.275131207
  69.26     -73.50          27.44000    0.269373085
  69.27     -73.50          27.43000    0.263828765
  69.28     -73.50          27.43000    0.258475829
  69.29     -73.50          27.42000    0.253335561
  69.30     -73.50          27.42000    0.248385522
  69.31     -73.49          27.41000    0.243636992
  69.32     -73.46          27.41000    0.239023670
  69.33     -73.44          27.41000    0.234556472
  69.34     -73.41          27.41000    0.230237898
  69.35     -73.40          27.40000    0.226046084
  69.36     -73.37          27.40000    0.221993576
  69.37     -73.35          27.39000    0.218087238
  69.38     -73.33          27.39000    0.214295156
  69.39     -73.30          27.39000    0.210645566
  69.40     -73.28          27.38000    0.207105155
  69.41     -73.27          27.37000    0.203689237
  69.42     -73.24          27.37000    0.200376986
  69.43     -73.23          27.36000    0.197158535
  69.44     -73.21          27.35000    0.194031466
  69.45     -73.20          27.34000    0.190987203
  69.46     -73.18          27.33000    0.188023010
  69.47     -73.17          27.32000    0.185140124
  69.48     -73.14          27.32000    0.182345018
  69.49     -73.13          27.31000    0.179637233
  69.50     -73.11          27.30000    0.177037432
  69.51     -73.10          27.29000    0.174559388
  69.52     -73.09          27.28000    0.172218059
  69.53     -73.06          27.28000    0.170006576
  69.54     -73.05          27.27000    0.167953553
  69.55     -73.04          27.26000    0.166068531
  69.56     -73.02          27.26000    0.164347577
  69.57     -73.01          27.25000    0.162799817
  69.58     -73.00          27.24000    0.161435265
  69.59     -72.99          27.23000    0.160255795
  69.60     -72.97          27.23000    0.159250459
  69.61     -72.96          27.22000    0.158427559
  69.62     -72.95          27.21000    0.157790235
  69.63     -72.94          27.20000    0.157337569
  69.64     -72.92          27.20000    0.157058100
  69.65     -72.91          27.19000    0.156955026
  69.65     -72.91          27.19000    0.156955026
  69.65     -72.91          27.19000    0.156955026
  69.65     -72.91          27.19000    0.156955026
  69.65     -72.91          27.19000    0.156955026
  69.65     -72.91          27.19000    0.156955026
  69.65     -72.91          27.19000    0.156955026
  69.65     -72.91          27.19000    0.156955026
  69.65     -72.91          27.19000    0.156955026
  69.65     -72.91          27.19000    0.156955026
  69.65     -72.91          27.19000    0.156955026
  69.65     -72.91          27.19000    0.156955026
  69.65     -72.91          27.19000    0.156955026
  69.65     -72.91          27.19000    0.156955026
  69.65     -72.91          27.19000    0.156955026
  69.65     -72.91          27.19000    0.156955026
  69.65     -72.91          27.19000    0.156955026
  69.65     -72.91          27.19000    0.156955026
  69.65     -72.91          27.19000    0.156955026
  69.65     -72.91          27.19000    0.156955026
  69.65     -72.91          27.19000    0.156955026
  69.65     -72.91          27.19000    0.156955026
  69.65     -72.91          27.19000    0.156955026
  69.65     -72.91          27.19000    0.156955026
  69.65     -72.91          27.19000    0.156955026
  69.65     -72.91          27.19000    0.156955026
  69.65     -72.91          27.19000    0.156955026
  69.65     -72.91          27.19000    0.156955026
  69.65     -72.91          27.19000    0.156955026
  69.65     -72.91          27.19000    0.156955026
  69.65     -72.91          27.19000    0.156955026
  69.65     -72.91          27.19000    0.156955026
  69.65     -72.91          27.19000    0.156955026
  69.65     -72.91          27.19000    0.156955026
  69.65     -72.91          27.19000    0.156955026
  69.65     -72.91          27.19000    0.156955026
  69.65     -72.91          27.19000    0.156955026
  69.65     -72.91          27.19000    0.156955026
  69.65     -72.91          27.19000    0.156955026
  69.65     -72.91          27.19000    0.156955026
  69.65     -72.91          27.19000    0.156955026
  69.65     -72.91          27.19000    0.156955026
  69.65     -72.91          27.19000    0.156955026
  69.65     -72.91          27.19000    0.156955026
  69.65     -72.91          27.19000    0.156955026
  69.65     -72.91          27.19000    0.156955026
