Script started on Wed 11 Nov 2020 05:56:03 PM CST
nhsin.txt
69.65,-72.91,27.19000
 Enter datafile name: 
 Enter Best fit Rotation (lat, lon, ang): 
   69.650000000000006       -72.909999999999997        27.190000000000001     
 Data read in: 
   20.15     205.32    0.8   0.5  287.7
   29.65     179.11    1.9   0.5  295.1
 Rotated: 
   20.15     205.32    0.8   0.5  287.7
   20.31    -154.96    1.9   0.5  -64.0
 Data read in: 
  -50.46     222.99    2.0   0.4  276.7
  -42.23     196.85    3.8   0.4  311.5
 Rotated: 
  -50.46     222.99    2.0   0.4  276.7
  -51.34    -135.23    3.8   0.4  128.3
 Eigens: Lat, Lon, Evalue, Error level at evalue
 Initial Error=   0.15695502631400926     
             -64.14    131.14      1.99      1.16
 Initial Error=   0.15695502631419334     
             -25.46    -38.09      0.42      1.17
 Initial Error=   0.15695502631419500     
              -4.22   -130.11      0.94      1.16
 finished

Script done on Wed 11 Nov 2020 05:56:04 PM CST
