  68.80     -72.00          28.63000    0.352434869
  68.81     -72.00          28.63000    0.343271516
  68.82     -72.00          28.62000    0.334326847
  68.83     -72.00          28.62000    0.325604112
  68.84     -72.00          28.61000    0.317086718
  68.85     -72.00          28.61000    0.308804391
  68.86     -72.00          28.60000    0.300715116
  68.87     -72.00          28.59000    0.292866062
  68.88     -72.00          28.59000    0.285212846
  68.89     -72.00          28.58000    0.277794272
  68.90     -72.00          28.58000    0.270580839
  68.91     -72.00          28.57000    0.263593822
  68.92     -72.00          28.57000    0.256820077
  68.93     -72.00          28.56000    0.250265590
  68.94     -72.00          28.56000    0.243931430
  68.95     -72.00          28.55000    0.237810129
  68.96     -72.00          28.55000    0.231915394
  68.97     -72.00          28.54000    0.226227287
  68.98     -72.00          28.54000    0.220771654
  68.99     -72.00          28.53000    0.215515584
  69.00     -71.98          28.53000    0.210463649
  69.01     -71.95          28.53000    0.205578588
  69.02     -71.94          28.52000    0.200842571
  69.03     -71.91          28.52000    0.196268790
  69.04     -71.88          28.52000    0.191865961
  69.05     -71.87          28.51000    0.187625333
  69.06     -71.84          28.51000    0.183532130
  69.07     -71.82          28.51000    0.179607175
  69.08     -71.80          28.50000    0.175848648
  69.09     -71.78          28.50000    0.172227619
  69.10     -71.75          28.50000    0.168773780
  69.11     -71.74          28.49000    0.165462727
  69.12     -71.71          28.49000    0.162299995
  69.13     -71.70          28.48000    0.159262401
  69.14     -71.69          28.47000    0.156352317
  69.15     -71.67          28.46000    0.153544578
  69.16     -71.66          28.45000    0.150824707
  69.17     -71.64          28.44000    0.148183036
  69.18     -71.63          28.43000    0.145616538
  69.19     -71.62          28.42000    0.143136851
  69.20     -71.60          28.41000    0.140757272
  69.21     -71.58          28.41000    0.138493091
  69.22     -71.57          28.40000    0.136359551
  69.23     -71.56          28.39000    0.134379386
  69.24     -71.55          28.38000    0.132567103
  69.25     -71.54          28.37000    0.130933719
  69.26     -71.53          28.36000    0.129486935
  69.27     -71.53          28.35000    0.128229215
  69.28     -71.52          28.34000    0.127164627
  69.29     -71.51          28.33000    0.126295223
  69.30     -71.49          28.33000    0.125617865
  69.31     -71.49          28.32000    0.125131218
  69.32     -71.48          28.31000    0.124835200
  69.33     -71.47          28.30000    0.124730907
  69.33     -71.47          28.30000    0.124730907
  69.33     -71.47          28.30000    0.124730907
  69.33     -71.47          28.30000    0.124730907
  69.33     -71.47          28.30000    0.124730907
  69.33     -71.47          28.30000    0.124730907
  69.33     -71.47          28.30000    0.124730907
  69.33     -71.47          28.30000    0.124730907
  69.33     -71.47          28.30000    0.124730907
  69.33     -71.47          28.30000    0.124730907
  69.33     -71.47          28.30000    0.124730907
  69.33     -71.47          28.30000    0.124730907
  69.33     -71.47          28.30000    0.124730907
  69.33     -71.47          28.30000    0.124730907
  69.33     -71.47          28.30000    0.124730907
  69.33     -71.47          28.30000    0.124730907
  69.33     -71.47          28.30000    0.124730907
  69.33     -71.47          28.30000    0.124730907
  69.33     -71.47          28.30000    0.124730907
  69.33     -71.47          28.30000    0.124730907
  69.33     -71.47          28.30000    0.124730907
  69.33     -71.47          28.30000    0.124730907
  69.33     -71.47          28.30000    0.124730907
  69.33     -71.47          28.30000    0.124730907
  69.33     -71.47          28.30000    0.124730907
  69.33     -71.47          28.30000    0.124730907
  69.33     -71.47          28.30000    0.124730907
  69.33     -71.47          28.30000    0.124730907
  69.33     -71.47          28.30000    0.124730907
  69.33     -71.47          28.30000    0.124730907
  69.33     -71.47          28.30000    0.124730907
  69.33     -71.47          28.30000    0.124730907
  69.33     -71.47          28.30000    0.124730907
  69.33     -71.47          28.30000    0.124730907
  69.33     -71.47          28.30000    0.124730907
  69.33     -71.47          28.30000    0.124730907
  69.33     -71.47          28.30000    0.124730907
  69.33     -71.47          28.30000    0.124730907
  69.33     -71.47          28.30000    0.124730907
  69.33     -71.47          28.30000    0.124730907
  69.33     -71.47          28.30000    0.124730907
  69.33     -71.47          28.30000    0.124730907
  69.33     -71.47          28.30000    0.124730907
  69.33     -71.47          28.30000    0.124730907
  69.33     -71.47          28.30000    0.124730907
  69.33     -71.47          28.30000    0.124730907
  69.33     -71.47          28.30000    0.124730907
  69.33     -71.47          28.30000    0.124730907
