  68.50     -70.60          29.72000    0.310940432
  68.51     -70.60          29.72000    0.301834228
  68.52     -70.60          29.71000    0.292936778
  68.53     -70.60          29.70000    0.284272267
  68.54     -70.60          29.70000    0.275839059
  68.55     -70.60          29.69000    0.267609207
  68.56     -70.60          29.68000    0.259615030
  68.57     -70.60          29.68000    0.251852960
  68.58     -70.60          29.67000    0.244295584
  68.59     -70.60          29.66000    0.236977352
  68.60     -70.60          29.66000    0.229884848
  68.61     -70.60          29.65000    0.223006481
  68.62     -70.60          29.64000    0.216371352
  68.63     -70.60          29.64000    0.209947292
  68.64     -70.60          29.63000    0.203755824
  68.65     -70.60          29.63000    0.197801557
  68.66     -70.60          29.62000    0.192055639
  68.67     -70.60          29.61000    0.186559049
  68.68     -70.58          29.61000    0.181249962
  68.69     -70.56          29.61000    0.176133552
  68.70     -70.54          29.60000    0.171203481
  68.71     -70.52          29.60000    0.166432143
  68.72     -70.49          29.60000    0.161852648
  68.73     -70.47          29.60000    0.157460679
  68.74     -70.46          29.59000    0.153233509
  68.75     -70.43          29.59000    0.149189264
  68.76     -70.41          29.59000    0.145335480
  68.77     -70.40          29.58000    0.141650176
  68.78     -70.37          29.58000    0.138140223
  68.79     -70.35          29.58000    0.134822820
  68.80     -70.33          29.57000    0.131661924
  68.81     -70.31          29.57000    0.128681523
  68.82     -70.30          29.56000    0.125862694
  68.83     -70.27          29.56000    0.123205967
  68.84     -70.26          29.55000    0.120672083
  68.85     -70.25          29.54000    0.118254089
  68.86     -70.23          29.53000    0.115923675
  68.87     -70.23          29.51000    0.113660003
  68.88     -70.22          29.50000    0.111471106
  68.89     -70.21          29.49000    0.109382859
  68.90     -70.20          29.48000    0.107420312
  68.91     -70.19          29.47000    0.105608168
  68.92     -70.18          29.46000    0.103967062
  68.93     -70.18          29.45000    0.102507216
  68.94     -70.17          29.44000    0.101242498
  68.95     -70.17          29.43000    0.100175500
  68.96     -70.16          29.42000    0.099309273
  68.97     -70.16          29.41000    0.098644518
  68.98     -70.15          29.40000    0.098180140
  68.99     -70.15          29.39000    0.097915941
  69.00     -70.14          29.38000    0.097848938
  69.00     -70.14          29.38000    0.097848938
  69.00     -70.14          29.38000    0.097848938
  69.00     -70.14          29.38000    0.097848938
  69.00     -70.14          29.38000    0.097848938
  69.00     -70.14          29.38000    0.097848938
  69.00     -70.14          29.38000    0.097848938
  69.00     -70.14          29.38000    0.097848938
  69.00     -70.14          29.38000    0.097848938
  69.00     -70.14          29.38000    0.097848938
  69.00     -70.14          29.38000    0.097848938
  69.00     -70.14          29.38000    0.097848938
  69.00     -70.14          29.38000    0.097848938
  69.00     -70.14          29.38000    0.097848938
  69.00     -70.14          29.38000    0.097848938
  69.00     -70.14          29.38000    0.097848938
  69.00     -70.14          29.38000    0.097848938
  69.00     -70.14          29.38000    0.097848938
  69.00     -70.14          29.38000    0.097848938
  69.00     -70.14          29.38000    0.097848938
  69.00     -70.14          29.38000    0.097848938
  69.00     -70.14          29.38000    0.097848938
  69.00     -70.14          29.38000    0.097848938
  69.00     -70.14          29.38000    0.097848938
  69.00     -70.14          29.38000    0.097848938
  69.00     -70.14          29.38000    0.097848938
  69.00     -70.14          29.38000    0.097848938
  69.00     -70.14          29.38000    0.097848938
  69.00     -70.14          29.38000    0.097848938
  69.00     -70.14          29.38000    0.097848938
  69.00     -70.14          29.38000    0.097848938
  69.00     -70.14          29.38000    0.097848938
  69.00     -70.14          29.38000    0.097848938
  69.00     -70.14          29.38000    0.097848938
  69.00     -70.14          29.38000    0.097848938
  69.00     -70.14          29.38000    0.097848938
  69.00     -70.14          29.38000    0.097848938
  69.00     -70.14          29.38000    0.097848938
  69.00     -70.14          29.38000    0.097848938
  69.00     -70.14          29.38000    0.097848938
  69.00     -70.14          29.38000    0.097848938
  69.00     -70.14          29.38000    0.097848938
  69.00     -70.14          29.38000    0.097848938
  69.00     -70.14          29.38000    0.097848938
  69.00     -70.14          29.38000    0.097848938
  69.00     -70.14          29.38000    0.097848938
  69.00     -70.14          29.38000    0.097848938
  69.00     -70.14          29.38000    0.097848938
  69.00     -70.14          29.38000    0.097848938
  69.00     -70.14          29.38000    0.097848938
  69.00     -70.14          29.38000    0.097848938
