Script started on Wed 11 Nov 2020 05:57:37 PM CST
nhsin.txt
68.83,-69.52,29.91000
 Enter datafile name: 
 Enter Best fit Rotation (lat, lon, ang): 
   68.829999999999998       -69.519999999999996        29.910000000000000     
 Data read in: 
   20.15     205.32    0.8   0.5  287.7
   30.82     176.26    2.1   0.5  295.6
 Rotated: 
   20.15     205.32    0.8   0.5  287.7
   20.28    -154.90    2.1   0.5  -62.4
 Data read in: 
  -50.46     222.99    2.0   0.4  276.7
  -40.67     194.64    4.2   0.4  314.8
 Rotated: 
  -50.46     222.99    2.0   0.4  276.7
  -51.24    -135.65    4.2   0.4  132.4
 Eigens: Lat, Lon, Evalue, Error level at evalue
 Initial Error=    8.6251433069207115E-002
              61.45    -46.83      2.13      1.09
 Initial Error=    8.6251433069207198E-002
             -28.14    -36.29      0.43      1.12
 Initial Error=    8.6251433069090208E-002
               4.42     51.34      0.89      1.11
 finished

Script done on Wed 11 Nov 2020 05:57:37 PM CST
