  68.30     -70.10          30.26000    0.331073535
  68.31     -70.10          30.25000    0.321288226
  68.32     -70.10          30.25000    0.311719639
  68.33     -70.10          30.24000    0.302375946
  68.34     -70.10          30.23000    0.293267750
  68.35     -70.10          30.23000    0.284393239
  68.36     -70.10          30.22000    0.275727695
  68.37     -70.10          30.21000    0.267300064
  68.38     -70.10          30.20000    0.259111998
  68.39     -70.10          30.20000    0.251134600
  68.40     -70.10          30.19000    0.243392364
  68.41     -70.10          30.18000    0.235893018
  68.42     -70.10          30.18000    0.228605515
  68.43     -70.10          30.17000    0.221554912
  68.44     -70.08          30.17000    0.214712023
  68.45     -70.06          30.16000    0.208064301
  68.46     -70.04          30.16000    0.201583349
  68.47     -70.02          30.16000    0.195304185
  68.48     -70.00          30.15000    0.189217546
  68.49     -69.98          30.15000    0.183300078
  68.50     -69.96          30.15000    0.177584602
  68.51     -69.94          30.14000    0.172059429
  68.52     -69.92          30.14000    0.166705475
  68.53     -69.89          30.14000    0.161553600
  68.54     -69.88          30.13000    0.156590818
  68.55     -69.86          30.13000    0.151800511
  68.56     -69.83          30.13000    0.147212406
  68.57     -69.82          30.12000    0.142813043
  68.58     -69.80          30.12000    0.138586624
  68.59     -69.77          30.12000    0.134562598
  68.60     -69.76          30.11000    0.130726920
  68.61     -69.74          30.11000    0.127064464
  68.62     -69.71          30.11000    0.123604658
  68.63     -69.70          30.10000    0.120328193
  68.64     -69.68          30.10000    0.117227783
  68.65     -69.66          30.10000    0.114329243
  68.66     -69.64          30.09000    0.111588991
  68.67     -69.63          30.08000    0.109037093
  68.68     -69.61          30.08000    0.106623070
  68.69     -69.60          30.07000    0.104343415
  68.70     -69.58          30.06000    0.102160669
  68.71     -69.58          30.04000    0.100044399
  68.72     -69.57          30.03000    0.097995842
  68.73     -69.56          30.02000    0.096047253
  68.74     -69.55          30.01000    0.094228559
  68.75     -69.55          30.00000    0.092567424
  68.76     -69.54          29.99000    0.091082443
  68.77     -69.53          29.98000    0.089792158
  68.78     -69.53          29.97000    0.088698420
  68.79     -69.53          29.96000    0.087810885
  68.80     -69.53          29.94000    0.087118288
  68.81     -69.53          29.93000    0.086625940
  68.82     -69.53          29.92000    0.086339331
  68.83     -69.52          29.91000    0.086251433
  68.83     -69.52          29.91000    0.086251433
  68.83     -69.52          29.91000    0.086251433
  68.83     -69.52          29.91000    0.086251433
  68.83     -69.52          29.91000    0.086251433
  68.83     -69.52          29.91000    0.086251433
  68.83     -69.52          29.91000    0.086251433
  68.83     -69.52          29.91000    0.086251433
  68.83     -69.52          29.91000    0.086251433
  68.83     -69.52          29.91000    0.086251433
  68.83     -69.52          29.91000    0.086251433
  68.83     -69.52          29.91000    0.086251433
  68.83     -69.52          29.91000    0.086251433
  68.83     -69.52          29.91000    0.086251433
  68.83     -69.52          29.91000    0.086251433
  68.83     -69.52          29.91000    0.086251433
  68.83     -69.52          29.91000    0.086251433
  68.83     -69.52          29.91000    0.086251433
  68.83     -69.52          29.91000    0.086251433
  68.83     -69.52          29.91000    0.086251433
  68.83     -69.52          29.91000    0.086251433
  68.83     -69.52          29.91000    0.086251433
  68.83     -69.52          29.91000    0.086251433
  68.83     -69.52          29.91000    0.086251433
  68.83     -69.52          29.91000    0.086251433
  68.83     -69.52          29.91000    0.086251433
  68.83     -69.52          29.91000    0.086251433
  68.83     -69.52          29.91000    0.086251433
  68.83     -69.52          29.91000    0.086251433
  68.83     -69.52          29.91000    0.086251433
  68.83     -69.52          29.91000    0.086251433
  68.83     -69.52          29.91000    0.086251433
  68.83     -69.52          29.91000    0.086251433
  68.83     -69.52          29.91000    0.086251433
  68.83     -69.52          29.91000    0.086251433
  68.83     -69.52          29.91000    0.086251433
  68.83     -69.52          29.91000    0.086251433
  68.83     -69.52          29.91000    0.086251433
  68.83     -69.52          29.91000    0.086251433
  68.83     -69.52          29.91000    0.086251433
  68.83     -69.52          29.91000    0.086251433
  68.83     -69.52          29.91000    0.086251433
  68.83     -69.52          29.91000    0.086251433
  68.83     -69.52          29.91000    0.086251433
  68.83     -69.52          29.91000    0.086251433
  68.83     -69.52          29.91000    0.086251433
  68.83     -69.52          29.91000    0.086251433
  68.83     -69.52          29.91000    0.086251433
