  68.00     -68.90          31.29000    0.281146552
  68.01     -68.90          31.28000    0.271899838
  68.02     -68.90          31.28000    0.262877622
  68.03     -68.90          31.27000    0.254080493
  68.04     -68.90          31.26000    0.245516994
  68.05     -68.90          31.25000    0.237188495
  68.06     -68.90          31.24000    0.229096529
  68.07     -68.88          31.24000    0.221221574
  68.08     -68.88          31.23000    0.213555206
  68.09     -68.85          31.23000    0.206084125
  68.10     -68.84          31.22000    0.198827391
  68.11     -68.82          31.22000    0.191757593
  68.12     -68.80          31.22000    0.184908612
  68.13     -68.79          31.21000    0.178241423
  68.14     -68.76          31.21000    0.171793230
  68.15     -68.76          31.20000    0.165535306
  68.16     -68.73          31.20000    0.159484660
  68.17     -68.72          31.19000    0.153635942
  68.18     -68.70          31.19000    0.147985405
  68.19     -68.69          31.18000    0.142546602
  68.20     -68.67          31.18000    0.137295906
  68.21     -68.64          31.18000    0.132265003
  68.22     -68.63          31.17000    0.127416545
  68.23     -68.61          31.17000    0.122781768
  68.24     -68.60          31.16000    0.118346338
  68.25     -68.58          31.16000    0.114110457
  68.26     -68.57          31.15000    0.110091065
  68.27     -68.55          31.15000    0.106253860
  68.28     -68.52          31.15000    0.102635228
  68.29     -68.51          31.14000    0.099212691
  68.30     -68.49          31.14000    0.095991224
  68.31     -68.48          31.13000    0.092989724
  68.32     -68.46          31.13000    0.090166624
  68.33     -68.43          31.13000    0.087564218
  68.34     -68.42          31.12000    0.085149319
  68.35     -68.40          31.12000    0.082932747
  68.36     -68.39          31.11000    0.080876766
  68.37     -68.38          31.10000    0.078957444
  68.38     -68.38          31.08000    0.077119604
  68.39     -68.37          31.07000    0.075334032
  68.40     -68.36          31.06000    0.073643022
  68.41     -68.35          31.05000    0.072088171
  68.42     -68.35          31.04000    0.070702229
  68.43     -68.36          31.02000    0.069498196
  68.44     -68.35          31.01000    0.068490599
  68.45     -68.35          31.00000    0.067688991
  68.46     -68.36          30.98000    0.067095312
  68.47     -68.36          30.97000    0.066692541
  68.48     -68.36          30.96000    0.066498991
  68.48     -68.36          30.96000    0.066498991
  68.48     -68.36          30.96000    0.066498991
  68.48     -68.36          30.96000    0.066498991
  68.48     -68.36          30.96000    0.066498991
  68.48     -68.36          30.96000    0.066498991
  68.48     -68.36          30.96000    0.066498991
  68.48     -68.36          30.96000    0.066498991
  68.48     -68.36          30.96000    0.066498991
  68.48     -68.36          30.96000    0.066498991
  68.48     -68.36          30.96000    0.066498991
  68.48     -68.36          30.96000    0.066498991
  68.48     -68.36          30.96000    0.066498991
  68.48     -68.36          30.96000    0.066498991
  68.48     -68.36          30.96000    0.066498991
  68.48     -68.36          30.96000    0.066498991
  68.48     -68.36          30.96000    0.066498991
  68.48     -68.36          30.96000    0.066498991
  68.48     -68.36          30.96000    0.066498991
  68.48     -68.36          30.96000    0.066498991
  68.48     -68.36          30.96000    0.066498991
  68.48     -68.36          30.96000    0.066498991
  68.48     -68.36          30.96000    0.066498991
  68.48     -68.36          30.96000    0.066498991
  68.48     -68.36          30.96000    0.066498991
  68.48     -68.36          30.96000    0.066498991
  68.48     -68.36          30.96000    0.066498991
  68.48     -68.36          30.96000    0.066498991
  68.48     -68.36          30.96000    0.066498991
  68.48     -68.36          30.96000    0.066498991
  68.48     -68.36          30.96000    0.066498991
  68.48     -68.36          30.96000    0.066498991
  68.48     -68.36          30.96000    0.066498991
  68.48     -68.36          30.96000    0.066498991
  68.48     -68.36          30.96000    0.066498991
  68.48     -68.36          30.96000    0.066498991
  68.48     -68.36          30.96000    0.066498991
  68.48     -68.36          30.96000    0.066498991
  68.48     -68.36          30.96000    0.066498991
  68.48     -68.36          30.96000    0.066498991
  68.48     -68.36          30.96000    0.066498991
  68.48     -68.36          30.96000    0.066498991
  68.48     -68.36          30.96000    0.066498991
  68.48     -68.36          30.96000    0.066498991
  68.48     -68.36          30.96000    0.066498991
  68.48     -68.36          30.96000    0.066498991
  68.48     -68.36          30.96000    0.066498991
  68.48     -68.36          30.96000    0.066498991
  68.48     -68.36          30.96000    0.066498991
  68.48     -68.36          30.96000    0.066498991
  68.48     -68.36          30.96000    0.066498991
  68.48     -68.36          30.96000    0.066498991
  68.48     -68.36          30.96000    0.066498991
