Script started on Wed 11 Nov 2020 05:58:43 PM CST
nhsin.txt
68.48,-68.36,30.96000
 Enter datafile name: 
 Enter Best fit Rotation (lat, lon, ang): 
   68.480000000000004       -68.359999999999999        30.960000000000001     
 Data read in: 
   20.15     205.32    0.8   0.5  287.7
   31.27     175.15    2.2   0.5  295.8
 Rotated: 
   20.15     205.32    0.8   0.5  287.7
   20.26    -154.87    2.2   0.5  -61.7
 Data read in: 
  -50.46     222.99    2.0   0.4  276.7
  -40.05     193.83    4.4   0.4  316.0
 Rotated: 
  -50.46     222.99    2.0   0.4  276.7
  -51.20    -135.79    4.4   0.4  133.9
 Eigens: Lat, Lon, Evalue, Error level at evalue
 Initial Error=    6.6498991589357195E-002
             -60.34    136.87      2.19      1.07
 Initial Error=    6.6498991589358125E-002
             -29.47    -35.95      0.43      1.08
 Initial Error=    6.6498991589540701E-002
              -3.09   -127.69      0.88      1.07
 finished

Script done on Wed 11 Nov 2020 05:58:44 PM CST
