Script started on Wed 11 Nov 2020 05:59:02 PM CST
nhsin.txt
68.31,-67.80,31.47000
 Enter datafile name: 
 Enter Best fit Rotation (lat, lon, ang): 
   68.310000000000002       -67.799999999999997        31.469999999999999     
 Data read in: 
   20.15     205.32    0.8   0.5  287.7
   31.50     174.60    2.2   0.5  295.9
 Rotated: 
   20.15     205.32    0.8   0.5  287.7
   20.25    -154.86    2.2   0.5  -61.4
 Data read in: 
  -50.46     222.99    2.0   0.4  276.7
  -39.74     193.44    4.4   0.4  316.6
 Rotated: 
  -50.46     222.99    2.0   0.4  276.7
  -51.17    -135.87    4.4   0.4  134.7
 Eigens: Lat, Lon, Evalue, Error level at evalue
 Initial Error=    5.7888518418639470E-002
             -59.91    137.74      2.21      1.06
 Initial Error=    5.7888518418532958E-002
             -29.93    -35.77      0.43      1.06
 Initial Error=    5.7888518418532021E-002
              -2.81   -127.39      0.88      1.07
 finished

Script done on Wed 11 Nov 2020 05:59:03 PM CST
