  67.50     -67.11          32.88000    0.246454636
  67.51     -67.10          32.87000    0.237259196
  67.52     -67.10          32.86000    0.228281476
  67.53     -67.09          32.85000    0.219520264
  67.54     -67.09          32.84000    0.210975996
  67.55     -67.08          32.83000    0.202647957
  67.56     -67.08          32.82000    0.194536451
  67.57     -67.07          32.81000    0.186640843
  67.58     -67.07          32.80000    0.178961857
  67.59     -67.06          32.79000    0.171498381
  67.60     -67.06          32.78000    0.164252295
  67.61     -67.05          32.77000    0.157221290
  67.62     -67.05          32.76000    0.150409370
  67.63     -67.02          32.76000    0.143810914
  67.64     -67.02          32.75000    0.137423310
  67.65     -67.01          32.74000    0.131253946
  67.66     -67.01          32.73000    0.125302075
  67.67     -67.00          32.72000    0.119568348
  67.68     -66.98          32.72000    0.114047011
  67.69     -66.97          32.71000    0.108739583
  67.70     -66.97          32.70000    0.103651158
  67.71     -66.96          32.69000    0.098785694
  67.72     -66.94          32.69000    0.094121841
  67.73     -66.93          32.68000    0.089683409
  67.74     -66.91          32.68000    0.085468435
  67.75     -66.91          32.67000    0.081457035
  67.76     -66.90          32.66000    0.077672657
  67.77     -66.88          32.66000    0.074104551
  67.78     -66.87          32.65000    0.070753258
  67.79     -66.85          32.65000    0.067630628
  67.80     -66.84          32.64000    0.064717215
  67.81     -66.82          32.64000    0.062039392
  67.82     -66.81          32.63000    0.059571266
  67.83     -66.79          32.63000    0.057338493
  67.84     -66.78          32.62000    0.055321395
  67.85     -66.76          32.62000    0.053531959
  67.86     -66.75          32.61000    0.051931911
  67.87     -66.74          32.60000    0.050474994
  67.88     -66.75          32.58000    0.049064438
  67.89     -66.74          32.57000    0.047735990
  67.90     -66.75          32.55000    0.046559530
  67.91     -66.74          32.54000    0.045543424
  67.92     -66.74          32.53000    0.044733878
  67.93     -66.75          32.51000    0.044112378
  67.94     -66.75          32.50000    0.043695423
  67.95     -66.76          32.48000    0.043471402
  67.96     -66.76          32.47000    0.043445337
  67.96     -66.76          32.47000    0.043445337
  67.96     -66.76          32.47000    0.043445337
  67.96     -66.76          32.47000    0.043445337
  67.96     -66.76          32.47000    0.043445337
  67.96     -66.76          32.47000    0.043445337
  67.96     -66.76          32.47000    0.043445337
  67.96     -66.76          32.47000    0.043445337
  67.96     -66.76          32.47000    0.043445337
  67.96     -66.76          32.47000    0.043445337
  67.96     -66.76          32.47000    0.043445337
  67.96     -66.76          32.47000    0.043445337
  67.96     -66.76          32.47000    0.043445337
  67.96     -66.76          32.47000    0.043445337
  67.96     -66.76          32.47000    0.043445337
  67.96     -66.76          32.47000    0.043445337
  67.96     -66.76          32.47000    0.043445337
  67.96     -66.76          32.47000    0.043445337
  67.96     -66.76          32.47000    0.043445337
  67.96     -66.76          32.47000    0.043445337
  67.96     -66.76          32.47000    0.043445337
  67.96     -66.76          32.47000    0.043445337
  67.96     -66.76          32.47000    0.043445337
  67.96     -66.76          32.47000    0.043445337
  67.96     -66.76          32.47000    0.043445337
  67.96     -66.76          32.47000    0.043445337
  67.96     -66.76          32.47000    0.043445337
  67.96     -66.76          32.47000    0.043445337
  67.96     -66.76          32.47000    0.043445337
  67.96     -66.76          32.47000    0.043445337
  67.96     -66.76          32.47000    0.043445337
  67.96     -66.76          32.47000    0.043445337
  67.96     -66.76          32.47000    0.043445337
  67.96     -66.76          32.47000    0.043445337
  67.96     -66.76          32.47000    0.043445337
  67.96     -66.76          32.47000    0.043445337
  67.96     -66.76          32.47000    0.043445337
  67.96     -66.76          32.47000    0.043445337
  67.96     -66.76          32.47000    0.043445337
  67.96     -66.76          32.47000    0.043445337
  67.96     -66.76          32.47000    0.043445337
  67.96     -66.76          32.47000    0.043445337
  67.96     -66.76          32.47000    0.043445337
  67.96     -66.76          32.47000    0.043445337
  67.96     -66.76          32.47000    0.043445337
  67.96     -66.76          32.47000    0.043445337
  67.96     -66.76          32.47000    0.043445337
  67.96     -66.76          32.47000    0.043445337
  67.96     -66.76          32.47000    0.043445337
  67.96     -66.76          32.47000    0.043445337
  67.96     -66.76          32.47000    0.043445337
  67.96     -66.76          32.47000    0.043445337
  67.96     -66.76          32.47000    0.043445337
  67.96     -66.76          32.47000    0.043445337
  67.96     -66.76          32.47000    0.043445337
