  67.30     -66.59          33.40000    0.263967192
  67.31     -66.57          33.40000    0.254001776
  67.32     -66.55          33.40000    0.244286348
  67.33     -66.52          33.40000    0.234816550
  67.34     -66.50          33.40000    0.225595570
  67.35     -66.48          33.40000    0.216623648
  67.36     -66.45          33.40000    0.207899631
  67.37     -66.43          33.40000    0.199420511
  67.38     -66.41          33.40000    0.191190110
  67.39     -66.39          33.40000    0.183208580
  67.40     -66.36          33.40000    0.175473234
  67.41     -66.34          33.40000    0.167985995
  67.42     -66.37          33.37000    0.160716352
  67.43     -66.41          33.34000    0.153638407
  67.44     -66.42          33.32000    0.146755681
  67.45     -66.44          33.30000    0.140072502
  67.46     -66.45          33.28000    0.133596125
  67.47     -66.45          33.27000    0.127322764
  67.48     -66.44          33.26000    0.121263427
  67.49     -66.44          33.25000    0.115414812
  67.50     -66.45          33.23000    0.109776756
  67.51     -66.45          33.22000    0.104352341
  67.52     -66.44          33.21000    0.099144140
  67.53     -66.44          33.20000    0.094150749
  67.54     -66.43          33.19000    0.089376500
  67.55     -66.41          33.19000    0.084814964
  67.56     -66.41          33.18000    0.080469495
  67.57     -66.40          33.17000    0.076342941
  67.58     -66.40          33.16000    0.072440991
  67.59     -66.39          33.15000    0.068763514
  67.60     -66.37          33.15000    0.065290148
  67.61     -66.36          33.14000    0.062050034
  67.62     -66.34          33.14000    0.059038338
  67.63     -66.34          33.13000    0.056237511
  67.64     -66.33          33.12000    0.053679960
  67.65     -66.31          33.12000    0.051330500
  67.66     -66.30          33.11000    0.049231196
  67.67     -66.28          33.11000    0.047342233
  67.68     -66.27          33.10000    0.045698038
  67.69     -66.25          33.10000    0.044254775
  67.70     -66.25          33.08000    0.042925589
  67.71     -66.24          33.07000    0.041654664
  67.72     -66.25          33.05000    0.040485628
  67.73     -66.25          33.04000    0.039467902
  67.74     -66.26          33.02000    0.038651108
  67.75     -66.26          33.01000    0.038010168
  67.76     -66.27          32.99000    0.037580257
  67.77     -66.27          32.98000    0.037329389
  67.78     -66.28          32.96000    0.037286564
  67.78     -66.28          32.96000    0.037286564
  67.78     -66.28          32.96000    0.037286564
  67.78     -66.28          32.96000    0.037286564
  67.78     -66.28          32.96000    0.037286564
  67.78     -66.28          32.96000    0.037286564
  67.78     -66.28          32.96000    0.037286564
  67.78     -66.28          32.96000    0.037286564
  67.78     -66.28          32.96000    0.037286564
  67.78     -66.28          32.96000    0.037286564
  67.78     -66.28          32.96000    0.037286564
  67.78     -66.28          32.96000    0.037286564
  67.78     -66.28          32.96000    0.037286564
  67.78     -66.28          32.96000    0.037286564
  67.78     -66.28          32.96000    0.037286564
  67.78     -66.28          32.96000    0.037286564
  67.78     -66.28          32.96000    0.037286564
  67.78     -66.28          32.96000    0.037286564
  67.78     -66.28          32.96000    0.037286564
  67.78     -66.28          32.96000    0.037286564
  67.78     -66.28          32.96000    0.037286564
  67.78     -66.28          32.96000    0.037286564
  67.78     -66.28          32.96000    0.037286564
  67.78     -66.28          32.96000    0.037286564
  67.78     -66.28          32.96000    0.037286564
  67.78     -66.28          32.96000    0.037286564
  67.78     -66.28          32.96000    0.037286564
  67.78     -66.28          32.96000    0.037286564
  67.78     -66.28          32.96000    0.037286564
  67.78     -66.28          32.96000    0.037286564
  67.78     -66.28          32.96000    0.037286564
  67.78     -66.28          32.96000    0.037286564
  67.78     -66.28          32.96000    0.037286564
  67.78     -66.28          32.96000    0.037286564
  67.78     -66.28          32.96000    0.037286564
  67.78     -66.28          32.96000    0.037286564
  67.78     -66.28          32.96000    0.037286564
  67.78     -66.28          32.96000    0.037286564
  67.78     -66.28          32.96000    0.037286564
  67.78     -66.28          32.96000    0.037286564
  67.78     -66.28          32.96000    0.037286564
  67.78     -66.28          32.96000    0.037286564
  67.78     -66.28          32.96000    0.037286564
  67.78     -66.28          32.96000    0.037286564
  67.78     -66.28          32.96000    0.037286564
  67.78     -66.28          32.96000    0.037286564
  67.78     -66.28          32.96000    0.037286564
  67.78     -66.28          32.96000    0.037286564
  67.78     -66.28          32.96000    0.037286564
  67.78     -66.28          32.96000    0.037286564
  67.78     -66.28          32.96000    0.037286564
  67.78     -66.28          32.96000    0.037286564
  67.78     -66.28          32.96000    0.037286564
