Script started on Wed 11 Nov 2020 06:00:19 PM CST
nhsin.txt
67.60,-65.80,33.46000
 Enter datafile name: 
 Enter Best fit Rotation (lat, lon, ang): 
   67.599999999999994       -65.799999999999997        33.460000000000001     
 Data read in: 
   20.15     205.32    0.8   0.5  287.7
   32.38     172.46    2.3   0.5  296.2
 Rotated: 
   20.15     205.32    0.8   0.5  287.7
   20.23    -154.82    2.3   0.5  -60.1
 Data read in: 
  -50.46     222.99    2.0   0.4  276.7
  -38.48     191.97    4.7   0.4  318.9
 Rotated: 
  -50.46     222.99    2.0   0.4  276.7
  -51.05    -136.16    4.7   0.4  137.7
 Eigens: Lat, Lon, Evalue, Error level at evalue
 Initial Error=    3.1885875245599500E-002
             -57.84    139.99      2.32      1.03
 Initial Error=    3.1885875245729292E-002
             -32.08    -35.64      0.45      1.07
 Initial Error=    3.1885875245729445E-002
              -1.97   -126.88      0.86      1.04
 finished

Script done on Wed 11 Nov 2020 06:00:19 PM CST
