  67.10     -65.93          34.00000    0.278436320
  67.11     -65.91          34.00000    0.267864274
  67.12     -65.89          34.00000    0.257554733
  67.13     -65.87          34.00000    0.247508969
  67.14     -65.84          34.00000    0.237726095
  67.15     -65.82          34.00000    0.228210380
  67.16     -65.80          34.00000    0.218964384
  67.17     -65.78          34.00000    0.209990746
  67.18     -65.76          34.00000    0.201292548
  67.19     -65.74          34.00000    0.192873359
  67.20     -65.72          34.00000    0.184737280
  67.21     -65.70          34.00000    0.176888996
  67.22     -65.70          33.99000    0.169327090
  67.23     -65.69          33.98000    0.161983638
  67.24     -65.71          33.96000    0.154843841
  67.25     -65.72          33.94000    0.147914312
  67.26     -65.72          33.93000    0.141182592
  67.27     -65.73          33.91000    0.134657797
  67.28     -65.73          33.90000    0.128338021
  67.29     -65.74          33.88000    0.122214476
  67.30     -65.75          33.86000    0.116295848
  67.31     -65.77          33.84000    0.110571677
  67.32     -65.78          33.82000    0.105045881
  67.33     -65.80          33.80000    0.099708170
  67.34     -65.85          33.76000    0.094551589
  67.35     -65.87          33.74000    0.089563129
  67.36     -65.90          33.71000    0.084756650
  67.37     -65.90          33.70000    0.080149751
  67.38     -65.91          33.68000    0.075751147
  67.39     -65.91          33.67000    0.071560299
  67.40     -65.90          33.66000    0.067585376
  67.41     -65.90          33.65000    0.063826466
  67.42     -65.89          33.64000    0.060290565
  67.43     -65.89          33.63000    0.056976247
  67.44     -65.87          33.63000    0.053874912
  67.45     -65.86          33.62000    0.051002187
  67.46     -65.86          33.61000    0.048364465
  67.47     -65.84          33.61000    0.045947823
  67.48     -65.83          33.60000    0.043763209
  67.49     -65.81          33.60000    0.041821634
  67.50     -65.80          33.59000    0.040105403
  67.51     -65.80          33.58000    0.038638543
  67.52     -65.78          33.58000    0.037356569
  67.53     -65.78          33.56000    0.036160785
  67.54     -65.77          33.55000    0.035036923
  67.55     -65.78          33.53000    0.034044398
  67.56     -65.78          33.52000    0.033231583
  67.57     -65.79          33.50000    0.032604557
  67.58     -65.79          33.49000    0.032176199
  67.59     -65.80          33.47000    0.031927740
  67.60     -65.80          33.46000    0.031885876
  67.60     -65.80          33.46000    0.031885876
  67.60     -65.80          33.46000    0.031885876
  67.60     -65.80          33.46000    0.031885876
  67.60     -65.80          33.46000    0.031885876
  67.60     -65.80          33.46000    0.031885876
  67.60     -65.80          33.46000    0.031885876
  67.60     -65.80          33.46000    0.031885876
  67.60     -65.80          33.46000    0.031885876
  67.60     -65.80          33.46000    0.031885876
  67.60     -65.80          33.46000    0.031885876
  67.60     -65.80          33.46000    0.031885876
  67.60     -65.80          33.46000    0.031885876
  67.60     -65.80          33.46000    0.031885876
  67.60     -65.80          33.46000    0.031885876
  67.60     -65.80          33.46000    0.031885876
  67.60     -65.80          33.46000    0.031885876
  67.60     -65.80          33.46000    0.031885876
  67.60     -65.80          33.46000    0.031885876
  67.60     -65.80          33.46000    0.031885876
  67.60     -65.80          33.46000    0.031885876
  67.60     -65.80          33.46000    0.031885876
  67.60     -65.80          33.46000    0.031885876
  67.60     -65.80          33.46000    0.031885876
  67.60     -65.80          33.46000    0.031885876
  67.60     -65.80          33.46000    0.031885876
  67.60     -65.80          33.46000    0.031885876
  67.60     -65.80          33.46000    0.031885876
  67.60     -65.80          33.46000    0.031885876
  67.60     -65.80          33.46000    0.031885876
  67.60     -65.80          33.46000    0.031885876
  67.60     -65.80          33.46000    0.031885876
  67.60     -65.80          33.46000    0.031885876
  67.60     -65.80          33.46000    0.031885876
  67.60     -65.80          33.46000    0.031885876
  67.60     -65.80          33.46000    0.031885876
  67.60     -65.80          33.46000    0.031885876
  67.60     -65.80          33.46000    0.031885876
  67.60     -65.80          33.46000    0.031885876
  67.60     -65.80          33.46000    0.031885876
  67.60     -65.80          33.46000    0.031885876
  67.60     -65.80          33.46000    0.031885876
  67.60     -65.80          33.46000    0.031885876
  67.60     -65.80          33.46000    0.031885876
  67.60     -65.80          33.46000    0.031885876
  67.60     -65.80          33.46000    0.031885876
  67.60     -65.80          33.46000    0.031885876
  67.60     -65.80          33.46000    0.031885876
  67.60     -65.80          33.46000    0.031885876
  67.60     -65.80          33.46000    0.031885876
  67.60     -65.80          33.46000    0.031885876
