  64.60     -68.30          35.20000    0.259530935
  64.61     -68.30          35.20000    0.257139116
  64.62     -68.30          35.20000    0.254987923
  64.63     -68.30          35.19000    0.252830460
  64.64     -68.30          35.19000    0.250852283
  64.65     -68.30          35.18000    0.249012011
  64.66     -68.30          35.18000    0.247206265
  64.67     -68.30          35.18000    0.245640911
  64.68     -68.30          35.17000    0.244049636
  64.69     -68.30          35.17000    0.242655984
  64.70     -68.30          35.16000    0.241382096
  64.71     -68.30          35.16000    0.240159547
  64.72     -68.30          35.16000    0.239177099
  64.73     -68.30          35.15000    0.238151225
  64.74     -68.30          35.15000    0.237339121
  64.75     -68.30          35.14000    0.236630570
  64.76     -68.30          35.14000    0.235988202
  64.77     -68.30          35.14000    0.235585573
  64.78     -68.28          35.13000    0.235055042
  64.79     -68.27          35.13000    0.234688535
  64.80     -68.25          35.12000    0.234223173
  64.81     -68.23          35.12000    0.233851599
  64.82     -68.21          35.11000    0.233454087
  64.83     -68.20          35.11000    0.233072432
  64.84     -68.18          35.10000    0.232744117
  64.85     -68.17          35.10000    0.232361032
  64.86     -68.15          35.09000    0.232103771
  64.87     -68.13          35.09000    0.231711877
  64.88     -68.12          35.09000    0.231485426
  64.89     -68.10          35.08000    0.231126757
  64.90     -68.09          35.08000    0.230897491
  64.91     -68.07          35.07000    0.230613272
  64.92     -68.05          35.07000    0.230370671
  64.93     -68.03          35.06000    0.230163888
  64.94     -68.02          35.06000    0.229912923
  64.95     -68.00          35.05000    0.229784060
  64.96     -67.99          35.05000    0.229528617
  64.97     -67.97          35.05000    0.229431429
  64.98     -67.95          35.04000    0.229206765
  64.99     -67.94          35.04000    0.229103200
  65.00     -67.92          35.03000    0.228959437
  65.01     -67.90          35.03000    0.228847381
  65.02     -67.88          35.02000    0.228787697
  65.03     -67.87          35.02000    0.228657145
  65.03     -67.87          35.02000    0.228657145
  65.05     -67.84          35.01000    0.228544011
  65.05     -67.84          35.01000    0.228544011
  65.07     -67.80          35.00000    0.228503848
  65.07     -67.80          35.00000    0.228503848
  65.07     -67.80          35.00000    0.228503848
  65.07     -67.80          35.00000    0.228503848
  65.07     -67.80          35.00000    0.228503848
  65.07     -67.80          35.00000    0.228503848
  65.07     -67.80          35.00000    0.228503848
  65.07     -67.80          35.00000    0.228503848
  65.07     -67.80          35.00000    0.228503848
  65.07     -67.80          35.00000    0.228503848
  65.07     -67.80          35.00000    0.228503848
  65.07     -67.80          35.00000    0.228503848
  65.07     -67.80          35.00000    0.228503848
  65.07     -67.80          35.00000    0.228503848
  65.07     -67.80          35.00000    0.228503848
  65.07     -67.80          35.00000    0.228503848
  65.07     -67.80          35.00000    0.228503848
  65.07     -67.80          35.00000    0.228503848
  65.07     -67.80          35.00000    0.228503848
  65.07     -67.80          35.00000    0.228503848
  65.07     -67.80          35.00000    0.228503848
  65.07     -67.80          35.00000    0.228503848
  65.07     -67.80          35.00000    0.228503848
  65.07     -67.80          35.00000    0.228503848
  65.07     -67.80          35.00000    0.228503848
  65.07     -67.80          35.00000    0.228503848
  65.07     -67.80          35.00000    0.228503848
  65.07     -67.80          35.00000    0.228503848
  65.07     -67.80          35.00000    0.228503848
  65.07     -67.80          35.00000    0.228503848
  65.07     -67.80          35.00000    0.228503848
  65.07     -67.80          35.00000    0.228503848
  65.07     -67.80          35.00000    0.228503848
  65.07     -67.80          35.00000    0.228503848
  65.07     -67.80          35.00000    0.228503848
  65.07     -67.80          35.00000    0.228503848
  65.07     -67.80          35.00000    0.228503848
  65.07     -67.80          35.00000    0.228503848
  65.07     -67.80          35.00000    0.228503848
  65.07     -67.80          35.00000    0.228503848
  65.07     -67.80          35.00000    0.228503848
  65.07     -67.80          35.00000    0.228503848
  65.07     -67.80          35.00000    0.228503848
  65.07     -67.80          35.00000    0.228503848
  65.07     -67.80          35.00000    0.228503848
  65.07     -67.80          35.00000    0.228503848
  65.07     -67.80          35.00000    0.228503848
  65.07     -67.80          35.00000    0.228503848
  65.07     -67.80          35.00000    0.228503848
  65.07     -67.80          35.00000    0.228503848
  65.07     -67.80          35.00000    0.228503848
  65.07     -67.80          35.00000    0.228503848
  65.07     -67.80          35.00000    0.228503848
  65.07     -67.80          35.00000    0.228503848
