  63.60     -69.50          35.64000    0.183208098
  63.61     -69.50          35.64000    0.180870291
  63.62     -69.50          35.63000    0.178450472
  63.63     -69.50          35.63000    0.176286324
  63.64     -69.50          35.62000    0.174140710
  63.65     -69.50          35.62000    0.172149546
  63.66     -69.50          35.61000    0.170277991
  63.67     -69.50          35.61000    0.168459133
  63.68     -69.50          35.60000    0.166861450
  63.69     -69.50          35.60000    0.165214225
  63.70     -69.50          35.60000    0.163829587
  63.71     -69.50          35.59000    0.162413926
  63.72     -69.50          35.59000    0.161199885
  63.73     -69.50          35.58000    0.160057294
  63.74     -69.50          35.58000    0.159013177
  63.75     -69.50          35.57000    0.158143336
  63.76     -69.50          35.57000    0.157268487
  63.77     -69.50          35.57000    0.156654705
  63.78     -69.49          35.56000    0.155948155
  63.79     -69.48          35.56000    0.155418798
  63.80     -69.46          35.55000    0.154787702
  63.81     -69.45          35.55000    0.154263474
  63.82     -69.43          35.54000    0.153696898
  63.83     -69.42          35.54000    0.153177285
  63.84     -69.40          35.53000    0.152675937
  63.85     -69.39          35.53000    0.152160430
  63.86     -69.37          35.52000    0.151725022
  63.87     -69.36          35.52000    0.151213115
  63.88     -69.35          35.51000    0.150843468
  63.89     -69.33          35.51000    0.150335551
  63.90     -69.32          35.51000    0.150018197
  63.91     -69.30          35.50000    0.149527951
  63.92     -69.29          35.50000    0.149212849
  63.93     -69.27          35.49000    0.148790538
  63.94     -69.26          35.49000    0.148477192
  63.95     -69.24          35.48000    0.148123535
  63.96     -69.23          35.48000    0.147811457
  63.97     -69.22          35.47000    0.147525827
  63.98     -69.20          35.47000    0.147215875
  63.99     -69.19          35.46000    0.146997344
  64.00     -69.17          35.46000    0.146690687
  64.01     -69.16          35.45000    0.146540036
  64.02     -69.14          35.45000    0.146236136
  64.03     -69.13          35.45000    0.146114120
  64.04     -69.11          35.44000    0.145852469
  64.05     -69.10          35.44000    0.145729456
  64.06     -69.09          35.43000    0.145539692
  64.07     -69.07          35.43000    0.145415457
  64.08     -69.06          35.42000    0.145295871
  64.09     -69.04          35.42000    0.145172386
  64.10     -69.03          35.41000    0.145123759
  64.11     -69.01          35.41000    0.145000507
  64.11     -69.01          35.41000    0.145000507
  64.13     -68.98          35.40000    0.144900089
  64.13     -68.98          35.40000    0.144900089
  64.15     -68.95          35.39000    0.144871406
  64.15     -68.95          35.39000    0.144871406
  64.15     -68.95          35.39000    0.144871406
  64.15     -68.95          35.39000    0.144871406
  64.15     -68.95          35.39000    0.144871406
  64.15     -68.95          35.39000    0.144871406
  64.15     -68.95          35.39000    0.144871406
  64.15     -68.95          35.39000    0.144871406
  64.15     -68.95          35.39000    0.144871406
  64.15     -68.95          35.39000    0.144871406
  64.15     -68.95          35.39000    0.144871406
  64.15     -68.95          35.39000    0.144871406
  64.15     -68.95          35.39000    0.144871406
  64.15     -68.95          35.39000    0.144871406
  64.15     -68.95          35.39000    0.144871406
  64.15     -68.95          35.39000    0.144871406
  64.15     -68.95          35.39000    0.144871406
  64.15     -68.95          35.39000    0.144871406
  64.15     -68.95          35.39000    0.144871406
  64.15     -68.95          35.39000    0.144871406
  64.15     -68.95          35.39000    0.144871406
  64.15     -68.95          35.39000    0.144871406
  64.15     -68.95          35.39000    0.144871406
  64.15     -68.95          35.39000    0.144871406
  64.15     -68.95          35.39000    0.144871406
  64.15     -68.95          35.39000    0.144871406
  64.15     -68.95          35.39000    0.144871406
  64.15     -68.95          35.39000    0.144871406
  64.15     -68.95          35.39000    0.144871406
  64.15     -68.95          35.39000    0.144871406
  64.15     -68.95          35.39000    0.144871406
  64.15     -68.95          35.39000    0.144871406
  64.15     -68.95          35.39000    0.144871406
  64.15     -68.95          35.39000    0.144871406
  64.15     -68.95          35.39000    0.144871406
  64.15     -68.95          35.39000    0.144871406
  64.15     -68.95          35.39000    0.144871406
  64.15     -68.95          35.39000    0.144871406
  64.15     -68.95          35.39000    0.144871406
  64.15     -68.95          35.39000    0.144871406
  64.15     -68.95          35.39000    0.144871406
  64.15     -68.95          35.39000    0.144871406
  64.15     -68.95          35.39000    0.144871406
  64.15     -68.95          35.39000    0.144871406
  64.15     -68.95          35.39000    0.144871406
  64.15     -68.95          35.39000    0.144871406
