Script started on Wed 11 Nov 2020 06:02:07 PM CST
nhsin.txt
64.15,-68.95,35.39000
 Enter datafile name: 
 Enter Best fit Rotation (lat, lon, ang): 
   64.150000000000006       -68.950000000000003        35.390000000000001     
 Data read in: 
  -23.34     209.73    2.2   0.9  295.5
   -7.39     177.92    4.6   0.9  332.8
 Rotated: 
  -23.34     209.73    2.2   0.9  295.5
  -22.50    -150.57    4.6   0.9  154.8
 Data read in: 
   20.15     205.32    0.8   0.5  287.7
   34.48     171.56    6.8   0.5  355.8
 Rotated: 
   20.15     205.32    0.8   0.5  287.7
   19.61    -154.69    6.8   0.5   -0.5
 Data read in: 
  -50.46     222.99    2.0   0.4  276.7
  -36.98     190.76    6.4   0.4  332.3
 Rotated: 
  -50.46     222.99    2.0   0.4  276.7
  -52.11    -135.47    6.4   0.4  149.8
 Eigens: Lat, Lon, Evalue, Error level at evalue
 Initial Error=   0.14487140678641106     
               7.90    -83.15      3.07      1.15
 Initial Error=   0.14487140678633342     
             -51.01     -3.02      0.40      1.18
 Initial Error=   0.14487140678636878     
              37.88     13.05      0.66      1.17
 finished

Script done on Wed 11 Nov 2020 06:02:07 PM CST
