  63.20     -70.00          35.83000    0.155313673
  63.21     -70.00          35.82000    0.153417693
  63.22     -70.00          35.82000    0.151733491
  63.23     -70.00          35.81000    0.150085926
  63.24     -70.00          35.81000    0.148571524
  63.25     -70.00          35.80000    0.147172373
  63.26     -70.00          35.80000    0.145827813
  63.27     -70.00          35.79000    0.144677009
  63.28     -70.00          35.79000    0.143502228
  63.29     -70.00          35.79000    0.142592043
  63.30     -70.00          35.78000    0.141594472
  63.31     -70.00          35.78000    0.140854194
  63.32     -70.00          35.77000    0.140104087
  63.33     -70.00          35.77000    0.139533393
  63.34     -69.98          35.76000    0.138967588
  63.35     -69.97          35.76000    0.138435764
  63.36     -69.96          35.75000    0.137923792
  63.37     -69.94          35.75000    0.137406912
  63.38     -69.93          35.74000    0.136941131
  63.39     -69.92          35.74000    0.136442818
  63.40     -69.90          35.73000    0.136028071
  63.41     -69.89          35.73000    0.135540806
  63.42     -69.87          35.72000    0.135184731
  63.43     -69.86          35.72000    0.134708006
  63.44     -69.85          35.71000    0.134409590
  63.45     -69.83          35.71000    0.133944528
  63.46     -69.82          35.71000    0.133675909
  63.47     -69.81          35.70000    0.133248354
  63.48     -69.79          35.70000    0.132991096
  63.49     -69.78          35.69000    0.132613089
  63.50     -69.77          35.69000    0.132372972
  63.51     -69.75          35.68000    0.132047579
  63.52     -69.74          35.68000    0.131815712
  63.53     -69.72          35.67000    0.131551944
  63.54     -69.71          35.67000    0.131327793
  63.55     -69.69          35.66000    0.131126306
  63.56     -69.68          35.66000    0.130909338
  63.57     -69.67          35.65000    0.130760955
  63.58     -69.65          35.65000    0.130560473
  63.59     -69.64          35.64000    0.130465265
  63.60     -69.63          35.64000    0.130272047
  63.61     -69.61          35.63000    0.130240041
  63.62     -69.60          35.63000    0.130052501
  63.62     -69.60          35.63000    0.130052501
  63.64     -69.57          35.62000    0.129903032
  63.64     -69.57          35.62000    0.129903032
  63.66     -69.54          35.61000    0.129823784
  63.66     -69.54          35.61000    0.129823784
  63.68     -69.52          35.60000    0.129809976
  63.68     -69.52          35.60000    0.129809976
  63.68     -69.52          35.60000    0.129809976
  63.68     -69.52          35.60000    0.129809976
  63.68     -69.52          35.60000    0.129809976
  63.68     -69.52          35.60000    0.129809976
  63.68     -69.52          35.60000    0.129809976
  63.68     -69.52          35.60000    0.129809976
  63.68     -69.52          35.60000    0.129809976
  63.68     -69.52          35.60000    0.129809976
  63.68     -69.52          35.60000    0.129809976
  63.68     -69.52          35.60000    0.129809976
  63.68     -69.52          35.60000    0.129809976
  63.68     -69.52          35.60000    0.129809976
  63.68     -69.52          35.60000    0.129809976
  63.68     -69.52          35.60000    0.129809976
  63.68     -69.52          35.60000    0.129809976
  63.68     -69.52          35.60000    0.129809976
  63.68     -69.52          35.60000    0.129809976
  63.68     -69.52          35.60000    0.129809976
  63.68     -69.52          35.60000    0.129809976
  63.68     -69.52          35.60000    0.129809976
  63.68     -69.52          35.60000    0.129809976
  63.68     -69.52          35.60000    0.129809976
  63.68     -69.52          35.60000    0.129809976
  63.68     -69.52          35.60000    0.129809976
  63.68     -69.52          35.60000    0.129809976
  63.68     -69.52          35.60000    0.129809976
  63.68     -69.52          35.60000    0.129809976
  63.68     -69.52          35.60000    0.129809976
  63.68     -69.52          35.60000    0.129809976
  63.68     -69.52          35.60000    0.129809976
  63.68     -69.52          35.60000    0.129809976
  63.68     -69.52          35.60000    0.129809976
  63.68     -69.52          35.60000    0.129809976
  63.68     -69.52          35.60000    0.129809976
  63.68     -69.52          35.60000    0.129809976
  63.68     -69.52          35.60000    0.129809976
  63.68     -69.52          35.60000    0.129809976
  63.68     -69.52          35.60000    0.129809976
  63.68     -69.52          35.60000    0.129809976
  63.68     -69.52          35.60000    0.129809976
  63.68     -69.52          35.60000    0.129809976
  63.68     -69.52          35.60000    0.129809976
  63.68     -69.52          35.60000    0.129809976
  63.68     -69.52          35.60000    0.129809976
  63.68     -69.52          35.60000    0.129809976
  63.68     -69.52          35.60000    0.129809976
  63.68     -69.52          35.60000    0.129809976
  63.68     -69.52          35.60000    0.129809976
  63.68     -69.52          35.60000    0.129809976
  63.68     -69.52          35.60000    0.129809976
  63.68     -69.52          35.60000    0.129809976
