Script started on Wed 11 Nov 2020 06:03:04 PM CST
nhsin.txt
63.68,-69.52,35.60000
 Enter datafile name: 
 Enter Best fit Rotation (lat, lon, ang): 
   63.680000000000000       -69.519999999999996        35.600000000000001     
 Data read in: 
  -23.34     209.73    2.2   0.9  295.5
   -6.94     177.69    4.6   0.9  333.0
 Rotated: 
  -23.34     209.73    2.2   0.9  295.5
  -22.40    -150.70    4.6   0.9  154.9
 Data read in: 
   20.15     205.32    0.8   0.5  287.7
   35.17     171.50    6.8   0.5  355.4
 Rotated: 
   20.15     205.32    0.8   0.5  287.7
   19.93    -154.68    6.8   0.5   -1.0
 Data read in: 
  -50.46     222.99    2.0   0.4  276.7
  -36.56     190.49    6.3   0.4  332.6
 Rotated: 
  -50.46     222.99    2.0   0.4  276.7
  -52.03    -135.54    6.3   0.4  150.0
 Eigens: Lat, Lon, Evalue, Error level at evalue
 Initial Error=   0.12980997625495450     
               7.72    -82.23      3.04      1.13
 Initial Error=   0.12980997625497259     
             -46.38     -0.41      0.41      1.16
 Initial Error=   0.12980997625493973     
              42.59     14.93      0.86      1.15
 finished

Script done on Wed 11 Nov 2020 06:03:05 PM CST
