  62.60     -70.60          36.11000    0.176244234
  62.61     -70.60          36.10000    0.173972608
  62.62     -70.60          36.10000    0.171783326
  62.63     -70.60          36.09000    0.169724473
  62.64     -70.60          36.09000    0.167672087
  62.65     -70.60          36.08000    0.165827615
  62.66     -70.60          36.08000    0.163915576
  62.67     -70.60          36.08000    0.162240871
  62.68     -70.60          36.07000    0.160518355
  62.69     -70.60          36.07000    0.158990357
  62.70     -70.60          36.06000    0.157484515
  62.71     -70.60          36.06000    0.156105705
  62.72     -70.60          36.05000    0.154817704
  62.73     -70.60          36.05000    0.153590225
  62.74     -70.60          36.04000    0.152521146
  62.75     -70.60          36.04000    0.151446841
  62.76     -70.60          36.03000    0.150597666
  62.77     -70.60          36.03000    0.149678112
  62.78     -70.60          36.03000    0.149011167
  62.79     -70.60          36.02000    0.148286241
  62.80     -70.59          36.02000    0.147734373
  62.81     -70.57          36.01000    0.147079425
  62.82     -70.56          36.01000    0.146541120
  62.83     -70.55          36.00000    0.145932424
  62.84     -70.53          36.00000    0.145412983
  62.85     -70.52          35.99000    0.144835645
  62.86     -70.51          35.99000    0.144332288
  62.87     -70.49          35.98000    0.143805397
  62.88     -70.48          35.98000    0.143316322
  62.89     -70.47          35.97000    0.142824923
  62.90     -70.46          35.97000    0.142357706
  62.91     -70.44          35.96000    0.141909471
  62.92     -70.43          35.96000    0.141456669
  62.93     -70.42          35.95000    0.141053579
  62.94     -70.41          35.95000    0.140623053
  62.95     -70.39          35.94000    0.140255425
  62.96     -70.38          35.94000    0.139839130
  62.97     -70.36          35.93000    0.139526508
  62.98     -70.35          35.93000    0.139123910
  62.99     -70.34          35.92000    0.138847940
  63.00     -70.33          35.92000    0.138467734
  63.01     -70.31          35.91000    0.138239108
  63.02     -70.30          35.91000    0.137871290
  63.03     -70.29          35.91000    0.137685385
  63.04     -70.27          35.90000    0.137341573
  63.05     -70.26          35.90000    0.137142119
  63.06     -70.25          35.89000    0.136861805
  63.07     -70.22          35.89000    0.136551606
  63.08     -70.19          35.89000    0.136117144
  63.09     -70.18          35.89000    0.135871508
  63.09     -70.18          35.89000    0.135871508
  63.09     -70.18          35.89000    0.135871508
  63.12     -70.17          35.86000    0.135846282
  63.13     -70.16          35.86000    0.135748819
  63.14     -70.14          35.85000    0.135640184
  63.15     -70.13          35.85000    0.135562954
  63.16     -70.12          35.84000    0.135485399
  63.17     -70.11          35.84000    0.135434125
  63.18     -70.09          35.83000    0.135401165
  63.19     -70.08          35.83000    0.135362494
  63.19     -70.08          35.83000    0.135362494
  63.21     -70.05          35.82000    0.135361572
  63.21     -70.05          35.82000    0.135361572
  63.21     -70.05          35.82000    0.135361572
  63.21     -70.05          35.82000    0.135361572
  63.21     -70.05          35.82000    0.135361572
  63.21     -70.05          35.82000    0.135361572
  63.21     -70.05          35.82000    0.135361572
  63.21     -70.05          35.82000    0.135361572
  63.21     -70.05          35.82000    0.135361572
  63.21     -70.05          35.82000    0.135361572
  63.21     -70.05          35.82000    0.135361572
  63.21     -70.05          35.82000    0.135361572
  63.21     -70.05          35.82000    0.135361572
  63.21     -70.05          35.82000    0.135361572
  63.21     -70.05          35.82000    0.135361572
  63.21     -70.05          35.82000    0.135361572
  63.21     -70.05          35.82000    0.135361572
  63.21     -70.05          35.82000    0.135361572
  63.21     -70.05          35.82000    0.135361572
  63.21     -70.05          35.82000    0.135361572
  63.21     -70.05          35.82000    0.135361572
  63.21     -70.05          35.82000    0.135361572
  63.21     -70.05          35.82000    0.135361572
  63.21     -70.05          35.82000    0.135361572
  63.21     -70.05          35.82000    0.135361572
  63.21     -70.05          35.82000    0.135361572
  63.21     -70.05          35.82000    0.135361572
  63.21     -70.05          35.82000    0.135361572
  63.21     -70.05          35.82000    0.135361572
  63.21     -70.05          35.82000    0.135361572
  63.21     -70.05          35.82000    0.135361572
  63.21     -70.05          35.82000    0.135361572
  63.21     -70.05          35.82000    0.135361572
  63.21     -70.05          35.82000    0.135361572
  63.21     -70.05          35.82000    0.135361572
  63.21     -70.05          35.82000    0.135361572
  63.21     -70.05          35.82000    0.135361572
  63.21     -70.05          35.82000    0.135361572
  63.21     -70.05          35.82000    0.135361572
  63.21     -70.05          35.82000    0.135361572
