Script started on Wed 11 Nov 2020 06:04:32 PM CST
nhsin.txt
62.14,-71.21,36.33000
 Enter datafile name: 
 Enter Best fit Rotation (lat, lon, ang): 
   62.140000000000001       -71.209999999999994        36.329999999999998     
 Data read in: 
  -23.34     209.73    2.2   0.9  295.5
   -5.58     176.99    4.6   0.9  333.5
 Rotated: 
  -23.34     209.73    2.2   0.9  295.5
  -22.24    -151.08    4.6   0.9  155.2
 Data read in: 
   20.15     205.32    0.8   0.5  287.7
   37.26     171.26    6.8   0.5  354.1
 Rotated: 
   20.15     205.32    0.8   0.5  287.7
   20.78    -154.68    6.8   0.5   -2.5
 Data read in: 
  -50.46     222.99    2.0   0.4  276.7
  -35.32     189.72    6.3   0.4  333.7
 Rotated: 
  -50.46     222.99    2.0   0.4  276.7
  -51.91    -135.62    6.3   0.4  150.4
 Eigens: Lat, Lon, Evalue, Error level at evalue
 Initial Error=   0.20336315129720284     
               7.26    -80.21      2.89      1.21
 Initial Error=   0.20336315129717669     
             -41.04      3.42      0.43      1.23
 Initial Error=   0.20336315129718605     
              48.04     17.94      0.67      1.21
 finished

Script done on Wed 11 Nov 2020 06:04:32 PM CST
