  60.10     -73.30          37.37000    0.340079314
  60.11     -73.30          37.36000    0.336441744
  60.12     -73.30          37.36000    0.332770145
  60.13     -73.29          37.35000    0.329318103
  60.14     -73.28          37.35000    0.325827790
  60.15     -73.27          37.34000    0.322428763
  60.16     -73.26          37.34000    0.319081678
  60.17     -73.25          37.33000    0.315742259
  60.18     -73.24          37.33000    0.312540717
  60.19     -73.23          37.32000    0.309267625
  60.20     -73.21          37.31000    0.306162279
  60.21     -73.20          37.31000    0.303010048
  60.22     -73.19          37.30000    0.299978431
  60.23     -73.18          37.30000    0.296978663
  60.24     -73.17          37.29000    0.294031931
  60.25     -73.16          37.29000    0.291187288
  60.26     -73.15          37.28000    0.288332038
  60.27     -73.14          37.28000    0.285645191
  60.28     -73.13          37.27000    0.282887832
  60.29     -73.12          37.26000    0.280332868
  60.30     -73.11          37.26000    0.277708074
  60.31     -73.09          37.25000    0.275253740
  60.32     -73.09          37.25000    0.272801054
  60.33     -73.07          37.24000    0.270452592
  60.34     -73.06          37.24000    0.268167728
  60.35     -73.05          37.23000    0.265936836
  60.36     -73.04          37.23000    0.263820721
  60.37     -73.03          37.22000    0.261712719
  60.38     -73.02          37.22000    0.259766862
  60.39     -73.01          37.21000    0.257785430
  60.40     -73.00          37.21000    0.256010820
  60.41     -72.99          37.20000    0.254158935
  60.42     -72.98          37.19000    0.252528495
  60.43     -72.97          37.19000    0.250835801
  60.44     -72.95          37.18000    0.249331452
  60.45     -72.95          37.18000    0.247816991
  60.46     -72.93          37.17000    0.246438277
  60.47     -72.92          37.17000    0.245093365
  60.48     -72.91          37.16000    0.243848331
  60.49     -72.90          37.16000    0.242666771
  60.50     -72.89          37.15000    0.241557344
  60.51     -72.88          37.15000    0.240522669
  60.52     -72.87          37.14000    0.239553800
  60.53     -72.83          37.15000    0.238531625
  60.54     -72.82          37.14000    0.237401194
  60.55     -72.80          37.14000    0.236445710
  60.56     -72.79          37.14000    0.235799346
  60.57     -72.78          37.14000    0.235456163
  60.58     -72.80          37.11000    0.235238702
  60.59     -72.79          37.11000    0.234799320
  60.60     -72.78          37.10000    0.234356474
  60.61     -72.77          37.09000    0.234053278
  60.62     -72.76          37.09000    0.233706010
  60.63     -72.75          37.08000    0.233493481
  60.64     -72.74          37.08000    0.233281639
  60.65     -72.73          37.07000    0.233155951
  60.66     -72.72          37.07000    0.233070020
  60.67     -72.71          37.06000    0.233024696
  60.67     -72.71          37.06000    0.233024696
  60.67     -72.71          37.06000    0.233024696
  60.67     -72.71          37.06000    0.233024696
  60.67     -72.71          37.06000    0.233024696
  60.67     -72.71          37.06000    0.233024696
  60.67     -72.71          37.06000    0.233024696
  60.67     -72.71          37.06000    0.233024696
  60.67     -72.71          37.06000    0.233024696
  60.67     -72.71          37.06000    0.233024696
  60.67     -72.71          37.06000    0.233024696
  60.67     -72.71          37.06000    0.233024696
  60.67     -72.71          37.06000    0.233024696
  60.67     -72.71          37.06000    0.233024696
  60.67     -72.71          37.06000    0.233024696
  60.67     -72.71          37.06000    0.233024696
  60.67     -72.71          37.06000    0.233024696
  60.67     -72.71          37.06000    0.233024696
  60.67     -72.71          37.06000    0.233024696
  60.67     -72.71          37.06000    0.233024696
  60.67     -72.71          37.06000    0.233024696
  60.67     -72.71          37.06000    0.233024696
  60.67     -72.71          37.06000    0.233024696
  60.67     -72.71          37.06000    0.233024696
  60.67     -72.71          37.06000    0.233024696
  60.67     -72.71          37.06000    0.233024696
  60.67     -72.71          37.06000    0.233024696
  60.67     -72.71          37.06000    0.233024696
  60.67     -72.71          37.06000    0.233024696
  60.67     -72.71          37.06000    0.233024696
  60.67     -72.71          37.06000    0.233024696
  60.67     -72.71          37.06000    0.233024696
  60.67     -72.71          37.06000    0.233024696
  60.67     -72.71          37.06000    0.233024696
  60.67     -72.71          37.06000    0.233024696
  60.67     -72.71          37.06000    0.233024696
  60.67     -72.71          37.06000    0.233024696
  60.67     -72.71          37.06000    0.233024696
  60.67     -72.71          37.06000    0.233024696
  60.67     -72.71          37.06000    0.233024696
  60.67     -72.71          37.06000    0.233024696
  60.67     -72.71          37.06000    0.233024696
  60.67     -72.71          37.06000    0.233024696
  60.67     -72.71          37.06000    0.233024696
