Script started on Wed 11 Nov 2020 06:05:01 PM CST
nhsin.txt
60.67,-72.71,37.06000
 Enter datafile name: 
 Enter Best fit Rotation (lat, lon, ang): 
   60.670000000000002       -72.709999999999994        37.060000000000002     
 Data read in: 
  -23.34     209.73    2.2   0.9  295.5
   -5.12     176.77    4.6   0.9  333.6
 Rotated: 
  -23.34     209.73    2.2   0.9  295.5
  -22.98    -151.00    4.6   0.9  155.0
 Data read in: 
   20.15     205.32    0.8   0.5  287.7
   37.95     171.16    6.8   0.5  353.6
 Rotated: 
   20.15     205.32    0.8   0.5  287.7
   20.25    -154.68    6.8   0.5   -3.2
 Data read in: 
  -50.46     222.99    2.0   0.4  276.7
  -34.91     189.47    6.3   0.4  334.1
 Rotated: 
  -50.46     222.99    2.0   0.4  276.7
  -52.56    -134.97    6.3   0.4  149.8
 Eigens: Lat, Lon, Evalue, Error level at evalue
 Initial Error=   0.23302469660473274     
              -7.09    101.00      3.88      1.24
 Initial Error=   0.23302469660473457     
             -41.40      4.70      0.43      1.25
 Initial Error=   0.23302469660475195     
             -47.72   -161.14      0.91      1.24
 finished

Script done on Wed 11 Nov 2020 06:05:01 PM CST
