  59.70     -73.60          37.58000    0.328097571
  59.71     -73.59          37.58000    0.324975819
  59.72     -73.58          37.57000    0.322020433
  59.73     -73.56          37.57000    0.318993008
  59.74     -73.54          37.57000    0.316108651
  59.75     -73.54          37.56000    0.313415206
  59.76     -73.54          37.55000    0.310685346
  59.77     -73.53          37.55000    0.308090995
  59.78     -73.52          37.54000    0.305441795
  59.79     -73.50          37.53000    0.302969014
  59.80     -73.49          37.53000    0.300489508
  59.81     -73.48          37.52000    0.298127563
  59.82     -73.47          37.52000    0.295833765
  59.83     -73.46          37.51000    0.293587319
  59.84     -73.45          37.51000    0.291480583
  59.85     -73.44          37.50000    0.289353030
  59.86     -73.43          37.49000    0.287429209
  59.87     -73.42          37.49000    0.285428622
  59.88     -73.41          37.48000    0.283628229
  59.89     -73.40          37.48000    0.281817092
  59.90     -73.39          37.47000    0.280141976
  59.91     -73.38          37.47000    0.278520416
  59.92     -73.37          37.46000    0.276971755
  59.93     -73.36          37.46000    0.275539456
  59.94     -73.35          37.45000    0.274117724
  59.95     -73.34          37.45000    0.272873887
  59.96     -73.33          37.44000    0.271578828
  59.97     -73.32          37.43000    0.270494003
  59.98     -73.31          37.43000    0.269352739
  59.99     -73.30          37.42000    0.268392940
  60.00     -73.29          37.42000    0.267435817
  60.01     -73.28          37.41000    0.266598889
  60.02     -73.27          37.41000    0.265823084
  60.03     -73.26          37.40000    0.265106139
  60.04     -73.25          37.40000    0.264508224
  60.05     -73.24          37.39000    0.263907658
  60.06     -73.23          37.39000    0.263483595
  60.07     -73.22          37.38000    0.262995123
  60.08     -73.21          37.37000    0.262709744
  60.09     -73.20          37.37000    0.262358969
  60.10     -73.19          37.36000    0.262178148
  60.11     -73.18          37.36000    0.261988450
  60.12     -73.17          37.35000    0.261906429
  60.13     -73.16          37.35000    0.261871730
  60.13     -73.16          37.35000    0.261871730
  60.13     -73.16          37.35000    0.261871730
  60.13     -73.16          37.35000    0.261871730
  60.13     -73.16          37.35000    0.261871730
  60.13     -73.16          37.35000    0.261871730
  60.13     -73.16          37.35000    0.261871730
  60.13     -73.16          37.35000    0.261871730
  60.13     -73.16          37.35000    0.261871730
  60.13     -73.16          37.35000    0.261871730
  60.13     -73.16          37.35000    0.261871730
  60.13     -73.16          37.35000    0.261871730
  60.13     -73.16          37.35000    0.261871730
  60.13     -73.16          37.35000    0.261871730
  60.13     -73.16          37.35000    0.261871730
  60.13     -73.16          37.35000    0.261871730
  60.13     -73.16          37.35000    0.261871730
  60.13     -73.16          37.35000    0.261871730
  60.13     -73.16          37.35000    0.261871730
  60.13     -73.16          37.35000    0.261871730
  60.13     -73.16          37.35000    0.261871730
  60.13     -73.16          37.35000    0.261871730
  60.13     -73.16          37.35000    0.261871730
  60.13     -73.16          37.35000    0.261871730
  60.13     -73.16          37.35000    0.261871730
  60.13     -73.16          37.35000    0.261871730
  60.13     -73.16          37.35000    0.261871730
  60.13     -73.16          37.35000    0.261871730
  60.13     -73.16          37.35000    0.261871730
  60.13     -73.16          37.35000    0.261871730
  60.13     -73.16          37.35000    0.261871730
  60.13     -73.16          37.35000    0.261871730
  60.13     -73.16          37.35000    0.261871730
  60.13     -73.16          37.35000    0.261871730
  60.13     -73.16          37.35000    0.261871730
  60.13     -73.16          37.35000    0.261871730
  60.13     -73.16          37.35000    0.261871730
  60.13     -73.16          37.35000    0.261871730
  60.13     -73.16          37.35000    0.261871730
  60.13     -73.16          37.35000    0.261871730
  60.13     -73.16          37.35000    0.261871730
  60.13     -73.16          37.35000    0.261871730
  60.13     -73.16          37.35000    0.261871730
  60.13     -73.16          37.35000    0.261871730
  60.13     -73.16          37.35000    0.261871730
  60.13     -73.16          37.35000    0.261871730
  60.13     -73.16          37.35000    0.261871730
  60.13     -73.16          37.35000    0.261871730
  60.13     -73.16          37.35000    0.261871730
  60.13     -73.16          37.35000    0.261871730
  60.13     -73.16          37.35000    0.261871730
  60.13     -73.16          37.35000    0.261871730
  60.13     -73.16          37.35000    0.261871730
  60.13     -73.16          37.35000    0.261871730
  60.13     -73.16          37.35000    0.261871730
  60.13     -73.16          37.35000    0.261871730
  60.13     -73.16          37.35000    0.261871730
  60.13     -73.16          37.35000    0.261871730
