  59.10     -74.07          37.92000    0.393484838
  59.11     -74.06          37.91000    0.389905446
  59.12     -74.05          37.91000    0.386244004
  59.13     -74.04          37.90000    0.382735003
  59.14     -74.03          37.90000    0.379265659
  59.15     -74.02          37.89000    0.375832131
  59.16     -74.01          37.89000    0.372556493
  59.17     -74.00          37.88000    0.369203471
  59.18     -73.99          37.87000    0.366021633
  59.19     -73.98          37.87000    0.362855568
  59.20     -73.97          37.86000    0.359762451
  59.21     -73.96          37.86000    0.356794829
  59.22     -73.95          37.85000    0.353795080
  59.23     -73.94          37.84000    0.350975604
  59.24     -73.93          37.84000    0.348125522
  59.25     -73.92          37.83000    0.345406775
  59.26     -73.91          37.83000    0.342759470
  59.27     -73.90          37.82000    0.340145452
  59.28     -73.89          37.82000    0.337702234
  59.29     -73.88          37.81000    0.335196642
  59.30     -73.87          37.80000    0.332881554
  59.31     -73.86          37.80000    0.330564854
  59.32     -73.85          37.79000    0.328363662
  59.33     -73.84          37.79000    0.326254031
  59.34     -73.83          37.78000    0.324169421
  59.35     -73.82          37.78000    0.322267473
  59.36     -73.81          37.77000    0.320301688
  59.37     -73.80          37.76000    0.318533371
  59.38     -73.79          37.76000    0.316762575
  59.39     -73.78          37.75000    0.315115932
  59.40     -73.77          37.75000    0.313553384
  59.41     -73.76          37.74000    0.312029344
  59.42     -73.76          37.74000    0.310674246
  59.43     -73.74          37.73000    0.309273493
  59.44     -73.73          37.72000    0.308072891
  59.45     -73.72          37.72000    0.306847325
  59.46     -73.71          37.71000    0.305769448
  59.47     -73.71          37.71000    0.304742465
  59.48     -73.69          37.70000    0.303792554
  59.49     -73.69          37.70000    0.302961908
  59.50     -73.68          37.69000    0.302132447
  59.51     -73.66          37.68000    0.301501506
  59.52     -73.66          37.68000    0.300789954
  59.53     -73.65          37.67000    0.300276034
  59.54     -73.64          37.67000    0.299759995
  59.55     -73.63          37.66000    0.299359289
  59.56     -73.62          37.66000    0.299035831
  59.57     -73.61          37.65000    0.298744669
  59.58     -73.60          37.65000    0.298609712
  59.59     -73.59          37.64000    0.298423915
  59.59     -73.59          37.64000    0.298423915
  59.61     -73.57          37.63000    0.298387825
  59.61     -73.57          37.63000    0.298387825
  59.61     -73.57          37.63000    0.298387825
  59.61     -73.57          37.63000    0.298387825
  59.61     -73.57          37.63000    0.298387825
  59.61     -73.57          37.63000    0.298387825
  59.61     -73.57          37.63000    0.298387825
  59.61     -73.57          37.63000    0.298387825
  59.61     -73.57          37.63000    0.298387825
  59.61     -73.57          37.63000    0.298387825
  59.61     -73.57          37.63000    0.298387825
  59.61     -73.57          37.63000    0.298387825
  59.61     -73.57          37.63000    0.298387825
  59.61     -73.57          37.63000    0.298387825
  59.61     -73.57          37.63000    0.298387825
  59.61     -73.57          37.63000    0.298387825
  59.61     -73.57          37.63000    0.298387825
  59.61     -73.57          37.63000    0.298387825
  59.61     -73.57          37.63000    0.298387825
  59.61     -73.57          37.63000    0.298387825
  59.61     -73.57          37.63000    0.298387825
  59.61     -73.57          37.63000    0.298387825
  59.61     -73.57          37.63000    0.298387825
  59.61     -73.57          37.63000    0.298387825
  59.61     -73.57          37.63000    0.298387825
  59.61     -73.57          37.63000    0.298387825
  59.61     -73.57          37.63000    0.298387825
  59.61     -73.57          37.63000    0.298387825
  59.61     -73.57          37.63000    0.298387825
  59.61     -73.57          37.63000    0.298387825
  59.61     -73.57          37.63000    0.298387825
  59.61     -73.57          37.63000    0.298387825
  59.61     -73.57          37.63000    0.298387825
  59.61     -73.57          37.63000    0.298387825
  59.61     -73.57          37.63000    0.298387825
  59.61     -73.57          37.63000    0.298387825
  59.61     -73.57          37.63000    0.298387825
  59.61     -73.57          37.63000    0.298387825
  59.61     -73.57          37.63000    0.298387825
  59.61     -73.57          37.63000    0.298387825
  59.61     -73.57          37.63000    0.298387825
  59.61     -73.57          37.63000    0.298387825
  59.61     -73.57          37.63000    0.298387825
  59.61     -73.57          37.63000    0.298387825
  59.61     -73.57          37.63000    0.298387825
  59.61     -73.57          37.63000    0.298387825
  59.61     -73.57          37.63000    0.298387825
  59.61     -73.57          37.63000    0.298387825
  59.61     -73.57          37.63000    0.298387825
  59.61     -73.57          37.63000    0.298387825
