  58.60     -74.40          38.21000    0.434938978
  58.61     -74.40          38.20000    0.431180008
  58.62     -74.39          38.20000    0.427603569
  58.63     -74.38          38.19000    0.423975301
  58.64     -74.37          38.18000    0.420506300
  58.65     -74.37          38.18000    0.417064704
  58.66     -74.35          38.17000    0.413683097
  58.67     -74.35          38.17000    0.410446571
  58.68     -74.34          38.16000    0.407155206
  58.69     -74.33          38.15000    0.404031427
  58.70     -74.32          38.15000    0.400937830
  58.71     -74.31          38.14000    0.397909348
  58.72     -74.30          38.14000    0.395037976
  58.73     -74.29          38.13000    0.392108558
  58.74     -74.28          38.12000    0.389354258
  58.75     -74.27          38.12000    0.386633747
  58.76     -74.26          38.11000    0.383984495
  58.77     -74.25          38.11000    0.381489269
  58.78     -74.24          38.10000    0.378948193
  58.79     -74.23          38.09000    0.376588594
  58.80     -74.22          38.09000    0.374249029
  58.81     -74.21          38.08000    0.372002364
  58.82     -74.21          38.08000    0.369876457
  58.83     -74.20          38.07000    0.367748776
  58.84     -74.19          38.06000    0.365807421
  58.85     -74.18          38.06000    0.363836241
  58.86     -74.17          38.05000    0.362013272
  58.87     -74.16          38.05000    0.360270423
  58.88     -74.15          38.04000    0.358567146
  58.89     -74.14          38.04000    0.357052398
  58.90     -74.13          38.03000    0.355469703
  58.91     -74.12          38.02000    0.354077291
  58.92     -74.11          38.02000    0.352720890
  58.93     -74.10          38.01000    0.351449903
  58.94     -74.10          38.01000    0.350314611
  58.95     -74.09          38.00000    0.349167817
  58.96     -74.07          37.99000    0.348211375
  58.97     -74.07          37.99000    0.347219423
  58.98     -74.06          37.98000    0.346383689
  58.99     -74.05          37.98000    0.345613699
  59.00     -74.04          37.97000    0.344896490
  59.01     -74.03          37.97000    0.344346947
  59.02     -74.02          37.96000    0.343746312
  59.03     -74.01          37.95000    0.343334827
  59.04     -74.00          37.95000    0.342928147
  59.05     -73.99          37.94000    0.342629597
  59.06     -73.98          37.94000    0.342436151
  59.07     -73.97          37.93000    0.342247424
  59.08     -73.96          37.92000    0.342244647
  59.09     -73.96          37.92000    0.342169376
  59.09     -73.96          37.92000    0.342169376
  59.09     -73.96          37.92000    0.342169376
  59.09     -73.96          37.92000    0.342169376
  59.09     -73.96          37.92000    0.342169376
  59.09     -73.96          37.92000    0.342169376
  59.09     -73.96          37.92000    0.342169376
  59.09     -73.96          37.92000    0.342169376
  59.09     -73.96          37.92000    0.342169376
  59.09     -73.96          37.92000    0.342169376
  59.09     -73.96          37.92000    0.342169376
  59.09     -73.96          37.92000    0.342169376
  59.09     -73.96          37.92000    0.342169376
  59.09     -73.96          37.92000    0.342169376
  59.09     -73.96          37.92000    0.342169376
  59.09     -73.96          37.92000    0.342169376
  59.09     -73.96          37.92000    0.342169376
  59.09     -73.96          37.92000    0.342169376
  59.09     -73.96          37.92000    0.342169376
  59.09     -73.96          37.92000    0.342169376
  59.09     -73.96          37.92000    0.342169376
  59.09     -73.96          37.92000    0.342169376
  59.09     -73.96          37.92000    0.342169376
  59.09     -73.96          37.92000    0.342169376
  59.09     -73.96          37.92000    0.342169376
  59.09     -73.96          37.92000    0.342169376
  59.09     -73.96          37.92000    0.342169376
  59.09     -73.96          37.92000    0.342169376
  59.09     -73.96          37.92000    0.342169376
  59.09     -73.96          37.92000    0.342169376
  59.09     -73.96          37.92000    0.342169376
  59.09     -73.96          37.92000    0.342169376
  59.09     -73.96          37.92000    0.342169376
  59.09     -73.96          37.92000    0.342169376
  59.09     -73.96          37.92000    0.342169376
  59.09     -73.96          37.92000    0.342169376
  59.09     -73.96          37.92000    0.342169376
  59.09     -73.96          37.92000    0.342169376
  59.09     -73.96          37.92000    0.342169376
  59.09     -73.96          37.92000    0.342169376
  59.09     -73.96          37.92000    0.342169376
  59.09     -73.96          37.92000    0.342169376
  59.09     -73.96          37.92000    0.342169376
  59.09     -73.96          37.92000    0.342169376
  59.09     -73.96          37.92000    0.342169376
  59.09     -73.96          37.92000    0.342169376
  59.09     -73.96          37.92000    0.342169376
  59.09     -73.96          37.92000    0.342169376
  59.09     -73.96          37.92000    0.342169376
  59.09     -73.96          37.92000    0.342169376
  59.09     -73.96          37.92000    0.342169376
  59.09     -73.96          37.92000    0.342169376
