  58.10     -74.74          38.50000    0.485532836
  58.11     -74.74          38.50000    0.481790999
  58.12     -74.73          38.49000    0.478052390
  58.13     -74.72          38.48000    0.474466341
  58.14     -74.71          38.48000    0.470891783
  58.15     -74.70          38.47000    0.467393330
  58.16     -74.69          38.46000    0.464052342
  58.17     -74.68          38.46000    0.460653516
  58.18     -74.67          38.45000    0.457406479
  58.19     -74.67          38.45000    0.454247416
  58.20     -74.66          38.44000    0.451098056
  58.21     -74.65          38.43000    0.448113166
  58.22     -74.64          38.43000    0.445117456
  58.23     -74.63          38.42000    0.442235529
  58.24     -74.62          38.42000    0.439486339
  58.25     -74.61          38.41000    0.436710356
  58.26     -74.60          38.40000    0.434105052
  58.27     -74.59          38.40000    0.431541133
  58.28     -74.58          38.39000    0.429046501
  58.29     -74.58          38.39000    0.426716389
  58.30     -74.57          38.38000    0.424334409
  58.31     -74.56          38.37000    0.422128104
  58.32     -74.55          38.37000    0.419979653
  58.33     -74.54          38.36000    0.417889858
  58.34     -74.53          38.35000    0.415978374
  58.35     -74.52          38.35000    0.414019201
  58.36     -74.51          38.34000    0.412226992
  58.37     -74.51          38.34000    0.410511650
  58.38     -74.50          38.33000    0.408838901
  58.39     -74.49          38.32000    0.407347312
  58.40     -74.48          38.32000    0.405805887
  58.41     -74.47          38.31000    0.404435875
  58.42     -74.46          38.31000    0.403142864
  58.43     -74.45          38.30000    0.401894560
  58.44     -74.44          38.29000    0.400828893
  58.45     -74.43          38.29000    0.399722111
  58.46     -74.42          38.28000    0.398777940
  58.47     -74.42          38.28000    0.397896334
  58.48     -74.41          38.27000    0.397071339
  58.49     -74.40          38.26000    0.396428859
  58.50     -74.39          38.26000    0.395727790
  58.51     -74.38          38.25000    0.395204057
  58.52     -74.37          38.25000    0.394743728
  58.53     -74.36          38.24000    0.394336874
  58.54     -74.36          38.24000    0.394101577
  58.55     -74.35          38.23000    0.393807465
  58.56     -74.34          38.22000    0.393693195
  58.57     -74.33          38.22000    0.393618629
  58.58     -74.32          38.21000    0.393614948
  58.58     -74.32          38.21000    0.393614948
  58.58     -74.32          38.21000    0.393614948
  58.58     -74.32          38.21000    0.393614948
  58.58     -74.32          38.21000    0.393614948
  58.58     -74.32          38.21000    0.393614948
  58.58     -74.32          38.21000    0.393614948
  58.58     -74.32          38.21000    0.393614948
  58.58     -74.32          38.21000    0.393614948
  58.58     -74.32          38.21000    0.393614948
  58.58     -74.32          38.21000    0.393614948
  58.58     -74.32          38.21000    0.393614948
  58.58     -74.32          38.21000    0.393614948
  58.58     -74.32          38.21000    0.393614948
  58.58     -74.32          38.21000    0.393614948
  58.58     -74.32          38.21000    0.393614948
  58.58     -74.32          38.21000    0.393614948
  58.58     -74.32          38.21000    0.393614948
  58.58     -74.32          38.21000    0.393614948
  58.58     -74.32          38.21000    0.393614948
  58.58     -74.32          38.21000    0.393614948
  58.58     -74.32          38.21000    0.393614948
  58.58     -74.32          38.21000    0.393614948
  58.58     -74.32          38.21000    0.393614948
  58.58     -74.32          38.21000    0.393614948
  58.58     -74.32          38.21000    0.393614948
  58.58     -74.32          38.21000    0.393614948
  58.58     -74.32          38.21000    0.393614948
  58.58     -74.32          38.21000    0.393614948
  58.58     -74.32          38.21000    0.393614948
  58.58     -74.32          38.21000    0.393614948
  58.58     -74.32          38.21000    0.393614948
  58.58     -74.32          38.21000    0.393614948
  58.58     -74.32          38.21000    0.393614948
  58.58     -74.32          38.21000    0.393614948
  58.58     -74.32          38.21000    0.393614948
  58.58     -74.32          38.21000    0.393614948
  58.58     -74.32          38.21000    0.393614948
  58.58     -74.32          38.21000    0.393614948
  58.58     -74.32          38.21000    0.393614948
  58.58     -74.32          38.21000    0.393614948
  58.58     -74.32          38.21000    0.393614948
  58.58     -74.32          38.21000    0.393614948
  58.58     -74.32          38.21000    0.393614948
  58.58     -74.32          38.21000    0.393614948
  58.58     -74.32          38.21000    0.393614948
  58.58     -74.32          38.21000    0.393614948
  58.58     -74.32          38.21000    0.393614948
  58.58     -74.32          38.21000    0.393614948
  58.58     -74.32          38.21000    0.393614948
  58.58     -74.32          38.21000    0.393614948
  58.58     -74.32          38.21000    0.393614948
  58.58     -74.32          38.21000    0.393614948
