Script started on Wed 11 Nov 2020 06:07:56 PM CST
nhsin.txt
70.96,-101.60,6.54000
 Enter datafile name: 
 Enter Best fit Rotation (lat, lon, ang): 
   70.959999999999994       -101.59999999999999        6.5400000000000000     
 Data read in: 
  -23.34     209.73    2.2   0.9  295.5
  -20.68     203.82    8.1   0.9  296.2
 Rotated: 
  -23.34     209.73    2.2   0.9  295.5
  -22.34    -149.47    8.1   0.9  114.8
 Data read in: 
   20.15     205.32    0.8   0.5  287.7
   22.13     199.08    0.9   0.5  289.9
 Rotated: 
   20.15     205.32    0.8   0.5  287.7
   20.35    -155.19    0.9   0.5  108.6
 Data read in: 
  -50.46     222.99    2.0   0.4  276.7
  -49.63     216.34    1.9   0.4  285.2
 Rotated: 
  -50.46     222.99    2.0   0.4  276.7
  -50.94    -135.45    1.9   0.4  102.6
 Eigens: Lat, Lon, Evalue, Error level at evalue
 Initial Error=    1.4803136043880796     
              26.72   -136.42      1.64      2.48
 Initial Error=    1.4803136043884202     
             -10.80    -51.93      0.44      2.49
 Initial Error=    1.4803136043878213     
              60.85     18.07      1.07      2.50
 finished

Script done on Wed 11 Nov 2020 06:07:56 PM CST
