  70.30    -102.60           6.56000    1.487454274
  70.31    -102.60           6.56000    1.487171020
  70.32    -102.60           6.56000    1.486895137
  70.33    -102.60           6.56000    1.486626626
  70.34    -102.60           6.56000    1.486365487
  70.35    -102.60           6.56000    1.486111719
  70.36    -102.60           6.56000    1.485865323
  70.37    -102.60           6.56000    1.485626299
  70.38    -102.60           6.56000    1.485394646
  70.39    -102.60           6.56000    1.485170365
  70.40    -102.60           6.56000    1.484953456
  70.41    -102.60           6.56000    1.484743919
  70.42    -102.60           6.56000    1.484541753
  70.43    -102.60           6.56000    1.484346960
  70.44    -102.60           6.56000    1.484159538
  70.45    -102.60           6.56000    1.483979489
  70.46    -102.60           6.56000    1.483806811
  70.47    -102.60           6.56000    1.483641505
  70.48    -102.60           6.56000    1.483483571
  70.49    -102.60           6.56000    1.483333009
  70.50    -102.60           6.56000    1.483189819
  70.51    -102.60           6.56000    1.483054000
  70.52    -102.60           6.56000    1.482925553
  70.53    -102.60           6.56000    1.482804478
  70.54    -102.60           6.56000    1.482690775
  70.55    -102.58           6.56000    1.482582939
  70.56    -102.56           6.56000    1.482477938
  70.57    -102.54           6.56000    1.482375777
  70.58    -102.51           6.56000    1.482276237
  70.59    -102.49           6.56000    1.482179500
  70.60    -102.47           6.56000    1.482085611
  70.61    -102.44           6.56000    1.481994425
  70.62    -102.42           6.56000    1.481905973
  70.63    -102.40           6.56000    1.481820379
  70.64    -102.37           6.56000    1.481737551
  70.65    -102.35           6.56000    1.481657407
  70.66    -102.33           6.56000    1.481580128
  70.67    -102.28           6.55000    1.481505486
  70.68    -102.26           6.55000    1.481427213
  70.69    -102.23           6.55000    1.481351795
  70.70    -102.21           6.55000    1.481278986
  70.71    -102.19           6.55000    1.481209055
  70.72    -102.16           6.55000    1.481141994
  70.73    -102.14           6.55000    1.481077542
  70.74    -102.12           6.55000    1.481015977
  70.75    -102.09           6.55000    1.480957279
  70.76    -102.07           6.55000    1.480901207
  70.77    -102.05           6.55000    1.480848032
  70.78    -102.02           6.55000    1.480797704
  70.79    -102.00           6.55000    1.480750036
  70.80    -101.98           6.55000    1.480705274
  70.81    -101.95           6.55000    1.480663323
  70.82    -101.93           6.55000    1.480624085
  70.83    -101.91           6.55000    1.480587762
  70.84    -101.88           6.55000    1.480554196
  70.85    -101.86           6.55000    1.480523411
  70.86    -101.84           6.55000    1.480495552
  70.87    -101.79           6.54000    1.480469454
  70.88    -101.77           6.54000    1.480440652
  70.89    -101.74           6.54000    1.480414478
  70.90    -101.72           6.54000    1.480391233
  70.91    -101.69           6.54000    1.480370825
  70.92    -101.67           6.54000    1.480353147
  70.93    -101.65           6.54000    1.480338414
  70.94    -101.62           6.54000    1.480326405
  70.95    -101.60           6.54000    1.480317255
  70.96    -101.60           6.54000    1.480313604
  70.96    -101.60           6.54000    1.480313604
  70.96    -101.60           6.54000    1.480313604
  70.96    -101.60           6.54000    1.480313604
  70.96    -101.60           6.54000    1.480313604
  70.96    -101.60           6.54000    1.480313604
  70.96    -101.60           6.54000    1.480313604
  70.96    -101.60           6.54000    1.480313604
  70.96    -101.60           6.54000    1.480313604
  70.96    -101.60           6.54000    1.480313604
  70.96    -101.60           6.54000    1.480313604
  70.96    -101.60           6.54000    1.480313604
  70.96    -101.60           6.54000    1.480313604
  70.96    -101.60           6.54000    1.480313604
  70.96    -101.60           6.54000    1.480313604
  70.96    -101.60           6.54000    1.480313604
  70.96    -101.60           6.54000    1.480313604
  70.96    -101.60           6.54000    1.480313604
  70.96    -101.60           6.54000    1.480313604
  70.96    -101.60           6.54000    1.480313604
  70.96    -101.60           6.54000    1.480313604
  70.96    -101.60           6.54000    1.480313604
  70.96    -101.60           6.54000    1.480313604
  70.96    -101.60           6.54000    1.480313604
  70.96    -101.60           6.54000    1.480313604
  70.96    -101.60           6.54000    1.480313604
  70.96    -101.60           6.54000    1.480313604
  70.96    -101.60           6.54000    1.480313604
  70.96    -101.60           6.54000    1.480313604
  70.96    -101.60           6.54000    1.480313604
  70.96    -101.60           6.54000    1.480313604
  70.96    -101.60           6.54000    1.480313604
  70.96    -101.60           6.54000    1.480313604
  70.96    -101.60           6.54000    1.480313604
  70.96    -101.60           6.54000    1.480313604
