Script started on Wed 11 Nov 2020 06:09:23 PM CST
nhsin.txt
56.60,-75.57,39.43000
 Enter datafile name: 
 Enter Best fit Rotation (lat, lon, ang): 
   56.600000000000001       -75.569999999999993        39.430000000000000     
 Data read in: 
  -23.34     209.73    2.2   0.9  295.5
   -1.46     175.00    4.7   0.9  334.8
 Rotated: 
  -23.34     209.73    2.2   0.9  295.5
  -22.84    -151.93    4.7   0.9  155.9
 Data read in: 
   20.15     205.32    0.8   0.5  287.7
   43.47     170.11    6.8   0.5  349.9
 Rotated: 
   20.15     205.32    0.8   0.5  287.7
   22.21    -154.92    6.8   0.5   -7.1
 Data read in: 
  -50.46     222.99    2.0   0.4  276.7
  -31.53     187.62    6.3   0.4  336.8
 Rotated: 
  -50.46     222.99    2.0   0.4  276.7
  -52.50    -135.06    6.3   0.4  150.9
 Eigens: Lat, Lon, Evalue, Error level at evalue
 Initial Error=   0.66985055892585210     
             -11.80    103.10      2.48      1.67
 Initial Error=   0.66985055892575041     
             -56.86     -5.56      0.40      1.67
 Initial Error=   0.66985055892572942     
             -30.46   -159.84      0.57      1.70
 finished

Script done on Wed 11 Nov 2020 06:09:23 PM CST
