  55.70     -76.12          40.04000    0.842352198
  55.71     -76.12          40.03000    0.838273748
  55.72     -76.11          40.02000    0.834322179
  55.73     -76.10          40.01000    0.830509980
  55.74     -76.10          40.01000    0.826699449
  55.75     -76.09          40.00000    0.822998873
  55.76     -76.08          39.99000    0.819440617
  55.77     -76.08          39.99000    0.815964722
  55.78     -76.07          39.98000    0.812521342
  55.79     -76.06          39.97000    0.809223044
  55.80     -76.05          39.96000    0.806071071
  55.81     -76.05          39.96000    0.802902019
  55.82     -76.04          39.95000    0.799869208
  55.83     -76.03          39.94000    0.796985190
  55.84     -76.03          39.94000    0.794152106
  55.85     -76.02          39.93000    0.791389770
  55.86     -76.01          39.92000    0.788778467
  55.87     -76.01          39.92000    0.786281423
  55.88     -76.00          39.91000    0.783793963
  55.89     -75.99          39.90000    0.781459530
  55.90     -75.98          39.89000    0.779279046
  55.91     -75.98          39.89000    0.777089455
  55.92     -75.97          39.88000    0.775035395
  55.93     -75.96          39.87000    0.773136912
  55.94     -75.96          39.87000    0.771282216
  55.95     -75.95          39.86000    0.769511341
  55.96     -75.94          39.85000    0.767897392
  55.97     -75.94          39.85000    0.766376399
  55.98     -75.93          39.84000    0.764890791
  55.99     -75.92          39.83000    0.763563172
  56.00     -75.92          39.83000    0.762374226
  56.01     -75.91          39.82000    0.761175206
  56.02     -75.90          39.81000    0.760134940
  56.03     -75.90          39.80000    0.759248667
  56.04     -75.89          39.80000    0.758363992
  56.05     -75.88          39.79000    0.757611309
  56.06     -75.88          39.78000    0.757015100
  56.07     -75.87          39.78000    0.756454419
  56.08     -75.86          39.77000    0.755988738
  56.09     -75.86          39.76000    0.755681384
  56.10     -75.85          39.76000    0.755441563
  56.11     -75.84          39.75000    0.755261479
  56.12     -75.83          39.74000    0.755240730
  56.12     -75.83          39.74000    0.755240730
  56.12     -75.83          39.74000    0.755240730
  56.12     -75.83          39.74000    0.755240730
  56.12     -75.83          39.74000    0.755240730
  56.12     -75.83          39.74000    0.755240730
  56.12     -75.83          39.74000    0.755240730
  56.12     -75.83          39.74000    0.755240730
  56.12     -75.83          39.74000    0.755240730
  56.12     -75.83          39.74000    0.755240730
  56.12     -75.83          39.74000    0.755240730
  56.12     -75.83          39.74000    0.755240730
  56.12     -75.83          39.74000    0.755240730
  56.12     -75.83          39.74000    0.755240730
  56.12     -75.83          39.74000    0.755240730
  56.12     -75.83          39.74000    0.755240730
  56.12     -75.83          39.74000    0.755240730
  56.12     -75.83          39.74000    0.755240730
  56.12     -75.83          39.74000    0.755240730
  56.12     -75.83          39.74000    0.755240730
  56.12     -75.83          39.74000    0.755240730
  56.12     -75.83          39.74000    0.755240730
  56.12     -75.83          39.74000    0.755240730
  56.12     -75.83          39.74000    0.755240730
  56.12     -75.83          39.74000    0.755240730
  56.12     -75.83          39.74000    0.755240730
  56.12     -75.83          39.74000    0.755240730
  56.12     -75.83          39.74000    0.755240730
  56.12     -75.83          39.74000    0.755240730
  56.12     -75.83          39.74000    0.755240730
  56.12     -75.83          39.74000    0.755240730
  56.12     -75.83          39.74000    0.755240730
  56.12     -75.83          39.74000    0.755240730
  56.12     -75.83          39.74000    0.755240730
  56.12     -75.83          39.74000    0.755240730
  56.12     -75.83          39.74000    0.755240730
  56.12     -75.83          39.74000    0.755240730
  56.12     -75.83          39.74000    0.755240730
  56.12     -75.83          39.74000    0.755240730
  56.12     -75.83          39.74000    0.755240730
  56.12     -75.83          39.74000    0.755240730
  56.12     -75.83          39.74000    0.755240730
  56.12     -75.83          39.74000    0.755240730
  56.12     -75.83          39.74000    0.755240730
  56.12     -75.83          39.74000    0.755240730
  56.12     -75.83          39.74000    0.755240730
  56.12     -75.83          39.74000    0.755240730
  56.12     -75.83          39.74000    0.755240730
  56.12     -75.83          39.74000    0.755240730
  56.12     -75.83          39.74000    0.755240730
  56.12     -75.83          39.74000    0.755240730
  56.12     -75.83          39.74000    0.755240730
  56.12     -75.83          39.74000    0.755240730
  56.12     -75.83          39.74000    0.755240730
  56.12     -75.83          39.74000    0.755240730
  56.12     -75.83          39.74000    0.755240730
  56.12     -75.83          39.74000    0.755240730
  56.12     -75.83          39.74000    0.755240730
  56.12     -75.83          39.74000    0.755240730
