  55.10     -76.44          40.46000    0.999440139
  55.11     -76.44          40.45000    0.994111120
  55.12     -76.43          40.44000    0.988876996
  55.13     -76.42          40.44000    0.983729977
  55.14     -76.42          40.43000    0.978622080
  55.15     -76.41          40.42000    0.973615583
  55.16     -76.40          40.41000    0.968736637
  55.17     -76.40          40.41000    0.963950904
  55.18     -76.39          40.40000    0.959179118
  55.19     -76.38          40.39000    0.954538116
  55.20     -76.37          40.38000    0.950029369
  55.21     -76.37          40.38000    0.945582396
  55.22     -76.36          40.37000    0.941186098
  55.23     -76.35          40.36000    0.936925126
  55.24     -76.35          40.35000    0.932772250
  55.25     -76.34          40.35000    0.928694551
  55.26     -76.34          40.34000    0.924683216
  55.27     -76.33          40.33000    0.920786811
  55.28     -76.32          40.32000    0.917031214
  55.29     -76.32          40.32000    0.913320378
  55.30     -76.31          40.31000    0.909686659
  55.31     -76.30          40.30000    0.906196396
  55.32     -76.30          40.30000    0.902848985
  55.33     -76.29          40.29000    0.899483395
  55.34     -76.28          40.28000    0.896263727
  55.35     -76.28          40.27000    0.893184522
  55.36     -76.27          40.27000    0.890187544
  55.37     -76.26          40.26000    0.887243262
  55.38     -76.26          40.25000    0.884435322
  55.39     -76.25          40.24000    0.881760585
  55.40     -76.24          40.24000    0.879143813
  55.41     -76.24          40.23000    0.876610929
  55.42     -76.23          40.22000    0.874219551
  55.43     -76.22          40.22000    0.871972828
  55.44     -76.22          40.21000    0.869718220
  55.45     -76.21          40.20000    0.867613452
  55.46     -76.20          40.19000    0.865663168
  55.47     -76.20          40.19000    0.863762546
  55.48     -76.19          40.18000    0.861947019
  55.49     -76.18          40.17000    0.860287275
  55.50     -76.18          40.17000    0.858747630
  55.51     -76.17          40.16000    0.857223315
  55.52     -76.17          40.15000    0.855850056
  55.53     -76.16          40.14000    0.854609149
  55.54     -76.15          40.14000    0.853443643
  55.55     -76.15          40.13000    0.852355545
  55.56     -76.14          40.12000    0.851408424
  55.57     -76.13          40.12000    0.850607455
  55.58     -76.13          40.11000    0.849804543
  55.59     -76.12          40.10000    0.849151231
  55.60     -76.11          40.09000    0.848656576
  55.61     -76.11          40.09000    0.848193836
  55.62     -76.10          40.08000    0.847833615
  55.63     -76.09          40.07000    0.847632063
  55.64     -76.09          40.07000    0.847518210
  55.65     -76.08          40.06000    0.847449613
  55.65     -76.08          40.06000    0.847449613
  55.65     -76.08          40.06000    0.847449613
  55.65     -76.08          40.06000    0.847449613
  55.65     -76.08          40.06000    0.847449613
  55.65     -76.08          40.06000    0.847449613
  55.65     -76.08          40.06000    0.847449613
  55.65     -76.08          40.06000    0.847449613
  55.65     -76.08          40.06000    0.847449613
  55.65     -76.08          40.06000    0.847449613
  55.65     -76.08          40.06000    0.847449613
  55.65     -76.08          40.06000    0.847449613
  55.65     -76.08          40.06000    0.847449613
  55.65     -76.08          40.06000    0.847449613
  55.65     -76.08          40.06000    0.847449613
  55.65     -76.08          40.06000    0.847449613
  55.65     -76.08          40.06000    0.847449613
  55.65     -76.08          40.06000    0.847449613
  55.65     -76.08          40.06000    0.847449613
  55.65     -76.08          40.06000    0.847449613
  55.65     -76.08          40.06000    0.847449613
  55.65     -76.08          40.06000    0.847449613
  55.65     -76.08          40.06000    0.847449613
  55.65     -76.08          40.06000    0.847449613
  55.65     -76.08          40.06000    0.847449613
  55.65     -76.08          40.06000    0.847449613
  55.65     -76.08          40.06000    0.847449613
  55.65     -76.08          40.06000    0.847449613
  55.65     -76.08          40.06000    0.847449613
  55.65     -76.08          40.06000    0.847449613
  55.65     -76.08          40.06000    0.847449613
  55.65     -76.08          40.06000    0.847449613
  55.65     -76.08          40.06000    0.847449613
  55.65     -76.08          40.06000    0.847449613
  55.65     -76.08          40.06000    0.847449613
  55.65     -76.08          40.06000    0.847449613
  55.65     -76.08          40.06000    0.847449613
  55.65     -76.08          40.06000    0.847449613
  55.65     -76.08          40.06000    0.847449613
  55.65     -76.08          40.06000    0.847449613
  55.65     -76.08          40.06000    0.847449613
  55.65     -76.08          40.06000    0.847449613
  55.65     -76.08          40.06000    0.847449613
  55.65     -76.08          40.06000    0.847449613
  55.65     -76.08          40.06000    0.847449613
  55.65     -76.08          40.06000    0.847449613
