  54.70     -76.62          40.74000    1.069038914
  54.71     -76.61          40.73000    1.064103951
  54.72     -76.60          40.73000    1.059274762
  54.73     -76.60          40.72000    1.054476559
  54.74     -76.59          40.71000    1.049794239
  54.75     -76.58          40.70000    1.045246474
  54.76     -76.58          40.70000    1.040813867
  54.77     -76.57          40.69000    1.036390330
  54.78     -76.56          40.68000    1.032104171
  54.79     -76.56          40.67000    1.027922575
  54.80     -76.55          40.66000    1.023880397
  54.81     -76.55          40.66000    1.019870076
  54.82     -76.54          40.65000    1.015957867
  54.83     -76.53          40.64000    1.012188100
  54.84     -76.53          40.63000    1.008543023
  54.85     -76.52          40.63000    1.004933495
  54.86     -76.52          40.62000    1.001440365
  54.87     -76.51          40.61000    0.998059017
  54.88     -76.50          40.60000    0.994824663
  54.89     -76.50          40.60000    0.991631551
  54.90     -76.49          40.59000    0.988534449
  54.91     -76.48          40.58000    0.985586443
  54.92     -76.48          40.57000    0.982765402
  54.93     -76.47          40.57000    0.979977510
  54.94     -76.47          40.56000    0.977314281
  54.95     -76.46          40.55000    0.974772825
  54.96     -76.45          40.54000    0.972384073
  54.97     -76.45          40.54000    0.970007539
  54.98     -76.44          40.53000    0.967761142
  54.99     -76.43          40.52000    0.965668981
  55.00     -76.43          40.52000    0.963683660
  55.01     -76.42          40.51000    0.961734914
  55.02     -76.42          40.50000    0.959928507
  55.03     -76.41          40.49000    0.958255434
  55.04     -76.40          40.49000    0.956697216
  55.05     -76.40          40.48000    0.955172657
  55.06     -76.39          40.47000    0.953801154
  55.07     -76.39          40.46000    0.952582670
  55.08     -76.38          40.46000    0.951407752
  55.09     -76.37          40.45000    0.950338715
  55.10     -76.37          40.44000    0.949403791
  55.11     -76.36          40.43000    0.948615141
  55.12     -76.36          40.43000    0.947859328
  55.13     -76.35          40.42000    0.947215038
  55.14     -76.34          40.41000    0.946729634
  55.15     -76.34          40.41000    0.946354512
  55.16     -76.33          40.40000    0.946012488
  55.17     -76.33          40.39000    0.945827994
  55.18     -76.32          40.38000    0.945766998
  55.18     -76.32          40.38000    0.945766998
  55.18     -76.32          40.38000    0.945766998
  55.18     -76.32          40.38000    0.945766998
  55.18     -76.32          40.38000    0.945766998
  55.18     -76.32          40.38000    0.945766998
  55.18     -76.32          40.38000    0.945766998
  55.18     -76.32          40.38000    0.945766998
  55.18     -76.32          40.38000    0.945766998
  55.18     -76.32          40.38000    0.945766998
  55.18     -76.32          40.38000    0.945766998
  55.18     -76.32          40.38000    0.945766998
  55.18     -76.32          40.38000    0.945766998
  55.18     -76.32          40.38000    0.945766998
  55.18     -76.32          40.38000    0.945766998
  55.18     -76.32          40.38000    0.945766998
  55.18     -76.32          40.38000    0.945766998
  55.18     -76.32          40.38000    0.945766998
  55.18     -76.32          40.38000    0.945766998
  55.18     -76.32          40.38000    0.945766998
  55.18     -76.32          40.38000    0.945766998
  55.18     -76.32          40.38000    0.945766998
  55.18     -76.32          40.38000    0.945766998
  55.18     -76.32          40.38000    0.945766998
  55.18     -76.32          40.38000    0.945766998
  55.18     -76.32          40.38000    0.945766998
  55.18     -76.32          40.38000    0.945766998
  55.18     -76.32          40.38000    0.945766998
  55.18     -76.32          40.38000    0.945766998
  55.18     -76.32          40.38000    0.945766998
  55.18     -76.32          40.38000    0.945766998
  55.18     -76.32          40.38000    0.945766998
  55.18     -76.32          40.38000    0.945766998
  55.18     -76.32          40.38000    0.945766998
  55.18     -76.32          40.38000    0.945766998
  55.18     -76.32          40.38000    0.945766998
  55.18     -76.32          40.38000    0.945766998
  55.18     -76.32          40.38000    0.945766998
  55.18     -76.32          40.38000    0.945766998
  55.18     -76.32          40.38000    0.945766998
  55.18     -76.32          40.38000    0.945766998
  55.18     -76.32          40.38000    0.945766998
  55.18     -76.32          40.38000    0.945766998
  55.18     -76.32          40.38000    0.945766998
  55.18     -76.32          40.38000    0.945766998
  55.18     -76.32          40.38000    0.945766998
  55.18     -76.32          40.38000    0.945766998
  55.18     -76.32          40.38000    0.945766998
  55.18     -76.32          40.38000    0.945766998
  55.18     -76.32          40.38000    0.945766998
  55.18     -76.32          40.38000    0.945766998
  55.18     -76.32          40.38000    0.945766998
  55.18     -76.32          40.38000    0.945766998
