  54.20     -76.84          41.11000    1.199872816
  54.21     -76.83          41.10000    1.194364231
  54.22     -76.83          41.09000    1.188945372
  54.23     -76.82          41.09000    1.183619142
  54.24     -76.82          41.08000    1.178341217
  54.25     -76.81          41.07000    1.173181811
  54.26     -76.80          41.06000    1.168155570
  54.27     -76.80          41.05000    1.163224178
  54.28     -76.79          41.05000    1.158368955
  54.29     -76.79          41.04000    1.153584202
  54.30     -76.78          41.03000    1.148923612
  54.31     -76.78          41.02000    1.144400001
  54.32     -76.77          41.01000    1.139977338
  54.33     -76.76          41.01000    1.135596634
  54.34     -76.76          41.00000    1.131324416
  54.35     -76.75          40.99000    1.127183235
  54.36     -76.75          40.98000    1.123180700
  54.37     -76.74          40.98000    1.119238207
  54.38     -76.73          40.97000    1.115383496
  54.39     -76.73          40.96000    1.111641474
  54.40     -76.72          40.95000    1.108038498
  54.41     -76.72          40.95000    1.104566862
  54.42     -76.71          40.94000    1.101110407
  54.43     -76.70          40.93000    1.097802737
  54.44     -76.70          40.92000    1.094606528
  54.45     -76.69          40.91000    1.091558425
  54.46     -76.69          40.91000    1.088560914
  54.47     -76.68          40.90000    1.085663133
  54.48     -76.68          40.89000    1.082913861
  54.49     -76.67          40.88000    1.080280710
  54.50     -76.66          40.88000    1.077749929
  54.51     -76.66          40.87000    1.075277068
  54.52     -76.65          40.86000    1.072951300
  54.53     -76.65          40.85000    1.070769048
  54.54     -76.64          40.85000    1.068678025
  54.55     -76.64          40.84000    1.066661465
  54.56     -76.63          40.83000    1.064760775
  54.57     -76.62          40.82000    1.063017537
  54.58     -76.62          40.82000    1.061384988
  54.59     -76.61          40.81000    1.059796952
  54.60     -76.61          40.80000    1.058356823
  54.61     -76.60          40.79000    1.057044201
  54.62     -76.59          40.79000    1.055878337
  54.63     -76.59          40.78000    1.054721920
  54.64     -76.58          40.77000    1.053724340
  54.65     -76.58          40.76000    1.052864758
  54.66     -76.57          40.76000    1.052131554
  54.67     -76.57          40.75000    1.051438059
  54.68     -76.56          40.74000    1.050873525
  54.69     -76.55          40.73000    1.050469472
  54.70     -76.55          40.73000    1.050172297
  54.71     -76.54          40.72000    1.049922275
  54.72     -76.54          40.71000    1.049808449
  54.72     -76.54          40.71000    1.049808449
  54.72     -76.54          40.71000    1.049808449
  54.72     -76.54          40.71000    1.049808449
  54.72     -76.54          40.71000    1.049808449
  54.72     -76.54          40.71000    1.049808449
  54.72     -76.54          40.71000    1.049808449
  54.72     -76.54          40.71000    1.049808449
  54.72     -76.54          40.71000    1.049808449
  54.72     -76.54          40.71000    1.049808449
  54.72     -76.54          40.71000    1.049808449
  54.72     -76.54          40.71000    1.049808449
  54.72     -76.54          40.71000    1.049808449
  54.72     -76.54          40.71000    1.049808449
  54.72     -76.54          40.71000    1.049808449
  54.72     -76.54          40.71000    1.049808449
  54.72     -76.54          40.71000    1.049808449
  54.72     -76.54          40.71000    1.049808449
  54.72     -76.54          40.71000    1.049808449
  54.72     -76.54          40.71000    1.049808449
  54.72     -76.54          40.71000    1.049808449
  54.72     -76.54          40.71000    1.049808449
  54.72     -76.54          40.71000    1.049808449
  54.72     -76.54          40.71000    1.049808449
  54.72     -76.54          40.71000    1.049808449
  54.72     -76.54          40.71000    1.049808449
  54.72     -76.54          40.71000    1.049808449
  54.72     -76.54          40.71000    1.049808449
  54.72     -76.54          40.71000    1.049808449
  54.72     -76.54          40.71000    1.049808449
  54.72     -76.54          40.71000    1.049808449
  54.72     -76.54          40.71000    1.049808449
  54.72     -76.54          40.71000    1.049808449
  54.72     -76.54          40.71000    1.049808449
  54.72     -76.54          40.71000    1.049808449
  54.72     -76.54          40.71000    1.049808449
  54.72     -76.54          40.71000    1.049808449
  54.72     -76.54          40.71000    1.049808449
  54.72     -76.54          40.71000    1.049808449
  54.72     -76.54          40.71000    1.049808449
  54.72     -76.54          40.71000    1.049808449
  54.72     -76.54          40.71000    1.049808449
  54.72     -76.54          40.71000    1.049808449
  54.72     -76.54          40.71000    1.049808449
  54.72     -76.54          40.71000    1.049808449
  54.72     -76.54          40.71000    1.049808449
  54.72     -76.54          40.71000    1.049808449
  54.72     -76.54          40.71000    1.049808449
  54.72     -76.54          40.71000    1.049808449
