Script started on Wed 11 Nov 2020 06:11:50 PM CST
nhsin.txt
54.27,-76.74,41.04000
 Enter datafile name: 
 Enter Best fit Rotation (lat, lon, ang): 
   54.270000000000003       -76.739999999999995        41.039999999999999     
 Data read in: 
  -23.34     209.73    2.2   0.9  295.5
    0.84     173.93    4.8   0.9  335.6
 Rotated: 
  -23.34     209.73    2.2   0.9  295.5
  -22.76    -152.47    4.8   0.9  156.6
 Data read in: 
   20.15     205.32    0.8   0.5  287.7
   46.89     169.13    6.8   0.5  347.3
 Rotated: 
   20.15     205.32    0.8   0.5  287.7
   23.40    -155.22    6.8   0.5   -9.5
 Data read in: 
  -50.46     222.99    2.0   0.4  276.7
  -29.38     186.60    6.3   0.4  338.4
 Rotated: 
  -50.46     222.99    2.0   0.4  276.7
  -52.48    -135.11    6.3   0.4  151.7
 Eigens: Lat, Lon, Evalue, Error level at evalue
 Initial Error=    1.1601371100984459     
             -14.76    105.15      1.79      2.17
 Initial Error=    1.1601371100984523     
             -59.81    -11.78      0.40      2.18
 Initial Error=    1.1601371100985731     
             -25.70   -157.57      0.58      2.19
 finished

Script done on Wed 11 Nov 2020 06:11:50 PM CST
