  53.30     -77.21          41.79000    1.438211510
  53.31     -77.20          41.79000    1.432215539
  53.32     -77.20          41.78000    1.426340596
  53.33     -77.19          41.77000    1.420555005
  53.34     -77.18          41.76000    1.414908097
  53.35     -77.18          41.75000    1.409357601
  53.36     -77.17          41.74000    1.403940208
  53.37     -77.17          41.74000    1.398592478
  53.38     -77.16          41.73000    1.393336907
  53.39     -77.16          41.72000    1.388192025
  53.40     -77.15          41.71000    1.383172913
  53.41     -77.15          41.70000    1.378276470
  53.42     -77.14          41.69000    1.373498114
  53.43     -77.14          41.69000    1.368803657
  53.44     -77.13          41.68000    1.364193036
  53.45     -77.13          41.67000    1.359717583
  53.46     -77.12          41.66000    1.355354069
  53.47     -77.12          41.65000    1.351136335
  53.48     -77.11          41.64000    1.347023835
  53.49     -77.11          41.64000    1.342983096
  53.50     -77.10          41.63000    1.339043521
  53.51     -77.09          41.62000    1.335258079
  53.52     -77.09          41.61000    1.331577448
  53.53     -77.08          41.60000    1.328050484
  53.54     -77.08          41.60000    1.324590798
  53.55     -77.07          41.59000    1.321240243
  53.56     -77.07          41.58000    1.318003803
  53.57     -77.06          41.57000    1.314916653
  53.58     -77.06          41.56000    1.311951775
  53.59     -77.05          41.56000    1.309108474
  53.60     -77.05          41.55000    1.306322153
  53.61     -77.04          41.54000    1.303681248
  53.62     -77.04          41.53000    1.301169986
  53.63     -77.03          41.52000    1.298799473
  53.64     -77.03          41.52000    1.296548051
  53.65     -77.02          41.51000    1.294358709
  53.66     -77.02          41.50000    1.292305245
  53.67     -77.01          41.49000    1.290389596
  53.68     -77.01          41.48000    1.288615698
  53.69     -77.00          41.48000    1.286959333
  53.70     -77.00          41.47000    1.285366622
  53.71     -76.99          41.46000    1.283909247
  53.72     -76.99          41.45000    1.282597840
  53.73     -76.98          41.44000    1.281418397
  53.74     -76.98          41.44000    1.280358644
  53.75     -76.97          41.43000    1.279361641
  53.76     -76.97          41.42000    1.278513628
  53.77     -76.96          41.41000    1.277795988
  53.78     -76.96          41.40000    1.277230872
  53.79     -76.95          41.40000    1.276745105
  53.80     -76.95          41.39000    1.276359994
  53.81     -76.94          41.38000    1.276104105
  53.82     -76.94          41.37000    1.276001667
  53.82     -76.94          41.37000    1.276001667
  53.82     -76.94          41.37000    1.276001667
  53.82     -76.94          41.37000    1.276001667
  53.82     -76.94          41.37000    1.276001667
  53.82     -76.94          41.37000    1.276001667
  53.82     -76.94          41.37000    1.276001667
  53.82     -76.94          41.37000    1.276001667
  53.82     -76.94          41.37000    1.276001667
  53.82     -76.94          41.37000    1.276001667
  53.82     -76.94          41.37000    1.276001667
  53.82     -76.94          41.37000    1.276001667
  53.82     -76.94          41.37000    1.276001667
  53.82     -76.94          41.37000    1.276001667
  53.82     -76.94          41.37000    1.276001667
  53.82     -76.94          41.37000    1.276001667
  53.82     -76.94          41.37000    1.276001667
  53.82     -76.94          41.37000    1.276001667
  53.82     -76.94          41.37000    1.276001667
  53.82     -76.94          41.37000    1.276001667
  53.82     -76.94          41.37000    1.276001667
  53.82     -76.94          41.37000    1.276001667
  53.82     -76.94          41.37000    1.276001667
  53.82     -76.94          41.37000    1.276001667
  53.82     -76.94          41.37000    1.276001667
  53.82     -76.94          41.37000    1.276001667
  53.82     -76.94          41.37000    1.276001667
  53.82     -76.94          41.37000    1.276001667
  53.82     -76.94          41.37000    1.276001667
  53.82     -76.94          41.37000    1.276001667
  53.82     -76.94          41.37000    1.276001667
  53.82     -76.94          41.37000    1.276001667
  53.82     -76.94          41.37000    1.276001667
  53.82     -76.94          41.37000    1.276001667
  53.82     -76.94          41.37000    1.276001667
  53.82     -76.94          41.37000    1.276001667
  53.82     -76.94          41.37000    1.276001667
  53.82     -76.94          41.37000    1.276001667
  53.82     -76.94          41.37000    1.276001667
  53.82     -76.94          41.37000    1.276001667
  53.82     -76.94          41.37000    1.276001667
  53.82     -76.94          41.37000    1.276001667
  53.82     -76.94          41.37000    1.276001667
  53.82     -76.94          41.37000    1.276001667
  53.82     -76.94          41.37000    1.276001667
  53.82     -76.94          41.37000    1.276001667
  53.82     -76.94          41.37000    1.276001667
  53.82     -76.94          41.37000    1.276001667
  53.82     -76.94          41.37000    1.276001667
