Script started on Wed 11 Nov 2020 06:12:19 PM CST
nhsin.txt
53.82,-76.94,41.37000
 Enter datafile name: 
 Enter Best fit Rotation (lat, lon, ang): 
   53.820000000000000       -76.939999999999998        41.369999999999997     
 Data read in: 
  -23.34     209.73    2.2   0.9  295.5
    1.31     173.72    4.9   0.9  335.7
 Rotated: 
  -23.34     209.73    2.2   0.9  295.5
  -22.74    -152.58    4.9   0.9  156.7
 Data read in: 
   20.15     205.32    0.8   0.5  287.7
   47.57     168.90    6.8   0.5  346.8
 Rotated: 
   20.15     205.32    0.8   0.5  287.7
   23.64    -155.29    6.8   0.5  -10.0
 Data read in: 
  -50.46     222.99    2.0   0.4  276.7
  -28.95     186.41    6.3   0.4  338.7
 Rotated: 
  -50.46     222.99    2.0   0.4  276.7
  -52.48    -135.11    6.3   0.4  151.9
 Eigens: Lat, Lon, Evalue, Error level at evalue
 Initial Error=    1.2760016680932451     
             -15.06    105.48      1.73      2.28
 Initial Error=    1.2760016680932460     
             -60.17    -12.50      0.40      2.31
 Initial Error=    1.2760016680932618     
             -25.10   -157.28      0.57      2.28
 finished

Script done on Wed 11 Nov 2020 06:12:19 PM CST
