  52.90     -77.35          42.11000    1.541078084
  52.91     -77.34          42.10000    1.535304669
  52.92     -77.34          42.09000    1.529645023
  52.93     -77.33          42.08000    1.524107962
  52.94     -77.33          42.07000    1.518688887
  52.95     -77.32          42.07000    1.513370410
  52.96     -77.32          42.06000    1.508126014
  52.97     -77.31          42.05000    1.503011589
  52.98     -77.31          42.04000    1.498013540
  52.99     -77.30          42.03000    1.493146034
  53.00     -77.30          42.02000    1.488397841
  53.01     -77.29          42.01000    1.483781185
  53.02     -77.29          42.01000    1.479237133
  53.03     -77.28          42.00000    1.474807635
  53.04     -77.28          41.99000    1.470494178
  53.05     -77.27          41.98000    1.466321227
  53.06     -77.27          41.97000    1.462265951
  53.07     -77.26          41.96000    1.458353085
  53.08     -77.26          41.96000    1.454530440
  53.09     -77.25          41.95000    1.450809117
  53.10     -77.25          41.94000    1.447200481
  53.11     -77.24          41.93000    1.443744205
  53.12     -77.24          41.92000    1.440400921
  53.13     -77.23          41.91000    1.437212772
  53.14     -77.23          41.91000    1.434109207
  53.15     -77.22          41.90000    1.431116072
  53.16     -77.22          41.89000    1.428229177
  53.17     -77.22          41.88000    1.425506060
  53.18     -77.21          41.87000    1.422892578
  53.19     -77.21          41.86000    1.420441522
  53.20     -77.20          41.86000    1.418057898
  53.21     -77.20          41.85000    1.415796901
  53.22     -77.19          41.84000    1.413657176
  53.23     -77.19          41.83000    1.411670786
  53.24     -77.18          41.82000    1.409809960
  53.25     -77.18          41.81000    1.408099698
  53.26     -77.17          41.81000    1.406439320
  53.27     -77.17          41.80000    1.404920059
  53.28     -77.16          41.79000    1.403538837
  53.29     -77.16          41.78000    1.402297211
  53.30     -77.15          41.77000    1.401198711
  53.31     -77.15          41.77000    1.400192085
  53.32     -77.14          41.76000    1.399292100
  53.33     -77.14          41.75000    1.398519642
  53.34     -77.13          41.74000    1.397903596
  53.35     -77.13          41.73000    1.397410092
  53.36     -77.12          41.73000    1.397066662
  53.37     -77.12          41.72000    1.396762589
  53.38     -77.12          41.71000    1.396625006
  53.39     -77.11          41.70000    1.396603148
  53.39     -77.11          41.70000    1.396603148
  53.39     -77.11          41.70000    1.396603148
  53.39     -77.11          41.70000    1.396603148
  53.39     -77.11          41.70000    1.396603148
  53.39     -77.11          41.70000    1.396603148
  53.39     -77.11          41.70000    1.396603148
  53.39     -77.11          41.70000    1.396603148
  53.39     -77.11          41.70000    1.396603148
  53.39     -77.11          41.70000    1.396603148
  53.39     -77.11          41.70000    1.396603148
  53.39     -77.11          41.70000    1.396603148
  53.39     -77.11          41.70000    1.396603148
  53.39     -77.11          41.70000    1.396603148
  53.39     -77.11          41.70000    1.396603148
  53.39     -77.11          41.70000    1.396603148
  53.39     -77.11          41.70000    1.396603148
  53.39     -77.11          41.70000    1.396603148
  53.39     -77.11          41.70000    1.396603148
  53.39     -77.11          41.70000    1.396603148
  53.39     -77.11          41.70000    1.396603148
  53.39     -77.11          41.70000    1.396603148
  53.39     -77.11          41.70000    1.396603148
  53.39     -77.11          41.70000    1.396603148
  53.39     -77.11          41.70000    1.396603148
  53.39     -77.11          41.70000    1.396603148
  53.39     -77.11          41.70000    1.396603148
  53.39     -77.11          41.70000    1.396603148
  53.39     -77.11          41.70000    1.396603148
  53.39     -77.11          41.70000    1.396603148
  53.39     -77.11          41.70000    1.396603148
  53.39     -77.11          41.70000    1.396603148
  53.39     -77.11          41.70000    1.396603148
  53.39     -77.11          41.70000    1.396603148
  53.39     -77.11          41.70000    1.396603148
  53.39     -77.11          41.70000    1.396603148
  53.39     -77.11          41.70000    1.396603148
  53.39     -77.11          41.70000    1.396603148
  53.39     -77.11          41.70000    1.396603148
  53.39     -77.11          41.70000    1.396603148
  53.39     -77.11          41.70000    1.396603148
  53.39     -77.11          41.70000    1.396603148
  53.39     -77.11          41.70000    1.396603148
  53.39     -77.11          41.70000    1.396603148
  53.39     -77.11          41.70000    1.396603148
  53.39     -77.11          41.70000    1.396603148
  53.39     -77.11          41.70000    1.396603148
  53.39     -77.11          41.70000    1.396603148
  53.39     -77.11          41.70000    1.396603148
  53.39     -77.11          41.70000    1.396603148
  53.39     -77.11          41.70000    1.396603148
  53.39     -77.11          41.70000    1.396603148
