Script started on Wed 11 Nov 2020 06:13:16 PM CST
nhsin.txt
70.94,-100.60,7.50000
 Enter datafile name: 
 Enter Best fit Rotation (lat, lon, ang): 
   70.939999999999998       -100.59999999999999        7.5000000000000000     
 Data read in: 
  -23.34     209.73    2.2   0.9  295.5
  -20.28     202.95    9.5   0.9  296.3
 Rotated: 
  -23.34     209.73    2.2   0.9  295.5
  -22.22    -149.39    9.5   0.9  114.7
 Data read in: 
   20.15     205.32    0.8   0.5  287.7
   22.44     198.16    0.9   0.5  290.2
 Rotated: 
   20.15     205.32    0.8   0.5  287.7
   20.37    -155.26    0.9   0.5  108.8
 Data read in: 
  -50.46     222.99    2.0   0.4  276.7
  -49.45     215.35    1.9   0.4  286.5
 Rotated: 
  -50.46     222.99    2.0   0.4  276.7
  -51.00    -135.28    1.9   0.4  103.6
 Eigens: Lat, Lon, Evalue, Error level at evalue
 Initial Error=    1.8117336409183598     
              27.85   -135.81      1.63      2.82
 Initial Error=    1.8117336409191891     
             -11.09    -51.75      0.44      2.82
 Initial Error=    1.8117336409191949     
              59.66     18.69      1.08      2.82
 finished

Script done on Wed 11 Nov 2020 06:13:17 PM CST
