Script started on Wed 11 Nov 2020 06:13:45 PM CST
nhsin.txt
52.95,-77.28,42.04000
 Enter datafile name: 
 Enter Best fit Rotation (lat, lon, ang): 
   52.950000000000003       -77.280000000000001        42.039999999999999     
 Data read in: 
  -23.34     209.73    2.2   0.9  295.5
    2.23     173.31    4.9   0.9  336.0
 Rotated: 
  -23.34     209.73    2.2   0.9  295.5
  -22.71    -152.79    4.9   0.9  157.0
 Data read in: 
   20.15     205.32    0.8   0.5  287.7
   48.93     168.40    6.9   0.5  345.6
 Rotated: 
   20.15     205.32    0.8   0.5  287.7
   24.10    -155.46    6.9   0.5  -11.0
 Data read in: 
  -50.46     222.99    2.0   0.4  276.7
  -28.09     186.03    6.3   0.4  339.3
 Rotated: 
  -50.46     222.99    2.0   0.4  276.7
  -52.47    -135.14    6.3   0.4  152.2
 Eigens: Lat, Lon, Evalue, Error level at evalue
 Initial Error=    1.5222070085919248     
              17.22    -75.76      1.72      2.53
 Initial Error=    1.5222070085919168     
             -59.06    -16.89      0.40      2.56
 Initial Error=    1.5222070085917709     
              24.86     22.50      0.57      2.52
 finished

Script done on Wed 11 Nov 2020 06:13:46 PM CST
