  52.00     -77.66          42.85000    1.832889491
  52.01     -77.65          42.84000    1.826223997
  52.02     -77.65          42.83000    1.819663207
  52.03     -77.64          42.82000    1.813244233
  52.04     -77.64          42.81000    1.806917542
  52.05     -77.64          42.80000    1.800736948
  52.06     -77.63          42.79000    1.794660090
  52.07     -77.63          42.78000    1.788718747
  52.08     -77.62          42.77000    1.782898277
  52.09     -77.62          42.77000    1.777171927
  52.10     -77.61          42.76000    1.771572085
  52.11     -77.61          42.75000    1.766075086
  52.12     -77.61          42.74000    1.760728845
  52.13     -77.60          42.73000    1.755488092
  52.14     -77.60          42.72000    1.750391045
  52.15     -77.59          42.71000    1.745417729
  52.16     -77.59          42.70000    1.740572958
  52.17     -77.58          42.69000    1.735870546
  52.18     -77.58          42.69000    1.731280136
  52.19     -77.58          42.68000    1.726796783
  52.20     -77.57          42.67000    1.722423739
  52.21     -77.57          42.66000    1.718198357
  52.22     -77.56          42.65000    1.714102582
  52.23     -77.56          42.64000    1.710137833
  52.24     -77.55          42.63000    1.706322361
  52.25     -77.55          42.62000    1.702620763
  52.26     -77.55          42.61000    1.699077978
  52.27     -77.54          42.61000    1.695628245
  52.28     -77.54          42.60000    1.692297583
  52.29     -77.53          42.59000    1.689105273
  52.30     -77.53          42.58000    1.686042086
  52.31     -77.52          42.57000    1.683137920
  52.32     -77.52          42.56000    1.680344209
  52.33     -77.52          42.55000    1.677711849
  52.34     -77.51          42.54000    1.675208138
  52.35     -77.51          42.54000    1.672814473
  52.36     -77.50          42.53000    1.670546238
  52.37     -77.50          42.52000    1.668400719
  52.38     -77.50          42.51000    1.666417653
  52.39     -77.49          42.50000    1.664555141
  52.40     -77.49          42.49000    1.662846558
  52.41     -77.48          42.48000    1.661280739
  52.42     -77.48          42.48000    1.659838018
  52.43     -77.48          42.47000    1.658507468
  52.44     -77.47          42.46000    1.657290457
  52.45     -77.47          42.45000    1.656235872
  52.46     -77.46          42.44000    1.655317625
  52.47     -77.46          42.43000    1.654539698
  52.48     -77.45          42.42000    1.653921250
  52.49     -77.45          42.42000    1.653415487
  52.50     -77.45          42.41000    1.653014775
  52.51     -77.44          42.40000    1.652745046
  52.52     -77.44          42.39000    1.652620968
  52.52     -77.44          42.39000    1.652620968
  52.52     -77.44          42.39000    1.652620968
  52.52     -77.44          42.39000    1.652620968
  52.52     -77.44          42.39000    1.652620968
  52.52     -77.44          42.39000    1.652620968
  52.52     -77.44          42.39000    1.652620968
  52.52     -77.44          42.39000    1.652620968
  52.52     -77.44          42.39000    1.652620968
  52.52     -77.44          42.39000    1.652620968
  52.52     -77.44          42.39000    1.652620968
  52.52     -77.44          42.39000    1.652620968
  52.52     -77.44          42.39000    1.652620968
  52.52     -77.44          42.39000    1.652620968
  52.52     -77.44          42.39000    1.652620968
  52.52     -77.44          42.39000    1.652620968
  52.52     -77.44          42.39000    1.652620968
  52.52     -77.44          42.39000    1.652620968
  52.52     -77.44          42.39000    1.652620968
  52.52     -77.44          42.39000    1.652620968
  52.52     -77.44          42.39000    1.652620968
  52.52     -77.44          42.39000    1.652620968
  52.52     -77.44          42.39000    1.652620968
  52.52     -77.44          42.39000    1.652620968
  52.52     -77.44          42.39000    1.652620968
  52.52     -77.44          42.39000    1.652620968
  52.52     -77.44          42.39000    1.652620968
  52.52     -77.44          42.39000    1.652620968
  52.52     -77.44          42.39000    1.652620968
  52.52     -77.44          42.39000    1.652620968
  52.52     -77.44          42.39000    1.652620968
  52.52     -77.44          42.39000    1.652620968
  52.52     -77.44          42.39000    1.652620968
  52.52     -77.44          42.39000    1.652620968
  52.52     -77.44          42.39000    1.652620968
  52.52     -77.44          42.39000    1.652620968
  52.52     -77.44          42.39000    1.652620968
  52.52     -77.44          42.39000    1.652620968
  52.52     -77.44          42.39000    1.652620968
  52.52     -77.44          42.39000    1.652620968
  52.52     -77.44          42.39000    1.652620968
  52.52     -77.44          42.39000    1.652620968
  52.52     -77.44          42.39000    1.652620968
  52.52     -77.44          42.39000    1.652620968
  52.52     -77.44          42.39000    1.652620968
  52.52     -77.44          42.39000    1.652620968
  52.52     -77.44          42.39000    1.652620968
  52.52     -77.44          42.39000    1.652620968
  52.52     -77.44          42.39000    1.652620968
