Script started on Wed 11 Nov 2020 06:14:43 PM CST
nhsin.txt
52.10,-77.58,42.73000
 Enter datafile name: 
 Enter Best fit Rotation (lat, lon, ang): 
   52.100000000000001       -77.579999999999998        42.729999999999997     
 Data read in: 
  -23.34     209.73    2.2   0.9  295.5
    3.16     172.89    4.9   0.9  336.2
 Rotated: 
  -23.34     209.73    2.2   0.9  295.5
  -22.68    -152.99    4.9   0.9  157.3
 Data read in: 
   20.15     205.32    0.8   0.5  287.7
   50.27     167.84    6.9   0.5  344.4
 Rotated: 
   20.15     205.32    0.8   0.5  287.7
   24.56    -155.63    6.9   0.5  -12.0
 Data read in: 
  -50.46     222.99    2.0   0.4  276.7
  -27.21     185.66    6.4   0.4  339.9
 Rotated: 
  -50.46     222.99    2.0   0.4  276.7
  -52.48    -135.15    6.4   0.4  152.5
 Eigens: Lat, Lon, Evalue, Error level at evalue
 Initial Error=    1.7872026525682279     
              18.02    -74.69      1.70      2.79
 Initial Error=    1.7872026525680822     
             -59.02    -17.50      0.40      2.83
 Initial Error=    1.7872026525680287     
              24.29     23.75      0.58      2.82
 finished

Script done on Wed 11 Nov 2020 06:14:44 PM CST
