  51.60     -77.78          43.19000    1.959476504
  51.61     -77.77          43.18000    1.952821303
  51.62     -77.77          43.17000    1.946259159
  51.63     -77.77          43.16000    1.939843167
  51.64     -77.76          43.15000    1.933544176
  51.65     -77.76          43.14000    1.927369902
  51.66     -77.75          43.13000    1.921338660
  51.67     -77.75          43.12000    1.915409379
  51.68     -77.75          43.11000    1.909629913
  51.69     -77.74          43.10000    1.903968443
  51.70     -77.74          43.09000    1.898438575
  51.71     -77.73          43.08000    1.893053743
  51.72     -77.73          43.07000    1.887776510
  51.73     -77.73          43.06000    1.882652456
  51.74     -77.72          43.06000    1.877643811
  51.75     -77.72          43.05000    1.872740773
  51.76     -77.71          43.04000    1.867987389
  51.77     -77.71          43.03000    1.863342616
  51.78     -77.71          43.02000    1.858853465
  51.79     -77.70          43.01000    1.854491699
  51.80     -77.70          43.00000    1.850264626
  51.81     -77.69          42.99000    1.846193579
  51.82     -77.69          42.98000    1.842231050
  51.83     -77.69          42.97000    1.838426799
  51.84     -77.68          42.96000    1.834757883
  51.85     -77.68          42.96000    1.831210283
  51.86     -77.68          42.95000    1.827791459
  51.87     -77.67          42.94000    1.824486645
  51.88     -77.67          42.93000    1.821337494
  51.89     -77.66          42.92000    1.818332168
  51.90     -77.66          42.91000    1.815454600
  51.91     -77.66          42.90000    1.812738117
  51.92     -77.65          42.89000    1.810146779
  51.93     -77.65          42.88000    1.807704308
  51.94     -77.64          42.87000    1.805417699
  51.95     -77.64          42.87000    1.803216877
  51.96     -77.64          42.86000    1.801165648
  51.97     -77.63          42.85000    1.799250105
  51.98     -77.63          42.84000    1.797475220
  51.99     -77.63          42.83000    1.795863055
  52.00     -77.62          42.82000    1.794369854
  52.01     -77.62          42.81000    1.793035476
  52.02     -77.61          42.80000    1.791851890
  52.03     -77.61          42.79000    1.790796122
  52.04     -77.61          42.79000    1.789855922
  52.05     -77.60          42.78000    1.789045110
  52.06     -77.60          42.77000    1.788381340
  52.07     -77.60          42.76000    1.787880620
  52.08     -77.59          42.75000    1.787496614
  52.09     -77.59          42.74000    1.787274817
  52.10     -77.58          42.73000    1.787202652
  52.10     -77.58          42.73000    1.787202652
  52.10     -77.58          42.73000    1.787202652
  52.10     -77.58          42.73000    1.787202652
  52.10     -77.58          42.73000    1.787202652
  52.10     -77.58          42.73000    1.787202652
  52.10     -77.58          42.73000    1.787202652
  52.10     -77.58          42.73000    1.787202652
  52.10     -77.58          42.73000    1.787202652
  52.10     -77.58          42.73000    1.787202652
  52.10     -77.58          42.73000    1.787202652
  52.10     -77.58          42.73000    1.787202652
  52.10     -77.58          42.73000    1.787202652
  52.10     -77.58          42.73000    1.787202652
  52.10     -77.58          42.73000    1.787202652
  52.10     -77.58          42.73000    1.787202652
  52.10     -77.58          42.73000    1.787202652
  52.10     -77.58          42.73000    1.787202652
  52.10     -77.58          42.73000    1.787202652
  52.10     -77.58          42.73000    1.787202652
  52.10     -77.58          42.73000    1.787202652
  52.10     -77.58          42.73000    1.787202652
  52.10     -77.58          42.73000    1.787202652
  52.10     -77.58          42.73000    1.787202652
  52.10     -77.58          42.73000    1.787202652
  52.10     -77.58          42.73000    1.787202652
  52.10     -77.58          42.73000    1.787202652
  52.10     -77.58          42.73000    1.787202652
  52.10     -77.58          42.73000    1.787202652
  52.10     -77.58          42.73000    1.787202652
  52.10     -77.58          42.73000    1.787202652
  52.10     -77.58          42.73000    1.787202652
  52.10     -77.58          42.73000    1.787202652
  52.10     -77.58          42.73000    1.787202652
  52.10     -77.58          42.73000    1.787202652
  52.10     -77.58          42.73000    1.787202652
  52.10     -77.58          42.73000    1.787202652
  52.10     -77.58          42.73000    1.787202652
  52.10     -77.58          42.73000    1.787202652
  52.10     -77.58          42.73000    1.787202652
  52.10     -77.58          42.73000    1.787202652
  52.10     -77.58          42.73000    1.787202652
  52.10     -77.58          42.73000    1.787202652
  52.10     -77.58          42.73000    1.787202652
  52.10     -77.58          42.73000    1.787202652
  52.10     -77.58          42.73000    1.787202652
  52.10     -77.58          42.73000    1.787202652
  52.10     -77.58          42.73000    1.787202652
  52.10     -77.58          42.73000    1.787202652
  52.10     -77.58          42.73000    1.787202652
  52.10     -77.58          42.73000    1.787202652
