Script started on Wed 11 Nov 2020 06:15:13 PM CST
nhsin.txt
51.69,-77.72,43.08000
 Enter datafile name: 
 Enter Best fit Rotation (lat, lon, ang): 
   51.689999999999998       -77.719999999999999        43.079999999999998     
 Data read in: 
  -23.34     209.73    2.2   0.9  295.5
    3.63     172.69    5.0   0.9  336.4
 Rotated: 
  -23.34     209.73    2.2   0.9  295.5
  -22.66    -153.09    5.0   0.9  157.5
 Data read in: 
   20.15     205.32    0.8   0.5  287.7
   50.95     167.54    7.0   0.5  343.8
 Rotated: 
   20.15     205.32    0.8   0.5  287.7
   24.78    -155.73    7.0   0.5  -12.5
 Data read in: 
  -50.46     222.99    2.0   0.4  276.7
  -26.78     185.49    6.4   0.4  340.2
 Rotated: 
  -50.46     222.99    2.0   0.4  276.7
  -52.47    -135.15    6.4   0.4  152.7
 Eigens: Lat, Lon, Evalue, Error level at evalue
 Initial Error=    1.9268675980737981     
              18.24    -73.86      1.70      2.93
 Initial Error=    1.9268675980739256     
             -59.20    -17.42      0.40      2.94
 Initial Error=    1.9268675980739487     
              23.91     24.54      0.58      2.95
 finished

Script done on Wed 11 Nov 2020 06:15:13 PM CST
