  51.20     -77.89          43.53000    2.094013901
  51.21     -77.89          43.52000    2.087312425
  51.22     -77.88          43.51000    2.080756495
  51.23     -77.88          43.50000    2.074301978
  51.24     -77.88          43.49000    2.067997060
  51.25     -77.87          43.48000    2.061823928
  51.26     -77.87          43.47000    2.055770499
  51.27     -77.87          43.46000    2.049868670
  51.28     -77.86          43.45000    2.044085868
  51.29     -77.86          43.44000    2.038439862
  51.30     -77.86          43.44000    2.032938725
  51.31     -77.85          43.43000    2.027530108
  51.32     -77.85          43.42000    2.022274399
  51.33     -77.84          43.41000    2.017161140
  51.34     -77.84          43.40000    2.012166729
  51.35     -77.84          43.39000    2.007328201
  51.36     -77.83          43.38000    2.002621413
  51.37     -77.83          43.37000    1.998047940
  51.38     -77.83          43.36000    1.993631946
  51.39     -77.82          43.35000    1.989337938
  51.40     -77.82          43.34000    1.985190481
  51.41     -77.82          43.33000    1.981201958
  51.42     -77.81          43.32000    1.977326611
  51.43     -77.81          43.31000    1.973609815
  51.44     -77.80          43.30000    1.970045025
  51.45     -77.80          43.30000    1.966591715
  51.46     -77.80          43.29000    1.963278713
  51.47     -77.79          43.28000    1.960106386
  51.48     -77.79          43.27000    1.957068709
  51.49     -77.79          43.26000    1.954192678
  51.50     -77.78          43.25000    1.951450429
  51.51     -77.78          43.24000    1.948852097
  51.52     -77.78          43.23000    1.946416292
  51.53     -77.77          43.22000    1.944108288
  51.54     -77.77          43.21000    1.941952198
  51.55     -77.77          43.20000    1.939959336
  51.56     -77.76          43.19000    1.938089195
  51.57     -77.76          43.19000    1.936363501
  51.58     -77.75          43.18000    1.934774125
  51.59     -77.75          43.17000    1.933308016
  51.60     -77.75          43.16000    1.932005573
  51.61     -77.74          43.15000    1.930857157
  51.62     -77.74          43.14000    1.929837192
  51.63     -77.74          43.13000    1.928981104
  51.64     -77.73          43.12000    1.928275801
  51.65     -77.73          43.11000    1.927702840
  51.66     -77.73          43.10000    1.927293762
  51.67     -77.72          43.09000    1.927033114
  51.68     -77.72          43.09000    1.926869911
  51.69     -77.72          43.08000    1.926867599
  51.69     -77.72          43.08000    1.926867599
  51.69     -77.72          43.08000    1.926867599
  51.69     -77.72          43.08000    1.926867599
  51.69     -77.72          43.08000    1.926867599
  51.69     -77.72          43.08000    1.926867599
  51.69     -77.72          43.08000    1.926867599
  51.69     -77.72          43.08000    1.926867599
  51.69     -77.72          43.08000    1.926867599
  51.69     -77.72          43.08000    1.926867599
  51.69     -77.72          43.08000    1.926867599
  51.69     -77.72          43.08000    1.926867599
  51.69     -77.72          43.08000    1.926867599
  51.69     -77.72          43.08000    1.926867599
  51.69     -77.72          43.08000    1.926867599
  51.69     -77.72          43.08000    1.926867599
  51.69     -77.72          43.08000    1.926867599
  51.69     -77.72          43.08000    1.926867599
  51.69     -77.72          43.08000    1.926867599
  51.69     -77.72          43.08000    1.926867599
  51.69     -77.72          43.08000    1.926867599
  51.69     -77.72          43.08000    1.926867599
  51.69     -77.72          43.08000    1.926867599
  51.69     -77.72          43.08000    1.926867599
  51.69     -77.72          43.08000    1.926867599
  51.69     -77.72          43.08000    1.926867599
  51.69     -77.72          43.08000    1.926867599
  51.69     -77.72          43.08000    1.926867599
  51.69     -77.72          43.08000    1.926867599
  51.69     -77.72          43.08000    1.926867599
  51.69     -77.72          43.08000    1.926867599
  51.69     -77.72          43.08000    1.926867599
  51.69     -77.72          43.08000    1.926867599
  51.69     -77.72          43.08000    1.926867599
  51.69     -77.72          43.08000    1.926867599
  51.69     -77.72          43.08000    1.926867599
  51.69     -77.72          43.08000    1.926867599
  51.69     -77.72          43.08000    1.926867599
  51.69     -77.72          43.08000    1.926867599
  51.69     -77.72          43.08000    1.926867599
  51.69     -77.72          43.08000    1.926867599
  51.69     -77.72          43.08000    1.926867599
  51.69     -77.72          43.08000    1.926867599
  51.69     -77.72          43.08000    1.926867599
  51.69     -77.72          43.08000    1.926867599
  51.69     -77.72          43.08000    1.926867599
  51.69     -77.72          43.08000    1.926867599
  51.69     -77.72          43.08000    1.926867599
  51.69     -77.72          43.08000    1.926867599
  51.69     -77.72          43.08000    1.926867599
  51.69     -77.72          43.08000    1.926867599
  51.69     -77.72          43.08000    1.926867599
