Script started on Wed 11 Nov 2020 06:15:42 PM CST
nhsin.txt
51.28,-77.84,43.43000
 Enter datafile name: 
 Enter Best fit Rotation (lat, lon, ang): 
   51.280000000000001       -77.840000000000003        43.430000000000000     
 Data read in: 
  -23.34     209.73    2.2   0.9  295.5
    4.09     172.49    5.0   0.9  336.5
 Rotated: 
  -23.34     209.73    2.2   0.9  295.5
  -22.65    -153.19    5.0   0.9  157.7
 Data read in: 
   20.15     205.32    0.8   0.5  287.7
   51.61     167.23    7.0   0.5  343.2
 Rotated: 
   20.15     205.32    0.8   0.5  287.7
   25.01    -155.83    7.0   0.5  -13.0
 Data read in: 
  -50.46     222.99    2.0   0.4  276.7
  -26.34     185.31    6.4   0.4  340.5
 Rotated: 
  -50.46     222.99    2.0   0.4  276.7
  -52.48    -135.16    6.4   0.4  152.8
 Eigens: Lat, Lon, Evalue, Error level at evalue
 Initial Error=    2.0710729010231974     
              18.65    -73.44      1.69      3.07
 Initial Error=    2.0710729010232116     
             -59.02    -17.64      0.40      3.09
 Initial Error=    2.0710729010231623     
              23.79     25.12      0.58      3.10
 finished

Script done on Wed 11 Nov 2020 06:15:42 PM CST
