Script started on Wed 11 Nov 2020 06:16:40 PM CST
nhsin.txt
50.47,-78.07,44.15000
 Enter datafile name: 
 Enter Best fit Rotation (lat, lon, ang): 
   50.469999999999999       -78.069999999999993        44.149999999999999     
 Data read in: 
  -23.34     209.73    2.2   0.9  295.5
    5.03     172.08    5.0   0.9  336.7
 Rotated: 
  -23.34     209.73    2.2   0.9  295.5
  -22.63    -153.38    5.0   0.9  158.0
 Data read in: 
   20.15     205.32    0.8   0.5  287.7
   52.95     166.54    7.0   0.5  341.9
 Rotated: 
   20.15     205.32    0.8   0.5  287.7
   25.44    -156.04    7.0   0.5  -14.0
 Data read in: 
  -50.46     222.99    2.0   0.4  276.7
  -25.46     184.97    6.4   0.4  341.1
 Rotated: 
  -50.46     222.99    2.0   0.4  276.7
  -52.49    -135.16    6.4   0.4  153.2
 Eigens: Lat, Lon, Evalue, Error level at evalue
 Initial Error=    2.3677978526801060     
              19.56    -72.10      1.68      3.37
 Initial Error=    2.3677978526802224     
             -58.86    -18.13      0.40      3.39
 Initial Error=    2.3677978526799559     
              23.21     26.66      0.58      3.38
 finished

Script done on Wed 11 Nov 2020 06:16:41 PM CST
