  49.60     -78.28          45.00000    2.711245323
  49.61     -78.28          44.99000    2.703568383
  49.62     -78.27          44.98000    2.696045085
  49.63     -78.27          44.97000    2.688655300
  49.64     -78.27          44.95000    2.681413376
  49.65     -78.27          44.94000    2.674327812
  49.66     -78.26          44.93000    2.667406531
  49.67     -78.26          44.92000    2.660614345
  49.68     -78.26          44.91000    2.653988454
  49.69     -78.26          44.90000    2.647529319
  49.70     -78.25          44.89000    2.641237224
  49.71     -78.25          44.88000    2.635075993
  49.72     -78.25          44.87000    2.629082999
  49.73     -78.25          44.86000    2.623258667
  49.74     -78.25          44.85000    2.617603406
  49.75     -78.24          44.84000    2.612083507
  49.76     -78.24          44.83000    2.606731286
  49.77     -78.24          44.82000    2.601549450
  49.78     -78.24          44.81000    2.596538364
  49.79     -78.23          44.80000    2.591669066
  49.80     -78.23          44.79000    2.586964749
  49.81     -78.23          44.78000    2.582432345
  49.82     -78.23          44.77000    2.578072164
  49.83     -78.22          44.76000    2.573861762
  49.84     -78.22          44.75000    2.569811658
  49.85     -78.22          44.74000    2.565934775
  49.86     -78.22          44.73000    2.562231364
  49.87     -78.21          44.72000    2.558687274
  49.88     -78.21          44.71000    2.555296789
  49.89     -78.21          44.70000    2.552080593
  49.90     -78.21          44.69000    2.549038877
  49.91     -78.20          44.68000    2.546167558
  49.92     -78.20          44.67000    2.543441118
  49.93     -78.20          44.65000    2.540887551
  49.94     -78.20          44.64000    2.538504293
  49.95     -78.20          44.63000    2.536296764
  49.96     -78.19          44.62000    2.534253720
  49.97     -78.19          44.61000    2.532364515
  49.98     -78.19          44.60000    2.530651378
  49.99     -78.19          44.59000    2.529114336
  50.00     -78.19          44.58000    2.527753393
  50.01     -78.18          44.57000    2.526539266
  50.02     -78.18          44.56000    2.525497809
  50.03     -78.18          44.55000    2.524632517
  50.04     -78.18          44.54000    2.523943321
  50.05     -78.17          44.53000    2.523418055
  50.06     -78.17          44.52000    2.523048642
  50.07     -78.17          44.51000    2.522855158
  50.08     -78.17          44.50000    2.522837455
  50.08     -78.17          44.50000    2.522837455
  50.08     -78.17          44.50000    2.522837455
  50.08     -78.17          44.50000    2.522837455
  50.08     -78.17          44.50000    2.522837455
  50.08     -78.17          44.50000    2.522837455
  50.08     -78.17          44.50000    2.522837455
  50.08     -78.17          44.50000    2.522837455
  50.08     -78.17          44.50000    2.522837455
  50.08     -78.17          44.50000    2.522837455
  50.08     -78.17          44.50000    2.522837455
  50.08     -78.17          44.50000    2.522837455
  50.08     -78.17          44.50000    2.522837455
  50.08     -78.17          44.50000    2.522837455
  50.08     -78.17          44.50000    2.522837455
  50.08     -78.17          44.50000    2.522837455
  50.08     -78.17          44.50000    2.522837455
  50.08     -78.17          44.50000    2.522837455
  50.08     -78.17          44.50000    2.522837455
  50.08     -78.17          44.50000    2.522837455
  50.08     -78.17          44.50000    2.522837455
  50.08     -78.17          44.50000    2.522837455
  50.08     -78.17          44.50000    2.522837455
  50.08     -78.17          44.50000    2.522837455
  50.08     -78.17          44.50000    2.522837455
  50.08     -78.17          44.50000    2.522837455
  50.08     -78.17          44.50000    2.522837455
  50.08     -78.17          44.50000    2.522837455
  50.08     -78.17          44.50000    2.522837455
  50.08     -78.17          44.50000    2.522837455
  50.08     -78.17          44.50000    2.522837455
  50.08     -78.17          44.50000    2.522837455
  50.08     -78.17          44.50000    2.522837455
  50.08     -78.17          44.50000    2.522837455
  50.08     -78.17          44.50000    2.522837455
  50.08     -78.17          44.50000    2.522837455
  50.08     -78.17          44.50000    2.522837455
  50.08     -78.17          44.50000    2.522837455
  50.08     -78.17          44.50000    2.522837455
  50.08     -78.17          44.50000    2.522837455
  50.08     -78.17          44.50000    2.522837455
  50.08     -78.17          44.50000    2.522837455
  50.08     -78.17          44.50000    2.522837455
  50.08     -78.17          44.50000    2.522837455
  50.08     -78.17          44.50000    2.522837455
  50.08     -78.17          44.50000    2.522837455
  50.08     -78.17          44.50000    2.522837455
  50.08     -78.17          44.50000    2.522837455
  50.08     -78.17          44.50000    2.522837455
  50.08     -78.17          44.50000    2.522837455
  50.08     -78.17          44.50000    2.522837455
  50.08     -78.17          44.50000    2.522837455
  50.08     -78.17          44.50000    2.522837455
