Script started on Wed 11 Nov 2020 06:18:37 PM CST
nhsin.txt
70.95,-99.50,8.43000
 Enter datafile name: 
 Enter Best fit Rotation (lat, lon, ang): 
   70.950000000000003       -99.500000000000000        8.4299999999999997     
 Data read in: 
  -23.34     209.73    2.2   0.9  295.5
  -19.89     202.10   10.9   0.9  296.4
 Rotated: 
  -23.34     209.73    2.2   0.9  295.5
  -22.11    -149.31   10.9   0.9  114.6
 Data read in: 
   20.15     205.32    0.8   0.5  287.7
   22.75     197.27    1.0   0.5  290.4
 Rotated: 
   20.15     205.32    0.8   0.5  287.7
   20.38    -155.31    1.0   0.5  108.9
 Data read in: 
  -50.46     222.99    2.0   0.4  276.7
  -49.26     214.39    1.9   0.4  287.8
 Rotated: 
  -50.46     222.99    2.0   0.4  276.7
  -51.06    -135.15    1.9   0.4  104.5
 Eigens: Lat, Lon, Evalue, Error level at evalue
 Initial Error=    2.1328652196178268     
              28.75   -135.18      1.62      3.13
 Initial Error=    2.1328652196182465     
             -11.37    -51.51      0.44      3.15
 Initial Error=    2.1328652196182447     
              58.68     19.20      1.09      3.14
 finished

Script done on Wed 11 Nov 2020 06:18:37 PM CST
