  70.60     -99.50           8.43000    2.141228409
  70.61     -99.50           8.43000    2.140758478
  70.62     -99.50           8.43000    2.140302124
  70.63     -99.50           8.43000    2.139859347
  70.64     -99.50           8.43000    2.139430149
  70.65     -99.50           8.43000    2.139014532
  70.66     -99.50           8.43000    2.138612496
  70.67     -99.50           8.43000    2.138224042
  70.68     -99.50           8.43000    2.137849172
  70.69     -99.50           8.43000    2.137487886
  70.70     -99.50           8.43000    2.137140187
  70.71     -99.50           8.43000    2.136806073
  70.72     -99.50           8.43000    2.136485548
  70.73     -99.50           8.43000    2.136178610
  70.74     -99.50           8.43000    2.135885262
  70.75     -99.50           8.43000    2.135605505
  70.76     -99.50           8.43000    2.135339338
  70.77     -99.50           8.43000    2.135086763
  70.78     -99.50           8.43000    2.134847781
  70.79     -99.50           8.43000    2.134622391
  70.80     -99.50           8.43000    2.134410595
  70.81     -99.50           8.43000    2.134212394
  70.82     -99.50           8.43000    2.134027788
  70.83     -99.50           8.43000    2.133856777
  70.84     -99.50           8.43000    2.133699362
  70.85     -99.50           8.43000    2.133555543
  70.86     -99.50           8.43000    2.133425321
  70.87     -99.50           8.43000    2.133308696
  70.88     -99.50           8.43000    2.133205669
  70.89     -99.50           8.43000    2.133116239
  70.90     -99.50           8.43000    2.133040407
  70.91     -99.50           8.43000    2.132978173
  70.92     -99.50           8.43000    2.132929537
  70.93     -99.50           8.43000    2.132894500
  70.94     -99.50           8.43000    2.132873061
  70.95     -99.50           8.43000    2.132865220
  70.95     -99.50           8.43000    2.132865220
  70.95     -99.50           8.43000    2.132865220
  70.95     -99.50           8.43000    2.132865220
  70.95     -99.50           8.43000    2.132865220
  70.95     -99.50           8.43000    2.132865220
  70.95     -99.50           8.43000    2.132865220
  70.95     -99.50           8.43000    2.132865220
  70.95     -99.50           8.43000    2.132865220
  70.95     -99.50           8.43000    2.132865220
  70.95     -99.50           8.43000    2.132865220
  70.95     -99.50           8.43000    2.132865220
  70.95     -99.50           8.43000    2.132865220
  70.95     -99.50           8.43000    2.132865220
  70.95     -99.50           8.43000    2.132865220
  70.95     -99.50           8.43000    2.132865220
  70.95     -99.50           8.43000    2.132865220
  70.95     -99.50           8.43000    2.132865220
  70.95     -99.50           8.43000    2.132865220
  70.95     -99.50           8.43000    2.132865220
  70.95     -99.50           8.43000    2.132865220
  70.95     -99.50           8.43000    2.132865220
  70.95     -99.50           8.43000    2.132865220
  70.95     -99.50           8.43000    2.132865220
  70.95     -99.50           8.43000    2.132865220
  70.95     -99.50           8.43000    2.132865220
  70.95     -99.50           8.43000    2.132865220
  70.95     -99.50           8.43000    2.132865220
  70.95     -99.50           8.43000    2.132865220
  70.95     -99.50           8.43000    2.132865220
  70.95     -99.50           8.43000    2.132865220
  70.95     -99.50           8.43000    2.132865220
  70.95     -99.50           8.43000    2.132865220
  70.95     -99.50           8.43000    2.132865220
  70.95     -99.50           8.43000    2.132865220
  70.95     -99.50           8.43000    2.132865220
  70.95     -99.50           8.43000    2.132865220
  70.95     -99.50           8.43000    2.132865220
  70.95     -99.50           8.43000    2.132865220
  70.95     -99.50           8.43000    2.132865220
  70.95     -99.50           8.43000    2.132865220
  70.95     -99.50           8.43000    2.132865220
  70.95     -99.50           8.43000    2.132865220
  70.95     -99.50           8.43000    2.132865220
  70.95     -99.50           8.43000    2.132865220
  70.95     -99.50           8.43000    2.132865220
  70.95     -99.50           8.43000    2.132865220
  70.95     -99.50           8.43000    2.132865220
  70.95     -99.50           8.43000    2.132865220
  70.95     -99.50           8.43000    2.132865220
  70.95     -99.50           8.43000    2.132865220
  70.95     -99.50           8.43000    2.132865220
  70.95     -99.50           8.43000    2.132865220
  70.95     -99.50           8.43000    2.132865220
  70.95     -99.50           8.43000    2.132865220
  70.95     -99.50           8.43000    2.132865220
  70.95     -99.50           8.43000    2.132865220
  70.95     -99.50           8.43000    2.132865220
  70.95     -99.50           8.43000    2.132865220
  70.95     -99.50           8.43000    2.132865220
  70.95     -99.50           8.43000    2.132865220
  70.95     -99.50           8.43000    2.132865220
  70.95     -99.50           8.43000    2.132865220
  70.95     -99.50           8.43000    2.132865220
  70.95     -99.50           8.43000    2.132865220
  70.95     -99.50           8.43000    2.132865220
