  70.40     -99.10           9.35000    2.445219627
  70.41     -99.10           9.35000    2.444574756
  70.42     -99.10           9.35000    2.443946998
  70.43     -99.10           9.35000    2.443336357
  70.44     -99.10           9.35000    2.442742838
  70.45     -99.10           9.35000    2.442166442
  70.46     -99.10           9.35000    2.441607175
  70.47     -99.10           9.35000    2.441065038
  70.48     -99.10           9.35000    2.440540037
  70.49     -99.10           9.35000    2.440032174
  70.50     -99.10           9.35000    2.439541452
  70.51     -99.10           9.35000    2.439067875
  70.52     -99.10           9.35000    2.438611445
  70.53     -99.10           9.35000    2.438172167
  70.54     -99.10           9.35000    2.437750043
  70.55     -99.10           9.35000    2.437345076
  70.56     -99.10           9.35000    2.436957269
  70.57     -99.10           9.35000    2.436586625
  70.58     -99.10           9.35000    2.436233148
  70.59     -99.10           9.34000    2.435895362
  70.60     -99.10           9.34000    2.435574557
  70.61     -99.10           9.34000    2.435270891
  70.62     -99.10           9.34000    2.434984367
  70.63     -99.10           9.34000    2.434714987
  70.64     -99.10           9.34000    2.434462754
  70.65     -99.10           9.34000    2.434227670
  70.66     -99.10           9.34000    2.434009737
  70.67     -99.10           9.34000    2.433808957
  70.68     -99.10           9.34000    2.433625333
  70.69     -99.10           9.34000    2.433458867
  70.70     -99.10           9.34000    2.433309560
  70.71     -99.10           9.34000    2.433177415
  70.72     -99.09           9.34000    2.433061384
  70.73     -99.06           9.34000    2.432953541
  70.74     -99.04           9.34000    2.432852247
  70.75     -99.01           9.34000    2.432757437
  70.76     -98.99           9.34000    2.432669447
  70.77     -98.96           9.34000    2.432587693
  70.78     -98.93           9.34000    2.432512803
  70.79     -98.91           9.34000    2.432444373
  70.80     -98.88           9.34000    2.432382573
  70.81     -98.86           9.34000    2.432327541
  70.82     -98.83           9.34000    2.432278855
  70.83     -98.80           9.34000    2.432237050
  70.84     -98.78           9.34000    2.432201714
  70.85     -98.74           9.33000    2.432167846
  70.86     -98.71           9.33000    2.432138343
  70.87     -98.69           9.33000    2.432115524
  70.88     -98.66           9.33000    2.432099192
  70.89     -98.63           9.33000    2.432089753
  70.90     -98.61           9.33000    2.432086773
  70.90     -98.61           9.33000    2.432086773
  70.90     -98.61           9.33000    2.432086773
  70.90     -98.61           9.33000    2.432086773
  70.90     -98.61           9.33000    2.432086773
  70.90     -98.61           9.33000    2.432086773
  70.90     -98.61           9.33000    2.432086773
  70.90     -98.61           9.33000    2.432086773
  70.90     -98.61           9.33000    2.432086773
  70.90     -98.61           9.33000    2.432086773
  70.90     -98.61           9.33000    2.432086773
  70.90     -98.61           9.33000    2.432086773
  70.90     -98.61           9.33000    2.432086773
  70.90     -98.61           9.33000    2.432086773
  70.90     -98.61           9.33000    2.432086773
  70.90     -98.61           9.33000    2.432086773
  70.90     -98.61           9.33000    2.432086773
  70.90     -98.61           9.33000    2.432086773
  70.90     -98.61           9.33000    2.432086773
  70.90     -98.61           9.33000    2.432086773
  70.90     -98.61           9.33000    2.432086773
  70.90     -98.61           9.33000    2.432086773
  70.90     -98.61           9.33000    2.432086773
  70.90     -98.61           9.33000    2.432086773
  70.90     -98.61           9.33000    2.432086773
  70.90     -98.61           9.33000    2.432086773
  70.90     -98.61           9.33000    2.432086773
  70.90     -98.61           9.33000    2.432086773
  70.90     -98.61           9.33000    2.432086773
  70.90     -98.61           9.33000    2.432086773
  70.90     -98.61           9.33000    2.432086773
  70.90     -98.61           9.33000    2.432086773
  70.90     -98.61           9.33000    2.432086773
  70.90     -98.61           9.33000    2.432086773
  70.90     -98.61           9.33000    2.432086773
  70.90     -98.61           9.33000    2.432086773
  70.90     -98.61           9.33000    2.432086773
  70.90     -98.61           9.33000    2.432086773
  70.90     -98.61           9.33000    2.432086773
  70.90     -98.61           9.33000    2.432086773
  70.90     -98.61           9.33000    2.432086773
  70.90     -98.61           9.33000    2.432086773
  70.90     -98.61           9.33000    2.432086773
  70.90     -98.61           9.33000    2.432086773
  70.90     -98.61           9.33000    2.432086773
  70.90     -98.61           9.33000    2.432086773
  70.90     -98.61           9.33000    2.432086773
  70.90     -98.61           9.33000    2.432086773
  70.90     -98.61           9.33000    2.432086773
  70.90     -98.61           9.33000    2.432086773
  70.90     -98.61           9.33000    2.432086773
