  70.40     -98.00          10.23000    2.725349658
  70.41     -98.00          10.23000    2.724528701
  70.42     -98.00          10.23000    2.723729051
  70.43     -98.00          10.23000    2.722950714
  70.44     -98.00          10.23000    2.722193699
  70.45     -98.00          10.23000    2.721458013
  70.46     -98.00          10.23000    2.720743662
  70.47     -98.00          10.23000    2.720050654
  70.48     -98.00          10.23000    2.719378996
  70.49     -98.00          10.23000    2.718728696
  70.50     -98.00          10.23000    2.718099759
  70.51     -98.00          10.23000    2.717492194
  70.52     -98.00          10.23000    2.716906007
  70.53     -98.00          10.22000    2.716340653
  70.54     -98.00          10.22000    2.715795800
  70.55     -98.00          10.22000    2.715272306
  70.56     -98.00          10.22000    2.714770177
  70.57     -98.00          10.22000    2.714289419
  70.58     -98.00          10.22000    2.713830040
  70.59     -98.00          10.22000    2.713392044
  70.60     -98.00          10.22000    2.712975438
  70.61     -98.00          10.22000    2.712580229
  70.62     -98.00          10.22000    2.712206421
  70.63     -98.00          10.22000    2.711854020
  70.64     -98.00          10.22000    2.711523033
  70.65     -98.00          10.22000    2.711213464
  70.66     -98.00          10.22000    2.710925320
  70.67     -98.00          10.22000    2.710658605
  70.68     -98.00          10.22000    2.710413324
  70.69     -98.00          10.22000    2.710189483
  70.70     -98.00          10.22000    2.709987087
  70.71     -98.00          10.22000    2.709806141
  70.72     -98.00          10.22000    2.709646648
  70.73     -98.00          10.22000    2.709508615
  70.74     -98.00          10.22000    2.709392044
  70.75     -97.97          10.22000    2.709288291
  70.76     -97.94          10.22000    2.709193086
  70.77     -97.92          10.22000    2.709106191
  70.78     -97.89          10.22000    2.709027475
  70.79     -97.86          10.22000    2.708957328
  70.80     -97.84          10.22000    2.708895512
  70.81     -97.81          10.22000    2.708841911
  70.82     -97.78          10.22000    2.708796899
  70.83     -97.76          10.22000    2.708760280
  70.84     -97.73          10.22000    2.708731871
  70.85     -97.69          10.21000    2.708705837
  70.86     -97.67          10.21000    2.708687011
  70.87     -97.64          10.21000    2.708676228
  70.88     -97.61          10.21000    2.708674066
  70.88     -97.61          10.21000    2.708674066
  70.88     -97.61          10.21000    2.708674066
  70.88     -97.61          10.21000    2.708674066
  70.88     -97.61          10.21000    2.708674066
  70.88     -97.61          10.21000    2.708674066
  70.88     -97.61          10.21000    2.708674066
  70.88     -97.61          10.21000    2.708674066
  70.88     -97.61          10.21000    2.708674066
  70.88     -97.61          10.21000    2.708674066
  70.88     -97.61          10.21000    2.708674066
  70.88     -97.61          10.21000    2.708674066
  70.88     -97.61          10.21000    2.708674066
  70.88     -97.61          10.21000    2.708674066
  70.88     -97.61          10.21000    2.708674066
  70.88     -97.61          10.21000    2.708674066
  70.88     -97.61          10.21000    2.708674066
  70.88     -97.61          10.21000    2.708674066
  70.88     -97.61          10.21000    2.708674066
  70.88     -97.61          10.21000    2.708674066
  70.88     -97.61          10.21000    2.708674066
  70.88     -97.61          10.21000    2.708674066
  70.88     -97.61          10.21000    2.708674066
  70.88     -97.61          10.21000    2.708674066
  70.88     -97.61          10.21000    2.708674066
  70.88     -97.61          10.21000    2.708674066
  70.88     -97.61          10.21000    2.708674066
  70.88     -97.61          10.21000    2.708674066
  70.88     -97.61          10.21000    2.708674066
  70.88     -97.61          10.21000    2.708674066
  70.88     -97.61          10.21000    2.708674066
  70.88     -97.61          10.21000    2.708674066
  70.88     -97.61          10.21000    2.708674066
  70.88     -97.61          10.21000    2.708674066
  70.88     -97.61          10.21000    2.708674066
  70.88     -97.61          10.21000    2.708674066
  70.88     -97.61          10.21000    2.708674066
  70.88     -97.61          10.21000    2.708674066
  70.88     -97.61          10.21000    2.708674066
  70.88     -97.61          10.21000    2.708674066
  70.88     -97.61          10.21000    2.708674066
  70.88     -97.61          10.21000    2.708674066
  70.88     -97.61          10.21000    2.708674066
  70.88     -97.61          10.21000    2.708674066
  70.88     -97.61          10.21000    2.708674066
  70.88     -97.61          10.21000    2.708674066
  70.88     -97.61          10.21000    2.708674066
  70.88     -97.61          10.21000    2.708674066
  70.88     -97.61          10.21000    2.708674066
  70.88     -97.61          10.21000    2.708674066
  70.88     -97.61          10.21000    2.708674066
  70.88     -97.61          10.21000    2.708674066
  70.88     -97.61          10.21000    2.708674066
