Script started on Thu 24 Sep 2020 10:38:14 AM CDT
nhsin.txt
70.88,-97.61,10.21000
 Enter datafile name: 
 Enter Best fit Rotation (lat, lon, ang): 
   70.879999999999995       -97.609999999999999        10.210000000000001     
 Data read in: 
  -23.34     209.73    2.2   0.9  295.5
  -19.12     200.47   13.9   0.9  296.5
 Rotated: 
  -23.34     209.73    2.2   0.9  295.5
  -21.92    -149.19   13.9   0.9  114.5
 Data read in: 
  -50.46     222.99    2.0   0.4  276.7
  -48.84     212.54    2.1   0.4  290.2
 Rotated: 
  -50.46     222.99    2.0   0.4  276.7
  -51.14    -134.93    2.1   0.4  106.4
 Data read in: 
   20.15     205.32    0.8   0.5  287.7
   23.35     195.55    1.0   0.5  291.0
 Rotated: 
   20.15     205.32    0.8   0.5  287.7
   20.39    -155.43    1.0   0.5  109.3
 Eigens: Lat, Lon, Evalue, Error level at evalue
 Initial Error=    2.7086740665489422     
              33.62   -132.45      1.59      3.71
 Initial Error=    2.7086740665495883     
             -12.33    -50.81      0.44      3.73
 Initial Error=    2.7086740665489484     
              53.60     21.95      1.13      3.72
 finished

Script done on Thu 24 Sep 2020 10:38:15 AM CDT
