Script started on Thu 24 Sep 2020 10:38:48 AM CDT
nhsin.txt
73.25,-98.50,1.17000
 Enter datafile name: 
 Enter Best fit Rotation (lat, lon, ang): 
   73.250000000000000       -98.500000000000000        1.1699999999999999     
 Data read in: 
  -23.34     209.73    2.2   0.9  295.5
  -22.86     208.65    2.4   0.9  295.6
 Rotated: 
  -23.34     209.73    2.2   0.9  295.5
  -23.13    -150.14    2.4   0.9  115.4
 Data read in: 
  -50.46     222.99    2.0   0.4  276.7
  -50.36     221.79    1.9   0.4  278.2
 Rotated: 
  -50.46     222.99    2.0   0.4  276.7
  -50.57    -136.77    1.9   0.4   97.8
 Data read in: 
   20.15     205.32    0.8   0.5  287.7
   20.50     204.17    0.8   0.5  288.1
 Rotated: 
   20.15     205.32    0.8   0.5  287.7
   20.22    -154.77    0.8   0.5  107.9
 Eigens: Lat, Lon, Evalue, Error level at evalue
 Initial Error=    7.2608575141398790E-002
              19.98   -139.80      1.74      1.08
 Initial Error=    7.2608575140538298E-002
              -9.14    -53.15      0.44      1.11
 Initial Error=    7.2608575140533718E-002
              67.86     13.55      0.99      1.08
 finished

Script done on Thu 24 Sep 2020 10:38:49 AM CDT
