  72.80     -98.50           1.17000    0.072854608
  72.81     -98.50           1.17000    0.072843711
  72.82     -98.50           1.17000    0.072833060
  72.83     -98.50           1.17000    0.072822656
  72.84     -98.50           1.17000    0.072812499
  72.85     -98.50           1.17000    0.072802589
  72.86     -98.50           1.17000    0.072792926
  72.87     -98.50           1.17000    0.072783509
  72.88     -98.50           1.17000    0.072774340
  72.89     -98.50           1.17000    0.072765417
  72.90     -98.50           1.17000    0.072756741
  72.91     -98.50           1.17000    0.072748312
  72.92     -98.50           1.17000    0.072740130
  72.93     -98.50           1.17000    0.072732195
  72.94     -98.50           1.17000    0.072724507
  72.95     -98.50           1.17000    0.072717065
  72.96     -98.50           1.17000    0.072709870
  72.97     -98.50           1.17000    0.072702922
  72.98     -98.50           1.17000    0.072696221
  72.99     -98.50           1.17000    0.072689767
  73.00     -98.50           1.17000    0.072683559
  73.01     -98.50           1.17000    0.072677598
  73.02     -98.50           1.17000    0.072671884
  73.03     -98.50           1.17000    0.072666417
  73.04     -98.50           1.17000    0.072661197
  73.05     -98.50           1.17000    0.072656224
  73.06     -98.50           1.17000    0.072651497
  73.07     -98.50           1.17000    0.072647017
  73.08     -98.50           1.17000    0.072642784
  73.09     -98.50           1.17000    0.072638797
  73.10     -98.50           1.17000    0.072635058
  73.11     -98.50           1.17000    0.072631565
  73.12     -98.50           1.17000    0.072628319
  73.13     -98.50           1.17000    0.072625320
  73.14     -98.50           1.17000    0.072622567
  73.15     -98.50           1.17000    0.072620061
  73.16     -98.50           1.17000    0.072617802
  73.17     -98.50           1.17000    0.072615790
  73.18     -98.50           1.17000    0.072614025
  73.19     -98.50           1.17000    0.072612506
  73.20     -98.50           1.17000    0.072611234
  73.21     -98.50           1.17000    0.072610209
  73.22     -98.50           1.17000    0.072609430
  73.23     -98.50           1.17000    0.072608899
  73.24     -98.50           1.17000    0.072608614
  73.25     -98.50           1.17000    0.072608575
  73.25     -98.50           1.17000    0.072608575
  73.25     -98.50           1.17000    0.072608575
  73.25     -98.50           1.17000    0.072608575
  73.25     -98.50           1.17000    0.072608575
  73.25     -98.50           1.17000    0.072608575
  73.25     -98.50           1.17000    0.072608575
  73.25     -98.50           1.17000    0.072608575
  73.25     -98.50           1.17000    0.072608575
  73.25     -98.50           1.17000    0.072608575
  73.25     -98.50           1.17000    0.072608575
  73.25     -98.50           1.17000    0.072608575
  73.25     -98.50           1.17000    0.072608575
  73.25     -98.50           1.17000    0.072608575
  73.25     -98.50           1.17000    0.072608575
  73.25     -98.50           1.17000    0.072608575
  73.25     -98.50           1.17000    0.072608575
  73.25     -98.50           1.17000    0.072608575
  73.25     -98.50           1.17000    0.072608575
  73.25     -98.50           1.17000    0.072608575
  73.25     -98.50           1.17000    0.072608575
  73.25     -98.50           1.17000    0.072608575
  73.25     -98.50           1.17000    0.072608575
  73.25     -98.50           1.17000    0.072608575
  73.25     -98.50           1.17000    0.072608575
  73.25     -98.50           1.17000    0.072608575
  73.25     -98.50           1.17000    0.072608575
  73.25     -98.50           1.17000    0.072608575
  73.25     -98.50           1.17000    0.072608575
  73.25     -98.50           1.17000    0.072608575
  73.25     -98.50           1.17000    0.072608575
  73.25     -98.50           1.17000    0.072608575
  73.25     -98.50           1.17000    0.072608575
  73.25     -98.50           1.17000    0.072608575
  73.25     -98.50           1.17000    0.072608575
  73.25     -98.50           1.17000    0.072608575
  73.25     -98.50           1.17000    0.072608575
  73.25     -98.50           1.17000    0.072608575
  73.25     -98.50           1.17000    0.072608575
  73.25     -98.50           1.17000    0.072608575
  73.25     -98.50           1.17000    0.072608575
  73.25     -98.50           1.17000    0.072608575
  73.25     -98.50           1.17000    0.072608575
  73.25     -98.50           1.17000    0.072608575
  73.25     -98.50           1.17000    0.072608575
  73.25     -98.50           1.17000    0.072608575
  73.25     -98.50           1.17000    0.072608575
  73.25     -98.50           1.17000    0.072608575
  73.25     -98.50           1.17000    0.072608575
  73.25     -98.50           1.17000    0.072608575
  73.25     -98.50           1.17000    0.072608575
  73.25     -98.50           1.17000    0.072608575
  73.25     -98.50           1.17000    0.072608575
  73.25     -98.50           1.17000    0.072608575
  73.25     -98.50           1.17000    0.072608575
  73.25     -98.50           1.17000    0.072608575
