  71.00    -100.20          11.56000    0.727584008
  71.01    -100.20          11.56000    0.726726053
  71.02    -100.20          11.56000    0.725891126
  71.03    -100.20          11.56000    0.725079198
  71.04    -100.20          11.56000    0.724290238
  71.05    -100.20          11.56000    0.723524214
  71.06    -100.20          11.55000    0.722780620
  71.07    -100.20          11.55000    0.722059598
  71.08    -100.20          11.55000    0.721361411
  71.09    -100.20          11.55000    0.720686027
  71.10    -100.20          11.55000    0.720033417
  71.11    -100.20          11.55000    0.719403550
  71.12    -100.20          11.55000    0.718796396
  71.13    -100.20          11.55000    0.718211925
  71.14    -100.20          11.55000    0.717650106
  71.15    -100.20          11.55000    0.717110910
  71.16    -100.20          11.55000    0.716594308
  71.17    -100.20          11.55000    0.716100269
  71.18    -100.20          11.55000    0.715628764
  71.19    -100.20          11.55000    0.715179765
  71.20    -100.20          11.55000    0.714753242
  71.21    -100.20          11.55000    0.714349166
  71.22    -100.20          11.55000    0.713967509
  71.23    -100.20          11.55000    0.713608243
  71.24    -100.20          11.55000    0.713271339
  71.25    -100.20          11.55000    0.712956770
  71.26    -100.20          11.55000    0.712664507
  71.27    -100.20          11.55000    0.712394525
  71.28    -100.20          11.55000    0.712146794
  71.29    -100.20          11.55000    0.711921289
  71.30    -100.20          11.55000    0.711717984
  71.31    -100.20          11.55000    0.711536850
  71.32    -100.20          11.55000    0.711377864
  71.33    -100.18          11.55000    0.711237203
  71.34    -100.15          11.55000    0.711105949
  71.35    -100.13          11.55000    0.710983423
  71.36    -100.10          11.55000    0.710869778
  71.37    -100.07          11.55000    0.710765278
  71.38    -100.05          11.55000    0.710669384
  71.39    -100.02          11.55000    0.710582506
  71.40     -99.99          11.55000    0.710504776
  71.41     -99.95          11.54000    0.710432566
  71.42     -99.93          11.54000    0.710364107
  71.43     -99.90          11.54000    0.710304571
  71.44     -99.87          11.54000    0.710254198
  71.45     -99.85          11.54000    0.710212504
  71.46     -99.82          11.54000    0.710179814
  71.47     -99.79          11.54000    0.710156290
  71.48     -99.77          11.54000    0.710141417
  71.49     -99.74          11.54000    0.710135598
  71.49     -99.74          11.54000    0.710135598
  71.49     -99.74          11.54000    0.710135598
  71.49     -99.74          11.54000    0.710135598
  71.49     -99.74          11.54000    0.710135598
  71.49     -99.74          11.54000    0.710135598
  71.49     -99.74          11.54000    0.710135598
  71.49     -99.74          11.54000    0.710135598
  71.49     -99.74          11.54000    0.710135598
  71.49     -99.74          11.54000    0.710135598
  71.49     -99.74          11.54000    0.710135598
  71.49     -99.74          11.54000    0.710135598
  71.49     -99.74          11.54000    0.710135598
  71.49     -99.74          11.54000    0.710135598
  71.49     -99.74          11.54000    0.710135598
  71.49     -99.74          11.54000    0.710135598
  71.49     -99.74          11.54000    0.710135598
  71.49     -99.74          11.54000    0.710135598
  71.49     -99.74          11.54000    0.710135598
  71.49     -99.74          11.54000    0.710135598
  71.49     -99.74          11.54000    0.710135598
  71.49     -99.74          11.54000    0.710135598
  71.49     -99.74          11.54000    0.710135598
  71.49     -99.74          11.54000    0.710135598
  71.49     -99.74          11.54000    0.710135598
  71.49     -99.74          11.54000    0.710135598
  71.49     -99.74          11.54000    0.710135598
  71.49     -99.74          11.54000    0.710135598
  71.49     -99.74          11.54000    0.710135598
  71.49     -99.74          11.54000    0.710135598
  71.49     -99.74          11.54000    0.710135598
  71.49     -99.74          11.54000    0.710135598
  71.49     -99.74          11.54000    0.710135598
  71.49     -99.74          11.54000    0.710135598
  71.49     -99.74          11.54000    0.710135598
  71.49     -99.74          11.54000    0.710135598
  71.49     -99.74          11.54000    0.710135598
  71.49     -99.74          11.54000    0.710135598
  71.49     -99.74          11.54000    0.710135598
  71.49     -99.74          11.54000    0.710135598
  71.49     -99.74          11.54000    0.710135598
  71.49     -99.74          11.54000    0.710135598
  71.49     -99.74          11.54000    0.710135598
  71.49     -99.74          11.54000    0.710135598
  71.49     -99.74          11.54000    0.710135598
  71.49     -99.74          11.54000    0.710135598
  71.49     -99.74          11.54000    0.710135598
  71.49     -99.74          11.54000    0.710135598
  71.49     -99.74          11.54000    0.710135598
  71.49     -99.74          11.54000    0.710135598
  71.49     -99.74          11.54000    0.710135598
  71.49     -99.74          11.54000    0.710135598
