  71.00     -98.80          12.40000    0.749442112
  71.01     -98.80          12.40000    0.748346794
  71.02     -98.80          12.40000    0.747279755
  71.03     -98.80          12.40000    0.746240950
  71.04     -98.80          12.40000    0.745230335
  71.05     -98.80          12.40000    0.744247861
  71.06     -98.80          12.40000    0.743293484
  71.07     -98.80          12.40000    0.742367156
  71.08     -98.80          12.40000    0.741468829
  71.09     -98.80          12.40000    0.740598457
  71.10     -98.80          12.40000    0.739755991
  71.11     -98.80          12.40000    0.738941384
  71.12     -98.80          12.40000    0.738154588
  71.13     -98.80          12.40000    0.737395554
  71.14     -98.80          12.40000    0.736664234
  71.15     -98.80          12.40000    0.735960579
  71.16     -98.80          12.40000    0.735284543
  71.17     -98.80          12.40000    0.734636075
  71.18     -98.80          12.40000    0.734015128
  71.19     -98.80          12.40000    0.733421655
  71.20     -98.80          12.40000    0.732855606
  71.21     -98.80          12.40000    0.732316934
  71.22     -98.80          12.40000    0.731805591
  71.23     -98.80          12.40000    0.731321531
  71.24     -98.80          12.40000    0.730864705
  71.25     -98.80          12.40000    0.730435067
  71.26     -98.80          12.40000    0.730032570
  71.27     -98.80          12.40000    0.729657167
  71.28     -98.80          12.40000    0.729308813
  71.29     -98.80          12.40000    0.728987461
  71.30     -98.80          12.40000    0.728693067
  71.31     -98.80          12.40000    0.728425584
  71.32     -98.80          12.40000    0.728184969
  71.33     -98.78          12.40000    0.727968182
  71.34     -98.76          12.40000    0.727763413
  71.35     -98.73          12.40000    0.727569219
  71.36     -98.69          12.39000    0.727378822
  71.37     -98.66          12.39000    0.727198307
  71.38     -98.63          12.39000    0.727028814
  71.39     -98.61          12.39000    0.726870116
  71.40     -98.58          12.39000    0.726722118
  71.41     -98.55          12.39000    0.726585141
  71.42     -98.52          12.39000    0.726459181
  71.43     -98.50          12.39000    0.726343976
  71.44     -98.47          12.39000    0.726239516
  71.45     -98.44          12.39000    0.726146073
  71.46     -98.41          12.39000    0.726063645
  71.47     -98.37          12.38000    0.725984602
  71.48     -98.35          12.38000    0.725915794
  71.49     -98.32          12.38000    0.725857787
  71.50     -98.29          12.38000    0.725810816
  71.51     -98.26          12.38000    0.725774880
  71.52     -98.24          12.38000    0.725749755
  71.53     -98.21          12.38000    0.725735387
  71.54     -98.18          12.38000    0.725732060
  71.54     -98.18          12.38000    0.725732060
  71.54     -98.18          12.38000    0.725732060
  71.54     -98.18          12.38000    0.725732060
  71.54     -98.18          12.38000    0.725732060
  71.54     -98.18          12.38000    0.725732060
  71.54     -98.18          12.38000    0.725732060
  71.54     -98.18          12.38000    0.725732060
  71.54     -98.18          12.38000    0.725732060
  71.54     -98.18          12.38000    0.725732060
  71.54     -98.18          12.38000    0.725732060
  71.54     -98.18          12.38000    0.725732060
  71.54     -98.18          12.38000    0.725732060
  71.54     -98.18          12.38000    0.725732060
  71.54     -98.18          12.38000    0.725732060
  71.54     -98.18          12.38000    0.725732060
  71.54     -98.18          12.38000    0.725732060
  71.54     -98.18          12.38000    0.725732060
  71.54     -98.18          12.38000    0.725732060
  71.54     -98.18          12.38000    0.725732060
  71.54     -98.18          12.38000    0.725732060
  71.54     -98.18          12.38000    0.725732060
  71.54     -98.18          12.38000    0.725732060
  71.54     -98.18          12.38000    0.725732060
  71.54     -98.18          12.38000    0.725732060
  71.54     -98.18          12.38000    0.725732060
  71.54     -98.18          12.38000    0.725732060
  71.54     -98.18          12.38000    0.725732060
  71.54     -98.18          12.38000    0.725732060
  71.54     -98.18          12.38000    0.725732060
  71.54     -98.18          12.38000    0.725732060
  71.54     -98.18          12.38000    0.725732060
  71.54     -98.18          12.38000    0.725732060
  71.54     -98.18          12.38000    0.725732060
  71.54     -98.18          12.38000    0.725732060
  71.54     -98.18          12.38000    0.725732060
  71.54     -98.18          12.38000    0.725732060
  71.54     -98.18          12.38000    0.725732060
  71.54     -98.18          12.38000    0.725732060
  71.54     -98.18          12.38000    0.725732060
  71.54     -98.18          12.38000    0.725732060
  71.54     -98.18          12.38000    0.725732060
  71.54     -98.18          12.38000    0.725732060
  71.54     -98.18          12.38000    0.725732060
  71.54     -98.18          12.38000    0.725732060
  71.54     -98.18          12.38000    0.725732060
  71.54     -98.18          12.38000    0.725732060
