  71.10     -97.10          13.22000    0.753997322
  71.11     -97.10          13.22000    0.752779286
  71.12     -97.10          13.22000    0.751595534
  71.13     -97.10          13.22000    0.750446000
  71.14     -97.10          13.22000    0.749330621
  71.15     -97.10          13.21000    0.748249155
  71.16     -97.10          13.21000    0.747200629
  71.17     -97.10          13.21000    0.746186052
  71.18     -97.10          13.21000    0.745205359
  71.19     -97.10          13.21000    0.744258481
  71.20     -97.10          13.21000    0.743345351
  71.21     -97.10          13.21000    0.742465901
  71.22     -97.10          13.21000    0.741620063
  71.23     -97.10          13.21000    0.740807767
  71.24     -97.10          13.21000    0.740028946
  71.25     -97.10          13.21000    0.739283529
  71.26     -97.10          13.21000    0.738571448
  71.27     -97.10          13.21000    0.737892634
  71.28     -97.10          13.21000    0.737247018
  71.29     -97.10          13.21000    0.736634530
  71.30     -97.10          13.21000    0.736055101
  71.31     -97.10          13.21000    0.735508663
  71.32     -97.10          13.21000    0.734995147
  71.33     -97.10          13.21000    0.734514485
  71.34     -97.10          13.21000    0.734066608
  71.35     -97.10          13.21000    0.733651449
  71.36     -97.10          13.21000    0.733268941
  71.37     -97.10          13.21000    0.732919016
  71.38     -97.10          13.21000    0.732601608
  71.39     -97.10          13.21000    0.732316651
  71.40     -97.10          13.21000    0.732064079
  71.41     -97.10          13.21000    0.731843828
  71.42     -97.08          13.21000    0.731651462
  71.43     -97.05          13.21000    0.731473378
  71.44     -97.02          13.21000    0.731308603
  71.45     -97.00          13.21000    0.731156936
  71.46     -96.97          13.21000    0.731018370
  71.47     -96.94          13.21000    0.730893098
  71.48     -96.91          13.21000    0.730781117
  71.49     -96.87          13.20000    0.730678759
  71.50     -96.84          13.20000    0.730585697
  71.51     -96.82          13.20000    0.730505753
  71.52     -96.79          13.20000    0.730438916
  71.53     -96.76          13.20000    0.730385379
  71.54     -96.73          13.20000    0.730345137
  71.55     -96.70          13.20000    0.730318187
  71.56     -96.67          13.20000    0.730304527
  71.57     -96.65          13.20000    0.730304086
  71.57     -96.65          13.20000    0.730304086
  71.57     -96.65          13.20000    0.730304086
  71.57     -96.65          13.20000    0.730304086
  71.57     -96.65          13.20000    0.730304086
  71.57     -96.65          13.20000    0.730304086
  71.57     -96.65          13.20000    0.730304086
  71.57     -96.65          13.20000    0.730304086
  71.57     -96.65          13.20000    0.730304086
  71.57     -96.65          13.20000    0.730304086
  71.57     -96.65          13.20000    0.730304086
  71.57     -96.65          13.20000    0.730304086
  71.57     -96.65          13.20000    0.730304086
  71.57     -96.65          13.20000    0.730304086
  71.57     -96.65          13.20000    0.730304086
  71.57     -96.65          13.20000    0.730304086
  71.57     -96.65          13.20000    0.730304086
  71.57     -96.65          13.20000    0.730304086
  71.57     -96.65          13.20000    0.730304086
  71.57     -96.65          13.20000    0.730304086
  71.57     -96.65          13.20000    0.730304086
  71.57     -96.65          13.20000    0.730304086
  71.57     -96.65          13.20000    0.730304086
  71.57     -96.65          13.20000    0.730304086
  71.57     -96.65          13.20000    0.730304086
  71.57     -96.65          13.20000    0.730304086
  71.57     -96.65          13.20000    0.730304086
  71.57     -96.65          13.20000    0.730304086
  71.57     -96.65          13.20000    0.730304086
  71.57     -96.65          13.20000    0.730304086
  71.57     -96.65          13.20000    0.730304086
  71.57     -96.65          13.20000    0.730304086
  71.57     -96.65          13.20000    0.730304086
  71.57     -96.65          13.20000    0.730304086
  71.57     -96.65          13.20000    0.730304086
  71.57     -96.65          13.20000    0.730304086
  71.57     -96.65          13.20000    0.730304086
  71.57     -96.65          13.20000    0.730304086
  71.57     -96.65          13.20000    0.730304086
  71.57     -96.65          13.20000    0.730304086
  71.57     -96.65          13.20000    0.730304086
  71.57     -96.65          13.20000    0.730304086
  71.57     -96.65          13.20000    0.730304086
  71.57     -96.65          13.20000    0.730304086
  71.57     -96.65          13.20000    0.730304086
  71.57     -96.65          13.20000    0.730304086
  71.57     -96.65          13.20000    0.730304086
  71.57     -96.65          13.20000    0.730304086
  71.57     -96.65          13.20000    0.730304086
  71.57     -96.65          13.20000    0.730304086
  71.57     -96.65          13.20000    0.730304086
  71.57     -96.65          13.20000    0.730304086
  71.57     -96.65          13.20000    0.730304086
  71.57     -96.65          13.20000    0.730304086
