Script started on Thu 24 Sep 2020 10:40:51 AM CDT
nhsin.txt
71.58,-93.64,14.78000
 Enter datafile name: 
 Enter Best fit Rotation (lat, lon, ang): 
   71.579999999999998       -93.640000000000001        14.779999999999999     
 Data read in: 
  -50.46     222.99    2.0   0.4  276.7
  -47.66     208.37    2.4   0.4  295.7
 Rotated: 
  -50.46     222.99    2.0   0.4  276.7
  -51.19    -134.04    2.4   0.4  111.0
 Data read in: 
   20.15     205.32    0.8   0.5  287.7
   24.78     191.57    1.2   0.5  292.1
 Rotated: 
   20.15     205.32    0.8   0.5  287.7
   20.46    -155.12    1.2   0.5  110.3
 Eigens: Lat, Lon, Evalue, Error level at evalue
 Initial Error=   0.70877416611539179     
              44.67   -129.05      1.76      1.72
 Initial Error=   0.70877416611538979     
             -11.16    -50.29      0.44      1.71
 Initial Error=   0.70877416611494615     
              43.18     29.04      1.19      1.71
 finished

Script done on Thu 24 Sep 2020 10:40:52 AM CDT
