  71.10     -92.60          15.57000    0.730450862
  71.11     -92.60          15.57000    0.728359897
  71.12     -92.60          15.57000    0.726326553
  71.13     -92.60          15.57000    0.724350757
  71.14     -92.60          15.57000    0.722432430
  71.15     -92.60          15.56000    0.720571373
  71.16     -92.60          15.56000    0.718763477
  71.17     -92.60          15.56000    0.717012732
  71.18     -92.60          15.56000    0.715319035
  71.19     -92.60          15.56000    0.713682274
  71.20     -92.60          15.56000    0.712102334
  71.21     -92.60          15.56000    0.710579092
  71.22     -92.60          15.56000    0.709112422
  71.23     -92.60          15.56000    0.707702189
  71.24     -92.60          15.56000    0.706348256
  71.25     -92.60          15.56000    0.705050481
  71.26     -92.60          15.56000    0.703808718
  71.27     -92.60          15.56000    0.702622814
  71.28     -92.60          15.56000    0.701492616
  71.29     -92.60          15.56000    0.700417966
  71.30     -92.60          15.56000    0.699398703
  71.31     -92.60          15.56000    0.698434663
  71.32     -92.60          15.56000    0.697525681
  71.33     -92.60          15.56000    0.696671587
  71.34     -92.60          15.56000    0.695872211
  71.35     -92.60          15.55000    0.695123522
  71.36     -92.60          15.55000    0.694428820
  71.37     -92.60          15.55000    0.693788356
  71.38     -92.60          15.55000    0.693201958
  71.39     -92.60          15.55000    0.692669452
  71.40     -92.60          15.55000    0.692190663
  71.41     -92.60          15.55000    0.691765419
  71.42     -92.60          15.55000    0.691393543
  71.43     -92.60          15.55000    0.691074861
  71.44     -92.57          15.55000    0.690798633
  71.45     -92.54          15.55000    0.690545740
  71.46     -92.51          15.55000    0.690316130
  71.47     -92.48          15.55000    0.690109753
  71.48     -92.45          15.55000    0.689926557
  71.49     -92.42          15.55000    0.689766490
  71.50     -92.39          15.54000    0.689628428
  71.51     -92.36          15.54000    0.689508061
  71.52     -92.33          15.54000    0.689410745
  71.53     -92.30          15.54000    0.689336431
  71.54     -92.27          15.54000    0.689285074
  71.55     -92.24          15.54000    0.689256625
  71.56     -92.21          15.54000    0.689251041
  71.56     -92.21          15.54000    0.689251041
  71.56     -92.21          15.54000    0.689251041
  71.56     -92.21          15.54000    0.689251041
  71.56     -92.21          15.54000    0.689251041
  71.56     -92.21          15.54000    0.689251041
  71.56     -92.21          15.54000    0.689251041
  71.56     -92.21          15.54000    0.689251041
  71.56     -92.21          15.54000    0.689251041
  71.56     -92.21          15.54000    0.689251041
  71.56     -92.21          15.54000    0.689251041
  71.56     -92.21          15.54000    0.689251041
  71.56     -92.21          15.54000    0.689251041
  71.56     -92.21          15.54000    0.689251041
  71.56     -92.21          15.54000    0.689251041
  71.56     -92.21          15.54000    0.689251041
  71.56     -92.21          15.54000    0.689251041
  71.56     -92.21          15.54000    0.689251041
  71.56     -92.21          15.54000    0.689251041
  71.56     -92.21          15.54000    0.689251041
  71.56     -92.21          15.54000    0.689251041
  71.56     -92.21          15.54000    0.689251041
  71.56     -92.21          15.54000    0.689251041
  71.56     -92.21          15.54000    0.689251041
  71.56     -92.21          15.54000    0.689251041
  71.56     -92.21          15.54000    0.689251041
  71.56     -92.21          15.54000    0.689251041
  71.56     -92.21          15.54000    0.689251041
  71.56     -92.21          15.54000    0.689251041
  71.56     -92.21          15.54000    0.689251041
  71.56     -92.21          15.54000    0.689251041
  71.56     -92.21          15.54000    0.689251041
  71.56     -92.21          15.54000    0.689251041
  71.56     -92.21          15.54000    0.689251041
  71.56     -92.21          15.54000    0.689251041
  71.56     -92.21          15.54000    0.689251041
  71.56     -92.21          15.54000    0.689251041
  71.56     -92.21          15.54000    0.689251041
  71.56     -92.21          15.54000    0.689251041
  71.56     -92.21          15.54000    0.689251041
  71.56     -92.21          15.54000    0.689251041
  71.56     -92.21          15.54000    0.689251041
  71.56     -92.21          15.54000    0.689251041
  71.56     -92.21          15.54000    0.689251041
  71.56     -92.21          15.54000    0.689251041
  71.56     -92.21          15.54000    0.689251041
  71.56     -92.21          15.54000    0.689251041
  71.56     -92.21          15.54000    0.689251041
  71.56     -92.21          15.54000    0.689251041
  71.56     -92.21          15.54000    0.689251041
  71.56     -92.21          15.54000    0.689251041
  71.56     -92.21          15.54000    0.689251041
  71.56     -92.21          15.54000    0.689251041
  71.56     -92.21          15.54000    0.689251041
  71.56     -92.21          15.54000    0.689251041
