Script started on Thu 24 Sep 2020 10:41:40 AM CDT
nhsin.txt
71.53,-90.79,16.29000
 Enter datafile name: 
 Enter Best fit Rotation (lat, lon, ang): 
   71.530000000000001       -90.790000000000006        16.289999999999999     
 Data read in: 
  -50.46     222.99    2.0   0.4  276.7
  -47.15     206.86    2.5   0.4  297.7
 Rotated: 
  -50.46     222.99    2.0   0.4  276.7
  -51.25    -134.07    2.5   0.4  112.9
 Data read in: 
   20.15     205.32    0.8   0.5  287.7
   25.33     190.09    1.3   0.5  292.6
 Rotated: 
   20.15     205.32    0.8   0.5  287.7
   20.45    -155.13    1.3   0.5  110.8
 Eigens: Lat, Lon, Evalue, Error level at evalue
 Initial Error=   0.66110345115864266     
              54.23   -118.93      1.70      1.67
 Initial Error=   0.66110345115863378     
             -13.19    -47.91      0.44      1.71
 Initial Error=   0.66110345115863978     
              32.56     33.49      1.18      1.68
 finished

Script done on Thu 24 Sep 2020 10:41:41 AM CDT
