  71.00     -91.40          16.33000    0.719101699
  71.01     -91.40          16.33000    0.716458198
  71.02     -91.40          16.33000    0.713881038
  71.03     -91.40          16.33000    0.711370250
  71.04     -91.40          16.33000    0.708925853
  71.05     -91.40          16.32000    0.706543592
  71.06     -91.40          16.32000    0.704226568
  71.07     -91.40          16.32000    0.701975851
  71.08     -91.40          16.32000    0.699791417
  71.09     -91.40          16.32000    0.697673226
  71.10     -91.40          16.32000    0.695621229
  71.11     -91.40          16.32000    0.693635364
  71.12     -91.40          16.32000    0.691715560
  71.13     -91.40          16.32000    0.689861733
  71.14     -91.40          16.32000    0.688073787
  71.15     -91.40          16.32000    0.686351617
  71.16     -91.40          16.32000    0.684695108
  71.17     -91.40          16.32000    0.683104134
  71.18     -91.40          16.32000    0.681578558
  71.19     -91.40          16.31000    0.680114119
  71.20     -91.40          16.31000    0.678712752
  71.21     -91.40          16.31000    0.677376306
  71.22     -91.40          16.31000    0.676104617
  71.23     -91.40          16.31000    0.674897512
  71.24     -91.40          16.31000    0.673754809
  71.25     -91.40          16.31000    0.672676323
  71.26     -91.40          16.31000    0.671661860
  71.27     -91.40          16.31000    0.670711221
  71.28     -91.40          16.31000    0.669824200
  71.29     -91.40          16.31000    0.669000588
  71.30     -91.40          16.31000    0.668240171
  71.31     -91.40          16.31000    0.667542728
  71.32     -91.40          16.30000    0.666905090
  71.33     -91.40          16.30000    0.666326919
  71.34     -91.38          16.30000    0.665801598
  71.35     -91.35          16.30000    0.665305668
  71.36     -91.32          16.30000    0.664838192
  71.37     -91.28          16.30000    0.664399064
  71.38     -91.25          16.30000    0.663988042
  71.39     -91.22          16.30000    0.663605240
  71.40     -91.19          16.30000    0.663250575
  71.41     -91.16          16.30000    0.662923967
  71.42     -91.13          16.30000    0.662625333
  71.43     -91.10          16.30000    0.662354587
  71.44     -91.07          16.29000    0.662107571
  71.45     -91.04          16.29000    0.661885909
  71.46     -91.01          16.29000    0.661691970
  71.47     -90.98          16.29000    0.661525670
  71.48     -90.95          16.29000    0.661386929
  71.49     -90.92          16.29000    0.661275664
  71.50     -90.89          16.29000    0.661191795
  71.51     -90.86          16.29000    0.661135243
  71.52     -90.82          16.29000    0.661105835
  71.53     -90.79          16.29000    0.661103451
  71.53     -90.79          16.29000    0.661103451
  71.53     -90.79          16.29000    0.661103451
  71.53     -90.79          16.29000    0.661103451
  71.53     -90.79          16.29000    0.661103451
  71.53     -90.79          16.29000    0.661103451
  71.53     -90.79          16.29000    0.661103451
  71.53     -90.79          16.29000    0.661103451
  71.53     -90.79          16.29000    0.661103451
  71.53     -90.79          16.29000    0.661103451
  71.53     -90.79          16.29000    0.661103451
  71.53     -90.79          16.29000    0.661103451
  71.53     -90.79          16.29000    0.661103451
  71.53     -90.79          16.29000    0.661103451
  71.53     -90.79          16.29000    0.661103451
  71.53     -90.79          16.29000    0.661103451
  71.53     -90.79          16.29000    0.661103451
  71.53     -90.79          16.29000    0.661103451
  71.53     -90.79          16.29000    0.661103451
  71.53     -90.79          16.29000    0.661103451
  71.53     -90.79          16.29000    0.661103451
  71.53     -90.79          16.29000    0.661103451
  71.53     -90.79          16.29000    0.661103451
  71.53     -90.79          16.29000    0.661103451
  71.53     -90.79          16.29000    0.661103451
  71.53     -90.79          16.29000    0.661103451
  71.53     -90.79          16.29000    0.661103451
  71.53     -90.79          16.29000    0.661103451
  71.53     -90.79          16.29000    0.661103451
  71.53     -90.79          16.29000    0.661103451
  71.53     -90.79          16.29000    0.661103451
  71.53     -90.79          16.29000    0.661103451
  71.53     -90.79          16.29000    0.661103451
  71.53     -90.79          16.29000    0.661103451
  71.53     -90.79          16.29000    0.661103451
  71.53     -90.79          16.29000    0.661103451
  71.53     -90.79          16.29000    0.661103451
  71.53     -90.79          16.29000    0.661103451
  71.53     -90.79          16.29000    0.661103451
  71.53     -90.79          16.29000    0.661103451
  71.53     -90.79          16.29000    0.661103451
  71.53     -90.79          16.29000    0.661103451
  71.53     -90.79          16.29000    0.661103451
  71.53     -90.79          16.29000    0.661103451
  71.53     -90.79          16.29000    0.661103451
  71.53     -90.79          16.29000    0.661103451
  71.53     -90.79          16.29000    0.661103451
  71.53     -90.79          16.29000    0.661103451
