  71.00     -89.90          17.07000    0.691108698
  71.01     -89.90          17.07000    0.688209535
  71.02     -89.90          17.06000    0.685380252
  71.03     -89.90          17.06000    0.682625754
  71.04     -89.90          17.06000    0.679947173
  71.05     -89.90          17.06000    0.677344560
  71.06     -89.90          17.06000    0.674817951
  71.07     -89.90          17.06000    0.672367366
  71.08     -89.90          17.06000    0.669992807
  71.09     -89.90          17.06000    0.667694259
  71.10     -89.90          17.06000    0.665471690
  71.11     -89.90          17.06000    0.663325054
  71.12     -89.90          17.05000    0.661253479
  71.13     -89.90          17.05000    0.659250570
  71.14     -89.90          17.05000    0.657323291
  71.15     -89.90          17.05000    0.655471532
  71.16     -89.90          17.05000    0.653695174
  71.17     -89.90          17.05000    0.651994077
  71.18     -89.90          17.05000    0.650368093
  71.19     -89.90          17.05000    0.648817057
  71.20     -89.90          17.05000    0.647340792
  71.21     -89.90          17.05000    0.645939109
  71.22     -89.90          17.04000    0.644609509
  71.23     -89.90          17.04000    0.643348086
  71.24     -89.90          17.04000    0.642160613
  71.25     -89.90          17.04000    0.641046866
  71.26     -89.90          17.04000    0.640006610
  71.27     -89.90          17.04000    0.639039604
  71.28     -89.90          17.04000    0.638145598
  71.29     -89.90          17.04000    0.637324334
  71.30     -89.90          17.04000    0.636575548
  71.31     -89.90          17.04000    0.635898970
  71.32     -89.90          17.03000    0.635289221
  71.33     -89.90          17.03000    0.634748205
  71.34     -89.88          17.03000    0.634269506
  71.35     -89.85          17.03000    0.633826232
  71.36     -89.82          17.03000    0.633416573
  71.37     -89.79          17.03000    0.633040409
  71.38     -89.75          17.03000    0.632697477
  71.39     -89.72          17.03000    0.632387576
  71.40     -89.69          17.03000    0.632110802
  71.41     -89.66          17.03000    0.631867030
  71.42     -89.63          17.03000    0.631656132
  71.43     -89.60          17.02000    0.631476675
  71.44     -89.57          17.02000    0.631324954
  71.45     -89.54          17.02000    0.631205835
  71.46     -89.51          17.02000    0.631119193
  71.47     -89.48          17.02000    0.631064905
  71.48     -89.45          17.02000    0.631042848
  71.48     -89.45          17.02000    0.631042848
  71.48     -89.45          17.02000    0.631042848
  71.48     -89.45          17.02000    0.631042848
  71.48     -89.45          17.02000    0.631042848
  71.48     -89.45          17.02000    0.631042848
  71.48     -89.45          17.02000    0.631042848
  71.48     -89.45          17.02000    0.631042848
  71.48     -89.45          17.02000    0.631042848
  71.48     -89.45          17.02000    0.631042848
  71.48     -89.45          17.02000    0.631042848
  71.48     -89.45          17.02000    0.631042848
  71.48     -89.45          17.02000    0.631042848
  71.48     -89.45          17.02000    0.631042848
  71.48     -89.45          17.02000    0.631042848
  71.48     -89.45          17.02000    0.631042848
  71.48     -89.45          17.02000    0.631042848
  71.48     -89.45          17.02000    0.631042848
  71.48     -89.45          17.02000    0.631042848
  71.48     -89.45          17.02000    0.631042848
  71.48     -89.45          17.02000    0.631042848
  71.48     -89.45          17.02000    0.631042848
  71.48     -89.45          17.02000    0.631042848
  71.48     -89.45          17.02000    0.631042848
  71.48     -89.45          17.02000    0.631042848
  71.48     -89.45          17.02000    0.631042848
  71.48     -89.45          17.02000    0.631042848
  71.48     -89.45          17.02000    0.631042848
  71.48     -89.45          17.02000    0.631042848
  71.48     -89.45          17.02000    0.631042848
  71.48     -89.45          17.02000    0.631042848
  71.48     -89.45          17.02000    0.631042848
  71.48     -89.45          17.02000    0.631042848
  71.48     -89.45          17.02000    0.631042848
  71.48     -89.45          17.02000    0.631042848
  71.48     -89.45          17.02000    0.631042848
  71.48     -89.45          17.02000    0.631042848
  71.48     -89.45          17.02000    0.631042848
  71.48     -89.45          17.02000    0.631042848
  71.48     -89.45          17.02000    0.631042848
  71.48     -89.45          17.02000    0.631042848
  71.48     -89.45          17.02000    0.631042848
  71.48     -89.45          17.02000    0.631042848
  71.48     -89.45          17.02000    0.631042848
  71.48     -89.45          17.02000    0.631042848
  71.48     -89.45          17.02000    0.631042848
  71.48     -89.45          17.02000    0.631042848
  71.48     -89.45          17.02000    0.631042848
  71.48     -89.45          17.02000    0.631042848
  71.48     -89.45          17.02000    0.631042848
  71.48     -89.45          17.02000    0.631042848
  71.48     -89.45          17.02000    0.631042848
  71.48     -89.45          17.02000    0.631042848
