Script started on Thu 24 Sep 2020 10:42:47 AM CDT
nhsin.txt
71.36,-86.84,18.45000
 Enter datafile name: 
 Enter Best fit Rotation (lat, lon, ang): 
   71.359999999999999       -86.840000000000003        18.449999999999999     
 Data read in: 
  -50.46     222.99    2.0   0.4  276.7
  -46.35     204.75    2.8   0.4  300.5
 Rotated: 
  -50.46     222.99    2.0   0.4  276.7
  -51.32    -134.18    2.8   0.4  115.8
 Data read in: 
   20.15     205.32    0.8   0.5  287.7
   26.14     187.96    1.4   0.5  293.1
 Rotated: 
   20.15     205.32    0.8   0.5  287.7
   20.42    -155.12    1.4   0.5  111.6
 Eigens: Lat, Lon, Evalue, Error level at evalue
 Initial Error=   0.56234273529931433     
              64.37    -98.25      1.67      1.57
 Initial Error=   0.56234273529931433     
             -16.16    -45.42      0.43      1.61
 Initial Error=   0.56234273529896683     
              19.33     38.75      1.13      1.57
 finished

Script done on Thu 24 Sep 2020 10:42:47 AM CDT
