  70.90     -87.20          18.51000    0.637501009
  70.91     -87.20          18.51000    0.633830944
  70.92     -87.20          18.51000    0.630255105
  70.93     -87.20          18.51000    0.626773863
  70.94     -87.20          18.51000    0.623387572
  70.95     -87.20          18.51000    0.620096558
  70.96     -87.20          18.50000    0.616897555
  70.97     -87.20          18.50000    0.613786034
  70.98     -87.20          18.50000    0.610770524
  70.99     -87.20          18.50000    0.607851241
  71.00     -87.20          18.50000    0.605028370
  71.01     -87.20          18.50000    0.602302066
  71.02     -87.20          18.50000    0.599672453
  71.03     -87.20          18.49000    0.597127477
  71.04     -87.20          18.49000    0.594678791
  71.05     -87.20          18.49000    0.592326870
  71.06     -87.20          18.49000    0.590071711
  71.07     -87.20          18.49000    0.587913281
  71.08     -87.20          18.49000    0.585851513
  71.09     -87.20          18.48000    0.583873709
  71.10     -87.20          18.48000    0.581991708
  71.11     -87.20          18.48000    0.580205930
  71.12     -87.20          18.48000    0.578516202
  71.13     -87.20          18.48000    0.576922323
  71.14     -87.20          18.47000    0.575421736
  71.15     -87.20          18.47000    0.574005364
  71.16     -87.20          18.47000    0.572684079
  71.17     -87.20          18.47000    0.571457598
  71.18     -87.20          18.47000    0.570325616
  71.19     -87.20          18.47000    0.569287809
  71.20     -87.20          18.46000    0.568337347
  71.21     -87.20          18.46000    0.567473404
  71.22     -87.20          18.46000    0.566702622
  71.23     -87.20          18.46000    0.566024626
  71.24     -87.20          18.46000    0.565439029
  71.25     -87.18          18.46000    0.564933687
  71.26     -87.15          18.45000    0.564475824
  71.27     -87.12          18.45000    0.564057584
  71.28     -87.09          18.45000    0.563685621
  71.29     -87.06          18.45000    0.563359696
  71.30     -87.02          18.45000    0.563079557
  71.31     -86.99          18.45000    0.562844391
  71.32     -86.96          18.45000    0.562654515
  71.33     -86.93          18.45000    0.562509672
  71.34     -86.90          18.45000    0.562409602
  71.35     -86.87          18.45000    0.562354043
  71.36     -86.84          18.45000    0.562342735
  71.36     -86.84          18.45000    0.562342735
  71.36     -86.84          18.45000    0.562342735
  71.36     -86.84          18.45000    0.562342735
  71.36     -86.84          18.45000    0.562342735
  71.36     -86.84          18.45000    0.562342735
  71.36     -86.84          18.45000    0.562342735
  71.36     -86.84          18.45000    0.562342735
  71.36     -86.84          18.45000    0.562342735
  71.36     -86.84          18.45000    0.562342735
  71.36     -86.84          18.45000    0.562342735
  71.36     -86.84          18.45000    0.562342735
  71.36     -86.84          18.45000    0.562342735
  71.36     -86.84          18.45000    0.562342735
  71.36     -86.84          18.45000    0.562342735
  71.36     -86.84          18.45000    0.562342735
  71.36     -86.84          18.45000    0.562342735
  71.36     -86.84          18.45000    0.562342735
  71.36     -86.84          18.45000    0.562342735
  71.36     -86.84          18.45000    0.562342735
  71.36     -86.84          18.45000    0.562342735
  71.36     -86.84          18.45000    0.562342735
  71.36     -86.84          18.45000    0.562342735
  71.36     -86.84          18.45000    0.562342735
  71.36     -86.84          18.45000    0.562342735
  71.36     -86.84          18.45000    0.562342735
  71.36     -86.84          18.45000    0.562342735
  71.36     -86.84          18.45000    0.562342735
  71.36     -86.84          18.45000    0.562342735
  71.36     -86.84          18.45000    0.562342735
  71.36     -86.84          18.45000    0.562342735
  71.36     -86.84          18.45000    0.562342735
  71.36     -86.84          18.45000    0.562342735
  71.36     -86.84          18.45000    0.562342735
  71.36     -86.84          18.45000    0.562342735
  71.36     -86.84          18.45000    0.562342735
  71.36     -86.84          18.45000    0.562342735
  71.36     -86.84          18.45000    0.562342735
  71.36     -86.84          18.45000    0.562342735
  71.36     -86.84          18.45000    0.562342735
  71.36     -86.84          18.45000    0.562342735
  71.36     -86.84          18.45000    0.562342735
  71.36     -86.84          18.45000    0.562342735
  71.36     -86.84          18.45000    0.562342735
  71.36     -86.84          18.45000    0.562342735
  71.36     -86.84          18.45000    0.562342735
  71.36     -86.84          18.45000    0.562342735
  71.36     -86.84          18.45000    0.562342735
  71.36     -86.84          18.45000    0.562342735
  71.36     -86.84          18.45000    0.562342735
  71.36     -86.84          18.45000    0.562342735
  71.36     -86.84          18.45000    0.562342735
  71.36     -86.84          18.45000    0.562342735
  71.36     -86.84          18.45000    0.562342735
  71.36     -86.84          18.45000    0.562342735
