  72.80     -97.50           2.30000    0.261274616
  72.81     -97.50           2.30000    0.261238276
  72.82     -97.50           2.30000    0.261202925
  72.83     -97.50           2.30000    0.261168562
  72.84     -97.50           2.30000    0.261135187
  72.85     -97.50           2.30000    0.261102800
  72.86     -97.50           2.30000    0.261071400
  72.87     -97.50           2.30000    0.261040989
  72.88     -97.50           2.30000    0.261011566
  72.89     -97.50           2.30000    0.260983130
  72.90     -97.50           2.30000    0.260955683
  72.91     -97.50           2.30000    0.260929223
  72.92     -97.50           2.30000    0.260903751
  72.93     -97.50           2.30000    0.260879267
  72.94     -97.50           2.30000    0.260855771
  72.95     -97.50           2.30000    0.260833263
  72.96     -97.50           2.30000    0.260811743
  72.97     -97.50           2.30000    0.260791210
  72.98     -97.50           2.30000    0.260771665
  72.99     -97.50           2.30000    0.260753108
  73.00     -97.50           2.30000    0.260735539
  73.01     -97.50           2.30000    0.260718958
  73.02     -97.50           2.30000    0.260703364
  73.03     -97.50           2.30000    0.260688758
  73.04     -97.50           2.30000    0.260675140
  73.05     -97.50           2.30000    0.260662509
  73.06     -97.50           2.30000    0.260650866
  73.07     -97.50           2.30000    0.260640211
  73.08     -97.50           2.30000    0.260630544
  73.09     -97.50           2.30000    0.260621864
  73.10     -97.50           2.30000    0.260614172
  73.11     -97.50           2.30000    0.260607467
  73.12     -97.50           2.30000    0.260601750
  73.13     -97.50           2.30000    0.260597021
  73.14     -97.50           2.30000    0.260593279
  73.15     -97.50           2.30000    0.260590525
  73.16     -97.50           2.30000    0.260588758
  73.17     -97.50           2.30000    0.260587979
  73.17     -97.50           2.30000    0.260587979
  73.17     -97.50           2.30000    0.260587979
  73.17     -97.50           2.30000    0.260587979
  73.17     -97.50           2.30000    0.260587979
  73.17     -97.50           2.30000    0.260587979
  73.17     -97.50           2.30000    0.260587979
  73.17     -97.50           2.30000    0.260587979
  73.17     -97.50           2.30000    0.260587979
  73.17     -97.50           2.30000    0.260587979
  73.17     -97.50           2.30000    0.260587979
  73.17     -97.50           2.30000    0.260587979
  73.17     -97.50           2.30000    0.260587979
  73.17     -97.50           2.30000    0.260587979
  73.17     -97.50           2.30000    0.260587979
  73.17     -97.50           2.30000    0.260587979
  73.17     -97.50           2.30000    0.260587979
  73.17     -97.50           2.30000    0.260587979
  73.17     -97.50           2.30000    0.260587979
  73.17     -97.50           2.30000    0.260587979
  73.17     -97.50           2.30000    0.260587979
  73.17     -97.50           2.30000    0.260587979
  73.17     -97.50           2.30000    0.260587979
  73.17     -97.50           2.30000    0.260587979
  73.17     -97.50           2.30000    0.260587979
  73.17     -97.50           2.30000    0.260587979
  73.17     -97.50           2.30000    0.260587979
  73.17     -97.50           2.30000    0.260587979
  73.17     -97.50           2.30000    0.260587979
  73.17     -97.50           2.30000    0.260587979
  73.17     -97.50           2.30000    0.260587979
  73.17     -97.50           2.30000    0.260587979
  73.17     -97.50           2.30000    0.260587979
  73.17     -97.50           2.30000    0.260587979
  73.17     -97.50           2.30000    0.260587979
  73.17     -97.50           2.30000    0.260587979
  73.17     -97.50           2.30000    0.260587979
  73.17     -97.50           2.30000    0.260587979
  73.17     -97.50           2.30000    0.260587979
  73.17     -97.50           2.30000    0.260587979
  73.17     -97.50           2.30000    0.260587979
  73.17     -97.50           2.30000    0.260587979
  73.17     -97.50           2.30000    0.260587979
  73.17     -97.50           2.30000    0.260587979
  73.17     -97.50           2.30000    0.260587979
  73.17     -97.50           2.30000    0.260587979
  73.17     -97.50           2.30000    0.260587979
  73.17     -97.50           2.30000    0.260587979
  73.17     -97.50           2.30000    0.260587979
  73.17     -97.50           2.30000    0.260587979
  73.17     -97.50           2.30000    0.260587979
  73.17     -97.50           2.30000    0.260587979
  73.17     -97.50           2.30000    0.260587979
  73.17     -97.50           2.30000    0.260587979
  73.17     -97.50           2.30000    0.260587979
  73.17     -97.50           2.30000    0.260587979
  73.17     -97.50           2.30000    0.260587979
  73.17     -97.50           2.30000    0.260587979
  73.17     -97.50           2.30000    0.260587979
  73.17     -97.50           2.30000    0.260587979
  73.17     -97.50           2.30000    0.260587979
  73.17     -97.50           2.30000    0.260587979
  73.17     -97.50           2.30000    0.260587979
  73.17     -97.50           2.30000    0.260587979
