  70.80     -86.10          19.22000    0.613853143
  70.81     -86.10          19.22000    0.609758177
  70.82     -86.10          19.22000    0.605764090
  70.83     -86.10          19.22000    0.601871462
  70.84     -86.10          19.21000    0.598073857
  70.85     -86.10          19.21000    0.594371191
  70.86     -86.10          19.21000    0.590771674
  70.87     -86.10          19.21000    0.587275827
  70.88     -86.10          19.21000    0.583884150
  70.89     -86.10          19.20000    0.580592382
  70.90     -86.10          19.20000    0.577395606
  70.91     -86.10          19.20000    0.574304276
  70.92     -86.10          19.20000    0.571318770
  70.93     -86.10          19.20000    0.568439433
  70.94     -86.10          19.19000    0.565662638
  70.95     -86.10          19.19000    0.562981239
  70.96     -86.10          19.19000    0.560406719
  70.97     -86.10          19.19000    0.557939267
  70.98     -86.10          19.19000    0.555579035
  70.99     -86.10          19.18000    0.553320361
  71.00     -86.10          19.18000    0.551158997
  71.01     -86.10          19.18000    0.549104951
  71.02     -86.10          19.18000    0.547158211
  71.03     -86.10          19.18000    0.545318726
  71.04     -86.10          19.17000    0.543576036
  71.05     -86.10          19.17000    0.541934420
  71.06     -86.10          19.17000    0.540399604
  71.07     -86.10          19.17000    0.538971392
  71.08     -86.10          19.16000    0.537649083
  71.09     -86.10          19.16000    0.536416802
  71.10     -86.10          19.16000    0.535290317
  71.11     -86.10          19.16000    0.534269315
  71.12     -86.10          19.16000    0.533353455
  71.13     -86.08          19.15000    0.532521895
  71.14     -86.05          19.15000    0.531739313
  71.15     -86.01          19.15000    0.531012269
  71.16     -85.98          19.15000    0.530339953
  71.17     -85.95          19.15000    0.529722731
  71.18     -85.92          19.15000    0.529160342
  71.19     -85.89          19.15000    0.528652508
  71.20     -85.86          19.15000    0.528198935
  71.21     -85.83          19.15000    0.527799313
  71.22     -85.80          19.14000    0.527452019
  71.23     -85.77          19.14000    0.527151375
  71.24     -85.74          19.14000    0.526903847
  71.25     -85.71          19.14000    0.526709096
  71.26     -85.68          19.14000    0.526566776
  71.27     -85.65          19.14000    0.526476537
  71.28     -85.61          19.14000    0.526437449
  71.28     -85.61          19.14000    0.526437449
  71.28     -85.61          19.14000    0.526437449
  71.28     -85.61          19.14000    0.526437449
  71.28     -85.61          19.14000    0.526437449
  71.28     -85.61          19.14000    0.526437449
  71.28     -85.61          19.14000    0.526437449
  71.28     -85.61          19.14000    0.526437449
  71.28     -85.61          19.14000    0.526437449
  71.28     -85.61          19.14000    0.526437449
  71.28     -85.61          19.14000    0.526437449
  71.28     -85.61          19.14000    0.526437449
  71.28     -85.61          19.14000    0.526437449
  71.28     -85.61          19.14000    0.526437449
  71.28     -85.61          19.14000    0.526437449
  71.28     -85.61          19.14000    0.526437449
  71.28     -85.61          19.14000    0.526437449
  71.28     -85.61          19.14000    0.526437449
  71.28     -85.61          19.14000    0.526437449
  71.28     -85.61          19.14000    0.526437449
  71.28     -85.61          19.14000    0.526437449
  71.28     -85.61          19.14000    0.526437449
  71.28     -85.61          19.14000    0.526437449
  71.28     -85.61          19.14000    0.526437449
  71.28     -85.61          19.14000    0.526437449
  71.28     -85.61          19.14000    0.526437449
  71.28     -85.61          19.14000    0.526437449
  71.28     -85.61          19.14000    0.526437449
  71.28     -85.61          19.14000    0.526437449
  71.28     -85.61          19.14000    0.526437449
  71.28     -85.61          19.14000    0.526437449
  71.28     -85.61          19.14000    0.526437449
  71.28     -85.61          19.14000    0.526437449
  71.28     -85.61          19.14000    0.526437449
  71.28     -85.61          19.14000    0.526437449
  71.28     -85.61          19.14000    0.526437449
  71.28     -85.61          19.14000    0.526437449
  71.28     -85.61          19.14000    0.526437449
  71.28     -85.61          19.14000    0.526437449
  71.28     -85.61          19.14000    0.526437449
  71.28     -85.61          19.14000    0.526437449
  71.28     -85.61          19.14000    0.526437449
  71.28     -85.61          19.14000    0.526437449
  71.28     -85.61          19.14000    0.526437449
  71.28     -85.61          19.14000    0.526437449
  71.28     -85.61          19.14000    0.526437449
  71.28     -85.61          19.14000    0.526437449
  71.28     -85.61          19.14000    0.526437449
  71.28     -85.61          19.14000    0.526437449
  71.28     -85.61          19.14000    0.526437449
  71.28     -85.61          19.14000    0.526437449
  71.28     -85.61          19.14000    0.526437449
  71.28     -85.61          19.14000    0.526437449
