  70.70     -84.90          19.92000    0.592836185
  70.71     -84.90          19.92000    0.588219881
  70.72     -84.90          19.92000    0.583709994
  70.73     -84.90          19.92000    0.579307237
  70.74     -84.90          19.91000    0.574995505
  70.75     -84.90          19.91000    0.570790531
  70.76     -84.90          19.91000    0.566695033
  70.77     -84.90          19.91000    0.562709754
  70.78     -84.90          19.90000    0.558819250
  70.79     -84.90          19.90000    0.555038397
  70.80     -84.90          19.90000    0.551370026
  70.81     -84.90          19.90000    0.547814836
  70.82     -84.90          19.89000    0.544359328
  70.83     -84.90          19.89000    0.541014353
  70.84     -84.90          19.89000    0.537784491
  70.85     -84.90          19.89000    0.534670319
  70.86     -84.90          19.88000    0.531660087
  70.87     -84.90          19.88000    0.528760493
  70.88     -84.90          19.88000    0.525978002
  70.89     -84.90          19.88000    0.523313014
  70.90     -84.90          19.87000    0.520754198
  70.91     -84.90          19.87000    0.518306407
  70.92     -84.90          19.87000    0.515976907
  70.93     -84.90          19.87000    0.513765891
  70.94     -84.90          19.86000    0.511660550
  70.95     -84.90          19.86000    0.509667568
  70.96     -84.90          19.86000    0.507793217
  70.97     -84.90          19.86000    0.506037482
  70.98     -84.90          19.85000    0.504384180
  70.99     -84.90          19.85000    0.502845710
  71.00     -84.90          19.85000    0.501425422
  71.01     -84.90          19.84000    0.500122279
  71.02     -84.90          19.84000    0.498917775
  71.03     -84.90          19.84000    0.497830664
  71.04     -84.87          19.84000    0.496841533
  71.05     -84.84          19.84000    0.495917262
  71.06     -84.81          19.84000    0.495057654
  71.07     -84.79          19.83000    0.494256803
  71.08     -84.76          19.83000    0.493516727
  71.09     -84.72          19.83000    0.492840002
  71.10     -84.69          19.83000    0.492226869
  71.11     -84.66          19.83000    0.491677013
  71.12     -84.63          19.83000    0.491190068
  71.13     -84.60          19.83000    0.490765644
  71.14     -84.57          19.83000    0.490403329
  71.15     -84.54          19.82000    0.490097460
  71.16     -84.51          19.82000    0.489849332
  71.17     -84.48          19.82000    0.489662173
  71.18     -84.45          19.82000    0.489535525
  71.19     -84.42          19.82000    0.489468921
  71.20     -84.39          19.82000    0.489461887
  71.20     -84.39          19.82000    0.489461887
  71.20     -84.39          19.82000    0.489461887
  71.20     -84.39          19.82000    0.489461887
  71.20     -84.39          19.82000    0.489461887
  71.20     -84.39          19.82000    0.489461887
  71.20     -84.39          19.82000    0.489461887
  71.20     -84.39          19.82000    0.489461887
  71.20     -84.39          19.82000    0.489461887
  71.20     -84.39          19.82000    0.489461887
  71.20     -84.39          19.82000    0.489461887
  71.20     -84.39          19.82000    0.489461887
  71.20     -84.39          19.82000    0.489461887
  71.20     -84.39          19.82000    0.489461887
  71.20     -84.39          19.82000    0.489461887
  71.20     -84.39          19.82000    0.489461887
  71.20     -84.39          19.82000    0.489461887
  71.20     -84.39          19.82000    0.489461887
  71.20     -84.39          19.82000    0.489461887
  71.20     -84.39          19.82000    0.489461887
  71.20     -84.39          19.82000    0.489461887
  71.20     -84.39          19.82000    0.489461887
  71.20     -84.39          19.82000    0.489461887
  71.20     -84.39          19.82000    0.489461887
  71.20     -84.39          19.82000    0.489461887
  71.20     -84.39          19.82000    0.489461887
  71.20     -84.39          19.82000    0.489461887
  71.20     -84.39          19.82000    0.489461887
  71.20     -84.39          19.82000    0.489461887
  71.20     -84.39          19.82000    0.489461887
  71.20     -84.39          19.82000    0.489461887
  71.20     -84.39          19.82000    0.489461887
  71.20     -84.39          19.82000    0.489461887
  71.20     -84.39          19.82000    0.489461887
  71.20     -84.39          19.82000    0.489461887
  71.20     -84.39          19.82000    0.489461887
  71.20     -84.39          19.82000    0.489461887
  71.20     -84.39          19.82000    0.489461887
  71.20     -84.39          19.82000    0.489461887
  71.20     -84.39          19.82000    0.489461887
  71.20     -84.39          19.82000    0.489461887
  71.20     -84.39          19.82000    0.489461887
  71.20     -84.39          19.82000    0.489461887
  71.20     -84.39          19.82000    0.489461887
  71.20     -84.39          19.82000    0.489461887
  71.20     -84.39          19.82000    0.489461887
  71.20     -84.39          19.82000    0.489461887
  71.20     -84.39          19.82000    0.489461887
  71.20     -84.39          19.82000    0.489461887
  71.20     -84.39          19.82000    0.489461887
  71.20     -84.39          19.82000    0.489461887
