Script started on Thu 24 Sep 2020 10:44:08 AM CDT
nhsin.txt
71.20,-84.39,19.82000
 Enter datafile name: 
 Enter Best fit Rotation (lat, lon, ang): 
   71.200000000000003       -84.390000000000001        19.820000000000000     
 Data read in: 
  -50.46     222.99    2.0   0.4  276.7
  -45.79     203.43    2.9   0.4  302.3
 Rotated: 
  -50.46     222.99    2.0   0.4  276.7
  -51.36    -134.29    2.9   0.4  117.6
 Data read in: 
   20.15     205.32    0.8   0.5  287.7
   26.67     186.60    1.5   0.5  293.5
 Rotated: 
   20.15     205.32    0.8   0.5  287.7
   20.41    -155.11    1.5   0.5  112.2
 Eigens: Lat, Lon, Evalue, Error level at evalue
 Initial Error=   0.48946188731918211     
              66.80    -86.12      1.70      1.49
 Initial Error=   0.48946188731910983     
             -17.69    -44.19      0.42      1.51
 Initial Error=   0.48946188731918455     
              14.52     41.07      1.09      1.49
 finished

Script done on Thu 24 Sep 2020 10:44:08 AM CDT
