  70.60     -83.70          20.62000    0.573207738
  70.61     -83.70          20.61000    0.568110709
  70.62     -83.70          20.61000    0.563104498
  70.63     -83.70          20.61000    0.558210659
  70.64     -83.70          20.60000    0.553425130
  70.65     -83.70          20.60000    0.548734435
  70.66     -83.70          20.60000    0.544158658
  70.67     -83.70          20.59000    0.539696350
  70.68     -83.70          20.59000    0.535329987
  70.69     -83.70          20.59000    0.531081386
  70.70     -83.70          20.59000    0.526951467
  70.71     -83.70          20.58000    0.522921731
  70.72     -83.70          20.58000    0.519009758
  70.73     -83.70          20.58000    0.515219407
  70.74     -83.70          20.57000    0.511539731
  70.75     -83.70          20.57000    0.507973441
  70.76     -83.70          20.57000    0.504531515
  70.77     -83.70          20.56000    0.501211257
  70.78     -83.70          20.56000    0.497998645
  70.79     -83.70          20.56000    0.494912751
  70.80     -83.70          20.56000    0.491954268
  70.81     -83.70          20.55000    0.489106495
  70.82     -83.70          20.55000    0.486382541
  70.83     -83.70          20.55000    0.483787641
  70.84     -83.70          20.54000    0.481312106
  70.85     -83.70          20.54000    0.478954069
  70.86     -83.70          20.54000    0.476726100
  70.87     -83.70          20.53000    0.474624354
  70.88     -83.70          20.53000    0.472634249
  70.89     -83.70          20.53000    0.470774601
  70.90     -83.70          20.53000    0.469045443
  70.91     -83.70          20.52000    0.467424234
  70.92     -83.70          20.52000    0.465932513
  70.93     -83.70          20.52000    0.464570902
  70.94     -83.70          20.51000    0.463320248
  70.95     -83.70          20.51000    0.462194551
  70.96     -83.66          20.51000    0.461163597
  70.97     -83.63          20.51000    0.460206562
  70.98     -83.61          20.50000    0.459323529
  70.99     -83.58          20.50000    0.458504218
  71.00     -83.55          20.50000    0.457758525
  71.01     -83.52          20.50000    0.457086100
  71.02     -83.49          20.50000    0.456486547
  71.03     -83.46          20.50000    0.455959430
  71.04     -83.43          20.50000    0.455504273
  71.05     -83.40          20.49000    0.455118988
  71.06     -83.37          20.49000    0.454796082
  71.07     -83.34          20.49000    0.454543718
  71.08     -83.31          20.49000    0.454361324
  71.09     -83.28          20.49000    0.454248310
  71.10     -83.25          20.49000    0.454204066
  71.10     -83.25          20.49000    0.454204066
  71.10     -83.25          20.49000    0.454204066
  71.10     -83.25          20.49000    0.454204066
  71.10     -83.25          20.49000    0.454204066
  71.10     -83.25          20.49000    0.454204066
  71.10     -83.25          20.49000    0.454204066
  71.10     -83.25          20.49000    0.454204066
  71.10     -83.25          20.49000    0.454204066
  71.10     -83.25          20.49000    0.454204066
  71.10     -83.25          20.49000    0.454204066
  71.10     -83.25          20.49000    0.454204066
  71.10     -83.25          20.49000    0.454204066
  71.10     -83.25          20.49000    0.454204066
  71.10     -83.25          20.49000    0.454204066
  71.10     -83.25          20.49000    0.454204066
  71.10     -83.25          20.49000    0.454204066
  71.10     -83.25          20.49000    0.454204066
  71.10     -83.25          20.49000    0.454204066
  71.10     -83.25          20.49000    0.454204066
  71.10     -83.25          20.49000    0.454204066
  71.10     -83.25          20.49000    0.454204066
  71.10     -83.25          20.49000    0.454204066
  71.10     -83.25          20.49000    0.454204066
  71.10     -83.25          20.49000    0.454204066
  71.10     -83.25          20.49000    0.454204066
  71.10     -83.25          20.49000    0.454204066
  71.10     -83.25          20.49000    0.454204066
  71.10     -83.25          20.49000    0.454204066
  71.10     -83.25          20.49000    0.454204066
  71.10     -83.25          20.49000    0.454204066
  71.10     -83.25          20.49000    0.454204066
  71.10     -83.25          20.49000    0.454204066
  71.10     -83.25          20.49000    0.454204066
  71.10     -83.25          20.49000    0.454204066
  71.10     -83.25          20.49000    0.454204066
  71.10     -83.25          20.49000    0.454204066
  71.10     -83.25          20.49000    0.454204066
  71.10     -83.25          20.49000    0.454204066
  71.10     -83.25          20.49000    0.454204066
  71.10     -83.25          20.49000    0.454204066
  71.10     -83.25          20.49000    0.454204066
  71.10     -83.25          20.49000    0.454204066
  71.10     -83.25          20.49000    0.454204066
  71.10     -83.25          20.49000    0.454204066
  71.10     -83.25          20.49000    0.454204066
  71.10     -83.25          20.49000    0.454204066
  71.10     -83.25          20.49000    0.454204066
  71.10     -83.25          20.49000    0.454204066
  71.10     -83.25          20.49000    0.454204066
  71.10     -83.25          20.49000    0.454204066
