Script started on Thu 24 Sep 2020 10:44:58 AM CDT
nhsin.txt
71.00,-82.11,21.15000
 Enter datafile name: 
 Enter Best fit Rotation (lat, lon, ang): 
   71.000000000000000       -82.109999999999999        21.149999999999999     
 Data read in: 
  -50.46     222.99    2.0   0.4  276.7
  -45.22     202.19    3.1   0.4  304.0
 Rotated: 
  -50.46     222.99    2.0   0.4  276.7
  -51.38    -134.42    3.1   0.4  119.5
 Data read in: 
   20.15     205.32    0.8   0.5  287.7
   27.18     185.27    1.6   0.5  293.8
 Rotated: 
   20.15     205.32    0.8   0.5  287.7
   20.39    -155.09    1.6   0.5  112.8
 Eigens: Lat, Lon, Evalue, Error level at evalue
 Initial Error=   0.41875222495808229     
             -68.47    111.70      1.72      1.42
 Initial Error=   0.41875222495787562     
             -19.64    -43.06      0.42      1.45
 Initial Error=   0.41875222495787962     
              -8.48   -136.11      1.08      1.43
 finished

Script done on Thu 24 Sep 2020 10:44:58 AM CDT
