  70.40     -81.50          21.97000    0.516908393
  70.41     -81.50          21.97000    0.511374596
  70.42     -81.50          21.96000    0.505947066
  70.43     -81.50          21.96000    0.500628453
  70.44     -81.50          21.95000    0.495413215
  70.45     -81.50          21.95000    0.490311062
  70.46     -81.50          21.94000    0.485311313
  70.47     -81.50          21.94000    0.480428304
  70.48     -81.50          21.93000    0.475649334
  70.49     -81.50          21.93000    0.470989484
  70.50     -81.50          21.92000    0.466438258
  70.51     -81.50          21.92000    0.462006722
  70.52     -81.50          21.91000    0.457691366
  70.53     -81.50          21.91000    0.453494154
  70.54     -81.50          21.90000    0.449423372
  70.55     -81.50          21.90000    0.445467004
  70.56     -81.50          21.90000    0.441649213
  70.57     -81.50          21.89000    0.437940661
  70.58     -81.50          21.89000    0.434373357
  70.59     -81.50          21.88000    0.430929832
  70.60     -81.50          21.88000    0.427619352
  70.61     -81.50          21.87000    0.424447861
  70.62     -81.50          21.87000    0.421399908
  70.63     -81.50          21.87000    0.418500176
  70.64     -81.50          21.86000    0.415725677
  70.65     -81.50          21.86000    0.413095458
  70.66     -81.50          21.85000    0.410605052
  70.67     -81.50          21.85000    0.408247823
  70.68     -81.50          21.85000    0.406043339
  70.69     -81.50          21.84000    0.403962355
  70.70     -81.50          21.84000    0.402034330
  70.71     -81.50          21.83000    0.400242005
  70.72     -81.50          21.83000    0.398591479
  70.73     -81.49          21.82000    0.397086112
  70.74     -81.46          21.82000    0.395668891
  70.75     -81.43          21.82000    0.394347477
  70.76     -81.40          21.82000    0.393122000
  70.77     -81.37          21.82000    0.391992474
  70.78     -81.35          21.81000    0.390958149
  70.79     -81.32          21.81000    0.390006255
  70.80     -81.29          21.81000    0.389149645
  70.81     -81.26          21.81000    0.388387913
  70.82     -81.23          21.81000    0.387720551
  70.83     -81.21          21.80000    0.387145435
  70.84     -81.18          21.80000    0.386651455
  70.85     -81.15          21.80000    0.386249981
  70.86     -81.12          21.80000    0.385940213
  70.87     -81.09          21.80000    0.385721284
  70.88     -81.06          21.80000    0.385592269
  70.89     -81.04          21.79000    0.385541099
  70.89     -81.04          21.79000    0.385541099
  70.89     -81.04          21.79000    0.385541099
  70.89     -81.04          21.79000    0.385541099
  70.89     -81.04          21.79000    0.385541099
  70.89     -81.04          21.79000    0.385541099
  70.89     -81.04          21.79000    0.385541099
  70.89     -81.04          21.79000    0.385541099
  70.89     -81.04          21.79000    0.385541099
  70.89     -81.04          21.79000    0.385541099
  70.89     -81.04          21.79000    0.385541099
  70.89     -81.04          21.79000    0.385541099
  70.89     -81.04          21.79000    0.385541099
  70.89     -81.04          21.79000    0.385541099
  70.89     -81.04          21.79000    0.385541099
  70.89     -81.04          21.79000    0.385541099
  70.89     -81.04          21.79000    0.385541099
  70.89     -81.04          21.79000    0.385541099
  70.89     -81.04          21.79000    0.385541099
  70.89     -81.04          21.79000    0.385541099
  70.89     -81.04          21.79000    0.385541099
  70.89     -81.04          21.79000    0.385541099
  70.89     -81.04          21.79000    0.385541099
  70.89     -81.04          21.79000    0.385541099
  70.89     -81.04          21.79000    0.385541099
  70.89     -81.04          21.79000    0.385541099
  70.89     -81.04          21.79000    0.385541099
  70.89     -81.04          21.79000    0.385541099
  70.89     -81.04          21.79000    0.385541099
  70.89     -81.04          21.79000    0.385541099
  70.89     -81.04          21.79000    0.385541099
  70.89     -81.04          21.79000    0.385541099
  70.89     -81.04          21.79000    0.385541099
  70.89     -81.04          21.79000    0.385541099
  70.89     -81.04          21.79000    0.385541099
  70.89     -81.04          21.79000    0.385541099
  70.89     -81.04          21.79000    0.385541099
  70.89     -81.04          21.79000    0.385541099
  70.89     -81.04          21.79000    0.385541099
  70.89     -81.04          21.79000    0.385541099
  70.89     -81.04          21.79000    0.385541099
  70.89     -81.04          21.79000    0.385541099
  70.89     -81.04          21.79000    0.385541099
  70.89     -81.04          21.79000    0.385541099
  70.89     -81.04          21.79000    0.385541099
  70.89     -81.04          21.79000    0.385541099
  70.89     -81.04          21.79000    0.385541099
  70.89     -81.04          21.79000    0.385541099
  70.89     -81.04          21.79000    0.385541099
  70.89     -81.04          21.79000    0.385541099
  70.89     -81.04          21.79000    0.385541099
  70.89     -81.04          21.79000    0.385541099
