Script started on Thu 24 Sep 2020 10:45:43 AM CDT
nhsin.txt
70.77,-79.99,22.43000
 Enter datafile name: 
 Enter Best fit Rotation (lat, lon, ang): 
   70.769999999999996       -79.989999999999995        22.430000000000000     
 Data read in: 
  -50.46     222.99    2.0   0.4  276.7
  -44.64     201.00    3.2   0.4  305.6
 Rotated: 
  -50.46     222.99    2.0   0.4  276.7
  -51.39    -134.57    3.2   0.4  121.3
 Data read in: 
   20.15     205.32    0.8   0.5  287.7
   27.69     183.98    1.7   0.5  294.1
 Rotated: 
   20.15     205.32    0.8   0.5  287.7
   20.37    -155.07    1.7   0.5  113.4
 Eigens: Lat, Lon, Evalue, Error level at evalue
 Initial Error=   0.35268336143923512     
              67.59    -68.61      1.79      1.36
 Initial Error=   0.35268336143948753     
             -20.24    -42.01      0.42      1.39
 Initial Error=   0.35268336143923479     
               9.22     44.56      1.03      1.36
 finished

Script done on Thu 24 Sep 2020 10:45:44 AM CDT
