  70.30     -80.40          22.63000    0.485137926
  70.31     -80.40          22.63000    0.479493949
  70.32     -80.40          22.62000    0.473963919
  70.33     -80.40          22.62000    0.468549826
  70.34     -80.40          22.61000    0.463235109
  70.35     -80.40          22.60000    0.458040814
  70.36     -80.40          22.60000    0.452948514
  70.37     -80.40          22.59000    0.447968843
  70.38     -80.40          22.59000    0.443106118
  70.39     -80.40          22.58000    0.438344795
  70.40     -80.40          22.57000    0.433709899
  70.41     -80.40          22.57000    0.429178473
  70.42     -80.40          22.56000    0.424773482
  70.43     -80.40          22.56000    0.420483684
  70.44     -80.40          22.55000    0.416318153
  70.45     -80.40          22.55000    0.412277169
  70.46     -80.40          22.54000    0.408361569
  70.47     -80.40          22.54000    0.404577329
  70.48     -80.40          22.53000    0.400922240
  70.49     -80.40          22.53000    0.397402890
  70.50     -80.40          22.52000    0.394018302
  70.51     -80.40          22.52000    0.390771700
  70.52     -80.40          22.51000    0.387666465
  70.53     -80.40          22.51000    0.384699761
  70.54     -80.40          22.50000    0.381881243
  70.55     -80.40          22.50000    0.379200564
  70.56     -80.40          22.49000    0.376674474
  70.57     -80.40          22.49000    0.374284736
  70.58     -80.40          22.48000    0.372055135
  70.59     -80.40          22.48000    0.369959968
  70.60     -80.40          22.47000    0.368029377
  70.61     -80.40          22.47000    0.366231152
  70.62     -80.39          22.47000    0.364599555
  70.63     -80.38          22.46000    0.363080283
  70.64     -80.35          22.46000    0.361666812
  70.65     -80.32          22.46000    0.360360852
  70.66     -80.29          22.46000    0.359162590
  70.67     -80.27          22.45000    0.358061208
  70.68     -80.24          22.45000    0.357062179
  70.69     -80.21          22.45000    0.356170372
  70.70     -80.18          22.45000    0.355385364
  70.71     -80.16          22.44000    0.354698225
  70.72     -80.13          22.44000    0.354109102
  70.73     -80.10          22.44000    0.353624836
  70.74     -80.07          22.44000    0.353244526
  70.75     -80.05          22.43000    0.352963046
  70.76     -80.02          22.43000    0.352772665
  70.77     -79.99          22.43000    0.352683361
  70.77     -79.99          22.43000    0.352683361
  70.77     -79.99          22.43000    0.352683361
  70.77     -79.99          22.43000    0.352683361
  70.77     -79.99          22.43000    0.352683361
  70.77     -79.99          22.43000    0.352683361
  70.77     -79.99          22.43000    0.352683361
  70.77     -79.99          22.43000    0.352683361
  70.77     -79.99          22.43000    0.352683361
  70.77     -79.99          22.43000    0.352683361
  70.77     -79.99          22.43000    0.352683361
  70.77     -79.99          22.43000    0.352683361
  70.77     -79.99          22.43000    0.352683361
  70.77     -79.99          22.43000    0.352683361
  70.77     -79.99          22.43000    0.352683361
  70.77     -79.99          22.43000    0.352683361
  70.77     -79.99          22.43000    0.352683361
  70.77     -79.99          22.43000    0.352683361
  70.77     -79.99          22.43000    0.352683361
  70.77     -79.99          22.43000    0.352683361
  70.77     -79.99          22.43000    0.352683361
  70.77     -79.99          22.43000    0.352683361
  70.77     -79.99          22.43000    0.352683361
  70.77     -79.99          22.43000    0.352683361
  70.77     -79.99          22.43000    0.352683361
  70.77     -79.99          22.43000    0.352683361
  70.77     -79.99          22.43000    0.352683361
  70.77     -79.99          22.43000    0.352683361
  70.77     -79.99          22.43000    0.352683361
  70.77     -79.99          22.43000    0.352683361
  70.77     -79.99          22.43000    0.352683361
  70.77     -79.99          22.43000    0.352683361
  70.77     -79.99          22.43000    0.352683361
  70.77     -79.99          22.43000    0.352683361
  70.77     -79.99          22.43000    0.352683361
  70.77     -79.99          22.43000    0.352683361
  70.77     -79.99          22.43000    0.352683361
  70.77     -79.99          22.43000    0.352683361
  70.77     -79.99          22.43000    0.352683361
  70.77     -79.99          22.43000    0.352683361
  70.77     -79.99          22.43000    0.352683361
  70.77     -79.99          22.43000    0.352683361
  70.77     -79.99          22.43000    0.352683361
  70.77     -79.99          22.43000    0.352683361
  70.77     -79.99          22.43000    0.352683361
  70.77     -79.99          22.43000    0.352683361
  70.77     -79.99          22.43000    0.352683361
  70.77     -79.99          22.43000    0.352683361
  70.77     -79.99          22.43000    0.352683361
  70.77     -79.99          22.43000    0.352683361
  70.77     -79.99          22.43000    0.352683361
  70.77     -79.99          22.43000    0.352683361
  70.77     -79.99          22.43000    0.352683361
  70.77     -79.99          22.43000    0.352683361
