  70.10     -79.60          23.31000    0.498422508
  70.11     -79.60          23.30000    0.491953538
  70.12     -79.60          23.30000    0.485615925
  70.13     -79.60          23.29000    0.479423230
  70.14     -79.60          23.29000    0.473351245
  70.15     -79.60          23.28000    0.467422507
  70.16     -79.60          23.28000    0.461611088
  70.17     -79.60          23.27000    0.455933984
  70.18     -79.60          23.27000    0.450377911
  70.19     -79.60          23.26000    0.444940762
  70.20     -79.60          23.25000    0.439632386
  70.21     -79.60          23.25000    0.434427511
  70.22     -79.60          23.24000    0.429343166
  70.23     -79.60          23.23000    0.424379315
  70.24     -79.60          23.23000    0.419515137
  70.25     -79.60          23.22000    0.414766793
  70.26     -79.60          23.21000    0.410136354
  70.27     -79.60          23.21000    0.405609181
  70.28     -79.60          23.20000    0.401194721
  70.29     -79.60          23.19000    0.396901310
  70.30     -79.60          23.19000    0.392715871
  70.31     -79.60          23.18000    0.388647370
  70.32     -79.60          23.17000    0.384707480
  70.33     -79.60          23.17000    0.380876501
  70.34     -79.60          23.16000    0.377176441
  70.35     -79.60          23.16000    0.373605952
  70.36     -79.60          23.15000    0.370156715
  70.37     -79.60          23.14000    0.366852440
  70.38     -79.60          23.14000    0.363667951
  70.39     -79.60          23.13000    0.360632006
  70.40     -79.60          23.13000    0.357729734
  70.41     -79.60          23.12000    0.354972362
  70.42     -79.58          23.12000    0.352345492
  70.43     -79.55          23.12000    0.349825951
  70.44     -79.53          23.11000    0.347404675
  70.45     -79.50          23.11000    0.345083074
  70.46     -79.47          23.11000    0.342871762
  70.47     -79.44          23.11000    0.340772594
  70.48     -79.43          23.10000    0.338776401
  70.49     -79.40          23.10000    0.336888612
  70.50     -79.37          23.10000    0.335117408
  70.51     -79.34          23.10000    0.333463979
  70.52     -79.32          23.09000    0.331913835
  70.53     -79.29          23.09000    0.330480616
  70.54     -79.26          23.09000    0.329167217
  70.55     -79.25          23.08000    0.327968829
  70.56     -79.22          23.08000    0.326876273
  70.57     -79.19          23.08000    0.325903670
  70.58     -79.16          23.08000    0.325050693
  70.59     -79.14          23.07000    0.324302733
  70.60     -79.11          23.07000    0.323668705
  70.61     -79.08          23.07000    0.323152258
  70.62     -79.07          23.06000    0.322748255
  70.63     -79.04          23.06000    0.322445093
  70.64     -79.01          23.06000    0.322256405
  70.65     -78.98          23.06000    0.322180826
  70.65     -78.98          23.06000    0.322180826
  70.65     -78.98          23.06000    0.322180826
  70.65     -78.98          23.06000    0.322180826
  70.65     -78.98          23.06000    0.322180826
  70.65     -78.98          23.06000    0.322180826
  70.65     -78.98          23.06000    0.322180826
  70.65     -78.98          23.06000    0.322180826
  70.65     -78.98          23.06000    0.322180826
  70.65     -78.98          23.06000    0.322180826
  70.65     -78.98          23.06000    0.322180826
  70.65     -78.98          23.06000    0.322180826
  70.65     -78.98          23.06000    0.322180826
  70.65     -78.98          23.06000    0.322180826
  70.65     -78.98          23.06000    0.322180826
  70.65     -78.98          23.06000    0.322180826
  70.65     -78.98          23.06000    0.322180826
  70.65     -78.98          23.06000    0.322180826
  70.65     -78.98          23.06000    0.322180826
  70.65     -78.98          23.06000    0.322180826
  70.65     -78.98          23.06000    0.322180826
  70.65     -78.98          23.06000    0.322180826
  70.65     -78.98          23.06000    0.322180826
  70.65     -78.98          23.06000    0.322180826
  70.65     -78.98          23.06000    0.322180826
  70.65     -78.98          23.06000    0.322180826
  70.65     -78.98          23.06000    0.322180826
  70.65     -78.98          23.06000    0.322180826
  70.65     -78.98          23.06000    0.322180826
  70.65     -78.98          23.06000    0.322180826
  70.65     -78.98          23.06000    0.322180826
  70.65     -78.98          23.06000    0.322180826
  70.65     -78.98          23.06000    0.322180826
  70.65     -78.98          23.06000    0.322180826
  70.65     -78.98          23.06000    0.322180826
  70.65     -78.98          23.06000    0.322180826
  70.65     -78.98          23.06000    0.322180826
  70.65     -78.98          23.06000    0.322180826
  70.65     -78.98          23.06000    0.322180826
  70.65     -78.98          23.06000    0.322180826
  70.65     -78.98          23.06000    0.322180826
  70.65     -78.98          23.06000    0.322180826
  70.65     -78.98          23.06000    0.322180826
  70.65     -78.98          23.06000    0.322180826
  70.65     -78.98          23.06000    0.322180826
  70.65     -78.98          23.06000    0.322180826
