Script started on Thu 24 Sep 2020 10:46:07 AM CDT
nhsin.txt
70.65,-78.98,23.06000
 Enter datafile name: 
 Enter Best fit Rotation (lat, lon, ang): 
   70.650000000000006       -78.980000000000004        23.059999999999999     
 Data read in: 
  -50.46     222.99    2.0   0.4  276.7
  -44.34     200.44    3.3   0.4  306.4
 Rotated: 
  -50.46     222.99    2.0   0.4  276.7
  -51.39    -134.64    3.3   0.4  122.2
 Data read in: 
   20.15     205.32    0.8   0.5  287.7
   27.94     183.34    1.7   0.5  294.2
 Rotated: 
   20.15     205.32    0.8   0.5  287.7
   20.36    -155.05    1.7   0.5  113.8
 Eigens: Lat, Lon, Evalue, Error level at evalue
 Initial Error=   0.32218082555094746     
             -67.49    119.68      1.80      1.33
 Initial Error=   0.32218082555143179     
             -21.41    -41.45      0.42      1.36
 Initial Error=   0.32218082555094490     
              -6.62   -134.06      1.03      1.34
 finished

Script done on Thu 24 Sep 2020 10:46:07 AM CDT
