  70.00     -78.50          23.94000    0.465397040
  70.01     -78.50          23.94000    0.458777924
  70.02     -78.50          23.93000    0.452307827
  70.03     -78.50          23.93000    0.445981784
  70.04     -78.50          23.92000    0.439813786
  70.05     -78.50          23.92000    0.433776100
  70.06     -78.50          23.91000    0.427896412
  70.07     -78.50          23.91000    0.422141560
  70.08     -78.50          23.90000    0.416535382
  70.09     -78.50          23.90000    0.411057193
  70.10     -78.50          23.89000    0.405709438
  70.11     -78.50          23.88000    0.400497541
  70.12     -78.50          23.88000    0.395397719
  70.13     -78.50          23.87000    0.390421265
  70.14     -78.50          23.86000    0.385567537
  70.15     -78.50          23.86000    0.380830158
  70.16     -78.50          23.85000    0.376196891
  70.17     -78.50          23.84000    0.371680304
  70.18     -78.50          23.83000    0.367280288
  70.19     -78.50          23.83000    0.362997886
  70.20     -78.50          23.82000    0.358817359
  70.21     -78.50          23.81000    0.354758266
  70.22     -78.50          23.80000    0.350824055
  70.23     -78.50          23.80000    0.347010909
  70.24     -78.50          23.79000    0.343316115
  70.25     -78.50          23.78000    0.339757682
  70.26     -78.50          23.78000    0.336333061
  70.27     -78.50          23.77000    0.333035139
  70.28     -78.50          23.76000    0.329885990
  70.29     -78.50          23.76000    0.326875339
  70.30     -78.50          23.75000    0.324007698
  70.31     -78.50          23.74000    0.321299592
  70.32     -78.50          23.74000    0.318727559
  70.33     -78.47          23.74000    0.316305917
  70.34     -78.45          23.73000    0.313985473
  70.35     -78.43          23.73000    0.311783792
  70.36     -78.40          23.73000    0.309705542
  70.37     -78.38          23.72000    0.307739983
  70.38     -78.35          23.72000    0.305895646
  70.39     -78.32          23.72000    0.304180764
  70.40     -78.31          23.71000    0.302585197
  70.41     -78.28          23.71000    0.301110944
  70.42     -78.25          23.71000    0.299769297
  70.43     -78.23          23.70000    0.298551586
  70.44     -78.21          23.70000    0.297453694
  70.45     -78.18          23.70000    0.296488695
  70.46     -78.16          23.69000    0.295646647
  70.47     -78.13          23.69000    0.294925177
  70.48     -78.11          23.69000    0.294334073
  70.49     -78.09          23.68000    0.293862639
  70.50     -78.06          23.68000    0.293509526
  70.51     -78.03          23.68000    0.293284338
  70.52     -78.02          23.67000    0.293177149
  70.52     -78.02          23.67000    0.293177149
  70.52     -78.02          23.67000    0.293177149
  70.52     -78.02          23.67000    0.293177149
  70.52     -78.02          23.67000    0.293177149
  70.52     -78.02          23.67000    0.293177149
  70.52     -78.02          23.67000    0.293177149
  70.52     -78.02          23.67000    0.293177149
  70.52     -78.02          23.67000    0.293177149
  70.52     -78.02          23.67000    0.293177149
  70.52     -78.02          23.67000    0.293177149
  70.52     -78.02          23.67000    0.293177149
  70.52     -78.02          23.67000    0.293177149
  70.52     -78.02          23.67000    0.293177149
  70.52     -78.02          23.67000    0.293177149
  70.52     -78.02          23.67000    0.293177149
  70.52     -78.02          23.67000    0.293177149
  70.52     -78.02          23.67000    0.293177149
  70.52     -78.02          23.67000    0.293177149
  70.52     -78.02          23.67000    0.293177149
  70.52     -78.02          23.67000    0.293177149
  70.52     -78.02          23.67000    0.293177149
  70.52     -78.02          23.67000    0.293177149
  70.52     -78.02          23.67000    0.293177149
  70.52     -78.02          23.67000    0.293177149
  70.52     -78.02          23.67000    0.293177149
  70.52     -78.02          23.67000    0.293177149
  70.52     -78.02          23.67000    0.293177149
  70.52     -78.02          23.67000    0.293177149
  70.52     -78.02          23.67000    0.293177149
  70.52     -78.02          23.67000    0.293177149
  70.52     -78.02          23.67000    0.293177149
  70.52     -78.02          23.67000    0.293177149
  70.52     -78.02          23.67000    0.293177149
  70.52     -78.02          23.67000    0.293177149
  70.52     -78.02          23.67000    0.293177149
  70.52     -78.02          23.67000    0.293177149
  70.52     -78.02          23.67000    0.293177149
  70.52     -78.02          23.67000    0.293177149
  70.52     -78.02          23.67000    0.293177149
  70.52     -78.02          23.67000    0.293177149
  70.52     -78.02          23.67000    0.293177149
  70.52     -78.02          23.67000    0.293177149
  70.52     -78.02          23.67000    0.293177149
  70.52     -78.02          23.67000    0.293177149
  70.52     -78.02          23.67000    0.293177149
  70.52     -78.02          23.67000    0.293177149
  70.52     -78.02          23.67000    0.293177149
  70.52     -78.02          23.67000    0.293177149
