Script started on Thu 24 Sep 2020 10:46:32 AM CDT
nhsin.txt
70.52,-78.02,23.67000
 Enter datafile name: 
 Enter Best fit Rotation (lat, lon, ang): 
   70.519999999999996       -78.019999999999996        23.670000000000002     
 Data read in: 
  -50.46     222.99    2.0   0.4  276.7
  -44.05     199.88    3.4   0.4  307.2
 Rotated: 
  -50.46     222.99    2.0   0.4  276.7
  -51.39    -134.73    3.4   0.4  123.1
 Data read in: 
   20.15     205.32    0.8   0.5  287.7
   28.19     182.72    1.7   0.5  294.4
 Rotated: 
   20.15     205.32    0.8   0.5  287.7
   20.35    -155.05    1.7   0.5  114.1
 Eigens: Lat, Lon, Evalue, Error level at evalue
 Initial Error=   0.29317714970803554     
              67.03    -62.66      1.84      1.30
 Initial Error=   0.29317714970803554     
             -21.49    -40.95      0.42      1.33
 Initial Error=   0.29317714970826181     
               7.72     45.99      1.00      1.30
 finished

Script done on Thu 24 Sep 2020 10:46:33 AM CDT
