Script started on Thu 24 Sep 2020 10:47:20 AM CDT
nhsin.txt
70.25,-76.17,24.88000
 Enter datafile name: 
 Enter Best fit Rotation (lat, lon, ang): 
   70.250000000000000       -76.170000000000002        24.879999999999999     
 Data read in: 
  -50.46     222.99    2.0   0.4  276.7
  -43.45     198.82    3.5   0.4  308.7
 Rotated: 
  -50.46     222.99    2.0   0.4  276.7
  -51.38    -134.89    3.5   0.4  124.9
 Data read in: 
   20.15     205.32    0.8   0.5  287.7
   28.69     181.49    1.8   0.5  294.6
 Rotated: 
   20.15     205.32    0.8   0.5  287.7
   20.34    -155.01    1.8   0.5  114.7
 Eigens: Lat, Lon, Evalue, Error level at evalue
 Initial Error=   0.24083082870032702     
              66.08    -58.60      1.88      1.24
 Initial Error=   0.24083082870054079     
             -22.79    -39.87      0.42      1.27
 Initial Error=   0.24083082870053907     
               6.89     47.22      0.97      1.24
 finished

Script done on Thu 24 Sep 2020 10:47:21 AM CDT
