  69.70     -76.80          25.17000    0.438014584
  69.71     -76.80          25.17000    0.430625761
  69.72     -76.80          25.16000    0.423400061
  69.73     -76.80          25.16000    0.416350311
  69.74     -76.80          25.16000    0.409488563
  69.75     -76.80          25.15000    0.402777787
  69.76     -76.80          25.15000    0.396253020
  69.77     -76.80          25.14000    0.389898834
  69.78     -76.80          25.14000    0.383708495
  69.79     -76.80          25.13000    0.377701414
  69.80     -76.80          25.13000    0.371842091
  69.81     -76.80          25.13000    0.366168810
  69.82     -76.80          25.12000    0.360637656
  69.83     -76.80          25.11000    0.355287355
  69.84     -76.80          25.11000    0.350075579
  69.85     -76.80          25.10000    0.345030489
  69.86     -76.80          25.10000    0.340132915
  69.87     -76.80          25.09000    0.335375195
  69.88     -76.80          25.08000    0.330764758
  69.89     -76.80          25.07000    0.326293156
  69.90     -76.80          25.07000    0.321941096
  69.91     -76.80          25.06000    0.317714723
  69.92     -76.80          25.05000    0.313609836
  69.93     -76.80          25.04000    0.309621724
  69.94     -76.80          25.03000    0.305747223
  69.95     -76.80          25.02000    0.301984749
  69.96     -76.80          25.01000    0.298334250
  69.97     -76.77          25.01000    0.294772470
  69.98     -76.76          25.00000    0.291289622
  69.99     -76.73          25.00000    0.287892880
  70.00     -76.71          24.99000    0.284571384
  70.01     -76.68          24.99000    0.281350374
  70.02     -76.66          24.98000    0.278209108
  70.03     -76.64          24.98000    0.275177374
  70.04     -76.62          24.97000    0.272234045
  70.05     -76.59          24.97000    0.269408518
  70.06     -76.58          24.96000    0.266688768
  70.07     -76.55          24.96000    0.264087829
  70.08     -76.53          24.95000    0.261610481
  70.09     -76.50          24.95000    0.259255252
  70.10     -76.49          24.94000    0.257040014
  70.11     -76.46          24.94000    0.254945378
  70.12     -76.44          24.94000    0.253000202
  70.13     -76.42          24.93000    0.251188549
  70.14     -76.39          24.93000    0.249524076
  70.15     -76.38          24.92000    0.248004623
  70.16     -76.35          24.92000    0.246627757
  70.17     -76.34          24.91000    0.245405048
  70.18     -76.31          24.91000    0.244319254
  70.19     -76.29          24.91000    0.243392319
  70.20     -76.27          24.90000    0.242599038
  70.21     -76.25          24.90000    0.241962112
  70.22     -76.23          24.89000    0.241462414
  70.23     -76.21          24.89000    0.241111489
  70.24     -76.19          24.88000    0.240901214
  70.25     -76.17          24.88000    0.240830829
  70.25     -76.17          24.88000    0.240830829
  70.25     -76.17          24.88000    0.240830829
  70.25     -76.17          24.88000    0.240830829
  70.25     -76.17          24.88000    0.240830829
  70.25     -76.17          24.88000    0.240830829
  70.25     -76.17          24.88000    0.240830829
  70.25     -76.17          24.88000    0.240830829
  70.25     -76.17          24.88000    0.240830829
  70.25     -76.17          24.88000    0.240830829
  70.25     -76.17          24.88000    0.240830829
  70.25     -76.17          24.88000    0.240830829
  70.25     -76.17          24.88000    0.240830829
  70.25     -76.17          24.88000    0.240830829
  70.25     -76.17          24.88000    0.240830829
  70.25     -76.17          24.88000    0.240830829
  70.25     -76.17          24.88000    0.240830829
  70.25     -76.17          24.88000    0.240830829
  70.25     -76.17          24.88000    0.240830829
  70.25     -76.17          24.88000    0.240830829
  70.25     -76.17          24.88000    0.240830829
  70.25     -76.17          24.88000    0.240830829
  70.25     -76.17          24.88000    0.240830829
  70.25     -76.17          24.88000    0.240830829
  70.25     -76.17          24.88000    0.240830829
  70.25     -76.17          24.88000    0.240830829
  70.25     -76.17          24.88000    0.240830829
  70.25     -76.17          24.88000    0.240830829
  70.25     -76.17          24.88000    0.240830829
  70.25     -76.17          24.88000    0.240830829
  70.25     -76.17          24.88000    0.240830829
  70.25     -76.17          24.88000    0.240830829
  70.25     -76.17          24.88000    0.240830829
  70.25     -76.17          24.88000    0.240830829
  70.25     -76.17          24.88000    0.240830829
  70.25     -76.17          24.88000    0.240830829
  70.25     -76.17          24.88000    0.240830829
  70.25     -76.17          24.88000    0.240830829
  70.25     -76.17          24.88000    0.240830829
  70.25     -76.17          24.88000    0.240830829
  70.25     -76.17          24.88000    0.240830829
  70.25     -76.17          24.88000    0.240830829
  70.25     -76.17          24.88000    0.240830829
  70.25     -76.17          24.88000    0.240830829
  70.25     -76.17          24.88000    0.240830829
  70.25     -76.17          24.88000    0.240830829
