  69.50     -74.90          26.34000    0.347784518
  69.51     -74.90          26.33000    0.340990057
  69.52     -74.90          26.33000    0.334376230
  69.53     -74.90          26.33000    0.327972196
  69.54     -74.90          26.32000    0.321735105
  69.55     -74.90          26.32000    0.315704358
  69.56     -74.90          26.31000    0.309854489
  69.57     -74.90          26.31000    0.304195143
  69.58     -74.90          26.30000    0.298724219
  69.59     -74.90          26.30000    0.293433284
  69.60     -74.90          26.29000    0.288329487
  69.61     -74.90          26.29000    0.283402419
  69.62     -74.90          26.28000    0.278649709
  69.63     -74.90          26.28000    0.274079947
  69.64     -74.90          26.27000    0.269657759
  69.65     -74.90          26.26000    0.265403470
  69.66     -74.90          26.25000    0.261304452
  69.67     -74.90          26.24000    0.257348422
  69.68     -74.90          26.24000    0.253523712
  69.69     -74.90          26.23000    0.249820684
  69.70     -74.90          26.21000    0.246234844
  69.71     -74.90          26.20000    0.242757780
  69.72     -74.90          26.19000    0.239388826
  69.73     -74.88          26.19000    0.236120622
  69.74     -74.86          26.18000    0.232931171
  69.75     -74.85          26.17000    0.229831407
  69.76     -74.82          26.17000    0.226830171
  69.77     -74.81          26.16000    0.223914806
  69.78     -74.79          26.15000    0.221111090
  69.79     -74.76          26.15000    0.218423183
  69.80     -74.75          26.14000    0.215851128
  69.81     -74.72          26.14000    0.213419646
  69.82     -74.71          26.13000    0.211111080
  69.83     -74.70          26.12000    0.208959750
  69.84     -74.67          26.12000    0.206947626
  69.85     -74.66          26.11000    0.205097800
  69.86     -74.63          26.11000    0.203406192
  69.87     -74.62          26.10000    0.201873694
  69.88     -74.60          26.10000    0.200514236
  69.89     -74.59          26.09000    0.199308826
  69.90     -74.57          26.08000    0.198280044
  69.91     -74.55          26.08000    0.197410460
  69.92     -74.54          26.07000    0.196708430
  69.93     -74.52          26.07000    0.196179479
  69.94     -74.50          26.06000    0.195800493
  69.95     -74.49          26.05000    0.195594486
  69.96     -74.47          26.05000    0.195543006
  69.96     -74.47          26.05000    0.195543006
  69.96     -74.47          26.05000    0.195543006
  69.96     -74.47          26.05000    0.195543006
  69.96     -74.47          26.05000    0.195543006
  69.96     -74.47          26.05000    0.195543006
  69.96     -74.47          26.05000    0.195543006
  69.96     -74.47          26.05000    0.195543006
  69.96     -74.47          26.05000    0.195543006
  69.96     -74.47          26.05000    0.195543006
  69.96     -74.47          26.05000    0.195543006
  69.96     -74.47          26.05000    0.195543006
  69.96     -74.47          26.05000    0.195543006
  69.96     -74.47          26.05000    0.195543006
  69.96     -74.47          26.05000    0.195543006
  69.96     -74.47          26.05000    0.195543006
  69.96     -74.47          26.05000    0.195543006
  69.96     -74.47          26.05000    0.195543006
  69.96     -74.47          26.05000    0.195543006
  69.96     -74.47          26.05000    0.195543006
  69.96     -74.47          26.05000    0.195543006
  69.96     -74.47          26.05000    0.195543006
  69.96     -74.47          26.05000    0.195543006
  69.96     -74.47          26.05000    0.195543006
  69.96     -74.47          26.05000    0.195543006
  69.96     -74.47          26.05000    0.195543006
  69.96     -74.47          26.05000    0.195543006
  69.96     -74.47          26.05000    0.195543006
  69.96     -74.47          26.05000    0.195543006
  69.96     -74.47          26.05000    0.195543006
  69.96     -74.47          26.05000    0.195543006
  69.96     -74.47          26.05000    0.195543006
  69.96     -74.47          26.05000    0.195543006
  69.96     -74.47          26.05000    0.195543006
  69.96     -74.47          26.05000    0.195543006
  69.96     -74.47          26.05000    0.195543006
  69.96     -74.47          26.05000    0.195543006
  69.96     -74.47          26.05000    0.195543006
  69.96     -74.47          26.05000    0.195543006
  69.96     -74.47          26.05000    0.195543006
  69.96     -74.47          26.05000    0.195543006
  69.96     -74.47          26.05000    0.195543006
  69.96     -74.47          26.05000    0.195543006
  69.96     -74.47          26.05000    0.195543006
  69.96     -74.47          26.05000    0.195543006
  69.96     -74.47          26.05000    0.195543006
  69.96     -74.47          26.05000    0.195543006
  69.96     -74.47          26.05000    0.195543006
  69.96     -74.47          26.05000    0.195543006
  69.96     -74.47          26.05000    0.195543006
  69.96     -74.47          26.05000    0.195543006
  69.96     -74.47          26.05000    0.195543006
  69.96     -74.47          26.05000    0.195543006
  69.96     -74.47          26.05000    0.195543006
  69.96     -74.47          26.05000    0.195543006
