Script started on Thu 24 Sep 2020 10:48:44 AM CDT
nhsin.txt
69.96,-74.47,26.05000
 Enter datafile name: 
 Enter Best fit Rotation (lat, lon, ang): 
   69.959999999999994       -74.469999999999999        26.050000000000001     
 Data read in: 
  -50.46     222.99    2.0   0.4  276.7
  -42.84     197.81    3.7   0.4  310.2
 Rotated: 
  -50.46     222.99    2.0   0.4  276.7
  -51.36    -135.06    3.7   0.4  126.6
 Data read in: 
   20.15     205.32    0.8   0.5  287.7
   29.17     180.28    1.9   0.5  294.9
 Rotated: 
   20.15     205.32    0.8   0.5  287.7
   20.32    -154.99    1.9   0.5  115.3
 Eigens: Lat, Lon, Evalue, Error level at evalue
 Initial Error=   0.19554300621169965     
             -65.25    128.83      1.93      1.20
 Initial Error=   0.19554300621170451     
             -24.26    -38.96      0.42      1.22
 Initial Error=   0.19554300621130360     
              -4.63   -131.05      0.96      1.20
 finished

Script done on Thu 24 Sep 2020 10:48:44 AM CDT
