  69.00     -72.70          28.06000    0.327702615
  69.01     -72.70          28.05000    0.319639519
  69.02     -72.70          28.05000    0.311808560
  69.03     -72.70          28.04000    0.304168893
  69.04     -72.70          28.04000    0.296762248
  69.05     -72.70          28.03000    0.289546838
  69.06     -72.70          28.03000    0.282564385
  69.07     -72.70          28.02000    0.275773895
  69.08     -72.70          28.02000    0.269215494
  69.09     -72.70          28.01000    0.262850201
  69.10     -72.70          28.01000    0.256715639
  69.11     -72.70          28.00000    0.250775109
  69.12     -72.70          28.00000    0.245063993
  69.13     -72.70          27.99000    0.239546588
  69.14     -72.70          27.99000    0.234258165
  69.15     -72.70          27.98000    0.229160365
  69.16     -72.70          27.98000    0.224293228
  69.17     -72.69          27.97000    0.219599386
  69.18     -72.66          27.97000    0.215069606
  69.19     -72.63          27.97000    0.210699803
  69.20     -72.62          27.96000    0.206471153
  69.21     -72.59          27.96000    0.202390089
  69.22     -72.57          27.96000    0.198467535
  69.23     -72.55          27.95000    0.194682197
  69.24     -72.52          27.95000    0.191041426
  69.25     -72.51          27.94000    0.187544081
  69.26     -72.48          27.94000    0.184172878
  69.27     -72.47          27.93000    0.180929391
  69.28     -72.46          27.92000    0.177807661
  69.29     -72.43          27.92000    0.174779064
  69.30     -72.42          27.91000    0.171843770
  69.31     -72.40          27.90000    0.168988509
  69.32     -72.39          27.89000    0.166213193
  69.33     -72.37          27.88000    0.163517344
  69.34     -72.36          27.87000    0.160911664
  69.35     -72.35          27.86000    0.158410619
  69.36     -72.33          27.85000    0.156026854
  69.37     -72.31          27.85000    0.153775890
  69.38     -72.30          27.84000    0.151664616
  69.39     -72.29          27.83000    0.149715538
  69.40     -72.28          27.82000    0.147938785
  69.41     -72.27          27.81000    0.146341856
  69.42     -72.25          27.81000    0.144924871
  69.43     -72.24          27.80000    0.143689729
  69.44     -72.23          27.79000    0.142644996
  69.45     -72.22          27.78000    0.141791130
  69.46     -72.22          27.77000    0.141127706
  69.47     -72.21          27.76000    0.140651864
  69.48     -72.19          27.76000    0.140361141
  69.49     -72.18          27.75000    0.140249626
  69.49     -72.18          27.75000    0.140249626
  69.49     -72.18          27.75000    0.140249626
  69.49     -72.18          27.75000    0.140249626
  69.49     -72.18          27.75000    0.140249626
  69.49     -72.18          27.75000    0.140249626
  69.49     -72.18          27.75000    0.140249626
  69.49     -72.18          27.75000    0.140249626
  69.49     -72.18          27.75000    0.140249626
  69.49     -72.18          27.75000    0.140249626
  69.49     -72.18          27.75000    0.140249626
  69.49     -72.18          27.75000    0.140249626
  69.49     -72.18          27.75000    0.140249626
  69.49     -72.18          27.75000    0.140249626
  69.49     -72.18          27.75000    0.140249626
  69.49     -72.18          27.75000    0.140249626
  69.49     -72.18          27.75000    0.140249626
  69.49     -72.18          27.75000    0.140249626
  69.49     -72.18          27.75000    0.140249626
  69.49     -72.18          27.75000    0.140249626
  69.49     -72.18          27.75000    0.140249626
  69.49     -72.18          27.75000    0.140249626
  69.49     -72.18          27.75000    0.140249626
  69.49     -72.18          27.75000    0.140249626
  69.49     -72.18          27.75000    0.140249626
  69.49     -72.18          27.75000    0.140249626
  69.49     -72.18          27.75000    0.140249626
  69.49     -72.18          27.75000    0.140249626
  69.49     -72.18          27.75000    0.140249626
  69.49     -72.18          27.75000    0.140249626
  69.49     -72.18          27.75000    0.140249626
  69.49     -72.18          27.75000    0.140249626
  69.49     -72.18          27.75000    0.140249626
  69.49     -72.18          27.75000    0.140249626
  69.49     -72.18          27.75000    0.140249626
  69.49     -72.18          27.75000    0.140249626
  69.49     -72.18          27.75000    0.140249626
  69.49     -72.18          27.75000    0.140249626
  69.49     -72.18          27.75000    0.140249626
  69.49     -72.18          27.75000    0.140249626
  69.49     -72.18          27.75000    0.140249626
  69.49     -72.18          27.75000    0.140249626
  69.49     -72.18          27.75000    0.140249626
  69.49     -72.18          27.75000    0.140249626
  69.49     -72.18          27.75000    0.140249626
  69.49     -72.18          27.75000    0.140249626
  69.49     -72.18          27.75000    0.140249626
  69.49     -72.18          27.75000    0.140249626
  69.49     -72.18          27.75000    0.140249626
  69.49     -72.18          27.75000    0.140249626
  69.49     -72.18          27.75000    0.140249626
  69.49     -72.18          27.75000    0.140249626
