Script started on Thu 24 Sep 2020 10:50:45 AM CDT
nhsin.txt
69.17,-70.80,28.84000
 Enter datafile name: 
 Enter Best fit Rotation (lat, lon, ang): 
   69.170000000000002       -70.799999999999997        28.840000000000000     
 Data read in: 
  -50.46     222.99    2.0   0.4  276.7
  -41.30     195.49    4.1   0.4  313.5
 Rotated: 
  -50.46     222.99    2.0   0.4  276.7
  -51.28    -135.49    4.1   0.4  130.8
 Data read in: 
   20.15     205.32    0.8   0.5  287.7
   30.35     177.38    2.0   0.5  295.4
 Rotated: 
   20.15     205.32    0.8   0.5  287.7
   20.29    -154.92    2.0   0.5  -63.0
 Eigens: Lat, Lon, Evalue, Error level at evalue
 Initial Error=   0.11085637392604114     
              62.43    -48.78      2.07      1.11
 Initial Error=   0.11085637392604256     
             -27.06    -36.86      0.43      1.15
 Initial Error=   0.11085637392587006     
               4.88     50.64      0.90      1.12
 finished

Script done on Thu 24 Sep 2020 10:50:45 AM CDT
