  68.70     -71.30          29.15000    0.288264103
  68.71     -71.30          29.14000    0.280224762
  68.72     -71.30          29.14000    0.272388993
  68.73     -71.30          29.13000    0.264783949
  68.74     -71.30          29.13000    0.257403502
  68.75     -71.30          29.12000    0.250234022
  68.76     -71.30          29.11000    0.243307980
  68.77     -71.30          29.11000    0.236576252
  68.78     -71.30          29.10000    0.230088850
  68.79     -71.30          29.10000    0.223811997
  68.80     -71.30          29.09000    0.217764548
  68.81     -71.30          29.09000    0.211942506
  68.82     -71.30          29.08000    0.206335946
  68.83     -71.29          29.08000    0.200962724
  68.84     -71.28          29.07000    0.195770860
  68.85     -71.25          29.07000    0.190742787
  68.86     -71.23          29.07000    0.185895229
  68.87     -71.20          29.07000    0.181225169
  68.88     -71.19          29.06000    0.176709165
  68.89     -71.16          29.06000    0.172369145
  68.90     -71.14          29.06000    0.168209777
  68.91     -71.12          29.05000    0.164213443
  68.92     -71.10          29.05000    0.160380827
  68.93     -71.07          29.05000    0.156727855
  68.94     -71.06          29.04000    0.153237123
  68.95     -71.03          29.04000    0.149907748
  68.96     -71.02          29.03000    0.146750457
  68.97     -71.00          29.03000    0.143731668
  68.98     -70.98          29.02000    0.140868737
  68.99     -70.96          29.02000    0.138137349
  69.00     -70.95          29.01000    0.135510323
  69.01     -70.93          29.00000    0.132973841
  69.02     -70.93          28.98000    0.130511293
  69.03     -70.92          28.97000    0.128124190
  69.04     -70.91          28.96000    0.125826550
  69.05     -70.89          28.95000    0.123635234
  69.06     -70.88          28.94000    0.121574809
  69.07     -70.86          28.94000    0.119662017
  69.08     -70.85          28.93000    0.117916523
  69.09     -70.85          28.92000    0.116352410
  69.10     -70.84          28.91000    0.114976291
  69.11     -70.83          28.90000    0.113796500
  69.12     -70.83          28.89000    0.112813931
  69.13     -70.82          28.88000    0.112028347
  69.14     -70.81          28.87000    0.111442570
  69.15     -70.81          28.86000    0.111051212
  69.16     -70.80          28.85000    0.110856472
  69.17     -70.80          28.84000    0.110856374
  69.17     -70.80          28.84000    0.110856374
  69.17     -70.80          28.84000    0.110856374
  69.17     -70.80          28.84000    0.110856374
  69.17     -70.80          28.84000    0.110856374
  69.17     -70.80          28.84000    0.110856374
  69.17     -70.80          28.84000    0.110856374
  69.17     -70.80          28.84000    0.110856374
  69.17     -70.80          28.84000    0.110856374
  69.17     -70.80          28.84000    0.110856374
  69.17     -70.80          28.84000    0.110856374
  69.17     -70.80          28.84000    0.110856374
  69.17     -70.80          28.84000    0.110856374
  69.17     -70.80          28.84000    0.110856374
  69.17     -70.80          28.84000    0.110856374
  69.17     -70.80          28.84000    0.110856374
  69.17     -70.80          28.84000    0.110856374
  69.17     -70.80          28.84000    0.110856374
  69.17     -70.80          28.84000    0.110856374
  69.17     -70.80          28.84000    0.110856374
  69.17     -70.80          28.84000    0.110856374
  69.17     -70.80          28.84000    0.110856374
  69.17     -70.80          28.84000    0.110856374
  69.17     -70.80          28.84000    0.110856374
  69.17     -70.80          28.84000    0.110856374
  69.17     -70.80          28.84000    0.110856374
  69.17     -70.80          28.84000    0.110856374
  69.17     -70.80          28.84000    0.110856374
  69.17     -70.80          28.84000    0.110856374
  69.17     -70.80          28.84000    0.110856374
  69.17     -70.80          28.84000    0.110856374
  69.17     -70.80          28.84000    0.110856374
  69.17     -70.80          28.84000    0.110856374
  69.17     -70.80          28.84000    0.110856374
  69.17     -70.80          28.84000    0.110856374
  69.17     -70.80          28.84000    0.110856374
  69.17     -70.80          28.84000    0.110856374
  69.17     -70.80          28.84000    0.110856374
  69.17     -70.80          28.84000    0.110856374
  69.17     -70.80          28.84000    0.110856374
  69.17     -70.80          28.84000    0.110856374
  69.17     -70.80          28.84000    0.110856374
  69.17     -70.80          28.84000    0.110856374
  69.17     -70.80          28.84000    0.110856374
  69.17     -70.80          28.84000    0.110856374
  69.17     -70.80          28.84000    0.110856374
  69.17     -70.80          28.84000    0.110856374
  69.17     -70.80          28.84000    0.110856374
  69.17     -70.80          28.84000    0.110856374
  69.17     -70.80          28.84000    0.110856374
  69.17     -70.80          28.84000    0.110856374
  69.17     -70.80          28.84000    0.110856374
  69.17     -70.80          28.84000    0.110856374
  69.17     -70.80          28.84000    0.110856374
