Script started on Thu 24 Sep 2020 10:51:11 AM CDT
nhsin.txt
69.00,-70.14,29.38000
 Enter datafile name: 
 Enter Best fit Rotation (lat, lon, ang): 
   69.000000000000000       -70.140000000000001        29.379999999999999     
 Data read in: 
  -50.46     222.99    2.0   0.4  276.7
  -40.99     195.06    4.1   0.4  314.2
 Rotated: 
  -50.46     222.99    2.0   0.4  276.7
  -51.26    -135.57    4.1   0.4  131.6
 Data read in: 
   20.15     205.32    0.8   0.5  287.7
   30.59     176.82    2.1   0.5  295.5
 Rotated: 
   20.15     205.32    0.8   0.5  287.7
   20.28    -154.91    2.1   0.5  -62.7
 Eigens: Lat, Lon, Evalue, Error level at evalue
 Initial Error=    9.7848937606127423E-002
              61.96    -47.80      2.10      1.10
 Initial Error=    9.7848937606166544E-002
             -27.58    -36.56      0.43      1.13
 Initial Error=    9.7848937606005965E-002
               4.66     51.00      0.89      1.10
 finished

Script done on Thu 24 Sep 2020 10:51:11 AM CDT
