  68.20     -69.40          30.76000    0.262291139
  68.21     -69.40          30.75000    0.253722287
  68.22     -69.40          30.75000    0.245384828
  68.23     -69.40          30.74000    0.237259712
  68.24     -69.40          30.73000    0.229368724
  68.25     -69.40          30.72000    0.221713615
  68.26     -69.40          30.71000    0.214296319
  68.27     -69.40          30.71000    0.207089054
  68.28     -69.40          30.70000    0.200120263
  68.29     -69.40          30.69000    0.193393334
  68.30     -69.39          30.69000    0.186888233
  68.31     -69.38          30.68000    0.180592713
  68.32     -69.36          30.68000    0.174486089
  68.33     -69.33          30.68000    0.168588296
  68.34     -69.32          30.67000    0.162868341
  68.35     -69.30          30.67000    0.157351695
  68.36     -69.29          30.66000    0.152036230
  68.37     -69.26          30.66000    0.146903032
  68.38     -69.24          30.66000    0.141976255
  68.39     -69.23          30.65000    0.137238004
  68.40     -69.21          30.65000    0.132694486
  68.41     -69.18          30.65000    0.128360555
  68.42     -69.17          30.64000    0.124201071
  68.43     -69.15          30.64000    0.120247362
  68.44     -69.14          30.63000    0.116498232
  68.45     -69.11          30.63000    0.112927630
  68.46     -69.09          30.63000    0.109564036
  68.47     -69.08          30.62000    0.106395132
  68.48     -69.06          30.62000    0.103413868
  68.49     -69.03          30.62000    0.100642438
  68.50     -69.02          30.61000    0.098038410
  68.51     -69.00          30.61000    0.095637012
  68.52     -68.99          30.60000    0.093382480
  68.53     -68.98          30.59000    0.091271022
  68.54     -68.97          30.58000    0.089257030
  68.55     -68.97          30.56000    0.087300020
  68.56     -68.95          30.55000    0.085418638
  68.57     -68.95          30.54000    0.083646598
  68.58     -68.94          30.53000    0.082018860
  68.59     -68.93          30.52000    0.080566040
  68.60     -68.93          30.51000    0.079303953
  68.61     -68.94          30.49000    0.078232903
  68.62     -68.93          30.48000    0.077363556
  68.63     -68.93          30.47000    0.076699805
  68.64     -68.93          30.46000    0.076244607
  68.65     -68.94          30.44000    0.075989842
  68.66     -68.93          30.43000    0.075927287
  68.66     -68.93          30.43000    0.075927287
  68.66     -68.93          30.43000    0.075927287
  68.66     -68.93          30.43000    0.075927287
  68.66     -68.93          30.43000    0.075927287
  68.66     -68.93          30.43000    0.075927287
  68.66     -68.93          30.43000    0.075927287
  68.66     -68.93          30.43000    0.075927287
  68.66     -68.93          30.43000    0.075927287
  68.66     -68.93          30.43000    0.075927287
  68.66     -68.93          30.43000    0.075927287
  68.66     -68.93          30.43000    0.075927287
  68.66     -68.93          30.43000    0.075927287
  68.66     -68.93          30.43000    0.075927287
  68.66     -68.93          30.43000    0.075927287
  68.66     -68.93          30.43000    0.075927287
  68.66     -68.93          30.43000    0.075927287
  68.66     -68.93          30.43000    0.075927287
  68.66     -68.93          30.43000    0.075927287
  68.66     -68.93          30.43000    0.075927287
  68.66     -68.93          30.43000    0.075927287
  68.66     -68.93          30.43000    0.075927287
  68.66     -68.93          30.43000    0.075927287
  68.66     -68.93          30.43000    0.075927287
  68.66     -68.93          30.43000    0.075927287
  68.66     -68.93          30.43000    0.075927287
  68.66     -68.93          30.43000    0.075927287
  68.66     -68.93          30.43000    0.075927287
  68.66     -68.93          30.43000    0.075927287
  68.66     -68.93          30.43000    0.075927287
  68.66     -68.93          30.43000    0.075927287
  68.66     -68.93          30.43000    0.075927287
  68.66     -68.93          30.43000    0.075927287
  68.66     -68.93          30.43000    0.075927287
  68.66     -68.93          30.43000    0.075927287
  68.66     -68.93          30.43000    0.075927287
  68.66     -68.93          30.43000    0.075927287
  68.66     -68.93          30.43000    0.075927287
  68.66     -68.93          30.43000    0.075927287
  68.66     -68.93          30.43000    0.075927287
  68.66     -68.93          30.43000    0.075927287
  68.66     -68.93          30.43000    0.075927287
  68.66     -68.93          30.43000    0.075927287
  68.66     -68.93          30.43000    0.075927287
  68.66     -68.93          30.43000    0.075927287
  68.66     -68.93          30.43000    0.075927287
  68.66     -68.93          30.43000    0.075927287
  68.66     -68.93          30.43000    0.075927287
  68.66     -68.93          30.43000    0.075927287
  68.66     -68.93          30.43000    0.075927287
  68.66     -68.93          30.43000    0.075927287
  68.66     -68.93          30.43000    0.075927287
  68.66     -68.93          30.43000    0.075927287
  68.66     -68.93          30.43000    0.075927287
  68.66     -68.93          30.43000    0.075927287
