Script started on Thu 24 Sep 2020 10:52:36 AM CDT
nhsin.txt
70.39,-105.60,4.55000
 Enter datafile name: 
 Enter Best fit Rotation (lat, lon, ang): 
   70.390000000000001       -105.59999999999999        4.5499999999999998     
 Data read in: 
  -23.34     209.73    2.2   0.9  295.5
  -21.52     205.65    5.5   0.9  296.0
 Rotated: 
  -23.34     209.73    2.2   0.9  295.5
  -22.62    -149.64    5.5   0.9  114.9
 Data read in: 
  -50.46     222.99    2.0   0.4  276.7
  -49.96     218.43    1.8   0.4  282.6
 Rotated: 
  -50.46     222.99    2.0   0.4  276.7
  -50.80    -135.74    1.8   0.4  100.5
 Data read in: 
   20.15     205.32    0.8   0.5  287.7
   21.50     201.01    0.8   0.5  289.2
 Rotated: 
   20.15     205.32    0.8   0.5  287.7
   20.30    -155.07    0.8   0.5  108.2
 Eigens: Lat, Lon, Evalue, Error level at evalue
 Initial Error=   0.81652045906642789     
             -22.23     41.52      1.73      1.83
 Initial Error=   0.81652045906623538     
               9.66    127.53      0.44      1.86
 Initial Error=   0.81652045906622417     
              65.55     15.55      1.06      1.83
 finished

Script done on Thu 24 Sep 2020 10:52:37 AM CDT
