  69.70    -106.39           4.57000    0.822387259
  69.71    -106.37           4.57000    0.822251566
  69.72    -106.35           4.57000    0.822117064
  69.73    -106.33           4.57000    0.821983754
  69.74    -106.31           4.57000    0.821851636
  69.75    -106.30           4.57000    0.821720710
  69.76    -106.28           4.57000    0.821590963
  69.77    -106.26           4.57000    0.821462410
  69.78    -106.24           4.57000    0.821335051
  69.79    -106.22           4.57000    0.821208888
  69.80    -106.20           4.57000    0.821083921
  69.81    -106.18           4.57000    0.820960149
  69.82    -106.16           4.57000    0.820837574
  69.83    -106.14           4.57000    0.820716196
  69.84    -106.12           4.57000    0.820596015
  69.85    -106.10           4.57000    0.820477032
  69.86    -106.08           4.57000    0.820359247
  69.87    -106.06           4.57000    0.820242660
  69.88    -106.04           4.57000    0.820127273
  69.89    -105.98           4.56000    0.820010804
  69.90    -105.96           4.56000    0.819892879
  69.91    -105.94           4.56000    0.819776151
  69.92    -105.92           4.56000    0.819660622
  69.93    -105.90           4.56000    0.819546290
  69.94    -105.88           4.56000    0.819433157
  69.95    -105.86           4.56000    0.819321223
  69.96    -105.84           4.56000    0.819210488
  69.97    -105.82           4.56000    0.819100954
  69.98    -105.80           4.56000    0.818992621
  69.99    -105.78           4.56000    0.818885488
  70.00    -105.76           4.56000    0.818779558
  70.01    -105.74           4.56000    0.818674830
  70.02    -105.72           4.56000    0.818571305
  70.03    -105.70           4.56000    0.818468983
  70.04    -105.68           4.56000    0.818367866
  70.05    -105.66           4.56000    0.818267953
  70.06    -105.64           4.56000    0.818169245
  70.07    -105.62           4.56000    0.818071743
  70.08    -105.60           4.56000    0.817975448
  70.09    -105.60           4.56000    0.817881196
  70.10    -105.60           4.56000    0.817790133
  70.11    -105.60           4.56000    0.817702260
  70.12    -105.60           4.56000    0.817617576
  70.13    -105.60           4.56000    0.817536081
  70.14    -105.60           4.56000    0.817457775
  70.15    -105.60           4.56000    0.817382658
  70.16    -105.60           4.56000    0.817310731
  70.17    -105.60           4.56000    0.817241992
  70.18    -105.60           4.56000    0.817176442
  70.19    -105.60           4.56000    0.817114081
  70.20    -105.60           4.56000    0.817054908
  70.21    -105.60           4.56000    0.816998925
  70.22    -105.60           4.56000    0.816946129
  70.23    -105.60           4.56000    0.816896522
  70.24    -105.60           4.56000    0.816850104
  70.25    -105.60           4.56000    0.816806873
  70.26    -105.60           4.56000    0.816766831
  70.27    -105.60           4.56000    0.816729977
  70.28    -105.60           4.56000    0.816696311
  70.29    -105.60           4.56000    0.816665833
  70.30    -105.60           4.56000    0.816638543
  70.31    -105.60           4.56000    0.816614441
  70.32    -105.60           4.55000    0.816591720
  70.33    -105.60           4.55000    0.816572014
  70.34    -105.60           4.55000    0.816555483
  70.35    -105.60           4.55000    0.816542127
  70.36    -105.60           4.55000    0.816531947
  70.37    -105.60           4.55000    0.816524943
  70.38    -105.60           4.55000    0.816521113
  70.39    -105.60           4.55000    0.816520459
  70.39    -105.60           4.55000    0.816520459
  70.39    -105.60           4.55000    0.816520459
  70.39    -105.60           4.55000    0.816520459
  70.39    -105.60           4.55000    0.816520459
  70.39    -105.60           4.55000    0.816520459
  70.39    -105.60           4.55000    0.816520459
  70.39    -105.60           4.55000    0.816520459
  70.39    -105.60           4.55000    0.816520459
  70.39    -105.60           4.55000    0.816520459
  70.39    -105.60           4.55000    0.816520459
  70.39    -105.60           4.55000    0.816520459
  70.39    -105.60           4.55000    0.816520459
  70.39    -105.60           4.55000    0.816520459
  70.39    -105.60           4.55000    0.816520459
  70.39    -105.60           4.55000    0.816520459
  70.39    -105.60           4.55000    0.816520459
  70.39    -105.60           4.55000    0.816520459
  70.39    -105.60           4.55000    0.816520459
  70.39    -105.60           4.55000    0.816520459
  70.39    -105.60           4.55000    0.816520459
  70.39    -105.60           4.55000    0.816520459
  70.39    -105.60           4.55000    0.816520459
  70.39    -105.60           4.55000    0.816520459
  70.39    -105.60           4.55000    0.816520459
  70.39    -105.60           4.55000    0.816520459
  70.39    -105.60           4.55000    0.816520459
  70.39    -105.60           4.55000    0.816520459
  70.39    -105.60           4.55000    0.816520459
  70.39    -105.60           4.55000    0.816520459
  70.39    -105.60           4.55000    0.816520459
  70.39    -105.60           4.55000    0.816520459
