  67.80     -68.30          31.85000    0.304033848
  67.81     -68.30          31.84000    0.293955678
  67.82     -68.30          31.83000    0.284104633
  67.83     -68.30          31.82000    0.274481142
  67.84     -68.30          31.81000    0.265085740
  67.85     -68.30          31.80000    0.255919072
  67.86     -68.30          31.79000    0.246981915
  67.87     -68.30          31.78000    0.238275181
  67.88     -68.30          31.78000    0.229793917
  67.89     -68.29          31.77000    0.221535829
  67.90     -68.28          31.76000    0.213501296
  67.91     -68.26          31.76000    0.205674903
  67.92     -68.25          31.75000    0.198055603
  67.93     -68.23          31.75000    0.190649878
  67.94     -68.22          31.74000    0.183445193
  67.95     -68.20          31.74000    0.176459532
  67.96     -68.19          31.73000    0.169668971
  67.97     -68.17          31.73000    0.163102736
  67.98     -68.16          31.72000    0.156725976
  67.99     -68.15          31.71000    0.150575523
  68.00     -68.13          31.71000    0.144615431
  68.01     -68.12          31.70000    0.138879793
  68.02     -68.10          31.70000    0.133336813
  68.03     -68.09          31.69000    0.128016605
  68.04     -68.07          31.69000    0.122889969
  68.05     -68.06          31.68000    0.117986327
  68.06     -68.04          31.68000    0.113275269
  68.07     -68.03          31.67000    0.108790026
  68.08     -68.01          31.67000    0.104493838
  68.09     -67.99          31.67000    0.100428724
  68.10     -67.98          31.66000    0.096547850
  68.11     -67.95          31.66000    0.092895536
  68.12     -67.95          31.65000    0.089440785
  68.13     -67.92          31.65000    0.086200468
  68.14     -67.91          31.64000    0.083175048
  68.15     -67.89          31.64000    0.080348771
  68.16     -67.87          31.64000    0.077753897
  68.17     -67.86          31.63000    0.075341350
  68.18     -67.84          31.63000    0.073158661
  68.19     -67.83          31.62000    0.071150580
  68.20     -67.82          31.61000    0.069317748
  68.21     -67.81          31.60000    0.067595261
  68.22     -67.81          31.58000    0.065933525
  68.23     -67.80          31.57000    0.064337934
  68.24     -67.79          31.56000    0.062870675
  68.25     -67.79          31.55000    0.061572882
  68.26     -67.80          31.53000    0.060458146
  68.27     -67.79          31.52000    0.059537562
  68.28     -67.79          31.51000    0.058825126
  68.29     -67.80          31.49000    0.058309269
  68.30     -67.80          31.48000    0.057993751
  68.31     -67.80          31.47000    0.057888519
  68.31     -67.80          31.47000    0.057888519
  68.31     -67.80          31.47000    0.057888519
  68.31     -67.80          31.47000    0.057888519
  68.31     -67.80          31.47000    0.057888519
  68.31     -67.80          31.47000    0.057888519
  68.31     -67.80          31.47000    0.057888519
  68.31     -67.80          31.47000    0.057888519
  68.31     -67.80          31.47000    0.057888519
  68.31     -67.80          31.47000    0.057888519
  68.31     -67.80          31.47000    0.057888519
  68.31     -67.80          31.47000    0.057888519
  68.31     -67.80          31.47000    0.057888519
  68.31     -67.80          31.47000    0.057888519
  68.31     -67.80          31.47000    0.057888519
  68.31     -67.80          31.47000    0.057888519
  68.31     -67.80          31.47000    0.057888519
  68.31     -67.80          31.47000    0.057888519
  68.31     -67.80          31.47000    0.057888519
  68.31     -67.80          31.47000    0.057888519
  68.31     -67.80          31.47000    0.057888519
  68.31     -67.80          31.47000    0.057888519
  68.31     -67.80          31.47000    0.057888519
  68.31     -67.80          31.47000    0.057888519
  68.31     -67.80          31.47000    0.057888519
  68.31     -67.80          31.47000    0.057888519
  68.31     -67.80          31.47000    0.057888519
  68.31     -67.80          31.47000    0.057888519
  68.31     -67.80          31.47000    0.057888519
  68.31     -67.80          31.47000    0.057888519
  68.31     -67.80          31.47000    0.057888519
  68.31     -67.80          31.47000    0.057888519
  68.31     -67.80          31.47000    0.057888519
  68.31     -67.80          31.47000    0.057888519
  68.31     -67.80          31.47000    0.057888519
  68.31     -67.80          31.47000    0.057888519
  68.31     -67.80          31.47000    0.057888519
  68.31     -67.80          31.47000    0.057888519
  68.31     -67.80          31.47000    0.057888519
  68.31     -67.80          31.47000    0.057888519
  68.31     -67.80          31.47000    0.057888519
  68.31     -67.80          31.47000    0.057888519
  68.31     -67.80          31.47000    0.057888519
  68.31     -67.80          31.47000    0.057888519
  68.31     -67.80          31.47000    0.057888519
  68.31     -67.80          31.47000    0.057888519
  68.31     -67.80          31.47000    0.057888519
  68.31     -67.80          31.47000    0.057888519
  68.31     -67.80          31.47000    0.057888519
  68.31     -67.80          31.47000    0.057888519
