Script started on Thu 24 Sep 2020 10:53:55 AM CDT
nhsin.txt
68.13,-67.26,31.98000
 Enter datafile name: 
 Enter Best fit Rotation (lat, lon, ang): 
   68.129999999999995       -67.260000000000005        31.980000000000000     
 Data read in: 
  -50.46     222.99    2.0   0.4  276.7
  -39.42     193.06    4.5   0.4  317.2
 Rotated: 
  -50.46     222.99    2.0   0.4  276.7
  -51.14    -135.95    4.5   0.4  135.5
 Data read in: 
   20.15     205.32    0.8   0.5  287.7
   31.72     174.06    2.2   0.5  295.9
 Rotated: 
   20.15     205.32    0.8   0.5  287.7
   20.25    -154.84    2.2   0.5  -61.1
 Eigens: Lat, Lon, Evalue, Error level at evalue
 Initial Error=    5.0183663925072730E-002
             -59.30    138.33      2.25      1.06
 Initial Error=    5.0183663925074201E-002
             -30.56    -35.66      0.44      1.09
 Initial Error=    5.0183663925073799E-002
              -2.64   -127.22      0.87      1.06
 finished

Script done on Thu 24 Sep 2020 10:53:56 AM CDT
