  67.60     -67.80          32.38000    0.326342102
  67.61     -67.80          32.37000    0.315621572
  67.62     -67.80          32.36000    0.305128104
  67.63     -67.80          32.35000    0.294861865
  67.64     -67.78          32.35000    0.284815575
  67.65     -67.77          32.34000    0.274982305
  67.66     -67.77          32.33000    0.265370187
  67.67     -67.74          32.33000    0.255972819
  67.68     -67.74          32.32000    0.246786119
  67.69     -67.73          32.31000    0.237818706
  67.70     -67.71          32.31000    0.229069300
  67.71     -67.70          32.30000    0.220527010
  67.72     -67.70          32.29000    0.212206386
  67.73     -67.67          32.29000    0.204099820
  67.74     -67.67          32.28000    0.196201041
  67.75     -67.66          32.27000    0.188520078
  67.76     -67.64          32.27000    0.181057496
  67.77     -67.63          32.26000    0.173798488
  67.78     -67.62          32.25000    0.166761627
  67.79     -67.60          32.25000    0.159936155
  67.80     -67.59          32.24000    0.153320069
  67.81     -67.59          32.23000    0.146922107
  67.82     -67.57          32.23000    0.140734278
  67.83     -67.56          32.22000    0.134756207
  67.84     -67.55          32.21000    0.129003137
  67.85     -67.53          32.21000    0.123445500
  67.86     -67.52          32.20000    0.118112949
  67.87     -67.50          32.20000    0.112989035
  67.88     -67.49          32.19000    0.108077184
  67.89     -67.47          32.19000    0.103386146
  67.90     -67.46          32.18000    0.098895688
  67.91     -67.46          32.17000    0.094635932
  67.92     -67.43          32.17000    0.090569002
  67.93     -67.43          32.16000    0.086735227
  67.94     -67.40          32.16000    0.083098772
  67.95     -67.40          32.15000    0.079695148
  67.96     -67.37          32.15000    0.076488340
  67.97     -67.35          32.15000    0.073520001
  67.98     -67.34          32.14000    0.070743203
  67.99     -67.32          32.14000    0.068204544
  68.00     -67.31          32.13000    0.065868744
  68.01     -67.29          32.13000    0.063759380
  68.02     -67.28          32.12000    0.061850680
  68.03     -67.28          32.11000    0.060134678
  68.04     -67.26          32.10000    0.058537906
  68.05     -67.25          32.09000    0.057007183
  68.06     -67.26          32.07000    0.055546339
  68.07     -67.25          32.06000    0.054208305
  68.08     -67.25          32.05000    0.053049700
  68.09     -67.26          32.03000    0.052078925
  68.10     -67.26          32.02000    0.051302547
  68.11     -67.27          32.00000    0.050737376
  68.12     -67.27          31.99000    0.050355630
  68.13     -67.26          31.98000    0.050183664
  68.13     -67.26          31.98000    0.050183664
  68.13     -67.26          31.98000    0.050183664
  68.13     -67.26          31.98000    0.050183664
  68.13     -67.26          31.98000    0.050183664
  68.13     -67.26          31.98000    0.050183664
  68.13     -67.26          31.98000    0.050183664
  68.13     -67.26          31.98000    0.050183664
  68.13     -67.26          31.98000    0.050183664
  68.13     -67.26          31.98000    0.050183664
  68.13     -67.26          31.98000    0.050183664
  68.13     -67.26          31.98000    0.050183664
  68.13     -67.26          31.98000    0.050183664
  68.13     -67.26          31.98000    0.050183664
  68.13     -67.26          31.98000    0.050183664
  68.13     -67.26          31.98000    0.050183664
  68.13     -67.26          31.98000    0.050183664
  68.13     -67.26          31.98000    0.050183664
  68.13     -67.26          31.98000    0.050183664
  68.13     -67.26          31.98000    0.050183664
  68.13     -67.26          31.98000    0.050183664
  68.13     -67.26          31.98000    0.050183664
  68.13     -67.26          31.98000    0.050183664
  68.13     -67.26          31.98000    0.050183664
  68.13     -67.26          31.98000    0.050183664
  68.13     -67.26          31.98000    0.050183664
  68.13     -67.26          31.98000    0.050183664
  68.13     -67.26          31.98000    0.050183664
  68.13     -67.26          31.98000    0.050183664
  68.13     -67.26          31.98000    0.050183664
  68.13     -67.26          31.98000    0.050183664
  68.13     -67.26          31.98000    0.050183664
  68.13     -67.26          31.98000    0.050183664
  68.13     -67.26          31.98000    0.050183664
  68.13     -67.26          31.98000    0.050183664
  68.13     -67.26          31.98000    0.050183664
  68.13     -67.26          31.98000    0.050183664
  68.13     -67.26          31.98000    0.050183664
  68.13     -67.26          31.98000    0.050183664
  68.13     -67.26          31.98000    0.050183664
  68.13     -67.26          31.98000    0.050183664
  68.13     -67.26          31.98000    0.050183664
  68.13     -67.26          31.98000    0.050183664
  68.13     -67.26          31.98000    0.050183664
  68.13     -67.26          31.98000    0.050183664
  68.13     -67.26          31.98000    0.050183664
  68.13     -67.26          31.98000    0.050183664
  68.13     -67.26          31.98000    0.050183664
