Script started on Thu 24 Sep 2020 10:54:20 AM CDT
nhsin.txt
67.96,-66.76,32.47000
 Enter datafile name: 
 Enter Best fit Rotation (lat, lon, ang): 
   67.959999999999994       -66.760000000000005        32.469999999999999     
 Data read in: 
  -50.46     222.99    2.0   0.4  276.7
  -39.11     192.69    4.6   0.4  317.8
 Rotated: 
  -50.46     222.99    2.0   0.4  276.7
  -51.10    -136.03    4.6   0.4  136.2
 Data read in: 
   20.15     205.32    0.8   0.5  287.7
   31.94     173.53    2.3   0.5  296.0
 Rotated: 
   20.15     205.32    0.8   0.5  287.7
   20.25    -154.84    2.3   0.5  -60.8
 Eigens: Lat, Lon, Evalue, Error level at evalue
 Initial Error=    4.3445336551865658E-002
              58.68    -43.37      2.26      1.04
 Initial Error=    4.3445336551866283E-002
             -31.08    -35.49      0.44      1.07
 Initial Error=    4.3445336551729385E-002
               3.50     52.40      0.87      1.06
 finished

Script done on Thu 24 Sep 2020 10:54:21 AM CDT
