  66.90     -65.46          34.50000    0.295305970
  66.91     -65.44          34.50000    0.283955839
  66.92     -65.42          34.50000    0.272878936
  66.93     -65.40          34.50000    0.262076759
  66.94     -65.38          34.50000    0.251551084
  66.95     -65.36          34.50000    0.241303997
  66.96     -65.34          34.50000    0.231337934
  66.97     -65.32          34.50000    0.221655720
  66.98     -65.30          34.50000    0.212260610
  66.99     -65.28          34.50000    0.203156331
  67.00     -65.26          34.50000    0.194347125
  67.01     -65.24          34.50000    0.185837788
  67.02     -65.22          34.50000    0.177633708
  67.03     -65.20          34.50000    0.169740897
  67.04     -65.19          34.50000    0.162165028
  67.05     -65.17          34.50000    0.154908505
  67.06     -65.18          34.48000    0.147903147
  67.07     -65.18          34.47000    0.141102805
  67.08     -65.19          34.45000    0.134498093
  67.09     -65.20          34.43000    0.128103435
  67.10     -65.20          34.42000    0.121900027
  67.11     -65.21          34.40000    0.115902249
  67.12     -65.21          34.39000    0.110104476
  67.13     -65.22          34.37000    0.104501111
  67.14     -65.24          34.35000    0.099099018
  67.15     -65.23          34.34000    0.093895415
  67.16     -65.25          34.32000    0.088881677
  67.17     -65.26          34.30000    0.084068094
  67.18     -65.26          34.29000    0.079451568
  67.19     -65.27          34.27000    0.075021583
  67.20     -65.29          34.25000    0.070781757
  67.21     -65.32          34.22000    0.066721928
  67.22     -65.37          34.18000    0.062827125
  67.23     -65.39          34.16000    0.059080019
  67.24     -65.41          34.14000    0.055524391
  67.25     -65.40          34.13000    0.052174617
  67.26     -65.40          34.12000    0.049041026
  67.27     -65.39          34.11000    0.046126021
  67.28     -65.39          34.10000    0.043429374
  67.29     -65.39          34.09000    0.040965870
  67.30     -65.38          34.08000    0.038737036
  67.31     -65.36          34.08000    0.036733379
  67.32     -65.35          34.07000    0.034974524
  67.33     -65.33          34.07000    0.033461507
  67.34     -65.33          34.06000    0.032170696
  67.35     -65.32          34.05000    0.031062638
  67.36     -65.32          34.03000    0.030008236
  67.37     -65.32          34.02000    0.029052827
  67.38     -65.33          34.00000    0.028267864
  67.39     -65.33          33.99000    0.027667159
  67.40     -65.34          33.97000    0.027248346
  67.41     -65.35          33.95000    0.027031057
  67.42     -65.35          33.94000    0.026981450
  67.42     -65.35          33.94000    0.026981450
  67.42     -65.35          33.94000    0.026981450
  67.42     -65.35          33.94000    0.026981450
  67.42     -65.35          33.94000    0.026981450
  67.42     -65.35          33.94000    0.026981450
  67.42     -65.35          33.94000    0.026981450
  67.42     -65.35          33.94000    0.026981450
  67.42     -65.35          33.94000    0.026981450
  67.42     -65.35          33.94000    0.026981450
  67.42     -65.35          33.94000    0.026981450
  67.42     -65.35          33.94000    0.026981450
  67.42     -65.35          33.94000    0.026981450
  67.42     -65.35          33.94000    0.026981450
  67.42     -65.35          33.94000    0.026981450
  67.42     -65.35          33.94000    0.026981450
  67.42     -65.35          33.94000    0.026981450
  67.42     -65.35          33.94000    0.026981450
  67.42     -65.35          33.94000    0.026981450
  67.42     -65.35          33.94000    0.026981450
  67.42     -65.35          33.94000    0.026981450
  67.42     -65.35          33.94000    0.026981450
  67.42     -65.35          33.94000    0.026981450
  67.42     -65.35          33.94000    0.026981450
  67.42     -65.35          33.94000    0.026981450
  67.42     -65.35          33.94000    0.026981450
  67.42     -65.35          33.94000    0.026981450
  67.42     -65.35          33.94000    0.026981450
  67.42     -65.35          33.94000    0.026981450
  67.42     -65.35          33.94000    0.026981450
  67.42     -65.35          33.94000    0.026981450
  67.42     -65.35          33.94000    0.026981450
  67.42     -65.35          33.94000    0.026981450
  67.42     -65.35          33.94000    0.026981450
  67.42     -65.35          33.94000    0.026981450
  67.42     -65.35          33.94000    0.026981450
  67.42     -65.35          33.94000    0.026981450
  67.42     -65.35          33.94000    0.026981450
  67.42     -65.35          33.94000    0.026981450
  67.42     -65.35          33.94000    0.026981450
  67.42     -65.35          33.94000    0.026981450
  67.42     -65.35          33.94000    0.026981450
  67.42     -65.35          33.94000    0.026981450
  67.42     -65.35          33.94000    0.026981450
  67.42     -65.35          33.94000    0.026981450
  67.42     -65.35          33.94000    0.026981450
  67.42     -65.35          33.94000    0.026981450
  67.42     -65.35          33.94000    0.026981450
  67.42     -65.35          33.94000    0.026981450
