Script started on Thu 24 Sep 2020 10:56:18 AM CDT
nhsin.txt
65.07,-67.80,35.00000
 Enter datafile name: 
 Enter Best fit Rotation (lat, lon, ang): 
   65.069999999999993       -67.799999999999997        35.000000000000000     
 Data read in: 
  -23.34     209.73    2.2   0.9  295.5
   -8.29     178.39    4.6   0.9  332.4
 Rotated: 
  -23.34     209.73    2.2   0.9  295.5
  -22.71    -150.27    4.6   0.9  154.6
 Data read in: 
  -50.46     222.99    2.0   0.4  276.7
  -37.80     191.31    6.4   0.4  331.5
 Rotated: 
  -50.46     222.99    2.0   0.4  276.7
  -52.29    -135.29    6.4   0.4  149.4
 Data read in: 
   20.15     205.32    0.8   0.5  287.7
   33.08     171.67    6.9   0.5  356.6
 Rotated: 
   20.15     205.32    0.8   0.5  287.7
   18.93    -154.72    6.9   0.5    0.4
 Eigens: Lat, Lon, Evalue, Error level at evalue
 Initial Error=   0.22850384830244314     
              -6.76     97.40      2.90      1.23
 Initial Error=   0.22850384830229128     
             -57.80     -3.45      0.40      1.27
 Initial Error=   0.22850384830246087     
             -31.32   -168.46      0.57      1.26
 finished

Script done on Thu 24 Sep 2020 10:56:19 AM CDT
