Script started on Thu 24 Sep 2020 10:56:57 AM CDT
nhsin.txt
64.64,-68.34,35.18000
 Enter datafile name: 
 Enter Best fit Rotation (lat, lon, ang): 
   64.640000000000001       -68.340000000000003        35.180000000000000     
 Data read in: 
  -23.34     209.73    2.2   0.9  295.5
   -7.84     178.15    4.6   0.9  332.6
 Rotated: 
  -23.34     209.73    2.2   0.9  295.5
  -22.58    -150.43    4.6   0.9  154.7
 Data read in: 
  -50.46     222.99    2.0   0.4  276.7
  -37.39     191.03    6.4   0.4  331.9
 Rotated: 
  -50.46     222.99    2.0   0.4  276.7
  -52.18    -135.41    6.4   0.4  149.6
 Data read in: 
   20.15     205.32    0.8   0.5  287.7
   33.78     171.62    6.9   0.5  356.2
 Rotated: 
   20.15     205.32    0.8   0.5  287.7
   19.29    -154.70    6.9   0.5   -0.0
 Eigens: Lat, Lon, Evalue, Error level at evalue
 Initial Error=   0.17916199840244057     
             -11.57    100.96      2.53      1.19
 Initial Error=   0.17916199840230240     
             -54.68     -5.83      0.40      1.21
 Initial Error=   0.17916199840228672     
             -32.84   -161.45      0.60      1.21
 finished

Script done on Thu 24 Sep 2020 10:56:57 AM CDT
