  64.10     -68.90          35.41000    0.216047961
  64.11     -68.90          35.41000    0.213519353
  64.12     -68.90          35.41000    0.211240124
  64.13     -68.90          35.40000    0.208946627
  64.14     -68.90          35.40000    0.206836283
  64.15     -68.90          35.39000    0.204845257
  64.16     -68.90          35.39000    0.202903276
  64.17     -68.90          35.39000    0.201210200
  64.18     -68.90          35.38000    0.199440302
  64.19     -68.90          35.38000    0.197914965
  64.20     -68.90          35.37000    0.196446528
  64.21     -68.90          35.37000    0.195088404
  64.22     -68.90          35.36000    0.193921077
  64.23     -68.90          35.36000    0.192729650
  64.24     -68.90          35.36000    0.191786473
  64.25     -68.90          35.35000    0.190837791
  64.26     -68.90          35.35000    0.190060643
  64.27     -68.90          35.34000    0.189411861
  64.28     -68.89          35.34000    0.188789710
  64.29     -68.87          35.33000    0.188322537
  64.30     -68.86          35.33000    0.187700676
  64.31     -68.85          35.33000    0.187260159
  64.32     -68.83          35.32000    0.186683951
  64.33     -68.82          35.32000    0.186242982
  64.34     -68.80          35.31000    0.185739964
  64.35     -68.79          35.31000    0.185298000
  64.36     -68.77          35.30000    0.184869137
  64.37     -68.75          35.30000    0.184424989
  64.38     -68.74          35.29000    0.184071888
  64.39     -68.72          35.29000    0.183621107
  64.40     -68.71          35.29000    0.183342754
  64.41     -68.69          35.28000    0.182890682
  64.42     -68.68          35.28000    0.182609473
  64.43     -68.66          35.27000    0.182234135
  64.44     -68.65          35.27000    0.181949564
  64.45     -68.63          35.26000    0.181651879
  64.46     -68.62          35.26000    0.181363451
  64.47     -68.60          35.25000    0.181144328
  64.48     -68.59          35.25000    0.180851557
  64.49     -68.57          35.24000    0.180711893
  64.50     -68.55          35.24000    0.180412181
  64.51     -68.54          35.24000    0.180280091
  64.52     -68.52          35.23000    0.180045108
  64.53     -68.51          35.23000    0.179907419
  64.54     -68.49          35.22000    0.179753487
  64.55     -68.48          35.22000    0.179609736
  64.56     -68.46          35.21000    0.179537735
  64.57     -68.45          35.21000    0.179387468
  64.57     -68.45          35.21000    0.179387468
  64.59     -68.42          35.20000    0.179241039
  64.59     -68.42          35.20000    0.179241039
  64.61     -68.38          35.19000    0.179169660
  64.62     -68.37          35.19000    0.179168789
  64.62     -68.37          35.19000    0.179168789
  64.64     -68.34          35.18000    0.179161999
  64.64     -68.34          35.18000    0.179161999
  64.64     -68.34          35.18000    0.179161999
  64.64     -68.34          35.18000    0.179161999
  64.64     -68.34          35.18000    0.179161999
  64.64     -68.34          35.18000    0.179161999
  64.64     -68.34          35.18000    0.179161999
  64.64     -68.34          35.18000    0.179161999
  64.64     -68.34          35.18000    0.179161999
  64.64     -68.34          35.18000    0.179161999
  64.64     -68.34          35.18000    0.179161999
  64.64     -68.34          35.18000    0.179161999
  64.64     -68.34          35.18000    0.179161999
  64.64     -68.34          35.18000    0.179161999
  64.64     -68.34          35.18000    0.179161999
  64.64     -68.34          35.18000    0.179161999
  64.64     -68.34          35.18000    0.179161999
  64.64     -68.34          35.18000    0.179161999
  64.64     -68.34          35.18000    0.179161999
  64.64     -68.34          35.18000    0.179161999
  64.64     -68.34          35.18000    0.179161999
  64.64     -68.34          35.18000    0.179161999
  64.64     -68.34          35.18000    0.179161999
  64.64     -68.34          35.18000    0.179161999
  64.64     -68.34          35.18000    0.179161999
  64.64     -68.34          35.18000    0.179161999
  64.64     -68.34          35.18000    0.179161999
  64.64     -68.34          35.18000    0.179161999
  64.64     -68.34          35.18000    0.179161999
  64.64     -68.34          35.18000    0.179161999
  64.64     -68.34          35.18000    0.179161999
  64.64     -68.34          35.18000    0.179161999
  64.64     -68.34          35.18000    0.179161999
  64.64     -68.34          35.18000    0.179161999
  64.64     -68.34          35.18000    0.179161999
  64.64     -68.34          35.18000    0.179161999
  64.64     -68.34          35.18000    0.179161999
  64.64     -68.34          35.18000    0.179161999
  64.64     -68.34          35.18000    0.179161999
  64.64     -68.34          35.18000    0.179161999
  64.64     -68.34          35.18000    0.179161999
  64.64     -68.34          35.18000    0.179161999
  64.64     -68.34          35.18000    0.179161999
  64.64     -68.34          35.18000    0.179161999
  64.64     -68.34          35.18000    0.179161999
  64.64     -68.34          35.18000    0.179161999
  64.64     -68.34          35.18000    0.179161999
