Script started on Thu 24 Sep 2020 10:58:04 AM CDT
nhsin.txt
70.97,-102.60,5.55000
 Enter datafile name: 
 Enter Best fit Rotation (lat, lon, ang): 
   70.969999999999999       -102.59999999999999        5.5499999999999998     
 Data read in: 
  -23.34     209.73    2.2   0.9  295.5
  -21.09     204.72    6.8   0.9  296.1
 Rotated: 
  -23.34     209.73    2.2   0.9  295.5
  -22.48    -149.57    6.8   0.9  114.8
 Data read in: 
  -50.46     222.99    2.0   0.4  276.7
  -49.80     217.37    1.8   0.4  283.9
 Rotated: 
  -50.46     222.99    2.0   0.4  276.7
  -50.88    -135.63    1.8   0.4  101.6
 Data read in: 
   20.15     205.32    0.8   0.5  287.7
   21.82     200.03    0.9   0.5  289.6
 Rotated: 
   20.15     205.32    0.8   0.5  287.7
   20.34    -155.12    0.9   0.5  108.4
 Eigens: Lat, Lon, Evalue, Error level at evalue
 Initial Error=    1.1422887218824993     
              25.70   -136.94      1.65      2.15
 Initial Error=    1.1422887218830533     
             -10.56    -52.09      0.44      2.15
 Initial Error=    1.1422887218834903     
              61.92     17.47      1.05      2.15
 finished

Script done on Thu 24 Sep 2020 10:58:05 AM CDT
