  70.30    -103.60           5.57000    1.147273538
  70.31    -103.60           5.57000    1.147079046
  70.32    -103.60           5.57000    1.146889655
  70.33    -103.60           5.57000    1.146705366
  70.34    -103.60           5.57000    1.146526178
  70.35    -103.60           5.57000    1.146352092
  70.36    -103.60           5.57000    1.146183108
  70.37    -103.60           5.57000    1.146019225
  70.38    -103.60           5.57000    1.145860443
  70.39    -103.60           5.57000    1.145706763
  70.40    -103.60           5.57000    1.145558185
  70.41    -103.60           5.57000    1.145414707
  70.42    -103.60           5.57000    1.145276331
  70.43    -103.60           5.57000    1.145143055
  70.44    -103.60           5.57000    1.145014881
  70.45    -103.60           5.57000    1.144891808
  70.46    -103.60           5.57000    1.144773835
  70.47    -103.60           5.57000    1.144660964
  70.48    -103.60           5.57000    1.144553193
  70.49    -103.60           5.57000    1.144450523
  70.50    -103.60           5.57000    1.144352954
  70.51    -103.60           5.57000    1.144260485
  70.52    -103.60           5.57000    1.144173116
  70.53    -103.60           5.57000    1.144090848
  70.54    -103.59           5.57000    1.144013560
  70.55    -103.57           5.57000    1.143938884
  70.56    -103.55           5.57000    1.143866152
  70.57    -103.53           5.57000    1.143795366
  70.58    -103.50           5.57000    1.143726494
  70.59    -103.48           5.57000    1.143659462
  70.60    -103.46           5.57000    1.143594380
  70.61    -103.44           5.57000    1.143531250
  70.62    -103.42           5.57000    1.143470075
  70.63    -103.39           5.57000    1.143410739
  70.64    -103.34           5.56000    1.143351305
  70.65    -103.32           5.56000    1.143289933
  70.66    -103.30           5.56000    1.143230520
  70.67    -103.28           5.56000    1.143173067
  70.68    -103.25           5.56000    1.143117459
  70.69    -103.23           5.56000    1.143063777
  70.70    -103.21           5.56000    1.143012060
  70.71    -103.19           5.56000    1.142962311
  70.72    -103.16           5.56000    1.142914418
  70.73    -103.14           5.56000    1.142868449
  70.74    -103.12           5.56000    1.142824453
  70.75    -103.10           5.56000    1.142782432
  70.76    -103.07           5.56000    1.142742254
  70.77    -103.05           5.56000    1.142704024
  70.78    -103.03           5.56000    1.142667774
  70.79    -103.00           5.56000    1.142633500
  70.80    -102.98           5.56000    1.142601048
  70.81    -102.96           5.56000    1.142570582
  70.82    -102.94           5.56000    1.142542103
  70.83    -102.91           5.56000    1.142515550
  70.84    -102.89           5.56000    1.142490881
  70.85    -102.87           5.56000    1.142468205
  70.86    -102.85           5.56000    1.142447525
  70.87    -102.79           5.55000    1.142424924
  70.88    -102.77           5.55000    1.142402095
  70.89    -102.75           5.55000    1.142381265
  70.90    -102.73           5.55000    1.142362435
  70.91    -102.70           5.55000    1.142345449
  70.92    -102.68           5.55000    1.142330445
  70.93    -102.66           5.55000    1.142317447
  70.94    -102.63           5.55000    1.142306358
  70.95    -102.61           5.55000    1.142297194
  70.96    -102.60           5.55000    1.142290518
  70.97    -102.60           5.55000    1.142288722
  70.97    -102.60           5.55000    1.142288722
  70.97    -102.60           5.55000    1.142288722
  70.97    -102.60           5.55000    1.142288722
  70.97    -102.60           5.55000    1.142288722
  70.97    -102.60           5.55000    1.142288722
  70.97    -102.60           5.55000    1.142288722
  70.97    -102.60           5.55000    1.142288722
  70.97    -102.60           5.55000    1.142288722
  70.97    -102.60           5.55000    1.142288722
  70.97    -102.60           5.55000    1.142288722
  70.97    -102.60           5.55000    1.142288722
  70.97    -102.60           5.55000    1.142288722
  70.97    -102.60           5.55000    1.142288722
  70.97    -102.60           5.55000    1.142288722
  70.97    -102.60           5.55000    1.142288722
  70.97    -102.60           5.55000    1.142288722
  70.97    -102.60           5.55000    1.142288722
  70.97    -102.60           5.55000    1.142288722
  70.97    -102.60           5.55000    1.142288722
  70.97    -102.60           5.55000    1.142288722
  70.97    -102.60           5.55000    1.142288722
  70.97    -102.60           5.55000    1.142288722
  70.97    -102.60           5.55000    1.142288722
  70.97    -102.60           5.55000    1.142288722
  70.97    -102.60           5.55000    1.142288722
  70.97    -102.60           5.55000    1.142288722
  70.97    -102.60           5.55000    1.142288722
  70.97    -102.60           5.55000    1.142288722
  70.97    -102.60           5.55000    1.142288722
  70.97    -102.60           5.55000    1.142288722
  70.97    -102.60           5.55000    1.142288722
  70.97    -102.60           5.55000    1.142288722
  70.97    -102.60           5.55000    1.142288722
