Script started on Thu 24 Sep 2020 10:59:23 AM CDT
nhsin.txt
63.21,-70.05,35.82000
 Enter datafile name: 
 Enter Best fit Rotation (lat, lon, ang): 
   63.210000000000001       -70.049999999999997        35.820000000000000     
 Data read in: 
  -23.34     209.73    2.2   0.9  295.5
   -6.48     177.45    4.6   0.9  333.1
 Rotated: 
  -23.34     209.73    2.2   0.9  295.5
  -22.31    -150.84    4.6   0.9  155.0
 Data read in: 
  -50.46     222.99    2.0   0.4  276.7
  -36.15     190.23    6.3   0.4  333.0
 Rotated: 
  -50.46     222.99    2.0   0.4  276.7
  -51.96    -135.60    6.3   0.4  150.2
 Data read in: 
   20.15     205.32    0.8   0.5  287.7
   35.87     171.42    6.8   0.5  354.9
 Rotated: 
   20.15     205.32    0.8   0.5  287.7
   20.25    -154.68    6.8   0.5   -1.5
 Eigens: Lat, Lon, Evalue, Error level at evalue
 Initial Error=   0.13536157084031095     
               7.30    -81.45      2.99      1.14
 Initial Error=   0.13536157084026093     
             -41.19      2.11      0.43      1.17
 Initial Error=   0.13536157084027728     
              47.88     16.69      0.90      1.15
 finished

Script done on Thu 24 Sep 2020 10:59:23 AM CDT
