Script started on Thu 24 Sep 2020 10:59:59 AM CDT
nhsin.txt
62.70,-70.62,36.06000
 Enter datafile name: 
 Enter Best fit Rotation (lat, lon, ang): 
   62.700000000000003       -70.620000000000005        36.060000000000002     
 Data read in: 
  -23.34     209.73    2.2   0.9  295.5
   -6.03     177.22    4.6   0.9  333.3
 Rotated: 
  -23.34     209.73    2.2   0.9  295.5
  -22.26    -150.96    4.6   0.9  155.1
 Data read in: 
  -50.46     222.99    2.0   0.4  276.7
  -35.74     189.97    6.3   0.4  333.4
 Rotated: 
  -50.46     222.99    2.0   0.4  276.7
  -51.91    -135.63    6.3   0.4  150.3
 Data read in: 
   20.15     205.32    0.8   0.5  287.7
   36.56     171.34    6.8   0.5  354.5
 Rotated: 
   20.15     205.32    0.8   0.5  287.7
   20.54    -154.68    6.8   0.5   -1.9
 Eigens: Lat, Lon, Evalue, Error level at evalue
 Initial Error=   0.16050070083780701     
               7.19    -80.67      2.94      1.16
 Initial Error=   0.16050070083780701     
             -39.48      3.36      0.43      1.20
 Initial Error=   0.16050070083786458     
              49.60     17.86      0.77      1.17
 finished

Script done on Thu 24 Sep 2020 10:59:59 AM CDT
