  62.30     -71.00          36.27000    0.172972635
  62.31     -71.00          36.26000    0.172275225
  62.32     -71.00          36.25000    0.171437080
  62.33     -71.00          36.24000    0.170601752
  62.34     -71.00          36.24000    0.169880105
  62.35     -71.00          36.23000    0.169094185
  62.36     -71.00          36.22000    0.168512637
  62.37     -71.00          36.22000    0.167863971
  62.38     -71.00          36.21000    0.167445255
  62.39     -71.00          36.21000    0.166944640
  62.40     -70.99          36.21000    0.166641881
  62.41     -70.97          36.20000    0.166173230
  62.42     -70.96          36.20000    0.165883415
  62.43     -70.95          36.19000    0.165442414
  62.44     -70.94          36.19000    0.165171646
  62.45     -70.92          36.18000    0.164764939
  62.46     -70.91          36.18000    0.164507983
  62.47     -70.90          36.17000    0.164121860
  62.48     -70.89          36.17000    0.163884591
  62.49     -70.88          36.16000    0.163535681
  62.50     -70.87          36.16000    0.163318408
  62.51     -70.85          36.15000    0.162994832
  62.52     -70.84          36.15000    0.162792668
  62.53     -70.83          36.14000    0.162505407
  62.54     -70.82          36.14000    0.162323992
  62.55     -70.80          36.13000    0.162071025
  62.56     -70.79          36.13000    0.161905315
  62.57     -70.78          36.12000    0.161682928
  62.58     -70.77          36.12000    0.161538575
  62.59     -70.76          36.11000    0.161358030
  62.60     -70.74          36.11000    0.161230257
  62.61     -70.73          36.10000    0.161075606
  62.62     -70.72          36.10000    0.160969135
  62.63     -70.71          36.09000    0.160857702
  62.64     -70.70          36.09000    0.160773202
  62.65     -70.68          36.08000    0.160689666
  62.66     -70.67          36.08000    0.160621526
  62.67     -70.66          36.07000    0.160581758
  62.68     -70.65          36.07000    0.160535788
  62.69     -70.63          36.06000    0.160530396
  62.70     -70.62          36.06000    0.160500702
  62.70     -70.62          36.06000    0.160500702
  62.70     -70.62          36.06000    0.160500702
  62.70     -70.62          36.06000    0.160500702
  62.70     -70.62          36.06000    0.160500702
  62.70     -70.62          36.06000    0.160500702
  62.70     -70.62          36.06000    0.160500702
  62.70     -70.62          36.06000    0.160500702
  62.70     -70.62          36.06000    0.160500702
  62.70     -70.62          36.06000    0.160500702
  62.70     -70.62          36.06000    0.160500702
  62.70     -70.62          36.06000    0.160500702
  62.70     -70.62          36.06000    0.160500702
  62.70     -70.62          36.06000    0.160500702
  62.70     -70.62          36.06000    0.160500702
  62.70     -70.62          36.06000    0.160500702
  62.70     -70.62          36.06000    0.160500702
  62.70     -70.62          36.06000    0.160500702
  62.70     -70.62          36.06000    0.160500702
  62.70     -70.62          36.06000    0.160500702
  62.70     -70.62          36.06000    0.160500702
  62.70     -70.62          36.06000    0.160500702
  62.70     -70.62          36.06000    0.160500702
  62.70     -70.62          36.06000    0.160500702
  62.70     -70.62          36.06000    0.160500702
  62.70     -70.62          36.06000    0.160500702
  62.70     -70.62          36.06000    0.160500702
  62.70     -70.62          36.06000    0.160500702
  62.70     -70.62          36.06000    0.160500702
  62.70     -70.62          36.06000    0.160500702
  62.70     -70.62          36.06000    0.160500702
  62.70     -70.62          36.06000    0.160500702
  62.70     -70.62          36.06000    0.160500702
  62.70     -70.62          36.06000    0.160500702
  62.70     -70.62          36.06000    0.160500702
  62.70     -70.62          36.06000    0.160500702
  62.70     -70.62          36.06000    0.160500702
  62.70     -70.62          36.06000    0.160500702
  62.70     -70.62          36.06000    0.160500702
  62.70     -70.62          36.06000    0.160500702
  62.70     -70.62          36.06000    0.160500702
  62.70     -70.62          36.06000    0.160500702
  62.70     -70.62          36.06000    0.160500702
  62.70     -70.62          36.06000    0.160500702
  62.70     -70.62          36.06000    0.160500702
  62.70     -70.62          36.06000    0.160500702
  62.70     -70.62          36.06000    0.160500702
  62.70     -70.62          36.06000    0.160500702
  62.70     -70.62          36.06000    0.160500702
  62.70     -70.62          36.06000    0.160500702
  62.70     -70.62          36.06000    0.160500702
  62.70     -70.62          36.06000    0.160500702
  62.70     -70.62          36.06000    0.160500702
  62.70     -70.62          36.06000    0.160500702
  62.70     -70.62          36.06000    0.160500702
  62.70     -70.62          36.06000    0.160500702
  62.70     -70.62          36.06000    0.160500702
  62.70     -70.62          36.06000    0.160500702
  62.70     -70.62          36.06000    0.160500702
  62.70     -70.62          36.06000    0.160500702
  62.70     -70.62          36.06000    0.160500702
