  61.70     -71.60          36.54000    0.212906476
  61.71     -71.60          36.54000    0.212129531
  61.72     -71.60          36.53000    0.211415019
  61.73     -71.60          36.53000    0.210738051
  61.74     -71.60          36.52000    0.210168548
  61.75     -71.60          36.52000    0.209593366
  61.76     -71.60          36.51000    0.209173630
  61.77     -71.60          36.51000    0.208702354
  61.78     -71.60          36.50000    0.208436163
  61.79     -71.60          36.50000    0.208071137
  61.80     -71.60          36.50000    0.207924795
  61.81     -71.58          36.49000    0.207645950
  61.82     -71.57          36.49000    0.207504056
  61.83     -71.56          36.48000    0.207226500
  61.84     -71.55          36.48000    0.207080586
  61.85     -71.54          36.47000    0.206816354
  61.86     -71.53          36.47000    0.206668475
  61.87     -71.52          36.46000    0.206418950
  61.88     -71.51          36.46000    0.206271092
  61.89     -71.50          36.45000    0.206037583
  61.90     -71.49          36.45000    0.205891654
  61.91     -71.47          36.44000    0.205664882
  61.92     -71.46          36.44000    0.205523027
  61.93     -71.45          36.43000    0.205311797
  61.94     -71.44          36.43000    0.205175265
  61.95     -71.43          36.42000    0.204983550
  61.96     -71.42          36.42000    0.204853989
  61.97     -71.41          36.41000    0.204682852
  61.98     -71.40          36.41000    0.204561819
  61.99     -71.38          36.40000    0.204401970
  62.00     -71.37          36.40000    0.204290461
  62.01     -71.36          36.39000    0.204150032
  62.02     -71.35          36.39000    0.204049724
  62.03     -71.34          36.38000    0.203932747
  62.04     -71.33          36.38000    0.203844927
  62.05     -71.32          36.37000    0.203752274
  62.06     -71.31          36.37000    0.203678141
  62.07     -71.29          36.36000    0.203597297
  62.08     -71.28          36.36000    0.203536747
  62.09     -71.27          36.35000    0.203481846
  62.10     -71.26          36.35000    0.203436971
  62.11     -71.25          36.34000    0.203408799
  62.12     -71.24          36.34000    0.203380553
  62.13     -71.22          36.33000    0.203375657
  62.14     -71.21          36.33000    0.203363152
  62.14     -71.21          36.33000    0.203363152
  62.14     -71.21          36.33000    0.203363152
  62.14     -71.21          36.33000    0.203363152
  62.14     -71.21          36.33000    0.203363152
  62.14     -71.21          36.33000    0.203363152
  62.14     -71.21          36.33000    0.203363152
  62.14     -71.21          36.33000    0.203363152
  62.14     -71.21          36.33000    0.203363152
  62.14     -71.21          36.33000    0.203363152
  62.14     -71.21          36.33000    0.203363152
  62.14     -71.21          36.33000    0.203363152
  62.14     -71.21          36.33000    0.203363152
  62.14     -71.21          36.33000    0.203363152
  62.14     -71.21          36.33000    0.203363152
  62.14     -71.21          36.33000    0.203363152
  62.14     -71.21          36.33000    0.203363152
  62.14     -71.21          36.33000    0.203363152
  62.14     -71.21          36.33000    0.203363152
  62.14     -71.21          36.33000    0.203363152
  62.14     -71.21          36.33000    0.203363152
  62.14     -71.21          36.33000    0.203363152
  62.14     -71.21          36.33000    0.203363152
  62.14     -71.21          36.33000    0.203363152
  62.14     -71.21          36.33000    0.203363152
  62.14     -71.21          36.33000    0.203363152
  62.14     -71.21          36.33000    0.203363152
  62.14     -71.21          36.33000    0.203363152
  62.14     -71.21          36.33000    0.203363152
  62.14     -71.21          36.33000    0.203363152
  62.14     -71.21          36.33000    0.203363152
  62.14     -71.21          36.33000    0.203363152
  62.14     -71.21          36.33000    0.203363152
  62.14     -71.21          36.33000    0.203363152
  62.14     -71.21          36.33000    0.203363152
  62.14     -71.21          36.33000    0.203363152
  62.14     -71.21          36.33000    0.203363152
  62.14     -71.21          36.33000    0.203363152
  62.14     -71.21          36.33000    0.203363152
  62.14     -71.21          36.33000    0.203363152
  62.14     -71.21          36.33000    0.203363152
  62.14     -71.21          36.33000    0.203363152
  62.14     -71.21          36.33000    0.203363152
  62.14     -71.21          36.33000    0.203363152
  62.14     -71.21          36.33000    0.203363152
  62.14     -71.21          36.33000    0.203363152
  62.14     -71.21          36.33000    0.203363152
  62.14     -71.21          36.33000    0.203363152
  62.14     -71.21          36.33000    0.203363152
  62.14     -71.21          36.33000    0.203363152
  62.14     -71.21          36.33000    0.203363152
  62.14     -71.21          36.33000    0.203363152
  62.14     -71.21          36.33000    0.203363152
  62.14     -71.21          36.33000    0.203363152
  62.14     -71.21          36.33000    0.203363152
  62.14     -71.21          36.33000    0.203363152
  62.14     -71.21          36.33000    0.203363152
