Script started on Thu 24 Sep 2020 11:01:53 AM CDT
nhsin.txt
60.13,-73.16,37.35000
 Enter datafile name: 
 Enter Best fit Rotation (lat, lon, ang): 
   60.130000000000003       -73.159999999999997        37.350000000000001     
 Data read in: 
  -23.34     209.73    2.2   0.9  295.5
   -4.67     176.54    4.6   0.9  333.8
 Rotated: 
  -23.34     209.73    2.2   0.9  295.5
  -22.97    -151.12    4.6   0.9  155.1
 Data read in: 
  -50.46     222.99    2.0   0.4  276.7
  -34.49     189.22    6.3   0.4  334.5
 Rotated: 
  -50.46     222.99    2.0   0.4  276.7
  -52.56    -134.97    6.3   0.4  150.0
 Data read in: 
   20.15     205.32    0.8   0.5  287.7
   38.64     171.06    6.8   0.5  353.2
 Rotated: 
   20.15     205.32    0.8   0.5  287.7
   20.49    -154.69    6.8   0.5   -3.7
 Eigens: Lat, Lon, Evalue, Error level at evalue
 Initial Error=   0.26187172950781018     
              -7.56    101.40      3.87      1.26
 Initial Error=   0.26187172950778470     
             -40.47      4.90      0.43      1.31
 Initial Error=   0.26187172950788928     
             -48.53   -159.96      0.85      1.27
 finished

Script done on Thu 24 Sep 2020 11:01:53 AM CDT
