Script started on Thu 24 Sep 2020 11:02:33 AM CDT
nhsin.txt
59.61,-73.57,37.63000
 Enter datafile name: 
 Enter Best fit Rotation (lat, lon, ang): 
   59.609999999999999       -73.569999999999993        37.630000000000003     
 Data read in: 
  -23.34     209.73    2.2   0.9  295.5
   -4.21     176.32    4.7   0.9  333.9
 Rotated: 
  -23.34     209.73    2.2   0.9  295.5
  -22.95    -151.24    4.7   0.9  155.2
 Data read in: 
  -50.46     222.99    2.0   0.4  276.7
  -34.07     188.98    6.3   0.4  334.8
 Rotated: 
  -50.46     222.99    2.0   0.4  276.7
  -52.54    -134.99    6.3   0.4  150.1
 Data read in: 
   20.15     205.32    0.8   0.5  287.7
   39.33     170.95    6.8   0.5  352.7
 Rotated: 
   20.15     205.32    0.8   0.5  287.7
   20.75    -154.71    6.8   0.5   -4.1
 Eigens: Lat, Lon, Evalue, Error level at evalue
 Initial Error=   0.29838782454012014     
              -7.91    101.75      3.82      1.30
 Initial Error=   0.29838782454000529     
             -41.34      4.73      0.42      1.33
 Initial Error=   0.29838782454000878     
             -47.56   -159.51      0.70      1.30
 finished

Script done on Thu 24 Sep 2020 11:02:34 AM CDT
