Script started on Thu 24 Sep 2020 11:03:08 AM CDT
nhsin.txt
59.09,-73.96,37.92000
 Enter datafile name: 
 Enter Best fit Rotation (lat, lon, ang): 
   59.090000000000003       -73.959999999999994        37.920000000000002     
 Data read in: 
  -23.34     209.73    2.2   0.9  295.5
   -3.75     176.09    4.7   0.9  334.1
 Rotated: 
  -23.34     209.73    2.2   0.9  295.5
  -22.93    -151.36    4.7   0.9  155.3
 Data read in: 
  -50.46     222.99    2.0   0.4  276.7
  -33.65     188.74    6.3   0.4  335.1
 Rotated: 
  -50.46     222.99    2.0   0.4  276.7
  -52.54    -135.00    6.3   0.4  150.2
 Data read in: 
   20.15     205.32    0.8   0.5  287.7
   40.02     170.83    6.7   0.5  352.3
 Rotated: 
   20.15     205.32    0.8   0.5  287.7
   20.99    -154.73    6.7   0.5   -4.6
 Eigens: Lat, Lon, Evalue, Error level at evalue
 Initial Error=   0.34216937520471030     
              -8.42    101.93      3.72      1.35
 Initial Error=   0.34216937520481561     
             -44.86      3.46      0.41      1.35
 Initial Error=   0.34216937520479485     
             -43.92   -159.88      0.61      1.35
 finished

Script done on Thu 24 Sep 2020 11:03:08 AM CDT
