Script started on Thu 24 Sep 2020 11:03:47 AM CDT
nhsin.txt
58.58,-74.32,38.21000
 Enter datafile name: 
 Enter Best fit Rotation (lat, lon, ang): 
   58.579999999999998       -74.319999999999993        38.210000000000001     
 Data read in: 
  -23.34     209.73    2.2   0.9  295.5
   -3.30     175.87    4.7   0.9  334.2
 Rotated: 
  -23.34     209.73    2.2   0.9  295.5
  -22.91    -151.48    4.7   0.9  155.5
 Data read in: 
  -50.46     222.99    2.0   0.4  276.7
  -33.23     188.51    6.3   0.4  335.5
 Rotated: 
  -50.46     222.99    2.0   0.4  276.7
  -52.53    -135.02    6.3   0.4  150.4
 Data read in: 
   20.15     205.32    0.8   0.5  287.7
   40.72     170.71    6.7   0.5  351.8
 Rotated: 
   20.15     205.32    0.8   0.5  287.7
   21.24    -154.76    6.7   0.5   -5.1
 Eigens: Lat, Lon, Evalue, Error level at evalue
 Initial Error=   0.39361494789502677     
              -8.96    102.23      3.57      1.40
 Initial Error=   0.39361494789487106     
             -48.46      1.98      0.41      1.42
 Initial Error=   0.39361494789483442     
             -40.13   -160.13      0.58      1.40
 finished

Script done on Thu 24 Sep 2020 11:03:48 AM CDT
