Script started on Thu 24 Sep 2020 11:04:23 AM CDT
nhsin.txt
58.07,-74.66,38.51000
 Enter datafile name: 
 Enter Best fit Rotation (lat, lon, ang): 
   58.070000000000000       -74.659999999999997        38.509999999999998     
 Data read in: 
  -23.34     209.73    2.2   0.9  295.5
   -2.84     175.65    4.7   0.9  334.4
 Rotated: 
  -23.34     209.73    2.2   0.9  295.5
  -22.90    -151.59    4.7   0.9  155.6
 Data read in: 
  -50.46     222.99    2.0   0.4  276.7
  -32.80     188.28    6.3   0.4  335.8
 Rotated: 
  -50.46     222.99    2.0   0.4  276.7
  -52.52    -135.03    6.3   0.4  150.5
 Data read in: 
   20.15     205.32    0.8   0.5  287.7
   41.41     170.57    6.7   0.5  351.4
 Rotated: 
   20.15     205.32    0.8   0.5  287.7
   21.48    -154.79    6.7   0.5   -5.6
 Eigens: Lat, Lon, Evalue, Error level at evalue
 Initial Error=   0.45190901248968535     
              -9.60    102.51      3.36      1.46
 Initial Error=   0.45190901248972976     
             -51.38      0.29      0.40      1.46
 Initial Error=   0.45190901248970888     
             -36.97   -160.17      0.57      1.46
 finished

Script done on Thu 24 Sep 2020 11:04:24 AM CDT
