  57.60     -75.06          38.81000    0.546120478
  57.61     -75.05          38.80000    0.542194059
  57.62     -75.04          38.79000    0.538413151
  57.63     -75.04          38.79000    0.534678437
  57.64     -75.03          38.78000    0.530984504
  57.65     -75.02          38.77000    0.527440500
  57.66     -75.01          38.77000    0.523901230
  57.67     -75.00          38.76000    0.520453689
  57.68     -74.99          38.75000    0.517160383
  57.69     -74.98          38.75000    0.513833671
  57.70     -74.98          38.74000    0.510639264
  57.71     -74.97          38.74000    0.507556008
  57.72     -74.96          38.73000    0.504465080
  57.73     -74.95          38.72000    0.501534444
  57.74     -74.94          38.72000    0.498667722
  57.75     -74.93          38.71000    0.495846554
  57.76     -74.92          38.70000    0.493189195
  57.77     -74.92          38.70000    0.490523736
  57.78     -74.91          38.69000    0.487975324
  57.79     -74.90          38.69000    0.485573731
  57.80     -74.89          38.68000    0.483141017
  57.81     -74.88          38.67000    0.480876707
  57.82     -74.88          38.67000    0.478693177
  57.83     -74.87          38.66000    0.476542769
  57.84     -74.86          38.65000    0.474563146
  57.85     -74.85          38.65000    0.472579368
  57.86     -74.84          38.64000    0.470721184
  57.87     -74.83          38.64000    0.469009401
  57.88     -74.82          38.63000    0.467273653
  57.89     -74.81          38.62000    0.465711567
  57.90     -74.81          38.62000    0.464197019
  57.91     -74.80          38.61000    0.462753211
  57.92     -74.79          38.60000    0.461484240
  57.93     -74.78          38.60000    0.460189212
  57.94     -74.77          38.59000    0.459044527
  57.95     -74.77          38.59000    0.458008133
  57.96     -74.76          38.58000    0.456981630
  57.97     -74.75          38.57000    0.456130705
  57.98     -74.74          38.57000    0.455297108
  57.99     -74.73          38.56000    0.454569323
  58.00     -74.72          38.56000    0.454001639
  58.01     -74.72          38.55000    0.453391342
  58.02     -74.71          38.54000    0.452954476
  58.03     -74.70          38.54000    0.452572562
  58.04     -74.69          38.53000    0.452255473
  58.05     -74.68          38.52000    0.452112663
  58.06     -74.67          38.52000    0.451934981
  58.07     -74.66          38.51000    0.451909012
  58.07     -74.66          38.51000    0.451909012
  58.07     -74.66          38.51000    0.451909012
  58.07     -74.66          38.51000    0.451909012
  58.07     -74.66          38.51000    0.451909012
  58.07     -74.66          38.51000    0.451909012
  58.07     -74.66          38.51000    0.451909012
  58.07     -74.66          38.51000    0.451909012
  58.07     -74.66          38.51000    0.451909012
  58.07     -74.66          38.51000    0.451909012
  58.07     -74.66          38.51000    0.451909012
  58.07     -74.66          38.51000    0.451909012
  58.07     -74.66          38.51000    0.451909012
  58.07     -74.66          38.51000    0.451909012
  58.07     -74.66          38.51000    0.451909012
  58.07     -74.66          38.51000    0.451909012
  58.07     -74.66          38.51000    0.451909012
  58.07     -74.66          38.51000    0.451909012
  58.07     -74.66          38.51000    0.451909012
  58.07     -74.66          38.51000    0.451909012
  58.07     -74.66          38.51000    0.451909012
  58.07     -74.66          38.51000    0.451909012
  58.07     -74.66          38.51000    0.451909012
  58.07     -74.66          38.51000    0.451909012
  58.07     -74.66          38.51000    0.451909012
  58.07     -74.66          38.51000    0.451909012
  58.07     -74.66          38.51000    0.451909012
  58.07     -74.66          38.51000    0.451909012
  58.07     -74.66          38.51000    0.451909012
  58.07     -74.66          38.51000    0.451909012
  58.07     -74.66          38.51000    0.451909012
  58.07     -74.66          38.51000    0.451909012
  58.07     -74.66          38.51000    0.451909012
  58.07     -74.66          38.51000    0.451909012
  58.07     -74.66          38.51000    0.451909012
  58.07     -74.66          38.51000    0.451909012
  58.07     -74.66          38.51000    0.451909012
  58.07     -74.66          38.51000    0.451909012
  58.07     -74.66          38.51000    0.451909012
  58.07     -74.66          38.51000    0.451909012
  58.07     -74.66          38.51000    0.451909012
  58.07     -74.66          38.51000    0.451909012
  58.07     -74.66          38.51000    0.451909012
  58.07     -74.66          38.51000    0.451909012
  58.07     -74.66          38.51000    0.451909012
  58.07     -74.66          38.51000    0.451909012
  58.07     -74.66          38.51000    0.451909012
  58.07     -74.66          38.51000    0.451909012
  58.07     -74.66          38.51000    0.451909012
  58.07     -74.66          38.51000    0.451909012
  58.07     -74.66          38.51000    0.451909012
  58.07     -74.66          38.51000    0.451909012
  58.07     -74.66          38.51000    0.451909012
  58.07     -74.66          38.51000    0.451909012
