Script started on Thu 24 Sep 2020 11:05:37 AM CDT
nhsin.txt
57.58,-74.98,38.81000
 Enter datafile name: 
 Enter Best fit Rotation (lat, lon, ang): 
   57.579999999999998       -74.980000000000004        38.810000000000002     
 Data read in: 
  -23.34     209.73    2.2   0.9  295.5
   -2.38     175.43    4.7   0.9  334.5
 Rotated: 
  -23.34     209.73    2.2   0.9  295.5
  -22.87    -151.70    4.7   0.9  155.7
 Data read in: 
  -50.46     222.99    2.0   0.4  276.7
  -32.38     188.06    6.3   0.4  336.2
 Rotated: 
  -50.46     222.99    2.0   0.4  276.7
  -52.51    -135.04    6.3   0.4  150.7
 Data read in: 
   20.15     205.32    0.8   0.5  287.7
   42.10     170.43    6.7   0.5  350.9
 Rotated: 
   20.15     205.32    0.8   0.5  287.7
   21.73    -154.83    6.7   0.5   -6.1
 Eigens: Lat, Lon, Evalue, Error level at evalue
 Initial Error=   0.51754203328696036     
             -10.41    102.66      3.06      1.52
 Initial Error=   0.51754203328672710     
             -53.75     -1.85      0.41      1.56
 Initial Error=   0.51754203328698345     
             -34.26   -160.15      0.57      1.54
 finished

Script done on Thu 24 Sep 2020 11:05:38 AM CDT
