  57.10     -75.37          39.12000    0.615924366
  57.11     -75.36          39.11000    0.611867535
  57.12     -75.35          39.10000    0.607951101
  57.13     -75.34          39.10000    0.604021400
  57.14     -75.33          39.09000    0.600201951
  57.15     -75.32          39.08000    0.596527086
  57.16     -75.32          39.08000    0.592830393
  57.17     -75.31          39.07000    0.589249095
  57.18     -75.30          39.06000    0.585816250
  57.19     -75.29          39.06000    0.582352514
  57.20     -75.28          39.05000    0.579026761
  57.21     -75.28          39.05000    0.575841616
  57.22     -75.27          39.04000    0.572616600
  57.23     -75.26          39.03000    0.569545654
  57.24     -75.25          39.03000    0.566598361
  57.25     -75.24          39.02000    0.563641384
  57.26     -75.23          39.01000    0.560841780
  57.27     -75.23          39.01000    0.558122015
  57.28     -75.22          39.00000    0.555430926
  57.29     -75.21          38.99000    0.552900089
  57.30     -75.20          38.99000    0.550432737
  57.31     -75.20          38.98000    0.548022501
  57.32     -75.19          38.97000    0.545766086
  57.33     -75.18          38.97000    0.543526220
  57.34     -75.17          38.96000    0.541393782
  57.35     -75.16          38.95000    0.539426407
  57.36     -75.16          38.95000    0.537438436
  57.37     -75.15          38.94000    0.535587353
  57.38     -75.14          38.94000    0.533871282
  57.39     -75.13          38.93000    0.532147204
  57.40     -75.12          38.92000    0.530590750
  57.41     -75.12          38.92000    0.529121594
  57.42     -75.11          38.91000    0.527683149
  57.43     -75.10          38.90000    0.526413451
  57.44     -75.09          38.90000    0.525178737
  57.45     -75.08          38.89000    0.524037712
  57.46     -75.07          38.88000    0.523066243
  57.47     -75.07          38.88000    0.522059976
  57.48     -75.06          38.87000    0.521206415
  57.49     -75.05          38.87000    0.520487149
  57.50     -75.04          38.86000    0.519761283
  57.51     -75.04          38.85000    0.519203602
  57.52     -75.03          38.85000    0.518703687
  57.53     -75.02          38.84000    0.518262962
  57.54     -75.01          38.83000    0.517991496
  57.55     -75.00          38.83000    0.517734008
  57.56     -75.00          38.82000    0.517579078
  57.57     -74.99          38.82000    0.517578207
  57.58     -74.98          38.81000    0.517542034
  57.58     -74.98          38.81000    0.517542034
  57.58     -74.98          38.81000    0.517542034
  57.58     -74.98          38.81000    0.517542034
  57.58     -74.98          38.81000    0.517542034
  57.58     -74.98          38.81000    0.517542034
  57.58     -74.98          38.81000    0.517542034
  57.58     -74.98          38.81000    0.517542034
  57.58     -74.98          38.81000    0.517542034
  57.58     -74.98          38.81000    0.517542034
  57.58     -74.98          38.81000    0.517542034
  57.58     -74.98          38.81000    0.517542034
  57.58     -74.98          38.81000    0.517542034
  57.58     -74.98          38.81000    0.517542034
  57.58     -74.98          38.81000    0.517542034
  57.58     -74.98          38.81000    0.517542034
  57.58     -74.98          38.81000    0.517542034
  57.58     -74.98          38.81000    0.517542034
  57.58     -74.98          38.81000    0.517542034
  57.58     -74.98          38.81000    0.517542034
  57.58     -74.98          38.81000    0.517542034
  57.58     -74.98          38.81000    0.517542034
  57.58     -74.98          38.81000    0.517542034
  57.58     -74.98          38.81000    0.517542034
  57.58     -74.98          38.81000    0.517542034
  57.58     -74.98          38.81000    0.517542034
  57.58     -74.98          38.81000    0.517542034
  57.58     -74.98          38.81000    0.517542034
  57.58     -74.98          38.81000    0.517542034
  57.58     -74.98          38.81000    0.517542034
  57.58     -74.98          38.81000    0.517542034
  57.58     -74.98          38.81000    0.517542034
  57.58     -74.98          38.81000    0.517542034
  57.58     -74.98          38.81000    0.517542034
  57.58     -74.98          38.81000    0.517542034
  57.58     -74.98          38.81000    0.517542034
  57.58     -74.98          38.81000    0.517542034
  57.58     -74.98          38.81000    0.517542034
  57.58     -74.98          38.81000    0.517542034
  57.58     -74.98          38.81000    0.517542034
  57.58     -74.98          38.81000    0.517542034
  57.58     -74.98          38.81000    0.517542034
  57.58     -74.98          38.81000    0.517542034
  57.58     -74.98          38.81000    0.517542034
  57.58     -74.98          38.81000    0.517542034
  57.58     -74.98          38.81000    0.517542034
  57.58     -74.98          38.81000    0.517542034
  57.58     -74.98          38.81000    0.517542034
  57.58     -74.98          38.81000    0.517542034
  57.58     -74.98          38.81000    0.517542034
  57.58     -74.98          38.81000    0.517542034
  57.58     -74.98          38.81000    0.517542034
  57.58     -74.98          38.81000    0.517542034
