  56.60     -75.65          39.44000    0.696089173
  56.61     -75.65          39.43000    0.691833211
  56.62     -75.64          39.43000    0.687695487
  56.63     -75.63          39.42000    0.683531901
  56.64     -75.62          39.41000    0.679505944
  56.65     -75.61          39.40000    0.675619323
  56.66     -75.61          39.40000    0.671708921
  56.67     -75.60          39.39000    0.667917469
  56.68     -75.59          39.38000    0.664269004
  56.69     -75.58          39.38000    0.660634738
  56.70     -75.58          39.37000    0.657089572
  56.71     -75.57          39.36000    0.653687018
  56.72     -75.56          39.36000    0.650308017
  56.73     -75.55          39.35000    0.647022778
  56.74     -75.54          39.34000    0.643887309
  56.75     -75.54          39.34000    0.640767717
  56.76     -75.53          39.33000    0.637739506
  56.77     -75.52          39.32000    0.634864037
  56.78     -75.52          39.32000    0.632028487
  56.79     -75.51          39.31000    0.629263561
  56.80     -75.50          39.30000    0.626654073
  56.81     -75.49          39.30000    0.624082519
  56.82     -75.48          39.29000    0.621600819
  56.83     -75.48          39.28000    0.619269005
  56.84     -75.47          39.28000    0.616957831
  56.85     -75.46          39.27000    0.614749941
  56.86     -75.45          39.26000    0.612702067
  56.87     -75.45          39.26000    0.610668012
  56.88     -75.44          39.25000    0.608737876
  56.89     -75.43          39.24000    0.606969497
  56.90     -75.42          39.24000    0.605211179
  56.91     -75.42          39.23000    0.603570748
  56.92     -75.41          39.22000    0.602084572
  56.93     -75.40          39.22000    0.600585944
  56.94     -75.39          39.21000    0.599234696
  56.95     -75.39          39.21000    0.598041272
  56.96     -75.38          39.20000    0.596809830
  56.97     -75.37          39.19000    0.595742882
  56.98     -75.36          39.19000    0.594820106
  56.99     -75.36          39.18000    0.593882438
  57.00     -75.35          39.17000    0.593099960
  57.01     -75.34          39.17000    0.592431757
  57.02     -75.33          39.16000    0.591783521
  57.03     -75.32          39.15000    0.591300351
  57.04     -75.32          39.15000    0.590885098
  57.05     -75.31          39.14000    0.590519161
  57.06     -75.30          39.13000    0.590317965
  57.07     -75.30          39.13000    0.590172543
  57.08     -75.29          39.12000    0.590086407
  57.08     -75.29          39.12000    0.590086407
  57.08     -75.29          39.12000    0.590086407
  57.08     -75.29          39.12000    0.590086407
  57.08     -75.29          39.12000    0.590086407
  57.08     -75.29          39.12000    0.590086407
  57.08     -75.29          39.12000    0.590086407
  57.08     -75.29          39.12000    0.590086407
  57.08     -75.29          39.12000    0.590086407
  57.08     -75.29          39.12000    0.590086407
  57.08     -75.29          39.12000    0.590086407
  57.08     -75.29          39.12000    0.590086407
  57.08     -75.29          39.12000    0.590086407
  57.08     -75.29          39.12000    0.590086407
  57.08     -75.29          39.12000    0.590086407
  57.08     -75.29          39.12000    0.590086407
  57.08     -75.29          39.12000    0.590086407
  57.08     -75.29          39.12000    0.590086407
  57.08     -75.29          39.12000    0.590086407
  57.08     -75.29          39.12000    0.590086407
  57.08     -75.29          39.12000    0.590086407
  57.08     -75.29          39.12000    0.590086407
  57.08     -75.29          39.12000    0.590086407
  57.08     -75.29          39.12000    0.590086407
  57.08     -75.29          39.12000    0.590086407
  57.08     -75.29          39.12000    0.590086407
  57.08     -75.29          39.12000    0.590086407
  57.08     -75.29          39.12000    0.590086407
  57.08     -75.29          39.12000    0.590086407
  57.08     -75.29          39.12000    0.590086407
  57.08     -75.29          39.12000    0.590086407
  57.08     -75.29          39.12000    0.590086407
  57.08     -75.29          39.12000    0.590086407
  57.08     -75.29          39.12000    0.590086407
  57.08     -75.29          39.12000    0.590086407
  57.08     -75.29          39.12000    0.590086407
  57.08     -75.29          39.12000    0.590086407
  57.08     -75.29          39.12000    0.590086407
  57.08     -75.29          39.12000    0.590086407
  57.08     -75.29          39.12000    0.590086407
  57.08     -75.29          39.12000    0.590086407
  57.08     -75.29          39.12000    0.590086407
  57.08     -75.29          39.12000    0.590086407
  57.08     -75.29          39.12000    0.590086407
  57.08     -75.29          39.12000    0.590086407
  57.08     -75.29          39.12000    0.590086407
  57.08     -75.29          39.12000    0.590086407
  57.08     -75.29          39.12000    0.590086407
  57.08     -75.29          39.12000    0.590086407
  57.08     -75.29          39.12000    0.590086407
  57.08     -75.29          39.12000    0.590086407
  57.08     -75.29          39.12000    0.590086407
  57.08     -75.29          39.12000    0.590086407
