Script started on Thu 24 Sep 2020 11:06:18 AM CDT
nhsin.txt
57.08,-75.29,39.12000
 Enter datafile name: 
 Enter Best fit Rotation (lat, lon, ang): 
   57.079999999999998       -75.290000000000006        39.119999999999997     
 Data read in: 
  -23.34     209.73    2.2   0.9  295.5
   -1.92     175.21    4.7   0.9  334.7
 Rotated: 
  -23.34     209.73    2.2   0.9  295.5
  -22.86    -151.82    4.7   0.9  155.8
 Data read in: 
  -50.46     222.99    2.0   0.4  276.7
  -31.95     187.84    6.3   0.4  336.5
 Rotated: 
  -50.46     222.99    2.0   0.4  276.7
  -52.51    -135.05    6.3   0.4  150.8
 Data read in: 
   20.15     205.32    0.8   0.5  287.7
   42.78     170.27    6.8   0.5  350.4
 Rotated: 
   20.15     205.32    0.8   0.5  287.7
   21.97    -154.87    6.8   0.5   -6.6
 Eigens: Lat, Lon, Evalue, Error level at evalue
 Initial Error=   0.59008640686955283     
             -11.00    102.82      2.77      1.59
 Initial Error=   0.59008640686968794     
             -55.53     -3.63      0.40      1.60
 Initial Error=   0.59008640686957858     
             -32.20   -160.15      0.57      1.62
 finished

Script done on Thu 24 Sep 2020 11:06:18 AM CDT
