  56.10     -75.93          39.77000    0.787057513
  56.11     -75.92          39.76000    0.782504878
  56.12     -75.91          39.75000    0.778082926
  56.13     -75.91          39.75000    0.773653634
  56.14     -75.90          39.74000    0.769324854
  56.15     -75.89          39.73000    0.765130393
  56.16     -75.89          39.73000    0.761004723
  56.17     -75.88          39.72000    0.756907698
  56.18     -75.87          39.71000    0.752948486
  56.19     -75.86          39.71000    0.749120419
  56.20     -75.86          39.70000    0.745270187
  56.21     -75.85          39.69000    0.741553620
  56.22     -75.84          39.68000    0.737979672
  56.23     -75.83          39.68000    0.734422948
  56.24     -75.83          39.67000    0.730961265
  56.25     -75.82          39.66000    0.727639990
  56.26     -75.81          39.66000    0.724375450
  56.27     -75.80          39.65000    0.721183565
  56.28     -75.80          39.64000    0.718123433
  56.29     -75.79          39.64000    0.715152302
  56.30     -75.78          39.63000    0.712222632
  56.31     -75.78          39.62000    0.709442489
  56.32     -75.77          39.62000    0.706765712
  56.33     -75.76          39.61000    0.704103577
  56.34     -75.75          39.60000    0.701595007
  56.35     -75.75          39.60000    0.699226325
  56.36     -75.74          39.59000    0.696836378
  56.37     -75.73          39.58000    0.694602060
  56.38     -75.72          39.57000    0.692524312
  56.39     -75.72          39.57000    0.690429236
  56.40     -75.71          39.56000    0.688472811
  56.41     -75.70          39.55000    0.686674608
  56.42     -75.70          39.55000    0.684888429
  56.43     -75.69          39.54000    0.683212755
  56.44     -75.68          39.53000    0.681696643
  56.45     -75.67          39.53000    0.680217886
  56.46     -75.67          39.52000    0.678825282
  56.47     -75.66          39.51000    0.677592975
  56.48     -75.65          39.51000    0.676406784
  56.49     -75.65          39.50000    0.675311568
  56.50     -75.64          39.49000    0.674363916
  56.51     -75.63          39.49000    0.673468353
  56.52     -75.62          39.48000    0.672664189
  56.53     -75.62          39.47000    0.672007438
  56.54     -75.61          39.47000    0.671399965
  56.55     -75.60          39.46000    0.670879646
  56.56     -75.60          39.45000    0.670519104
  56.57     -75.59          39.45000    0.670196551
  56.58     -75.58          39.44000    0.669958566
  56.59     -75.57          39.43000    0.669882016
  56.60     -75.57          39.43000    0.669850560
  56.60     -75.57          39.43000    0.669850560
  56.60     -75.57          39.43000    0.669850560
  56.60     -75.57          39.43000    0.669850560
  56.60     -75.57          39.43000    0.669850560
  56.60     -75.57          39.43000    0.669850560
  56.60     -75.57          39.43000    0.669850560
  56.60     -75.57          39.43000    0.669850560
  56.60     -75.57          39.43000    0.669850560
  56.60     -75.57          39.43000    0.669850560
  56.60     -75.57          39.43000    0.669850560
  56.60     -75.57          39.43000    0.669850560
  56.60     -75.57          39.43000    0.669850560
  56.60     -75.57          39.43000    0.669850560
  56.60     -75.57          39.43000    0.669850560
  56.60     -75.57          39.43000    0.669850560
  56.60     -75.57          39.43000    0.669850560
  56.60     -75.57          39.43000    0.669850560
  56.60     -75.57          39.43000    0.669850560
  56.60     -75.57          39.43000    0.669850560
  56.60     -75.57          39.43000    0.669850560
  56.60     -75.57          39.43000    0.669850560
  56.60     -75.57          39.43000    0.669850560
  56.60     -75.57          39.43000    0.669850560
  56.60     -75.57          39.43000    0.669850560
  56.60     -75.57          39.43000    0.669850560
  56.60     -75.57          39.43000    0.669850560
  56.60     -75.57          39.43000    0.669850560
  56.60     -75.57          39.43000    0.669850560
  56.60     -75.57          39.43000    0.669850560
  56.60     -75.57          39.43000    0.669850560
  56.60     -75.57          39.43000    0.669850560
  56.60     -75.57          39.43000    0.669850560
  56.60     -75.57          39.43000    0.669850560
  56.60     -75.57          39.43000    0.669850560
  56.60     -75.57          39.43000    0.669850560
  56.60     -75.57          39.43000    0.669850560
  56.60     -75.57          39.43000    0.669850560
  56.60     -75.57          39.43000    0.669850560
  56.60     -75.57          39.43000    0.669850560
  56.60     -75.57          39.43000    0.669850560
  56.60     -75.57          39.43000    0.669850560
  56.60     -75.57          39.43000    0.669850560
  56.60     -75.57          39.43000    0.669850560
  56.60     -75.57          39.43000    0.669850560
  56.60     -75.57          39.43000    0.669850560
  56.60     -75.57          39.43000    0.669850560
  56.60     -75.57          39.43000    0.669850560
  56.60     -75.57          39.43000    0.669850560
  56.60     -75.57          39.43000    0.669850560
  56.60     -75.57          39.43000    0.669850560
