Script started on Thu 24 Sep 2020 11:07:29 AM CDT
nhsin.txt
56.12,-75.83,39.74000
 Enter datafile name: 
 Enter Best fit Rotation (lat, lon, ang): 
   56.119999999999997       -75.829999999999998        39.740000000000002     
 Data read in: 
  -23.34     209.73    2.2   0.9  295.5
   -1.00     174.78    4.8   0.9  335.0
 Rotated: 
  -23.34     209.73    2.2   0.9  295.5
  -22.82    -152.04    4.8   0.9  156.1
 Data read in: 
  -50.46     222.99    2.0   0.4  276.7
  -31.10     187.41    6.3   0.4  337.2
 Rotated: 
  -50.46     222.99    2.0   0.4  276.7
  -52.49    -135.08    6.3   0.4  151.1
 Data read in: 
   20.15     205.32    0.8   0.5  287.7
   44.16     169.94    6.8   0.5  349.4
 Rotated: 
   20.15     205.32    0.8   0.5  287.7
   22.46    -154.97    6.8   0.5   -7.6
 Eigens: Lat, Lon, Evalue, Error level at evalue
 Initial Error=   0.75524073036735995     
             -12.23    103.60      2.25      1.76
 Initial Error=   0.75524073036735784     
             -58.01     -6.71      0.40      1.78
 Initial Error=   0.75524073036735340     
             -29.05   -159.49      0.57      1.78
 finished

Script done on Thu 24 Sep 2020 11:07:30 AM CDT
