Script started on Thu 24 Sep 2020 11:08:04 AM CDT
nhsin.txt
55.65,-76.08,40.06000
 Enter datafile name: 
 Enter Best fit Rotation (lat, lon, ang): 
   55.649999999999999       -76.079999999999998        40.060000000000002     
 Data read in: 
  -23.34     209.73    2.2   0.9  295.5
   -0.54     174.57    4.8   0.9  335.1
 Rotated: 
  -23.34     209.73    2.2   0.9  295.5
  -22.80    -152.15    4.8   0.9  156.2
 Data read in: 
  -50.46     222.99    2.0   0.4  276.7
  -30.67     187.20    6.3   0.4  337.5
 Rotated: 
  -50.46     222.99    2.0   0.4  276.7
  -52.49    -135.08    6.3   0.4  151.2
 Data read in: 
   20.15     205.32    0.8   0.5  287.7
   44.84     169.75    6.8   0.5  348.9
 Rotated: 
   20.15     205.32    0.8   0.5  287.7
   22.70    -155.02    6.8   0.5   -8.1
 Eigens: Lat, Lon, Evalue, Error level at evalue
 Initial Error=   0.84744961225468951     
             -12.99    103.90      2.07      1.85
 Initial Error=   0.84744961225479087     
             -58.68     -8.38      0.40      1.86
 Initial Error=   0.84744961225478499     
             -27.95   -159.07      0.57      1.86
 finished

Script done on Thu 24 Sep 2020 11:08:05 AM CDT
