Script started on Thu 24 Sep 2020 11:08:36 AM CDT
nhsin.txt
55.18,-76.32,40.38000
 Enter datafile name: 
 Enter Best fit Rotation (lat, lon, ang): 
   55.180000000000000       -76.319999999999993        40.380000000000003     
 Data read in: 
  -23.34     209.73    2.2   0.9  295.5
   -0.08     174.35    4.8   0.9  335.3
 Rotated: 
  -23.34     209.73    2.2   0.9  295.5
  -22.79    -152.26    4.8   0.9  156.3
 Data read in: 
  -50.46     222.99    2.0   0.4  276.7
  -30.25     187.00    6.3   0.4  337.8
 Rotated: 
  -50.46     222.99    2.0   0.4  276.7
  -52.49    -135.09    6.3   0.4  151.4
 Data read in: 
   20.15     205.32    0.8   0.5  287.7
   45.53     169.56    6.8   0.5  348.4
 Rotated: 
   20.15     205.32    0.8   0.5  287.7
   22.93    -155.09    6.8   0.5   -8.6
 Eigens: Lat, Lon, Evalue, Error level at evalue
 Initial Error=   0.94576699908135864     
             -13.34    104.21      1.95      1.95
 Initial Error=   0.94576699908139017     
             -59.38     -9.41      0.40      1.98
 Initial Error=   0.94576699908153894     
             -27.01   -158.85      0.57      1.97
 finished

Script done on Thu 24 Sep 2020 11:08:37 AM CDT
