Script started on Thu 24 Sep 2020 11:09:08 AM CDT
nhsin.txt
54.72,-76.54,40.71000
 Enter datafile name: 
 Enter Best fit Rotation (lat, lon, ang): 
   54.719999999999999       -76.540000000000006        40.710000000000001     
 Data read in: 
  -23.34     209.73    2.2   0.9  295.5
    0.38     174.14    4.8   0.9  335.4
 Rotated: 
  -23.34     209.73    2.2   0.9  295.5
  -22.77    -152.37    4.8   0.9  156.5
 Data read in: 
  -50.46     222.99    2.0   0.4  276.7
  -29.82     186.80    6.3   0.4  338.1
 Rotated: 
  -50.46     222.99    2.0   0.4  276.7
  -52.48    -135.10    6.3   0.4  151.5
 Data read in: 
   20.15     205.32    0.8   0.5  287.7
   46.21     169.35    6.8   0.5  347.8
 Rotated: 
   20.15     205.32    0.8   0.5  287.7
   23.17    -155.15    6.8   0.5   -9.1
 Eigens: Lat, Lon, Evalue, Error level at evalue
 Initial Error=    1.0498084491691668     
             -14.04    104.58      1.86      2.06
 Initial Error=    1.0498084491690505     
             -59.67    -10.73      0.40      2.08
 Initial Error=    1.0498084491691766     
             -26.29   -158.33      0.57      2.06
 finished

Script done on Thu 24 Sep 2020 11:09:08 AM CDT
