  53.80     -77.00          41.41000    1.286911001
  53.81     -76.99          41.40000    1.281689494
  53.82     -76.99          41.39000    1.276563114
  53.83     -76.98          41.38000    1.271572373
  53.84     -76.98          41.37000    1.266697158
  53.85     -76.97          41.37000    1.261872967
  53.86     -76.97          41.36000    1.257154186
  53.87     -76.96          41.35000    1.252549979
  53.88     -76.96          41.34000    1.248088656
  53.89     -76.95          41.33000    1.243726688
  53.90     -76.94          41.33000    1.239451150
  53.91     -76.94          41.32000    1.235249537
  53.92     -76.93          41.31000    1.231189332
  53.93     -76.93          41.30000    1.227252944
  53.94     -76.92          41.29000    1.223443473
  53.95     -76.92          41.29000    1.219700231
  53.96     -76.91          41.28000    1.216049833
  53.97     -76.91          41.27000    1.212548035
  53.98     -76.90          41.26000    1.209154106
  53.99     -76.89          41.25000    1.205913139
  54.00     -76.89          41.25000    1.202696135
  54.01     -76.88          41.24000    1.199617846
  54.02     -76.88          41.23000    1.196665716
  54.03     -76.87          41.22000    1.193850715
  54.04     -76.87          41.22000    1.191149939
  54.05     -76.86          41.21000    1.188499748
  54.06     -76.86          41.20000    1.185997797
  54.07     -76.85          41.19000    1.183615183
  54.08     -76.84          41.18000    1.181391029
  54.09     -76.84          41.18000    1.179212790
  54.10     -76.83          41.17000    1.177155575
  54.11     -76.83          41.16000    1.175220633
  54.12     -76.82          41.15000    1.173435789
  54.13     -76.82          41.15000    1.171769083
  54.14     -76.81          41.14000    1.170152041
  54.15     -76.81          41.13000    1.168676529
  54.16     -76.80          41.12000    1.167334457
  54.17     -76.80          41.11000    1.166146824
  54.18     -76.79          41.11000    1.165001909
  54.19     -76.79          41.10000    1.163987380
  54.20     -76.78          41.09000    1.163090117
  54.21     -76.77          41.08000    1.162355755
  54.22     -76.77          41.08000    1.161705924
  54.23     -76.76          41.07000    1.161139130
  54.24     -76.76          41.06000    1.160700554
  54.25     -76.75          41.05000    1.160411984
  54.26     -76.75          41.05000    1.160259402
  54.27     -76.74          41.04000    1.160137111
  54.27     -76.74          41.04000    1.160137111
  54.27     -76.74          41.04000    1.160137111
  54.27     -76.74          41.04000    1.160137111
  54.27     -76.74          41.04000    1.160137111
  54.27     -76.74          41.04000    1.160137111
  54.27     -76.74          41.04000    1.160137111
  54.27     -76.74          41.04000    1.160137111
  54.27     -76.74          41.04000    1.160137111
  54.27     -76.74          41.04000    1.160137111
  54.27     -76.74          41.04000    1.160137111
  54.27     -76.74          41.04000    1.160137111
  54.27     -76.74          41.04000    1.160137111
  54.27     -76.74          41.04000    1.160137111
  54.27     -76.74          41.04000    1.160137111
  54.27     -76.74          41.04000    1.160137111
  54.27     -76.74          41.04000    1.160137111
  54.27     -76.74          41.04000    1.160137111
  54.27     -76.74          41.04000    1.160137111
  54.27     -76.74          41.04000    1.160137111
  54.27     -76.74          41.04000    1.160137111
  54.27     -76.74          41.04000    1.160137111
  54.27     -76.74          41.04000    1.160137111
  54.27     -76.74          41.04000    1.160137111
  54.27     -76.74          41.04000    1.160137111
  54.27     -76.74          41.04000    1.160137111
  54.27     -76.74          41.04000    1.160137111
  54.27     -76.74          41.04000    1.160137111
  54.27     -76.74          41.04000    1.160137111
  54.27     -76.74          41.04000    1.160137111
  54.27     -76.74          41.04000    1.160137111
  54.27     -76.74          41.04000    1.160137111
  54.27     -76.74          41.04000    1.160137111
  54.27     -76.74          41.04000    1.160137111
  54.27     -76.74          41.04000    1.160137111
  54.27     -76.74          41.04000    1.160137111
  54.27     -76.74          41.04000    1.160137111
  54.27     -76.74          41.04000    1.160137111
  54.27     -76.74          41.04000    1.160137111
  54.27     -76.74          41.04000    1.160137111
  54.27     -76.74          41.04000    1.160137111
  54.27     -76.74          41.04000    1.160137111
  54.27     -76.74          41.04000    1.160137111
  54.27     -76.74          41.04000    1.160137111
  54.27     -76.74          41.04000    1.160137111
  54.27     -76.74          41.04000    1.160137111
  54.27     -76.74          41.04000    1.160137111
  54.27     -76.74          41.04000    1.160137111
  54.27     -76.74          41.04000    1.160137111
  54.27     -76.74          41.04000    1.160137111
  54.27     -76.74          41.04000    1.160137111
  54.27     -76.74          41.04000    1.160137111
  54.27     -76.74          41.04000    1.160137111
  54.27     -76.74          41.04000    1.160137111
