Script started on Thu 24 Sep 2020 11:11:04 AM CDT
nhsin.txt
53.39,-77.11,41.70000
 Enter datafile name: 
 Enter Best fit Rotation (lat, lon, ang): 
   53.390000000000001       -77.109999999999999        41.700000000000003     
 Data read in: 
  -23.34     209.73    2.2   0.9  295.5
    1.77     173.51    4.9   0.9  335.8
 Rotated: 
  -23.34     209.73    2.2   0.9  295.5
  -22.72    -152.69    4.9   0.9  156.9
 Data read in: 
  -50.46     222.99    2.0   0.4  276.7
  -28.52     186.21    6.3   0.4  339.0
 Rotated: 
  -50.46     222.99    2.0   0.4  276.7
  -52.47    -135.13    6.3   0.4  152.0
 Data read in: 
   20.15     205.32    0.8   0.5  287.7
   48.25     168.66    6.9   0.5  346.2
 Rotated: 
   20.15     205.32    0.8   0.5  287.7
   23.88    -155.37    6.9   0.5  -10.5
 Eigens: Lat, Lon, Evalue, Error level at evalue
 Initial Error=    1.3966031477695167     
              16.65    -76.29      1.73      2.40
 Initial Error=    1.3966031477694241     
             -59.05    -16.21      0.40      2.43
 Initial Error=    1.3966031477695793     
              25.28     21.83      0.57      2.40
 finished

Script done on Thu 24 Sep 2020 11:11:05 AM CDT
