  70.30    -101.60           7.52000    1.821171731
  70.31    -101.60           7.52000    1.820789981
  70.32    -101.60           7.52000    1.820418325
  70.33    -101.60           7.52000    1.820056764
  70.34    -101.60           7.52000    1.819705296
  70.35    -101.60           7.52000    1.819363924
  70.36    -101.60           7.52000    1.819032648
  70.37    -101.60           7.52000    1.818711467
  70.38    -101.60           7.52000    1.818400382
  70.39    -101.60           7.52000    1.818099395
  70.40    -101.60           7.52000    1.817808504
  70.41    -101.60           7.52000    1.817527711
  70.42    -101.60           7.52000    1.817257016
  70.43    -101.60           7.52000    1.816996419
  70.44    -101.60           7.52000    1.816745921
  70.45    -101.60           7.52000    1.816505521
  70.46    -101.60           7.52000    1.816275221
  70.47    -101.60           7.52000    1.816055020
  70.48    -101.60           7.52000    1.815844919
  70.49    -101.60           7.52000    1.815644918
  70.50    -101.60           7.52000    1.815455017
  70.51    -101.60           7.52000    1.815275217
  70.52    -101.60           7.52000    1.815105518
  70.53    -101.60           7.52000    1.814945919
  70.54    -101.60           7.52000    1.814796422
  70.55    -101.57           7.52000    1.814652756
  70.56    -101.55           7.52000    1.814512915
  70.57    -101.52           7.52000    1.814376988
  70.58    -101.50           7.52000    1.814244620
  70.59    -101.48           7.52000    1.814116209
  70.60    -101.45           7.52000    1.813991552
  70.61    -101.43           7.52000    1.813870638
  70.62    -101.41           7.52000    1.813753694
  70.63    -101.38           7.52000    1.813640324
  70.64    -101.34           7.51000    1.813529031
  70.65    -101.31           7.51000    1.813416498
  70.66    -101.29           7.51000    1.813307576
  70.67    -101.27           7.51000    1.813202645
  70.68    -101.24           7.51000    1.813101408
  70.69    -101.22           7.51000    1.813004025
  70.70    -101.19           7.51000    1.812910543
  70.71    -101.17           7.51000    1.812820725
  70.72    -101.15           7.51000    1.812734921
  70.73    -101.12           7.51000    1.812652764
  70.74    -101.10           7.51000    1.812574549
  70.75    -101.07           7.51000    1.812500160
  70.76    -101.05           7.51000    1.812429550
  70.77    -101.02           7.51000    1.812362935
  70.78    -101.00           7.51000    1.812299944
  70.79    -100.98           7.51000    1.812241003
  70.80    -100.95           7.51000    1.812185753
  70.81    -100.93           7.51000    1.812134457
  70.82    -100.88           7.50000    1.812085475
  70.83    -100.86           7.50000    1.812034756
  70.84    -100.83           7.50000    1.811988083
  70.85    -100.81           7.50000    1.811945033
  70.86    -100.79           7.50000    1.811906062
  70.87    -100.76           7.50000    1.811870783
  70.88    -100.74           7.50000    1.811839507
  70.89    -100.71           7.50000    1.811812029
  70.90    -100.69           7.50000    1.811788465
  70.91    -100.66           7.50000    1.811768793
  70.92    -100.64           7.50000    1.811752958
  70.93    -100.61           7.50000    1.811741099
  70.94    -100.60           7.50000    1.811733641
  70.94    -100.60           7.50000    1.811733641
  70.94    -100.60           7.50000    1.811733641
  70.94    -100.60           7.50000    1.811733641
  70.94    -100.60           7.50000    1.811733641
  70.94    -100.60           7.50000    1.811733641
  70.94    -100.60           7.50000    1.811733641
  70.94    -100.60           7.50000    1.811733641
  70.94    -100.60           7.50000    1.811733641
  70.94    -100.60           7.50000    1.811733641
  70.94    -100.60           7.50000    1.811733641
  70.94    -100.60           7.50000    1.811733641
  70.94    -100.60           7.50000    1.811733641
  70.94    -100.60           7.50000    1.811733641
  70.94    -100.60           7.50000    1.811733641
  70.94    -100.60           7.50000    1.811733641
  70.94    -100.60           7.50000    1.811733641
  70.94    -100.60           7.50000    1.811733641
  70.94    -100.60           7.50000    1.811733641
  70.94    -100.60           7.50000    1.811733641
  70.94    -100.60           7.50000    1.811733641
  70.94    -100.60           7.50000    1.811733641
  70.94    -100.60           7.50000    1.811733641
  70.94    -100.60           7.50000    1.811733641
  70.94    -100.60           7.50000    1.811733641
  70.94    -100.60           7.50000    1.811733641
  70.94    -100.60           7.50000    1.811733641
  70.94    -100.60           7.50000    1.811733641
  70.94    -100.60           7.50000    1.811733641
  70.94    -100.60           7.50000    1.811733641
  70.94    -100.60           7.50000    1.811733641
  70.94    -100.60           7.50000    1.811733641
  70.94    -100.60           7.50000    1.811733641
  70.94    -100.60           7.50000    1.811733641
  70.94    -100.60           7.50000    1.811733641
  70.94    -100.60           7.50000    1.811733641
  70.94    -100.60           7.50000    1.811733641
