  52.40     -77.53          42.52000    1.713998700
  52.41     -77.53          42.51000    1.707274376
  52.42     -77.52          42.50000    1.700653562
  52.43     -77.52          42.49000    1.694155432
  52.44     -77.51          42.48000    1.687767858
  52.45     -77.51          42.47000    1.681499783
  52.46     -77.50          42.46000    1.675349748
  52.47     -77.50          42.45000    1.669315514
  52.48     -77.49          42.45000    1.663381012
  52.49     -77.49          42.44000    1.657530522
  52.50     -77.48          42.43000    1.651819873
  52.51     -77.48          42.42000    1.646208965
  52.52     -77.47          42.41000    1.640746324
  52.53     -77.47          42.40000    1.635378534
  52.54     -77.47          42.39000    1.630162089
  52.55     -77.46          42.38000    1.625046610
  52.56     -77.46          42.38000    1.620058575
  52.57     -77.45          42.37000    1.615146758
  52.58     -77.45          42.36000    1.610369771
  52.59     -77.44          42.35000    1.605717416
  52.60     -77.44          42.34000    1.601193465
  52.61     -77.43          42.33000    1.596804131
  52.62     -77.43          42.32000    1.592536238
  52.63     -77.42          42.31000    1.588413343
  52.64     -77.42          42.31000    1.584355263
  52.65     -77.42          42.30000    1.580440462
  52.66     -77.41          42.29000    1.576629852
  52.67     -77.41          42.28000    1.572976610
  52.68     -77.40          42.27000    1.569438635
  52.69     -77.40          42.26000    1.566049486
  52.70     -77.39          42.25000    1.562787061
  52.71     -77.39          42.25000    1.559612197
  52.72     -77.38          42.24000    1.556563204
  52.73     -77.38          42.23000    1.553640669
  52.74     -77.37          42.22000    1.550871057
  52.75     -77.37          42.21000    1.548218085
  52.76     -77.37          42.20000    1.545727720
  52.77     -77.36          42.20000    1.543339629
  52.78     -77.36          42.19000    1.541050720
  52.79     -77.35          42.18000    1.538887620
  52.80     -77.35          42.17000    1.536871453
  52.81     -77.34          42.16000    1.534993988
  52.82     -77.34          42.15000    1.533252004
  52.83     -77.33          42.14000    1.531661975
  52.84     -77.33          42.14000    1.530139944
  52.85     -77.33          42.13000    1.528764412
  52.86     -77.32          42.12000    1.527502275
  52.87     -77.32          42.11000    1.526402628
  52.88     -77.31          42.10000    1.525430258
  52.89     -77.31          42.09000    1.524607265
  52.90     -77.30          42.09000    1.523880683
  52.91     -77.30          42.08000    1.523259150
  52.92     -77.29          42.07000    1.522793607
  52.93     -77.29          42.06000    1.522448876
  52.94     -77.29          42.05000    1.522268636
  52.95     -77.28          42.04000    1.522207007
  52.95     -77.28          42.04000    1.522207007
  52.95     -77.28          42.04000    1.522207007
  52.95     -77.28          42.04000    1.522207007
  52.95     -77.28          42.04000    1.522207007
  52.95     -77.28          42.04000    1.522207007
  52.95     -77.28          42.04000    1.522207007
  52.95     -77.28          42.04000    1.522207007
  52.95     -77.28          42.04000    1.522207007
  52.95     -77.28          42.04000    1.522207007
  52.95     -77.28          42.04000    1.522207007
  52.95     -77.28          42.04000    1.522207007
  52.95     -77.28          42.04000    1.522207007
  52.95     -77.28          42.04000    1.522207007
  52.95     -77.28          42.04000    1.522207007
  52.95     -77.28          42.04000    1.522207007
  52.95     -77.28          42.04000    1.522207007
  52.95     -77.28          42.04000    1.522207007
  52.95     -77.28          42.04000    1.522207007
  52.95     -77.28          42.04000    1.522207007
  52.95     -77.28          42.04000    1.522207007
  52.95     -77.28          42.04000    1.522207007
  52.95     -77.28          42.04000    1.522207007
  52.95     -77.28          42.04000    1.522207007
  52.95     -77.28          42.04000    1.522207007
  52.95     -77.28          42.04000    1.522207007
  52.95     -77.28          42.04000    1.522207007
  52.95     -77.28          42.04000    1.522207007
  52.95     -77.28          42.04000    1.522207007
  52.95     -77.28          42.04000    1.522207007
  52.95     -77.28          42.04000    1.522207007
  52.95     -77.28          42.04000    1.522207007
  52.95     -77.28          42.04000    1.522207007
  52.95     -77.28          42.04000    1.522207007
  52.95     -77.28          42.04000    1.522207007
  52.95     -77.28          42.04000    1.522207007
  52.95     -77.28          42.04000    1.522207007
  52.95     -77.28          42.04000    1.522207007
  52.95     -77.28          42.04000    1.522207007
  52.95     -77.28          42.04000    1.522207007
  52.95     -77.28          42.04000    1.522207007
  52.95     -77.28          42.04000    1.522207007
  52.95     -77.28          42.04000    1.522207007
  52.95     -77.28          42.04000    1.522207007
  52.95     -77.28          42.04000    1.522207007
  52.95     -77.28          42.04000    1.522207007
