Script started on Thu 24 Sep 2020 11:12:56 AM CDT
nhsin.txt
52.52,-77.44,42.39000
 Enter datafile name: 
 Enter Best fit Rotation (lat, lon, ang): 
   52.520000000000003       -77.439999999999998        42.390000000000001     
 Data read in: 
  -23.34     209.73    2.2   0.9  295.5
    2.70     173.10    4.9   0.9  336.1
 Rotated: 
  -23.34     209.73    2.2   0.9  295.5
  -22.70    -152.89    4.9   0.9  157.2
 Data read in: 
  -50.46     222.99    2.0   0.4  276.7
  -27.65     185.84    6.4   0.4  339.6
 Rotated: 
  -50.46     222.99    2.0   0.4  276.7
  -52.48    -135.13    6.4   0.4  152.3
 Data read in: 
   20.15     205.32    0.8   0.5  287.7
   49.60     168.13    6.9   0.5  345.0
 Rotated: 
   20.15     205.32    0.8   0.5  287.7
   24.33    -155.54    6.9   0.5  -11.5
 Eigens: Lat, Lon, Evalue, Error level at evalue
 Initial Error=    1.6526209677627270     
              17.51    -75.13      1.70      2.65
 Initial Error=    1.6526209677627133     
             -59.15    -17.02      0.40      2.68
 Initial Error=    1.6526209677625683     
              24.53     23.15      0.58      2.68
 finished

Script done on Thu 24 Sep 2020 11:12:56 AM CDT
