  50.80     -78.00          43.88000    2.237639541
  50.81     -78.00          43.87000    2.230825358
  50.82     -77.99          43.86000    2.224135024
  50.83     -77.99          43.85000    2.217576663
  50.84     -77.99          43.84000    2.211170780
  50.85     -77.98          43.83000    2.204887778
  50.86     -77.98          43.83000    2.198739689
  50.87     -77.98          43.82000    2.192739087
  50.88     -77.97          43.81000    2.186857853
  50.89     -77.97          43.80000    2.181119998
  50.90     -77.97          43.79000    2.175537666
  50.91     -77.96          43.78000    2.170075129
  50.92     -77.96          43.77000    2.164759440
  50.93     -77.96          43.76000    2.159600958
  50.94     -77.95          43.75000    2.154563629
  50.95     -77.95          43.74000    2.149675457
  50.96     -77.95          43.73000    2.144946055
  50.97     -77.94          43.72000    2.140340085
  50.98     -77.94          43.71000    2.135884411
  50.99     -77.94          43.70000    2.131588940
  51.00     -77.93          43.69000    2.127420089
  51.01     -77.93          43.68000    2.123401494
  51.02     -77.93          43.67000    2.119544397
  51.03     -77.92          43.66000    2.115818004
  51.04     -77.92          43.65000    2.112240642
  51.05     -77.92          43.64000    2.108825923
  51.06     -77.91          43.63000    2.105546882
  51.07     -77.91          43.62000    2.102414452
  51.08     -77.91          43.61000    2.099445654
  51.09     -77.90          43.61000    2.096617610
  51.10     -77.90          43.60000    2.093911173
  51.11     -77.90          43.59000    2.091368762
  51.12     -77.89          43.58000    2.088967450
  51.13     -77.89          43.57000    2.086710459
  51.14     -77.89          43.56000    2.084618169
  51.15     -77.88          43.55000    2.082674089
  51.16     -77.88          43.54000    2.080868813
  51.17     -77.88          43.53000    2.079228735
  51.18     -77.87          43.52000    2.077744835
  51.19     -77.87          43.51000    2.076392998
  51.20     -77.87          43.50000    2.075206671
  51.21     -77.86          43.49000    2.074185342
  51.22     -77.86          43.48000    2.073288107
  51.23     -77.86          43.47000    2.072556501
  51.24     -77.86          43.46000    2.071990464
  51.25     -77.85          43.46000    2.071522828
  51.26     -77.85          43.45000    2.071217902
  51.27     -77.85          43.44000    2.071078104
  51.28     -77.84          43.43000    2.071072902
  51.28     -77.84          43.43000    2.071072902
  51.28     -77.84          43.43000    2.071072902
  51.28     -77.84          43.43000    2.071072902
  51.28     -77.84          43.43000    2.071072902
  51.28     -77.84          43.43000    2.071072902
  51.28     -77.84          43.43000    2.071072902
  51.28     -77.84          43.43000    2.071072902
  51.28     -77.84          43.43000    2.071072902
  51.28     -77.84          43.43000    2.071072902
  51.28     -77.84          43.43000    2.071072902
  51.28     -77.84          43.43000    2.071072902
  51.28     -77.84          43.43000    2.071072902
  51.28     -77.84          43.43000    2.071072902
  51.28     -77.84          43.43000    2.071072902
  51.28     -77.84          43.43000    2.071072902
  51.28     -77.84          43.43000    2.071072902
  51.28     -77.84          43.43000    2.071072902
  51.28     -77.84          43.43000    2.071072902
  51.28     -77.84          43.43000    2.071072902
  51.28     -77.84          43.43000    2.071072902
  51.28     -77.84          43.43000    2.071072902
  51.28     -77.84          43.43000    2.071072902
  51.28     -77.84          43.43000    2.071072902
  51.28     -77.84          43.43000    2.071072902
  51.28     -77.84          43.43000    2.071072902
  51.28     -77.84          43.43000    2.071072902
  51.28     -77.84          43.43000    2.071072902
  51.28     -77.84          43.43000    2.071072902
  51.28     -77.84          43.43000    2.071072902
  51.28     -77.84          43.43000    2.071072902
  51.28     -77.84          43.43000    2.071072902
  51.28     -77.84          43.43000    2.071072902
  51.28     -77.84          43.43000    2.071072902
  51.28     -77.84          43.43000    2.071072902
  51.28     -77.84          43.43000    2.071072902
  51.28     -77.84          43.43000    2.071072902
  51.28     -77.84          43.43000    2.071072902
  51.28     -77.84          43.43000    2.071072902
  51.28     -77.84          43.43000    2.071072902
  51.28     -77.84          43.43000    2.071072902
  51.28     -77.84          43.43000    2.071072902
  51.28     -77.84          43.43000    2.071072902
  51.28     -77.84          43.43000    2.071072902
  51.28     -77.84          43.43000    2.071072902
  51.28     -77.84          43.43000    2.071072902
  51.28     -77.84          43.43000    2.071072902
  51.28     -77.84          43.43000    2.071072902
  51.28     -77.84          43.43000    2.071072902
  51.28     -77.84          43.43000    2.071072902
  51.28     -77.84          43.43000    2.071072902
  51.28     -77.84          43.43000    2.071072902
  51.28     -77.84          43.43000    2.071072902
