  50.40     -78.10          44.25000    2.387851998
  50.41     -78.10          44.24000    2.380837755
  50.42     -78.09          44.23000    2.373959190
  50.43     -78.09          44.22000    2.367209224
  50.44     -78.09          44.21000    2.360614513
  50.45     -78.08          44.20000    2.354166932
  50.46     -78.08          44.19000    2.347840559
  50.47     -78.08          44.18000    2.341671225
  50.48     -78.08          44.17000    2.335659452
  50.49     -78.07          44.16000    2.329764267
  50.50     -78.07          44.15000    2.324025884
  50.51     -78.07          44.14000    2.318446719
  50.52     -78.06          44.13000    2.312997764
  50.53     -78.06          44.12000    2.307695601
  50.54     -78.06          44.11000    2.302554207
  50.55     -78.05          44.10000    2.297557526
  50.56     -78.05          44.09000    2.292696521
  50.57     -78.05          44.08000    2.287997717
  50.58     -78.04          44.07000    2.283459000
  50.59     -78.04          44.06000    2.279043728
  50.60     -78.04          44.05000    2.274791963
  50.61     -78.04          44.04000    2.270704056
  50.62     -78.03          44.03000    2.266751166
  50.63     -78.03          44.02000    2.262950490
  50.64     -78.03          44.01000    2.259314795
  50.65     -78.02          44.00000    2.255831555
  50.66     -78.02          43.99000    2.252485593
  50.67     -78.02          43.98000    2.249305587
  50.68     -78.02          43.97000    2.246291772
  50.69     -78.01          43.96000    2.243408238
  50.70     -78.01          43.95000    2.240686939
  50.71     -78.01          43.94000    2.238132599
  50.72     -78.00          43.93000    2.235727993
  50.73     -78.00          43.92000    2.233467940
  50.74     -78.00          43.91000    2.231375445
  50.75     -78.00          43.90000    2.229450616
  50.76     -77.99          43.89000    2.227656186
  50.77     -77.99          43.88000    2.226027399
  50.78     -77.99          43.87000    2.224566647
  50.79     -77.98          43.86000    2.223257732
  50.80     -77.98          43.85000    2.222093987
  50.81     -77.98          43.84000    2.221098467
  50.82     -77.97          43.84000    2.220254114
  50.83     -77.97          43.83000    2.219539373
  50.84     -77.97          43.82000    2.218992541
  50.85     -77.97          43.81000    2.218613530
  50.86     -77.96          43.80000    2.218381646
  50.87     -77.96          43.79000    2.218299640
  50.87     -77.96          43.79000    2.218299640
  50.87     -77.96          43.79000    2.218299640
  50.87     -77.96          43.79000    2.218299640
  50.87     -77.96          43.79000    2.218299640
  50.87     -77.96          43.79000    2.218299640
  50.87     -77.96          43.79000    2.218299640
  50.87     -77.96          43.79000    2.218299640
  50.87     -77.96          43.79000    2.218299640
  50.87     -77.96          43.79000    2.218299640
  50.87     -77.96          43.79000    2.218299640
  50.87     -77.96          43.79000    2.218299640
  50.87     -77.96          43.79000    2.218299640
  50.87     -77.96          43.79000    2.218299640
  50.87     -77.96          43.79000    2.218299640
  50.87     -77.96          43.79000    2.218299640
  50.87     -77.96          43.79000    2.218299640
  50.87     -77.96          43.79000    2.218299640
  50.87     -77.96          43.79000    2.218299640
  50.87     -77.96          43.79000    2.218299640
  50.87     -77.96          43.79000    2.218299640
  50.87     -77.96          43.79000    2.218299640
  50.87     -77.96          43.79000    2.218299640
  50.87     -77.96          43.79000    2.218299640
  50.87     -77.96          43.79000    2.218299640
  50.87     -77.96          43.79000    2.218299640
  50.87     -77.96          43.79000    2.218299640
  50.87     -77.96          43.79000    2.218299640
  50.87     -77.96          43.79000    2.218299640
  50.87     -77.96          43.79000    2.218299640
  50.87     -77.96          43.79000    2.218299640
  50.87     -77.96          43.79000    2.218299640
  50.87     -77.96          43.79000    2.218299640
  50.87     -77.96          43.79000    2.218299640
  50.87     -77.96          43.79000    2.218299640
  50.87     -77.96          43.79000    2.218299640
  50.87     -77.96          43.79000    2.218299640
  50.87     -77.96          43.79000    2.218299640
  50.87     -77.96          43.79000    2.218299640
  50.87     -77.96          43.79000    2.218299640
  50.87     -77.96          43.79000    2.218299640
  50.87     -77.96          43.79000    2.218299640
  50.87     -77.96          43.79000    2.218299640
  50.87     -77.96          43.79000    2.218299640
  50.87     -77.96          43.79000    2.218299640
  50.87     -77.96          43.79000    2.218299640
  50.87     -77.96          43.79000    2.218299640
  50.87     -77.96          43.79000    2.218299640
  50.87     -77.96          43.79000    2.218299640
  50.87     -77.96          43.79000    2.218299640
  50.87     -77.96          43.79000    2.218299640
  50.87     -77.96          43.79000    2.218299640
  50.87     -77.96          43.79000    2.218299640
  50.87     -77.96          43.79000    2.218299640
