Script started on Thu 24 Sep 2020 11:15:25 AM CDT
nhsin.txt
50.87,-77.96,43.79000
 Enter datafile name: 
 Enter Best fit Rotation (lat, lon, ang): 
   50.869999999999997       -77.959999999999994        43.789999999999999     
 Data read in: 
  -23.34     209.73    2.2   0.9  295.5
    4.56     172.28    5.0   0.9  336.6
 Rotated: 
  -23.34     209.73    2.2   0.9  295.5
  -22.64    -153.28    5.0   0.9  157.8
 Data read in: 
  -50.46     222.99    2.0   0.4  276.7
  -25.90     185.14    6.4   0.4  340.8
 Rotated: 
  -50.46     222.99    2.0   0.4  276.7
  -52.48    -135.16    6.4   0.4  153.0
 Data read in: 
   20.15     205.32    0.8   0.5  287.7
   52.28     166.90    7.0   0.5  342.6
 Rotated: 
   20.15     205.32    0.8   0.5  287.7
   25.22    -155.93    7.0   0.5  -13.5
 Eigens: Lat, Lon, Evalue, Error level at evalue
 Initial Error=    2.2182996397074630     
              19.14    -72.80      1.68      3.22
 Initial Error=    2.2182996397074604     
             -58.92    -17.96      0.40      3.24
 Initial Error=    2.2182996397073831     
              23.49     25.88      0.58      3.24
 finished

Script done on Thu 24 Sep 2020 11:15:25 AM CDT
