  50.00     -78.19          44.60000    2.544363861
  50.01     -78.19          44.60000    2.536612504
  50.02     -78.19          44.60000    2.529418529
  50.03     -78.18          44.59000    2.522430921
  50.04     -78.18          44.58000    2.515566372
  50.05     -78.18          44.57000    2.508861589
  50.06     -78.18          44.55000    2.502308026
  50.07     -78.17          44.54000    2.495897254
  50.08     -78.17          44.53000    2.489623207
  50.09     -78.17          44.52000    2.483511674
  50.10     -78.17          44.51000    2.477563122
  50.11     -78.16          44.50000    2.471747742
  50.12     -78.16          44.49000    2.466086690
  50.13     -78.16          44.48000    2.460590115
  50.14     -78.15          44.47000    2.455254423
  50.15     -78.15          44.46000    2.450048616
  50.16     -78.15          44.45000    2.445008674
  50.17     -78.15          44.44000    2.440134980
  50.18     -78.14          44.43000    2.435412020
  50.19     -78.14          44.42000    2.430833023
  50.20     -78.14          44.41000    2.426421504
  50.21     -78.14          44.40000    2.422177791
  50.22     -78.13          44.39000    2.418076305
  50.23     -78.13          44.38000    2.414130774
  50.24     -78.13          44.37000    2.410354103
  50.25     -78.13          44.36000    2.406746559
  50.26     -78.12          44.35000    2.403274364
  50.27     -78.12          44.34000    2.399968005
  50.28     -78.12          44.33000    2.396831639
  50.29     -78.11          44.32000    2.393862587
  50.30     -78.11          44.31000    2.391029374
  50.31     -78.11          44.30000    2.388366869
  50.32     -78.11          44.29000    2.385875221
  50.33     -78.10          44.28000    2.383546734
  50.34     -78.10          44.27000    2.381360306
  50.35     -78.10          44.26000    2.379345238
  50.36     -78.10          44.25000    2.377501608
  50.37     -78.09          44.24000    2.375818568
  50.38     -78.09          44.23000    2.374281644
  50.39     -78.09          44.22000    2.372916437
  50.40     -78.09          44.21000    2.371722947
  50.41     -78.08          44.21000    2.370676023
  50.42     -78.08          44.20000    2.369783959
  50.43     -78.08          44.19000    2.369063327
  50.44     -78.08          44.18000    2.368514056
  50.45     -78.07          44.17000    2.368111056
  50.46     -78.07          44.16000    2.367868861
  50.47     -78.07          44.15000    2.367797853
  50.47     -78.07          44.15000    2.367797853
  50.47     -78.07          44.15000    2.367797853
  50.47     -78.07          44.15000    2.367797853
  50.47     -78.07          44.15000    2.367797853
  50.47     -78.07          44.15000    2.367797853
  50.47     -78.07          44.15000    2.367797853
  50.47     -78.07          44.15000    2.367797853
  50.47     -78.07          44.15000    2.367797853
  50.47     -78.07          44.15000    2.367797853
  50.47     -78.07          44.15000    2.367797853
  50.47     -78.07          44.15000    2.367797853
  50.47     -78.07          44.15000    2.367797853
  50.47     -78.07          44.15000    2.367797853
  50.47     -78.07          44.15000    2.367797853
  50.47     -78.07          44.15000    2.367797853
  50.47     -78.07          44.15000    2.367797853
  50.47     -78.07          44.15000    2.367797853
  50.47     -78.07          44.15000    2.367797853
  50.47     -78.07          44.15000    2.367797853
  50.47     -78.07          44.15000    2.367797853
  50.47     -78.07          44.15000    2.367797853
  50.47     -78.07          44.15000    2.367797853
  50.47     -78.07          44.15000    2.367797853
  50.47     -78.07          44.15000    2.367797853
  50.47     -78.07          44.15000    2.367797853
  50.47     -78.07          44.15000    2.367797853
  50.47     -78.07          44.15000    2.367797853
  50.47     -78.07          44.15000    2.367797853
  50.47     -78.07          44.15000    2.367797853
  50.47     -78.07          44.15000    2.367797853
  50.47     -78.07          44.15000    2.367797853
  50.47     -78.07          44.15000    2.367797853
  50.47     -78.07          44.15000    2.367797853
  50.47     -78.07          44.15000    2.367797853
  50.47     -78.07          44.15000    2.367797853
  50.47     -78.07          44.15000    2.367797853
  50.47     -78.07          44.15000    2.367797853
  50.47     -78.07          44.15000    2.367797853
  50.47     -78.07          44.15000    2.367797853
  50.47     -78.07          44.15000    2.367797853
  50.47     -78.07          44.15000    2.367797853
  50.47     -78.07          44.15000    2.367797853
  50.47     -78.07          44.15000    2.367797853
  50.47     -78.07          44.15000    2.367797853
  50.47     -78.07          44.15000    2.367797853
  50.47     -78.07          44.15000    2.367797853
  50.47     -78.07          44.15000    2.367797853
  50.47     -78.07          44.15000    2.367797853
  50.47     -78.07          44.15000    2.367797853
  50.47     -78.07          44.15000    2.367797853
  50.47     -78.07          44.15000    2.367797853
  50.47     -78.07          44.15000    2.367797853
  50.47     -78.07          44.15000    2.367797853
