Script started on Thu 24 Sep 2020 11:16:40 AM CDT
nhsin.txt
50.08,-78.17,44.50000
 Enter datafile name: 
 Enter Best fit Rotation (lat, lon, ang): 
   50.079999999999998       -78.170000000000002        44.500000000000000     
 Data read in: 
  -23.34     209.73    2.2   0.9  295.5
    5.49     171.88    5.1   0.9  336.9
 Rotated: 
  -23.34     209.73    2.2   0.9  295.5
  -22.61    -153.48    5.1   0.9  158.1
 Data read in: 
  -50.46     222.99    2.0   0.4  276.7
  -25.03     184.81    6.5   0.4  341.4
 Rotated: 
  -50.46     222.99    2.0   0.4  276.7
  -52.49    -135.17    6.5   0.4  153.4
 Data read in: 
   20.15     205.32    0.8   0.5  287.7
   53.61     166.18    7.1   0.5  341.2
 Rotated: 
   20.15     205.32    0.8   0.5  287.7
   25.66    -156.16    7.1   0.5  -14.5
 Eigens: Lat, Lon, Evalue, Error level at evalue
 Initial Error=    2.5228374557608055     
              20.23    -71.43      1.69      3.53
 Initial Error=    2.5228374557608091     
             -58.68    -18.71      0.40      3.56
 Initial Error=    2.5228374557605480     
              22.83     27.50      0.58      3.53
 finished

Script done on Thu 24 Sep 2020 11:16:40 AM CDT
