Script started on Thu 24 Sep 2020 11:17:16 AM CDT
nhsin.txt
49.69,-78.26,44.87000
 Enter datafile name: 
 Enter Best fit Rotation (lat, lon, ang): 
   49.689999999999998       -78.260000000000005        44.869999999999997     
 Data read in: 
  -23.34     209.73    2.2   0.9  295.5
    5.96     171.68    5.1   0.9  337.0
 Rotated: 
  -23.34     209.73    2.2   0.9  295.5
  -22.60    -153.57    5.1   0.9  158.3
 Data read in: 
  -50.46     222.99    2.0   0.4  276.7
  -24.59     184.65    6.5   0.4  341.7
 Rotated: 
  -50.46     222.99    2.0   0.4  276.7
  -52.50    -135.17    6.5   0.4  153.5
 Data read in: 
   20.15     205.32    0.8   0.5  287.7
   54.27     165.79    7.1   0.5  340.5
 Rotated: 
   20.15     205.32    0.8   0.5  287.7
   25.87    -156.27    7.1   0.5  -15.0
 Eigens: Lat, Lon, Evalue, Error level at evalue
 Initial Error=    2.6797354724436180     
              20.50    -70.86      1.68      3.68
 Initial Error=    2.6797354724435971     
             -58.56    -18.55      0.40      3.71
 Initial Error=    2.6797354724437317     
              22.75     28.16      0.58      3.68
 finished

Script done on Thu 24 Sep 2020 11:17:16 AM CDT
