  49.20     -78.36          45.39000    2.884149259
  49.21     -78.36          45.37000    2.876003200
  49.22     -78.36          45.36000    2.867997937
  49.23     -78.35          45.35000    2.860135192
  49.24     -78.35          45.34000    2.852432852
  49.25     -78.35          45.33000    2.844900234
  49.26     -78.35          45.32000    2.837537815
  49.27     -78.34          45.31000    2.830335981
  49.28     -78.34          45.30000    2.823281076
  49.29     -78.34          45.29000    2.816397895
  49.30     -78.34          45.28000    2.809686880
  49.31     -78.34          45.27000    2.803148464
  49.32     -78.33          45.26000    2.796756882
  49.33     -78.33          45.24000    2.790526287
  49.34     -78.33          45.23000    2.784447042
  49.35     -78.33          45.22000    2.778542726
  49.36     -78.33          45.21000    2.772813716
  49.37     -78.32          45.20000    2.767234760
  49.38     -78.32          45.19000    2.761824612
  49.39     -78.32          45.18000    2.756590978
  49.40     -78.32          45.17000    2.751534187
  49.41     -78.31          45.16000    2.746651610
  49.42     -78.31          45.15000    2.741917112
  49.43     -78.31          45.14000    2.737360518
  49.44     -78.31          45.13000    2.732982105
  49.45     -78.31          45.12000    2.728782138
  49.46     -78.30          45.11000    2.724750443
  49.47     -78.30          45.10000    2.720876426
  49.48     -78.30          45.09000    2.717181712
  49.49     -78.30          45.08000    2.713666507
  49.50     -78.30          45.07000    2.710331002
  49.51     -78.29          45.06000    2.707160316
  49.52     -78.29          45.04000    2.704138915
  49.53     -78.29          45.03000    2.701295250
  49.54     -78.29          45.02000    2.698632457
  49.55     -78.29          45.01000    2.696150643
  49.56     -78.29          45.00000    2.693849893
  49.57     -78.28          44.99000    2.691700340
  49.58     -78.28          44.98000    2.689731856
  49.59     -78.28          44.97000    2.687944751
  49.60     -78.28          44.96000    2.686339043
  49.61     -78.28          44.95000    2.684914733
  49.62     -78.27          44.94000    2.683644390
  49.63     -78.27          44.93000    2.682553416
  49.64     -78.27          44.92000    2.681643887
  49.65     -78.27          44.91000    2.680915731
  49.66     -78.27          44.90000    2.680368856
  49.67     -78.26          44.89000    2.679981169
  49.68     -78.26          44.88000    2.679767796
  49.69     -78.26          44.87000    2.679735473
  49.69     -78.26          44.87000    2.679735473
  49.69     -78.26          44.87000    2.679735473
  49.69     -78.26          44.87000    2.679735473
  49.69     -78.26          44.87000    2.679735473
  49.69     -78.26          44.87000    2.679735473
  49.69     -78.26          44.87000    2.679735473
  49.69     -78.26          44.87000    2.679735473
  49.69     -78.26          44.87000    2.679735473
  49.69     -78.26          44.87000    2.679735473
  49.69     -78.26          44.87000    2.679735473
  49.69     -78.26          44.87000    2.679735473
  49.69     -78.26          44.87000    2.679735473
  49.69     -78.26          44.87000    2.679735473
  49.69     -78.26          44.87000    2.679735473
  49.69     -78.26          44.87000    2.679735473
  49.69     -78.26          44.87000    2.679735473
  49.69     -78.26          44.87000    2.679735473
  49.69     -78.26          44.87000    2.679735473
  49.69     -78.26          44.87000    2.679735473
  49.69     -78.26          44.87000    2.679735473
  49.69     -78.26          44.87000    2.679735473
  49.69     -78.26          44.87000    2.679735473
  49.69     -78.26          44.87000    2.679735473
  49.69     -78.26          44.87000    2.679735473
  49.69     -78.26          44.87000    2.679735473
  49.69     -78.26          44.87000    2.679735473
  49.69     -78.26          44.87000    2.679735473
  49.69     -78.26          44.87000    2.679735473
  49.69     -78.26          44.87000    2.679735473
  49.69     -78.26          44.87000    2.679735473
  49.69     -78.26          44.87000    2.679735473
  49.69     -78.26          44.87000    2.679735473
  49.69     -78.26          44.87000    2.679735473
  49.69     -78.26          44.87000    2.679735473
  49.69     -78.26          44.87000    2.679735473
  49.69     -78.26          44.87000    2.679735473
  49.69     -78.26          44.87000    2.679735473
  49.69     -78.26          44.87000    2.679735473
  49.69     -78.26          44.87000    2.679735473
  49.69     -78.26          44.87000    2.679735473
  49.69     -78.26          44.87000    2.679735473
  49.69     -78.26          44.87000    2.679735473
  49.69     -78.26          44.87000    2.679735473
  49.69     -78.26          44.87000    2.679735473
  49.69     -78.26          44.87000    2.679735473
  49.69     -78.26          44.87000    2.679735473
  49.69     -78.26          44.87000    2.679735473
  49.69     -78.26          44.87000    2.679735473
  49.69     -78.26          44.87000    2.679735473
  49.69     -78.26          44.87000    2.679735473
  49.69     -78.26          44.87000    2.679735473
