Script started on Thu 24 Sep 2020 11:17:50 AM CDT
nhsin.txt
49.30,-78.35,45.24000
 Enter datafile name: 
 Enter Best fit Rotation (lat, lon, ang): 
   49.299999999999997       -78.349999999999994        45.240000000000002     
 Data read in: 
  -23.34     209.73    2.2   0.9  295.5
    6.43     171.48    5.1   0.9  337.1
 Rotated: 
  -23.34     209.73    2.2   0.9  295.5
  -22.59    -153.66    5.1   0.9  158.5
 Data read in: 
  -50.46     222.99    2.0   0.4  276.7
  -24.14     184.49    6.5   0.4  341.9
 Rotated: 
  -50.46     222.99    2.0   0.4  276.7
  -52.51    -135.17    6.5   0.4  153.7
 Data read in: 
   20.15     205.32    0.8   0.5  287.7
   54.92     165.38    7.2   0.5  339.8
 Rotated: 
   20.15     205.32    0.8   0.5  287.7
   26.08    -156.40    7.2   0.5  -15.5
 Eigens: Lat, Lon, Evalue, Error level at evalue
 Initial Error=    2.8397569579077562     
              21.15    -70.09      1.67      3.84
 Initial Error=    2.8397569579077513     
             -58.40    -19.06      0.40      3.88
 Initial Error=    2.8397569579074684     
              22.33     29.05      0.59      3.86
 finished

Script done on Thu 24 Sep 2020 11:17:51 AM CDT
