  48.80     -78.44          45.70000    3.078673214
  48.81     -78.44          45.70000    3.066968791
  48.82     -78.43          45.70000    3.055838700
  48.83     -78.43          45.70000    3.045290855
  48.84     -78.43          45.70000    3.035343924
  48.85     -78.42          45.70000    3.025992537
  48.86     -78.42          45.70000    3.017201158
  48.87     -78.42          45.70000    3.009010097
  48.88     -78.42          45.69000    3.001391010
  48.89     -78.42          45.68000    2.993949612
  48.90     -78.41          45.67000    2.986655713
  48.91     -78.41          45.66000    2.979540350
  48.92     -78.41          45.65000    2.972604086
  48.93     -78.41          45.64000    2.965847329
  48.94     -78.41          45.63000    2.959270474
  48.95     -78.40          45.62000    2.952849423
  48.96     -78.40          45.61000    2.946603510
  48.97     -78.40          45.60000    2.940538774
  48.98     -78.40          45.58000    2.934621906
  48.99     -78.40          45.57000    2.928886025
  49.00     -78.40          45.56000    2.923332883
  49.01     -78.39          45.55000    2.917934654
  49.02     -78.39          45.54000    2.912718829
  49.03     -78.39          45.53000    2.907686804
  49.04     -78.39          45.52000    2.902838862
  49.05     -78.39          45.51000    2.898175270
  49.06     -78.38          45.50000    2.893681035
  49.07     -78.38          45.49000    2.889358427
  49.08     -78.38          45.48000    2.885221046
  49.09     -78.38          45.47000    2.881269107
  49.10     -78.38          45.45000    2.877475836
  49.11     -78.38          45.44000    2.873867351
  49.12     -78.37          45.43000    2.870436695
  49.13     -78.37          45.42000    2.867173696
  49.14     -78.37          45.41000    2.864097576
  49.15     -78.37          45.40000    2.861208457
  49.16     -78.37          45.39000    2.858506444
  49.17     -78.37          45.38000    2.855991627
  49.18     -78.36          45.37000    2.853648228
  49.19     -78.36          45.36000    2.851481237
  49.20     -78.36          45.35000    2.849501761
  49.21     -78.36          45.34000    2.847709824
  49.22     -78.36          45.33000    2.846105434
  49.23     -78.36          45.32000    2.844688579
  49.24     -78.35          45.31000    2.843440313
  49.25     -78.35          45.30000    2.842372455
  49.26     -78.35          45.28000    2.841487126
  49.27     -78.35          45.27000    2.840773179
  49.28     -78.35          45.26000    2.840246922
  49.29     -78.35          45.25000    2.839908229
  49.30     -78.35          45.24000    2.839756957
  49.30     -78.35          45.24000    2.839756957
  49.30     -78.35          45.24000    2.839756957
  49.30     -78.35          45.24000    2.839756957
  49.30     -78.35          45.24000    2.839756957
  49.30     -78.35          45.24000    2.839756957
  49.30     -78.35          45.24000    2.839756957
  49.30     -78.35          45.24000    2.839756957
  49.30     -78.35          45.24000    2.839756957
  49.30     -78.35          45.24000    2.839756957
  49.30     -78.35          45.24000    2.839756957
  49.30     -78.35          45.24000    2.839756957
  49.30     -78.35          45.24000    2.839756957
  49.30     -78.35          45.24000    2.839756957
  49.30     -78.35          45.24000    2.839756957
  49.30     -78.35          45.24000    2.839756957
  49.30     -78.35          45.24000    2.839756957
  49.30     -78.35          45.24000    2.839756957
  49.30     -78.35          45.24000    2.839756957
  49.30     -78.35          45.24000    2.839756957
  49.30     -78.35          45.24000    2.839756957
  49.30     -78.35          45.24000    2.839756957
  49.30     -78.35          45.24000    2.839756957
  49.30     -78.35          45.24000    2.839756957
  49.30     -78.35          45.24000    2.839756957
  49.30     -78.35          45.24000    2.839756957
  49.30     -78.35          45.24000    2.839756957
  49.30     -78.35          45.24000    2.839756957
  49.30     -78.35          45.24000    2.839756957
  49.30     -78.35          45.24000    2.839756957
  49.30     -78.35          45.24000    2.839756957
  49.30     -78.35          45.24000    2.839756957
  49.30     -78.35          45.24000    2.839756957
  49.30     -78.35          45.24000    2.839756957
  49.30     -78.35          45.24000    2.839756957
  49.30     -78.35          45.24000    2.839756957
  49.30     -78.35          45.24000    2.839756957
  49.30     -78.35          45.24000    2.839756957
  49.30     -78.35          45.24000    2.839756957
  49.30     -78.35          45.24000    2.839756957
  49.30     -78.35          45.24000    2.839756957
  49.30     -78.35          45.24000    2.839756957
  49.30     -78.35          45.24000    2.839756957
  49.30     -78.35          45.24000    2.839756957
  49.30     -78.35          45.24000    2.839756957
  49.30     -78.35          45.24000    2.839756957
  49.30     -78.35          45.24000    2.839756957
  49.30     -78.35          45.24000    2.839756957
  49.30     -78.35          45.24000    2.839756957
  49.30     -78.35          45.24000    2.839756957
  49.30     -78.35          45.24000    2.839756957
