Script started on Thu 24 Sep 2020 11:18:57 AM CDT
nhsin.txt
70.90,-98.61,9.33000
 Enter datafile name: 
 Enter Best fit Rotation (lat, lon, ang): 
   70.900000000000006       -98.609999999999999        9.3300000000000001     
 Data read in: 
  -23.34     209.73    2.2   0.9  295.5
  -19.50     201.27   12.4   0.9  296.4
 Rotated: 
  -23.34     209.73    2.2   0.9  295.5
  -22.01    -149.25   12.4   0.9  114.6
 Data read in: 
  -50.46     222.99    2.0   0.4  276.7
  -49.05     213.45    2.0   0.4  289.0
 Rotated: 
  -50.46     222.99    2.0   0.4  276.7
  -51.10    -135.03    2.0   0.4  105.5
 Data read in: 
   20.15     205.32    0.8   0.5  287.7
   23.05     196.40    1.0   0.5  290.7
 Rotated: 
   20.15     205.32    0.8   0.5  287.7
   20.39    -155.38    1.0   0.5  109.1
 Eigens: Lat, Lon, Evalue, Error level at evalue
 Initial Error=    2.4320867730865796     
              31.29   -133.85      1.61      3.44
 Initial Error=    2.4320867730869757     
             -11.86    -51.18      0.44      3.45
 Initial Error=    2.4320867730861448     
              56.04     20.64      1.12      3.45
 finished

Script done on Thu 24 Sep 2020 11:18:57 AM CDT
